#
# There is insufficient memory for the Java Runtime Environment to continue.
# Native memory allocation (mmap) failed to map 52428800 bytes for G1 virtual space
# Possible reasons:
#   The system is out of physical RAM or swap space
#   The process is running with CompressedOops enabled, and the Java Heap may be blocking the growth of the native heap
# Possible solutions:
#   Reduce memory load on the system
#   Increase physical memory or swap space
#   Check if swap backing store is full
#   Decrease Java heap size (-Xmx/-Xms)
#   Decrease number of Java threads
#   Decrease Java thread stack sizes (-Xss)
#   Set larger code cache with -XX:ReservedCodeCacheSize=
#   JVM is running with Unscaled Compressed Oops mode in which the Java heap is
#     placed in the first 4GB address space. The Java Heap base address is the
#     maximum limit for the native heap growth. Please use -XX:HeapBaseMinAddress
#     to set the Java Heap base and to place the Java Heap above 4GB virtual address.
# This output file may be truncated or incomplete.
#
#  Out of Memory Error (./open/src/hotspot/os/windows/os_windows.cpp:3472), pid=11200, tid=5440
#
# JRE version: Java(TM) SE Runtime Environment (15.0.1+9) (build 15.0.1+9-18)
# Java VM: Java HotSpot(TM) 64-Bit Server VM (15.0.1+9-18, mixed mode, sharing, tiered, compressed oops, g1 gc, windows-amd64)
# No core dump will be written. Minidumps are not enabled by default on client versions of Windows
#

---------------  S U M M A R Y ------------

Command Line: --add-opens=java.base/java.util=ALL-UNNAMED --add-opens=java.base/java.lang=ALL-UNNAMED --add-opens=java.base/java.lang.invoke=ALL-UNNAMED --add-opens=java.prefs/java.util.prefs=ALL-UNNAMED -Xmx1536m -Dfile.encoding=windows-1256 -Duser.country=US -Duser.language=en -Duser.variant org.gradle.launcher.daemon.bootstrap.GradleDaemon 6.5

Host: AMD A4-4300M APU with Radeon(tm) HD Graphics   , 2 cores, 7G,  Windows 10 , 64 bit Build 18362 (10.0.18362.1110)
Time: Sun Dec 13 02:15:19 2020 Egypt Standard Time elapsed time: 116.583372 seconds (0d 0h 1m 56s)

---------------  T H R E A D  ---------------

Current thread (0x0000021545629550):  VMThread "VM Thread" [stack: 0x00000061c4700000,0x00000061c4800000] [id=5440]

Stack: [0x00000061c4700000,0x00000061c4800000]
[error occurred during error reporting (printing stack bounds), id 0xc0000005, EXCEPTION_ACCESS_VIOLATION (0xc0000005) at pc=0x000002154ef910ad]

Native frames: (J=compiled Java code, j=interpreted, Vv=VM code, C=native code)
V  [jvm.dll+0x62ae9a]
V  [jvm.dll+0x781389]
V  [jvm.dll+0x782ae3]
V  [jvm.dll+0x7830a5]
V  [jvm.dll+0x78305b]
V  [jvm.dll+0x62a2b9]
V  [jvm.dll+0x62aa88]
C  [ntdll.dll+0xa184f]
C  [ntdll.dll+0x6a889]
C  [ntdll.dll+0xa04be]
C  0x000002154ef910ad

VM_Operation (0x00000061c43ff600): G1Concurrent, mode: safepoint, requested by thread 0x00000215455a3970


---------------  P R O C E S S  ---------------

Threads class SMR info:
_java_thread_list=0x00000215685bfe50, length=41, elements={
0x0000021545561270, 0x000002154562cc30, 0x00000215640223e0, 0x000002156403e180,
0x0000021564041b60, 0x0000021564042cc0, 0x0000021564044150, 0x000002156404d130,
0x000002156404e310, 0x0000021564a71f00, 0x0000021564a75e60, 0x0000021565a743a0,
0x00000215656b4c50, 0x0000021565b82850, 0x0000021565b82d20, 0x0000021565403350,
0x000002156616baa0, 0x000002156616c340, 0x0000021565c61dd0, 0x000002156564ef20,
0x000002156564b560, 0x000002156564ea50, 0x000002156564ba30, 0x000002156564bf00,
0x000002156564cd70, 0x0000021566b8e230, 0x0000021566b8fa40, 0x0000021566b8d890,
0x0000021566b89a00, 0x0000021566b8bbb0, 0x0000021566b89ed0, 0x0000021568e89a50,
0x0000021568e86560, 0x0000021568e88240, 0x0000021568e88be0, 0x000002156b41a890,
0x000002156b419a20, 0x000002156b416530, 0x0000021567307080, 0x000002156730c720,
0x000002156730d0c0
}

Java Threads: ( => current thread )
  0x0000021545561270 JavaThread "main" [_thread_blocked, id=6740, stack(0x00000061c4000000,0x00000061c4100000)]
  0x000002154562cc30 JavaThread "Reference Handler" daemon [_thread_blocked, id=10548, stack(0x00000061c4800000,0x00000061c4900000)]
  0x00000215640223e0 JavaThread "Finalizer" daemon [_thread_blocked, id=10112, stack(0x00000061c4900000,0x00000061c4a00000)]
  0x000002156403e180 JavaThread "Signal Dispatcher" daemon [_thread_blocked, id=8888, stack(0x00000061c4a00000,0x00000061c4b00000)]
  0x0000021564041b60 JavaThread "Attach Listener" daemon [_thread_blocked, id=10356, stack(0x00000061c4b00000,0x00000061c4c00000)]
  0x0000021564042cc0 JavaThread "Service Thread" daemon [_thread_blocked, id=10484, stack(0x00000061c4c00000,0x00000061c4d00000)]
  0x0000021564044150 JavaThread "C2 CompilerThread0" daemon [_thread_blocked, id=740, stack(0x00000061c4d00000,0x00000061c4e00000)]
  0x000002156404d130 JavaThread "C1 CompilerThread0" daemon [_thread_blocked, id=2744, stack(0x00000061c4e00000,0x00000061c4f00000)]
  0x000002156404e310 JavaThread "Sweeper thread" daemon [_thread_blocked, id=4148, stack(0x00000061c4f00000,0x00000061c5000000)]
  0x0000021564a71f00 JavaThread "Common-Cleaner" daemon [_thread_blocked, id=1452, stack(0x00000061c5000000,0x00000061c5100000)]
  0x0000021564a75e60 JavaThread "Notification Thread" daemon [_thread_blocked, id=11116, stack(0x00000061c5100000,0x00000061c5200000)]
  0x0000021565a743a0 JavaThread "Daemon health stats" [_thread_blocked, id=6468, stack(0x00000061c5400000,0x00000061c5500000)]
  0x00000215656b4c50 JavaThread "Incoming local TCP Connector on port 53382" [_thread_in_native, id=9968, stack(0x00000061c5700000,0x00000061c5800000)]
  0x0000021565b82850 JavaThread "Daemon periodic checks" [_thread_blocked, id=4628, stack(0x00000061c5800000,0x00000061c5900000)]
  0x0000021565b82d20 JavaThread "Daemon" [_thread_blocked, id=11216, stack(0x00000061c5900000,0x00000061c5a00000)]
  0x0000021565403350 JavaThread "Handler for socket connection from /127.0.0.1:53382 to /127.0.0.1:53383" [_thread_in_native, id=11236, stack(0x00000061c5a00000,0x00000061c5b00000)]
  0x000002156616baa0 JavaThread "Cancel handler" [_thread_blocked, id=3868, stack(0x00000061c5b00000,0x00000061c5c00000)]
  0x000002156616c340 JavaThread "Daemon worker" [_thread_blocked, id=2688, stack(0x00000061c5c00000,0x00000061c5d00000)]
  0x0000021565c61dd0 JavaThread "Asynchronous log dispatcher for DefaultDaemonConnection: socket connection from /127.0.0.1:53382 to /127.0.0.1:53383" [_thread_blocked, id=7096, stack(0x00000061c5d00000,0x00000061c5e00000)]
  0x000002156564ef20 JavaThread "Thread-8" [_thread_blocked, id=4052, stack(0x00000061c5f00000,0x00000061c6000000)]
  0x000002156564b560 JavaThread "Cache worker for journal cache (C:\Users\Abdulla\.gradle\caches\journal-1)" [_thread_blocked, id=660, stack(0x00000061c6000000,0x00000061c6100000)]
  0x000002156564ea50 JavaThread "File lock request listener" [_thread_in_native, id=308, stack(0x00000061c6100000,0x00000061c6200000)]
  0x000002156564ba30 JavaThread "Cache worker for file hash cache (C:\Users\Abdulla\.gradle\caches\6.5\fileHashes)" [_thread_blocked, id=4512, stack(0x00000061c6200000,0x00000061c6300000)]
  0x000002156564bf00 JavaThread "Cache worker for file hash cache (E:\Android\android course\AlFurkan\.gradle\6.5\fileHashes)" [_thread_blocked, id=3416, stack(0x00000061c6300000,0x00000061c6400000)]
  0x000002156564cd70 JavaThread "Cache worker for checksums cache (E:\Android\android course\AlFurkan\.gradle\checksums)" [_thread_blocked, id=664, stack(0x00000061c6400000,0x00000061c6500000)]
  0x0000021566b8e230 JavaThread "Cache worker for cache directory md-supplier (C:\Users\Abdulla\.gradle\caches\6.5\md-supplier)" [_thread_blocked, id=4632, stack(0x00000061c6500000,0x00000061c6600000)]
  0x0000021566b8fa40 JavaThread "Cache worker for cache directory md-rule (C:\Users\Abdulla\.gradle\caches\6.5\md-rule)" [_thread_blocked, id=2120, stack(0x00000061c6600000,0x00000061c6700000)]
  0x0000021566b8d890 JavaThread "Cache worker for execution history cache (C:\Users\Abdulla\.gradle\caches\6.5\executionHistory)" [_thread_blocked, id=7252, stack(0x00000061c6700000,0x00000061c6800000)]
  0x0000021566b89a00 JavaThread "Cache worker for file content cache (C:\Users\Abdulla\.gradle\caches\6.5\fileContent)" [_thread_blocked, id=10740, stack(0x00000061c6900000,0x00000061c6a00000)]
  0x0000021566b8bbb0 JavaThread "Build operations" [_thread_blocked, id=7708, stack(0x00000061c6b00000,0x00000061c6c00000)]
  0x0000021566b89ed0 JavaThread "Build operations Thread 2" [_thread_blocked, id=7544, stack(0x00000061c6c00000,0x00000061c6d00000)]
  0x0000021568e89a50 JavaThread "Cache worker for Build Output Cleanup Cache (E:\Android\android course\AlFurkan\.gradle\buildOutputCleanup)" [_thread_blocked, id=6792, stack(0x00000061cca00000,0x00000061ccb00000)]
  0x0000021568e86560 JavaThread "Memory manager" [_thread_blocked, id=10276, stack(0x00000061ccb00000,0x00000061ccc00000)]
  0x0000021568e88240 JavaThread "Cache worker for file content cache (E:\Android\android course\AlFurkan\.gradle\6.5\fileContent)" [_thread_blocked, id=7360, stack(0x00000061ccc00000,0x00000061ccd00000)]
  0x0000021568e88be0 JavaThread "Execution worker for ':'" [_thread_blocked, id=9392, stack(0x00000061ccd00000,0x00000061cce00000)]
  0x000002156b41a890 JavaThread "Cache worker for execution history cache (E:\Android\android course\AlFurkan\.gradle\6.5\executionHistory)" [_thread_blocked, id=7292, stack(0x00000061cce00000,0x00000061ccf00000)]
  0x000002156b419a20 JavaThread "WorkerExecutor Queue" [_thread_blocked, id=4756, stack(0x00000061c3f00000,0x00000061c4000000)]
  0x000002156b416530 JavaThread "WorkerExecutor Queue Thread 2" [_thread_blocked, id=9024, stack(0x00000061c4100000,0x00000061c4200000)]
  0x0000021567307080 JavaThread "pool-2-thread-1" [_thread_blocked, id=8168, stack(0x00000061c5e00000,0x00000061c5f00000)]
  0x000002156730c720 JavaThread "stderr" [_thread_in_native, id=5956, stack(0x00000061c6800000,0x00000061c6900000)]
  0x000002156730d0c0 JavaThread "stdout" [_thread_in_native, id=812, stack(0x00000061c6d00000,0x00000061c6e00000)]

Other Threads:
=>0x0000021545629550 VMThread "VM Thread" [stack: 0x00000061c4700000,0x00000061c4800000] [id=5440]
  0x0000021564a907d0 WatcherThread [stack: 0x00000061c5200000,0x00000061c5300000] [id=3944]
  0x0000021545596790 GCTaskThread "GC Thread#0" [stack: 0x00000061c4200000,0x00000061c4300000] [id=5872]
  0x0000021564c0c490 GCTaskThread "GC Thread#1" [stack: 0x00000061c5300000,0x00000061c5400000] [id=3284]
  0x00000215455a3970 ConcurrentGCThread "G1 Main Marker" [stack: 0x00000061c4300000,0x00000061c4400000] [id=6536]
  0x00000215455a44f0 ConcurrentGCThread "G1 Conc#0" [stack: 0x00000061c4400000,0x00000061c4500000] [id=9480]
  0x0000021545602160 ConcurrentGCThread "G1 Refine#0" [stack: 0x00000061c4500000,0x00000061c4600000] [id=8992]
  0x00000215662f8b10 ConcurrentGCThread "G1 Refine#1" [stack: 0x00000061c6a00000,0x00000061c6b00000] [id=8832]
  0x0000021545603c80 ConcurrentGCThread "G1 Young RemSet Sampling" [stack: 0x00000061c4600000,0x00000061c4700000] [id=1032]

Threads with active compile tasks:

VM state: at safepoint (normal execution)

VM Mutex/Monitor currently owned by a thread:  ([mutex/lock_event])
[0x000002154555c810] Threads_lock - owner thread: 0x0000021545629550
[0x000002154555d470] Heap_lock - owner thread: 0x00000215455a3970

Heap address: 0x00000000a0000000, size: 1536 MB, Compressed Oops mode: 32-bit
CDS archive(s) mapped at: [0x0000000800000000-0x0000000800b50000-0x0000000800b50000), size 11862016, SharedBaseAddress: 0x0000000800000000, ArchiveRelocationMode: 0.
Compressed class space mapped at: 0x0000000800b50000-0x0000000840b50000, size: 1073741824
Narrow klass base: 0x0000000800000000, Narrow klass shift: 3, Narrow klass range: 0x100000000

GC Precious Log:
 CPUs: 2 total, 2 available
 Memory: 7369M
 Large Page Support: Disabled
 NUMA Support: Disabled
 Compressed Oops: Enabled (32-bit)
 Heap Region Size: 1M
 Heap Min Capacity: 8M
 Heap Initial Capacity: 116M
 Heap Max Capacity: 1536M
 Pre-touch: Disabled
 Parallel Workers: 2
 Concurrent Workers: 1
 Concurrent Refinement Workers: 2
 Periodic GC: Disabled

Heap:
 garbage-first heap   total 229376K, used 135168K [0x00000000a0000000, 0x0000000100000000)
  region size 1024K, 24 young (24576K), 2 survivors (2048K)
 Metaspace       used 83963K, capacity 85264K, committed 85504K, reserved 1124352K
  class space    used 10799K, capacity 11187K, committed 11264K, reserved 1048576K

Heap Regions: E=young(eden), S=young(survivor), O=old, HS=humongous(starts), HC=humongous(continues), CS=collection set, F=free, OA=open archive, CA=closed archive, TAMS=top-at-mark-start (previous, next)
|   0|0x00000000a0000000, 0x00000000a0100000, 0x00000000a0100000|100%| O|  |TAMS 0x00000000a0100000, 0x00000000a0000000| Updating 
|   1|0x00000000a0100000, 0x00000000a0200000, 0x00000000a0200000|100%| O|  |TAMS 0x00000000a0200000, 0x00000000a0100000| Updating 
|   2|0x00000000a0200000, 0x00000000a0300000, 0x00000000a0300000|100%| O|  |TAMS 0x00000000a0300000, 0x00000000a0200000| Updating 
|   3|0x00000000a0300000, 0x00000000a0400000, 0x00000000a0400000|100%| O|  |TAMS 0x00000000a0400000, 0x00000000a0300000| Updating 
|   4|0x00000000a0400000, 0x00000000a0500000, 0x00000000a0500000|100%|HS|  |TAMS 0x00000000a0500000, 0x00000000a0400000| Complete 
|   5|0x00000000a0500000, 0x00000000a0600000, 0x00000000a0600000|100%|HC|  |TAMS 0x00000000a0600000, 0x00000000a0500000| Complete 
|   6|0x00000000a0600000, 0x00000000a0700000, 0x00000000a0700000|100%|HC|  |TAMS 0x00000000a0700000, 0x00000000a0600000| Complete 
|   7|0x00000000a0700000, 0x00000000a0800000, 0x00000000a0800000|100%| O|  |TAMS 0x00000000a0800000, 0x00000000a0700000| Updating 
|   8|0x00000000a0800000, 0x00000000a0900000, 0x00000000a0900000|100%| O|  |TAMS 0x00000000a0900000, 0x00000000a0800000| Updating 
|   9|0x00000000a0900000, 0x00000000a0a00000, 0x00000000a0a00000|100%| O|  |TAMS 0x00000000a0a00000, 0x00000000a0900000| Updating 
|  10|0x00000000a0a00000, 0x00000000a0b00000, 0x00000000a0b00000|100%| O|  |TAMS 0x00000000a0b00000, 0x00000000a0a00000| Updating 
|  11|0x00000000a0b00000, 0x00000000a0c00000, 0x00000000a0c00000|100%| O|  |TAMS 0x00000000a0c00000, 0x00000000a0b00000| Updating 
|  12|0x00000000a0c00000, 0x00000000a0d00000, 0x00000000a0d00000|100%| O|  |TAMS 0x00000000a0d00000, 0x00000000a0c00000| Updating 
|  13|0x00000000a0d00000, 0x00000000a0e00000, 0x00000000a0e00000|100%| O|  |TAMS 0x00000000a0e00000, 0x00000000a0d00000| Updating 
|  14|0x00000000a0e00000, 0x00000000a0f00000, 0x00000000a0f00000|100%| O|  |TAMS 0x00000000a0f00000, 0x00000000a0e00000| Updating 
|  15|0x00000000a0f00000, 0x00000000a1000000, 0x00000000a1000000|100%| O|  |TAMS 0x00000000a1000000, 0x00000000a0f00000| Updating 
|  16|0x00000000a1000000, 0x00000000a1100000, 0x00000000a1100000|100%| O|  |TAMS 0x00000000a1100000, 0x00000000a1000000| Updating 
|  17|0x00000000a1100000, 0x00000000a1200000, 0x00000000a1200000|100%| O|  |TAMS 0x00000000a1200000, 0x00000000a1100000| Updating 
|  18|0x00000000a1200000, 0x00000000a1300000, 0x00000000a1300000|100%| O|  |TAMS 0x00000000a1300000, 0x00000000a1200000| Updating 
|  19|0x00000000a1300000, 0x00000000a1400000, 0x00000000a1400000|100%| O|  |TAMS 0x00000000a1400000, 0x00000000a1300000| Updating 
|  20|0x00000000a1400000, 0x00000000a1500000, 0x00000000a1500000|100%| O|  |TAMS 0x00000000a1500000, 0x00000000a1400000| Updating 
|  21|0x00000000a1500000, 0x00000000a1600000, 0x00000000a1600000|100%| O|  |TAMS 0x00000000a1600000, 0x00000000a1500000| Updating 
|  22|0x00000000a1600000, 0x00000000a1700000, 0x00000000a1700000|100%| O|  |TAMS 0x00000000a1700000, 0x00000000a1600000| Updating 
|  23|0x00000000a1700000, 0x00000000a1800000, 0x00000000a1800000|100%|HS|  |TAMS 0x00000000a1800000, 0x00000000a1700000| Complete 
|  24|0x00000000a1800000, 0x00000000a1900000, 0x00000000a1900000|100%|HS|  |TAMS 0x00000000a1900000, 0x00000000a1800000| Complete 
|  25|0x00000000a1900000, 0x00000000a1a00000, 0x00000000a1a00000|100%|HC|  |TAMS 0x00000000a1a00000, 0x00000000a1900000| Complete 
|  26|0x00000000a1a00000, 0x00000000a1b00000, 0x00000000a1b00000|100%| O|  |TAMS 0x00000000a1b00000, 0x00000000a1a00000| Updating 
|  27|0x00000000a1b00000, 0x00000000a1c00000, 0x00000000a1c00000|100%| O|  |TAMS 0x00000000a1c00000, 0x00000000a1b00000| Updating 
|  28|0x00000000a1c00000, 0x00000000a1d00000, 0x00000000a1d00000|100%| O|  |TAMS 0x00000000a1d00000, 0x00000000a1c00000| Updating 
|  29|0x00000000a1d00000, 0x00000000a1e00000, 0x00000000a1e00000|100%| O|  |TAMS 0x00000000a1e00000, 0x00000000a1d00000| Updating 
|  30|0x00000000a1e00000, 0x00000000a1f00000, 0x00000000a1f00000|100%| O|  |TAMS 0x00000000a1f00000, 0x00000000a1e00000| Updating 
|  31|0x00000000a1f00000, 0x00000000a2000000, 0x00000000a2000000|100%| O|  |TAMS 0x00000000a2000000, 0x00000000a1f00000| Updating 
|  32|0x00000000a2000000, 0x00000000a2100000, 0x00000000a2100000|100%| O|  |TAMS 0x00000000a2100000, 0x00000000a2000000| Updating 
|  33|0x00000000a2100000, 0x00000000a2200000, 0x00000000a2200000|100%| O|  |TAMS 0x00000000a2200000, 0x00000000a2100000| Updating 
|  34|0x00000000a2200000, 0x00000000a2300000, 0x00000000a2300000|100%| O|  |TAMS 0x00000000a2300000, 0x00000000a2200000| Updating 
|  35|0x00000000a2300000, 0x00000000a2400000, 0x00000000a2400000|100%| O|  |TAMS 0x00000000a2400000, 0x00000000a2300000| Updating 
|  36|0x00000000a2400000, 0x00000000a2500000, 0x00000000a2500000|100%| O|  |TAMS 0x00000000a2500000, 0x00000000a2400000| Updating 
|  37|0x00000000a2500000, 0x00000000a2600000, 0x00000000a2600000|100%| O|  |TAMS 0x00000000a2600000, 0x00000000a2500000| Updating 
|  38|0x00000000a2600000, 0x00000000a2700000, 0x00000000a2700000|100%| O|  |TAMS 0x00000000a2700000, 0x00000000a2600000| Updating 
|  39|0x00000000a2700000, 0x00000000a2800000, 0x00000000a2800000|100%| O|  |TAMS 0x00000000a2800000, 0x00000000a2700000| Updating 
|  40|0x00000000a2800000, 0x00000000a2900000, 0x00000000a2900000|100%| O|  |TAMS 0x00000000a2900000, 0x00000000a2800000| Updating 
|  41|0x00000000a2900000, 0x00000000a2a00000, 0x00000000a2a00000|100%| O|  |TAMS 0x00000000a2a00000, 0x00000000a2900000| Updating 
|  42|0x00000000a2a00000, 0x00000000a2b00000, 0x00000000a2b00000|100%| O|  |TAMS 0x00000000a2b00000, 0x00000000a2a00000| Updating 
|  43|0x00000000a2b00000, 0x00000000a2c00000, 0x00000000a2c00000|100%| O|  |TAMS 0x00000000a2c00000, 0x00000000a2b00000| Updating 
|  44|0x00000000a2c00000, 0x00000000a2d00000, 0x00000000a2d00000|100%| O|  |TAMS 0x00000000a2d00000, 0x00000000a2c00000| Updating 
|  45|0x00000000a2d00000, 0x00000000a2e00000, 0x00000000a2e00000|100%| O|  |TAMS 0x00000000a2e00000, 0x00000000a2d00000| Updating 
|  46|0x00000000a2e00000, 0x00000000a2f00000, 0x00000000a2f00000|100%| O|  |TAMS 0x00000000a2f00000, 0x00000000a2e00000| Updating 
|  47|0x00000000a2f00000, 0x00000000a3000000, 0x00000000a3000000|100%| O|  |TAMS 0x00000000a3000000, 0x00000000a2f00000| Updating 
|  48|0x00000000a3000000, 0x00000000a3100000, 0x00000000a3100000|100%| O|  |TAMS 0x00000000a3100000, 0x00000000a3000000| Updating 
|  49|0x00000000a3100000, 0x00000000a3200000, 0x00000000a3200000|100%| O|  |TAMS 0x00000000a3200000, 0x00000000a3100000| Updating 
|  50|0x00000000a3200000, 0x00000000a3300000, 0x00000000a3300000|100%| O|  |TAMS 0x00000000a3300000, 0x00000000a3200000| Updating 
|  51|0x00000000a3300000, 0x00000000a3400000, 0x00000000a3400000|100%| O|  |TAMS 0x00000000a3400000, 0x00000000a3300000| Updating 
|  52|0x00000000a3400000, 0x00000000a3500000, 0x00000000a3500000|100%| O|  |TAMS 0x00000000a3500000, 0x00000000a3400000| Updating 
|  53|0x00000000a3500000, 0x00000000a3600000, 0x00000000a3600000|100%| O|  |TAMS 0x00000000a3600000, 0x00000000a3500000| Updating 
|  54|0x00000000a3600000, 0x00000000a3700000, 0x00000000a3700000|100%| O|  |TAMS 0x00000000a3700000, 0x00000000a3600000| Updating 
|  55|0x00000000a3700000, 0x00000000a3800000, 0x00000000a3800000|100%| O|  |TAMS 0x00000000a3800000, 0x00000000a3700000| Updating 
|  56|0x00000000a3800000, 0x00000000a3900000, 0x00000000a3900000|100%| O|  |TAMS 0x00000000a3900000, 0x00000000a3800000| Updating 
|  57|0x00000000a3900000, 0x00000000a3a00000, 0x00000000a3a00000|100%| O|  |TAMS 0x00000000a3a00000, 0x00000000a3900000| Updating 
|  58|0x00000000a3a00000, 0x00000000a3b00000, 0x00000000a3b00000|100%| O|  |TAMS 0x00000000a3b00000, 0x00000000a3a00000| Updating 
|  59|0x00000000a3b00000, 0x00000000a3c00000, 0x00000000a3c00000|100%| O|  |TAMS 0x00000000a3c00000, 0x00000000a3b00000| Updating 
|  60|0x00000000a3c00000, 0x00000000a3d00000, 0x00000000a3d00000|100%| O|  |TAMS 0x00000000a3d00000, 0x00000000a3c00000| Updating 
|  61|0x00000000a3d00000, 0x00000000a3e00000, 0x00000000a3e00000|100%| O|  |TAMS 0x00000000a3e00000, 0x00000000a3d00000| Updating 
|  62|0x00000000a3e00000, 0x00000000a3f00000, 0x00000000a3f00000|100%| O|  |TAMS 0x00000000a3f00000, 0x00000000a3e00000| Updating 
|  63|0x00000000a3f00000, 0x00000000a4000000, 0x00000000a4000000|100%| O|  |TAMS 0x00000000a4000000, 0x00000000a3f00000| Updating 
|  64|0x00000000a4000000, 0x00000000a4100000, 0x00000000a4100000|100%| O|  |TAMS 0x00000000a4100000, 0x00000000a4000000| Updating 
|  65|0x00000000a4100000, 0x00000000a4200000, 0x00000000a4200000|100%| O|  |TAMS 0x00000000a4200000, 0x00000000a4100000| Updating 
|  66|0x00000000a4200000, 0x00000000a4300000, 0x00000000a4300000|100%| O|  |TAMS 0x00000000a4300000, 0x00000000a4200000| Updating 
|  67|0x00000000a4300000, 0x00000000a4400000, 0x00000000a4400000|100%| O|  |TAMS 0x00000000a4400000, 0x00000000a4300000| Updating 
|  68|0x00000000a4400000, 0x00000000a4500000, 0x00000000a4500000|100%| O|  |TAMS 0x00000000a4500000, 0x00000000a4400000| Updating 
|  69|0x00000000a4500000, 0x00000000a4600000, 0x00000000a4600000|100%| O|  |TAMS 0x00000000a4600000, 0x00000000a4500000| Updating 
|  70|0x00000000a4600000, 0x00000000a4700000, 0x00000000a4700000|100%| O|  |TAMS 0x00000000a4700000, 0x00000000a4600000| Updating 
|  71|0x00000000a4700000, 0x00000000a4800000, 0x00000000a4800000|100%| O|  |TAMS 0x00000000a4800000, 0x00000000a4700000| Updating 
|  72|0x00000000a4800000, 0x00000000a4900000, 0x00000000a4900000|100%| O|  |TAMS 0x00000000a4900000, 0x00000000a4800000| Updating 
|  73|0x00000000a4900000, 0x00000000a4a00000, 0x00000000a4a00000|100%| O|  |TAMS 0x00000000a4a00000, 0x00000000a4900000| Updating 
|  74|0x00000000a4a00000, 0x00000000a4b00000, 0x00000000a4b00000|100%| O|  |TAMS 0x00000000a4b00000, 0x00000000a4a00000| Updating 
|  75|0x00000000a4b00000, 0x00000000a4c00000, 0x00000000a4c00000|100%| O|  |TAMS 0x00000000a4c00000, 0x00000000a4b00000| Updating 
|  76|0x00000000a4c00000, 0x00000000a4d00000, 0x00000000a4d00000|100%| O|  |TAMS 0x00000000a4d00000, 0x00000000a4c00000| Updating 
|  77|0x00000000a4d00000, 0x00000000a4e00000, 0x00000000a4e00000|100%| O|  |TAMS 0x00000000a4e00000, 0x00000000a4d00000| Updating 
|  78|0x00000000a4e00000, 0x00000000a4f00000, 0x00000000a4f00000|100%| O|  |TAMS 0x00000000a4f00000, 0x00000000a4e00000| Updating 
|  79|0x00000000a4f00000, 0x00000000a5000000, 0x00000000a5000000|100%| O|  |TAMS 0x00000000a5000000, 0x00000000a4f00000| Updating 
|  80|0x00000000a5000000, 0x00000000a5100000, 0x00000000a5100000|100%| O|  |TAMS 0x00000000a5100000, 0x00000000a5000000| Updating 
|  81|0x00000000a5100000, 0x00000000a5200000, 0x00000000a5200000|100%| O|  |TAMS 0x00000000a5200000, 0x00000000a5100000| Updating 
|  82|0x00000000a5200000, 0x00000000a5300000, 0x00000000a5300000|100%| O|  |TAMS 0x00000000a5300000, 0x00000000a5200000| Updating 
|  83|0x00000000a5300000, 0x00000000a5400000, 0x00000000a5400000|100%| O|  |TAMS 0x00000000a5400000, 0x00000000a5300000| Updating 
|  84|0x00000000a5400000, 0x00000000a5500000, 0x00000000a5500000|100%| O|  |TAMS 0x00000000a5500000, 0x00000000a5400000| Updating 
|  85|0x00000000a5500000, 0x00000000a5600000, 0x00000000a5600000|100%| O|  |TAMS 0x00000000a5600000, 0x00000000a5500000| Updating 
|  86|0x00000000a5600000, 0x00000000a5700000, 0x00000000a5700000|100%| O|  |TAMS 0x00000000a5700000, 0x00000000a5600000| Updating 
|  87|0x00000000a5700000, 0x00000000a5800000, 0x00000000a5800000|100%|HS|  |TAMS 0x00000000a5800000, 0x00000000a5700000| Complete 
|  88|0x00000000a5800000, 0x00000000a5900000, 0x00000000a5900000|100%|HC|  |TAMS 0x00000000a5900000, 0x00000000a5800000| Complete 
|  89|0x00000000a5900000, 0x00000000a5a00000, 0x00000000a5a00000|100%| O|  |TAMS 0x00000000a5a00000, 0x00000000a5900000| Updating 
|  90|0x00000000a5a00000, 0x00000000a5b00000, 0x00000000a5b00000|100%| O|  |TAMS 0x00000000a5b00000, 0x00000000a5a00000| Updating 
|  91|0x00000000a5b00000, 0x00000000a5c00000, 0x00000000a5c00000|100%| O|  |TAMS 0x00000000a5c00000, 0x00000000a5b00000| Updating 
|  92|0x00000000a5c00000, 0x00000000a5d00000, 0x00000000a5d00000|100%| O|  |TAMS 0x00000000a5d00000, 0x00000000a5c00000| Updating 
|  93|0x00000000a5d00000, 0x00000000a5e00000, 0x00000000a5e00000|100%| O|  |TAMS 0x00000000a5e00000, 0x00000000a5d00000| Updating 
|  94|0x00000000a5e00000, 0x00000000a5f00000, 0x00000000a5f00000|100%| O|  |TAMS 0x00000000a5f00000, 0x00000000a5e00000| Updating 
|  95|0x00000000a5f00000, 0x00000000a6000000, 0x00000000a6000000|100%| O|  |TAMS 0x00000000a6000000, 0x00000000a5f00000| Updating 
|  96|0x00000000a6000000, 0x00000000a6100000, 0x00000000a6100000|100%| O|  |TAMS 0x00000000a6100000, 0x00000000a6000000| Updating 
|  97|0x00000000a6100000, 0x00000000a6200000, 0x00000000a6200000|100%| O|  |TAMS 0x00000000a6200000, 0x00000000a6100000| Updating 
|  98|0x00000000a6200000, 0x00000000a6300000, 0x00000000a6300000|100%| O|  |TAMS 0x00000000a6300000, 0x00000000a6200000| Updating 
|  99|0x00000000a6300000, 0x00000000a6400000, 0x00000000a6400000|100%| O|  |TAMS 0x00000000a6400000, 0x00000000a6300000| Updating 
| 100|0x00000000a6400000, 0x00000000a6500000, 0x00000000a6500000|100%| O|  |TAMS 0x00000000a64d8600, 0x00000000a6400000| Updating 
| 101|0x00000000a6500000, 0x00000000a6600000, 0x00000000a6600000|100%| O|  |TAMS 0x00000000a6500000, 0x00000000a6500000| Untracked 
| 102|0x00000000a6600000, 0x00000000a6700000, 0x00000000a6700000|100%| O|  |TAMS 0x00000000a6600000, 0x00000000a6600000| Untracked 
| 103|0x00000000a6700000, 0x00000000a6800000, 0x00000000a6800000|100%| O|  |TAMS 0x00000000a6700000, 0x00000000a6700000| Untracked 
| 104|0x00000000a6800000, 0x00000000a6900000, 0x00000000a6900000|100%| O|  |TAMS 0x00000000a6800000, 0x00000000a6800000| Untracked 
| 105|0x00000000a6900000, 0x00000000a6a00000, 0x00000000a6a00000|100%| O|  |TAMS 0x00000000a6900000, 0x00000000a6900000| Untracked 
| 106|0x00000000a6a00000, 0x00000000a6b00000, 0x00000000a6b00000|100%| O|  |TAMS 0x00000000a6a00000, 0x00000000a6a00000| Untracked 
| 107|0x00000000a6b00000, 0x00000000a6b80000, 0x00000000a6c00000| 50%| O|  |TAMS 0x00000000a6b00000, 0x00000000a6b00000| Updating 
| 108|0x00000000a6c00000, 0x00000000a6d00000, 0x00000000a6d00000|100%|HS|  |TAMS 0x00000000a6c00000, 0x00000000a6c00000| Complete 
| 109|0x00000000a6d00000, 0x00000000a6e00000, 0x00000000a6e00000|100%|HS|  |TAMS 0x00000000a6d00000, 0x00000000a6d00000| Complete 
| 110|0x00000000a6e00000, 0x00000000a6e00000, 0x00000000a6f00000|  0%| F|  |TAMS 0x00000000a6e00000, 0x00000000a6e00000| Untracked 
| 111|0x00000000a6f00000, 0x00000000a6f00000, 0x00000000a7000000|  0%| F|  |TAMS 0x00000000a6f00000, 0x00000000a6f00000| Untracked 
| 112|0x00000000a7000000, 0x00000000a7000000, 0x00000000a7100000|  0%| F|  |TAMS 0x00000000a7000000, 0x00000000a7000000| Untracked 
| 113|0x00000000a7100000, 0x00000000a7100000, 0x00000000a7200000|  0%| F|  |TAMS 0x00000000a7100000, 0x00000000a7100000| Untracked 
| 114|0x00000000a7200000, 0x00000000a7200000, 0x00000000a7300000|  0%| F|  |TAMS 0x00000000a7200000, 0x00000000a7200000| Untracked 
| 115|0x00000000a7300000, 0x00000000a7300000, 0x00000000a7400000|  0%| F|  |TAMS 0x00000000a7300000, 0x00000000a7300000| Untracked 
| 116|0x00000000a7400000, 0x00000000a7400000, 0x00000000a7500000|  0%| F|  |TAMS 0x00000000a7400000, 0x00000000a7400000| Untracked 
| 117|0x00000000a7500000, 0x00000000a7500000, 0x00000000a7600000|  0%| F|  |TAMS 0x00000000a7500000, 0x00000000a7500000| Untracked 
| 118|0x00000000a7600000, 0x00000000a7600000, 0x00000000a7700000|  0%| F|  |TAMS 0x00000000a7600000, 0x00000000a7600000| Untracked 
| 119|0x00000000a7700000, 0x00000000a7700000, 0x00000000a7800000|  0%| F|  |TAMS 0x00000000a7700000, 0x00000000a7700000| Untracked 
| 120|0x00000000a7800000, 0x00000000a7800000, 0x00000000a7900000|  0%| F|  |TAMS 0x00000000a7800000, 0x00000000a7800000| Untracked 
| 121|0x00000000a7900000, 0x00000000a7900000, 0x00000000a7a00000|  0%| F|  |TAMS 0x00000000a7900000, 0x00000000a7900000| Untracked 
| 122|0x00000000a7a00000, 0x00000000a7a00000, 0x00000000a7b00000|  0%| F|  |TAMS 0x00000000a7a00000, 0x00000000a7a00000| Untracked 
| 123|0x00000000a7b00000, 0x00000000a7b00000, 0x00000000a7c00000|  0%| F|  |TAMS 0x00000000a7b00000, 0x00000000a7b00000| Untracked 
| 124|0x00000000a7c00000, 0x00000000a7c00000, 0x00000000a7d00000|  0%| F|  |TAMS 0x00000000a7c00000, 0x00000000a7c00000| Untracked 
| 125|0x00000000a7d00000, 0x00000000a7d00000, 0x00000000a7e00000|  0%| F|  |TAMS 0x00000000a7d00000, 0x00000000a7d00000| Untracked 
| 126|0x00000000a7e00000, 0x00000000a7e00000, 0x00000000a7f00000|  0%| F|  |TAMS 0x00000000a7e00000, 0x00000000a7e00000| Untracked 
| 127|0x00000000a7f00000, 0x00000000a7f00000, 0x00000000a8000000|  0%| F|  |TAMS 0x00000000a7f00000, 0x00000000a7f00000| Untracked 
| 128|0x00000000a8000000, 0x00000000a8000000, 0x00000000a8100000|  0%| F|  |TAMS 0x00000000a8000000, 0x00000000a8000000| Untracked 
| 129|0x00000000a8100000, 0x00000000a8100000, 0x00000000a8200000|  0%| F|  |TAMS 0x00000000a8100000, 0x00000000a8100000| Untracked 
| 130|0x00000000a8200000, 0x00000000a8200000, 0x00000000a8300000|  0%| F|  |TAMS 0x00000000a8200000, 0x00000000a8200000| Untracked 
| 131|0x00000000a8300000, 0x00000000a8300000, 0x00000000a8400000|  0%| F|  |TAMS 0x00000000a8300000, 0x00000000a8300000| Untracked 
| 132|0x00000000a8400000, 0x00000000a8400000, 0x00000000a8500000|  0%| F|  |TAMS 0x00000000a8400000, 0x00000000a8400000| Untracked 
| 133|0x00000000a8500000, 0x00000000a8500000, 0x00000000a8600000|  0%| F|  |TAMS 0x00000000a8500000, 0x00000000a8500000| Untracked 
| 134|0x00000000a8600000, 0x00000000a8600000, 0x00000000a8700000|  0%| F|  |TAMS 0x00000000a8600000, 0x00000000a8600000| Untracked 
| 135|0x00000000a8700000, 0x00000000a8700000, 0x00000000a8800000|  0%| F|  |TAMS 0x00000000a8700000, 0x00000000a8700000| Untracked 
| 136|0x00000000a8800000, 0x00000000a8800000, 0x00000000a8900000|  0%| F|  |TAMS 0x00000000a8800000, 0x00000000a8800000| Untracked 
| 137|0x00000000a8900000, 0x00000000a8900000, 0x00000000a8a00000|  0%| F|  |TAMS 0x00000000a8900000, 0x00000000a8900000| Untracked 
| 138|0x00000000a8a00000, 0x00000000a8a00000, 0x00000000a8b00000|  0%| F|  |TAMS 0x00000000a8a00000, 0x00000000a8a00000| Untracked 
| 139|0x00000000a8b00000, 0x00000000a8b00000, 0x00000000a8c00000|  0%| F|  |TAMS 0x00000000a8b00000, 0x00000000a8b00000| Untracked 
| 140|0x00000000a8c00000, 0x00000000a8c00000, 0x00000000a8d00000|  0%| F|  |TAMS 0x00000000a8c00000, 0x00000000a8c00000| Untracked 
| 141|0x00000000a8d00000, 0x00000000a8d00000, 0x00000000a8e00000|  0%| F|  |TAMS 0x00000000a8d00000, 0x00000000a8d00000| Untracked 
| 142|0x00000000a8e00000, 0x00000000a8e00000, 0x00000000a8f00000|  0%| F|  |TAMS 0x00000000a8e00000, 0x00000000a8e00000| Untracked 
| 143|0x00000000a8f00000, 0x00000000a8f00000, 0x00000000a9000000|  0%| F|  |TAMS 0x00000000a8f00000, 0x00000000a8f00000| Untracked 
| 144|0x00000000a9000000, 0x00000000a9000000, 0x00000000a9100000|  0%| F|  |TAMS 0x00000000a9000000, 0x00000000a9000000| Untracked 
| 145|0x00000000a9100000, 0x00000000a9100000, 0x00000000a9200000|  0%| F|  |TAMS 0x00000000a9100000, 0x00000000a9100000| Untracked 
| 146|0x00000000a9200000, 0x00000000a9200000, 0x00000000a9300000|  0%| F|  |TAMS 0x00000000a9200000, 0x00000000a9200000| Untracked 
| 147|0x00000000a9300000, 0x00000000a9300000, 0x00000000a9400000|  0%| F|  |TAMS 0x00000000a9300000, 0x00000000a9300000| Untracked 
| 148|0x00000000a9400000, 0x00000000a9400000, 0x00000000a9500000|  0%| F|  |TAMS 0x00000000a9400000, 0x00000000a9400000| Untracked 
| 149|0x00000000a9500000, 0x00000000a9500000, 0x00000000a9600000|  0%| F|  |TAMS 0x00000000a9500000, 0x00000000a9500000| Untracked 
| 150|0x00000000a9600000, 0x00000000a9682010, 0x00000000a9700000| 50%| E|  |TAMS 0x00000000a9600000, 0x00000000a9600000| Complete 
| 151|0x00000000a9700000, 0x00000000a9800000, 0x00000000a9800000|100%| E|CS|TAMS 0x00000000a9700000, 0x00000000a9700000| Complete 
| 152|0x00000000a9800000, 0x00000000a9900000, 0x00000000a9900000|100%| E|CS|TAMS 0x00000000a9800000, 0x00000000a9800000| Complete 
| 153|0x00000000a9900000, 0x00000000a9a00000, 0x00000000a9a00000|100%| E|CS|TAMS 0x00000000a9900000, 0x00000000a9900000| Complete 
| 154|0x00000000a9a00000, 0x00000000a9b00000, 0x00000000a9b00000|100%| E|CS|TAMS 0x00000000a9a00000, 0x00000000a9a00000| Complete 
| 155|0x00000000a9b00000, 0x00000000a9c00000, 0x00000000a9c00000|100%| E|CS|TAMS 0x00000000a9b00000, 0x00000000a9b00000| Complete 
| 156|0x00000000a9c00000, 0x00000000a9d00000, 0x00000000a9d00000|100%| E|CS|TAMS 0x00000000a9c00000, 0x00000000a9c00000| Complete 
| 157|0x00000000a9d00000, 0x00000000a9e00000, 0x00000000a9e00000|100%| E|CS|TAMS 0x00000000a9d00000, 0x00000000a9d00000| Complete 
| 158|0x00000000a9e00000, 0x00000000a9f00000, 0x00000000a9f00000|100%| E|CS|TAMS 0x00000000a9e00000, 0x00000000a9e00000| Complete 
| 159|0x00000000a9f00000, 0x00000000aa000000, 0x00000000aa000000|100%| E|CS|TAMS 0x00000000a9f00000, 0x00000000a9f00000| Complete 
| 160|0x00000000aa000000, 0x00000000aa100000, 0x00000000aa100000|100%| E|CS|TAMS 0x00000000aa000000, 0x00000000aa000000| Complete 
| 161|0x00000000aa100000, 0x00000000aa200000, 0x00000000aa200000|100%| E|CS|TAMS 0x00000000aa100000, 0x00000000aa100000| Complete 
| 162|0x00000000aa200000, 0x00000000aa300000, 0x00000000aa300000|100%| E|CS|TAMS 0x00000000aa200000, 0x00000000aa200000| Complete 
| 163|0x00000000aa300000, 0x00000000aa400000, 0x00000000aa400000|100%| E|CS|TAMS 0x00000000aa300000, 0x00000000aa300000| Complete 
| 164|0x00000000aa400000, 0x00000000aa500000, 0x00000000aa500000|100%| E|CS|TAMS 0x00000000aa400000, 0x00000000aa400000| Complete 
| 165|0x00000000aa500000, 0x00000000aa600000, 0x00000000aa600000|100%| E|CS|TAMS 0x00000000aa500000, 0x00000000aa500000| Complete 
| 166|0x00000000aa600000, 0x00000000aa680000, 0x00000000aa700000| 50%| S|CS|TAMS 0x00000000aa600000, 0x00000000aa600000| Complete 
| 167|0x00000000aa700000, 0x00000000aa800000, 0x00000000aa800000|100%| S|CS|TAMS 0x00000000aa700000, 0x00000000aa700000| Complete 
| 168|0x00000000aa800000, 0x00000000aa900000, 0x00000000aa900000|100%| E|CS|TAMS 0x00000000aa800000, 0x00000000aa800000| Complete 
| 169|0x00000000aa900000, 0x00000000aaa00000, 0x00000000aaa00000|100%| E|CS|TAMS 0x00000000aa900000, 0x00000000aa900000| Complete 
| 170|0x00000000aaa00000, 0x00000000aab00000, 0x00000000aab00000|100%| E|CS|TAMS 0x00000000aaa00000, 0x00000000aaa00000| Complete 
| 171|0x00000000aab00000, 0x00000000aac00000, 0x00000000aac00000|100%| E|CS|TAMS 0x00000000aab00000, 0x00000000aab00000| Complete 
| 172|0x00000000aac00000, 0x00000000aad00000, 0x00000000aad00000|100%| E|CS|TAMS 0x00000000aac00000, 0x00000000aac00000| Complete 
| 173|0x00000000aad00000, 0x00000000aae00000, 0x00000000aae00000|100%| E|CS|TAMS 0x00000000aad00000, 0x00000000aad00000| Complete 

Card table byte_map: [0x000002155e690000,0x000002155e990000] _byte_map_base: 0x000002155e190000

Marking Bits (Prev, Next): (CMBitMap*) 0x0000021545596f10, (CMBitMap*) 0x0000021545596f50
 Prev Bits: [0x000002155ec90000, 0x0000021560490000)
 Next Bits: [0x0000021560490000, 0x0000021561c90000)

Polling page: 0x0000021545380000

Metaspace:

Usage:
  Non-class:     72.34 MB capacity,    71.45 MB ( 99%) used,   790.99 KB (  1%) free+waste,   121.38 KB ( <1%) overhead. 
      Class:     10.92 MB capacity,    10.55 MB ( 97%) used,   339.96 KB (  3%) free+waste,    47.81 KB ( <1%) overhead. 
       Both:     83.27 MB capacity,    82.00 MB ( 98%) used,     1.10 MB (  1%) free+waste,   169.19 KB ( <1%) overhead. 

Virtual space:
  Non-class space:       74.00 MB reserved,      72.50 MB ( 98%) committed 
      Class space:        1.00 GB reserved,      11.00 MB (  1%) committed 
             Both:        1.07 GB reserved,      83.50 MB (  8%) committed 

Chunk freelists:
   Non-Class:  35.00 KB
       Class:  13.00 KB
        Both:  48.00 KB

MaxMetaspaceSize: 17179869184.00 GB
CompressedClassSpaceSize: 1.00 GB

CodeHeap 'non-profiled nmethods': size=120064Kb used=7008Kb max_used=7008Kb free=113055Kb
 bounds [0x0000021556a50000, 0x0000021557130000, 0x000002155df90000]
CodeHeap 'profiled nmethods': size=120000Kb used=24982Kb max_used=24982Kb free=95017Kb
 bounds [0x000002154f520000, 0x0000021550d90000, 0x0000021556a50000]
CodeHeap 'non-nmethods': size=5696Kb used=2424Kb max_used=2460Kb free=3271Kb
 bounds [0x000002154ef90000, 0x000002154f200000, 0x000002154f520000]
 total_blobs=12833 nmethods=11915 adapters=829
 compilation: enabled
              stopped_count=0, restarted_count=0
 full_count=0

Compilation events (20 events):
Event: 114.451 Thread 0x000002156404d130 13659   !   3       java.util.zip.ZipFile$Source::release (50 bytes)
Event: 114.452 Thread 0x000002156404d130 nmethod 13659 0x0000021550d83a10 code [0x0000021550d83be0, 0x0000021550d83f58]
Event: 114.596 Thread 0x000002156404d130 13660       3       java.util.zip.Inflater$InflaterZStreamRef::clean (10 bytes)
Event: 114.597 Thread 0x000002156404d130 nmethod 13660 0x0000021550d84110 code [0x0000021550d842c0, 0x0000021550d84488]
Event: 114.597 Thread 0x000002156404d130 13661  s    3       java.util.zip.Inflater$InflaterZStreamRef::run (21 bytes)
Event: 114.597 Thread 0x000002156404d130 nmethod 13661 0x0000021550d84590 code [0x0000021550d84740, 0x0000021550d84968]
Event: 114.729 Thread 0x000002156404d130 13663       1       com.android.tools.r8.shaking.FilteredClassPath::getPath (5 bytes)
Event: 114.729 Thread 0x000002156404d130 nmethod 13663 0x000002155711e910 code [0x000002155711eaa0, 0x000002155711eb58]
Event: 114.912 Thread 0x0000021564044150 13664       4       com.android.tools.r8.q.a.a.d.g::a (29 bytes)
Event: 115.099 Thread 0x0000021564044150 nmethod 13664 0x000002155711ec10 code [0x000002155711ef20, 0x00000215571221b0]
Event: 115.893 Thread 0x0000021564044150 13665       4       sun.nio.fs.WindowsPathParser::parse (384 bytes)
Event: 115.915 Thread 0x000002156404d130 13666   !   3       java.util.zip.Inflater::end (37 bytes)
Event: 115.916 Thread 0x000002156404d130 nmethod 13666 0x0000021550d84a10 code [0x0000021550d84be0, 0x0000021550d84fa8]
Event: 115.967 Thread 0x0000021564044150 nmethod 13665 0x0000021557125110 code [0x0000021557125380, 0x0000021557126b80]
Event: 116.074 Thread 0x000002156404d130 13667   !   3       java.io.RandomAccessFile::close (69 bytes)
Event: 116.075 Thread 0x000002156404d130 nmethod 13667 0x0000021550d85190 code [0x0000021550d85380, 0x0000021550d85878]
Event: 116.536 Thread 0x0000021564044150 13668       4       java.nio.file.attribute.FileTime::toMillis (98 bytes)
Event: 116.538 Thread 0x0000021564044150 nmethod 13668 0x0000021557127b10 code [0x0000021557127c80, 0x0000021557127d78]
Event: 116.557 Thread 0x000002156404d130 13669       1       com.android.tools.r8.utils.J0::getKind (5 bytes)
Event: 116.557 Thread 0x000002156404d130 nmethod 13669 0x0000021557127e90 code [0x0000021557128020, 0x00000215571280d8]

GC Heap History (20 events):
Event: 108.053 GC heap before
{Heap before GC invocations=57 (full 0):
 garbage-first heap   total 148480K, used 116137K [0x00000000a0000000, 0x0000000100000000)
  region size 1024K, 33 young (33792K), 3 survivors (3072K)
 Metaspace       used 83006K, capacity 84385K, committed 84608K, reserved 1122304K
  class space    used 10694K, capacity 11089K, committed 11136K, reserved 1048576K
}
Event: 108.078 GC heap after
{Heap after GC invocations=58 (full 0):
 garbage-first heap   total 148480K, used 87240K [0x00000000a0000000, 0x0000000100000000)
  region size 1024K, 2 young (2048K), 2 survivors (2048K)
 Metaspace       used 83006K, capacity 84385K, committed 84608K, reserved 1122304K
  class space    used 10694K, capacity 11089K, committed 11136K, reserved 1048576K
}
Event: 108.887 GC heap before
{Heap before GC invocations=58 (full 0):
 garbage-first heap   total 148480K, used 89288K [0x00000000a0000000, 0x0000000100000000)
  region size 1024K, 6 young (6144K), 2 survivors (2048K)
 Metaspace       used 83097K, capacity 84449K, committed 84608K, reserved 1122304K
  class space    used 10695K, capacity 11089K, committed 11136K, reserved 1048576K
}
Event: 108.901 GC heap after
{Heap after GC invocations=59 (full 0):
 garbage-first heap   total 148480K, used 88332K [0x00000000a0000000, 0x0000000100000000)
  region size 1024K, 3 young (3072K), 3 survivors (3072K)
 Metaspace       used 83097K, capacity 84449K, committed 84608K, reserved 1122304K
  class space    used 10695K, capacity 11089K, committed 11136K, reserved 1048576K
}
Event: 110.768 GC heap before
{Heap before GC invocations=60 (full 0):
 garbage-first heap   total 150528K, used 96524K [0x00000000a0000000, 0x0000000100000000)
  region size 1024K, 11 young (11264K), 3 survivors (3072K)
 Metaspace       used 83368K, capacity 84641K, committed 84864K, reserved 1122304K
  class space    used 10713K, capacity 11088K, committed 11136K, reserved 1048576K
}
Event: 110.779 GC heap after
{Heap after GC invocations=61 (full 0):
 garbage-first heap   total 150528K, used 86853K [0x00000000a0000000, 0x0000000100000000)
  region size 1024K, 1 young (1024K), 1 survivors (1024K)
 Metaspace       used 83368K, capacity 84641K, committed 84864K, reserved 1122304K
  class space    used 10713K, capacity 11088K, committed 11136K, reserved 1048576K
}
Event: 112.671 GC heap before
{Heap before GC invocations=62 (full 0):
 garbage-first heap   total 150528K, used 116549K [0x00000000a0000000, 0x0000000100000000)
  region size 1024K, 29 young (29696K), 1 survivors (1024K)
 Metaspace       used 83950K, capacity 85252K, committed 85504K, reserved 1124352K
  class space    used 10797K, capacity 11185K, committed 11264K, reserved 1048576K
}
Event: 112.683 GC heap after
{Heap after GC invocations=63 (full 0):
 garbage-first heap   total 150528K, used 94051K [0x00000000a0000000, 0x0000000100000000)
  region size 1024K, 4 young (4096K), 4 survivors (4096K)
 Metaspace       used 83950K, capacity 85252K, committed 85504K, reserved 1124352K
  class space    used 10797K, capacity 11185K, committed 11264K, reserved 1048576K
}
Event: 112.708 GC heap before
{Heap before GC invocations=63 (full 0):
 garbage-first heap   total 150528K, used 97123K [0x00000000a0000000, 0x0000000100000000)
  region size 1024K, 7 young (7168K), 4 survivors (4096K)
 Metaspace       used 83950K, capacity 85252K, committed 85504K, reserved 1124352K
  class space    used 10797K, capacity 11185K, committed 11264K, reserved 1048576K
}
Event: 112.744 GC heap after
{Heap after GC invocations=64 (full 0):
 garbage-first heap   total 150528K, used 85473K [0x00000000a0000000, 0x0000000100000000)
  region size 1024K, 1 young (1024K), 1 survivors (1024K)
 Metaspace       used 83950K, capacity 85252K, committed 85504K, reserved 1124352K
  class space    used 10797K, capacity 11185K, committed 11264K, reserved 1048576K
}
Event: 113.251 GC heap before
{Heap before GC invocations=64 (full 0):
 garbage-first heap   total 150528K, used 116193K [0x00000000a0000000, 0x0000000100000000)
  region size 1024K, 31 young (31744K), 1 survivors (1024K)
 Metaspace       used 83950K, capacity 85252K, committed 85504K, reserved 1124352K
  class space    used 10797K, capacity 11185K, committed 11264K, reserved 1048576K
}
Event: 113.264 GC heap after
{Heap after GC invocations=65 (full 0):
 garbage-first heap   total 150528K, used 90624K [0x00000000a0000000, 0x0000000100000000)
  region size 1024K, 4 young (4096K), 4 survivors (4096K)
 Metaspace       used 83950K, capacity 85252K, committed 85504K, reserved 1124352K
  class space    used 10797K, capacity 11185K, committed 11264K, reserved 1048576K
}
Event: 113.969 GC heap before
{Heap before GC invocations=66 (full 0):
 garbage-first heap   total 178176K, used 119296K [0x00000000a0000000, 0x0000000100000000)
  region size 1024K, 32 young (32768K), 4 survivors (4096K)
 Metaspace       used 83950K, capacity 85252K, committed 85504K, reserved 1124352K
  class space    used 10797K, capacity 11185K, committed 11264K, reserved 1048576K
}
Event: 113.982 GC heap after
{Heap after GC invocations=67 (full 0):
 garbage-first heap   total 178176K, used 95232K [0x00000000a0000000, 0x0000000100000000)
  region size 1024K, 4 young (4096K), 4 survivors (4096K)
 Metaspace       used 83950K, capacity 85252K, committed 85504K, reserved 1124352K
  class space    used 10797K, capacity 11185K, committed 11264K, reserved 1048576K
}
Event: 114.941 GC heap before
{Heap before GC invocations=67 (full 0):
 garbage-first heap   total 178176K, used 137216K [0x00000000a0000000, 0x0000000100000000)
  region size 1024K, 45 young (46080K), 4 survivors (4096K)
 Metaspace       used 83963K, capacity 85264K, committed 85504K, reserved 1124352K
  class space    used 10799K, capacity 11187K, committed 11264K, reserved 1048576K
}
Event: 114.955 GC heap after
{Heap after GC invocations=68 (full 0):
 garbage-first heap   total 178176K, used 102400K [0x00000000a0000000, 0x0000000100000000)
  region size 1024K, 6 young (6144K), 6 survivors (6144K)
 Metaspace       used 83963K, capacity 85264K, committed 85504K, reserved 1124352K
  class space    used 10799K, capacity 11187K, committed 11264K, reserved 1048576K
}
Event: 116.052 GC heap before
{Heap before GC invocations=69 (full 0):
 garbage-first heap   total 178176K, used 140288K [0x00000000a0000000, 0x0000000100000000)
  region size 1024K, 43 young (44032K), 6 survivors (6144K)
 Metaspace       used 83963K, capacity 85264K, committed 85504K, reserved 1124352K
  class space    used 10799K, capacity 11187K, committed 11264K, reserved 1048576K
}
Event: 116.066 GC heap after
{Heap after GC invocations=70 (full 0):
 garbage-first heap   total 178176K, used 109409K [0x00000000a0000000, 0x0000000100000000)
  region size 1024K, 6 young (6144K), 6 survivors (6144K)
 Metaspace       used 83963K, capacity 85264K, committed 85504K, reserved 1124352K
  class space    used 10799K, capacity 11187K, committed 11264K, reserved 1048576K
}
Event: 116.196 GC heap before
{Heap before GC invocations=70 (full 0):
 garbage-first heap   total 178176K, used 114529K [0x00000000a0000000, 0x0000000100000000)
  region size 1024K, 12 young (12288K), 6 survivors (6144K)
 Metaspace       used 83963K, capacity 85264K, committed 85504K, reserved 1124352K
  class space    used 10799K, capacity 11187K, committed 11264K, reserved 1048576K
}
Event: 116.207 GC heap after
{Heap after GC invocations=71 (full 0):
 garbage-first heap   total 178176K, used 111616K [0x00000000a0000000, 0x0000000100000000)
  region size 1024K, 2 young (2048K), 2 survivors (2048K)
 Metaspace       used 83963K, capacity 85264K, committed 85504K, reserved 1124352K
  class space    used 10799K, capacity 11187K, committed 11264K, reserved 1048576K
}

Deoptimization events (20 events):
Event: 114.171 Thread 0x000002156b419a20 DEOPT PACKING pc=0x00000215571161c0 sp=0x00000061c3ffdb20
Event: 114.171 Thread 0x000002156b419a20 DEOPT UNPACKING pc=0x000002154efde12f sp=0x00000061c3ffdad0 mode 2
Event: 114.781 Thread 0x000002156b419a20 DEOPT PACKING pc=0x0000021550d7dc74 sp=0x00000061c3ffd510
Event: 114.781 Thread 0x000002156b419a20 DEOPT UNPACKING pc=0x000002154efddf3f sp=0x00000061c3ffcab0 mode 0
Event: 114.868 Thread 0x000002156b419a20 Uncommon trap: trap_request=0xffffffde fr.pc=0x000002155711d0b4 relative=0x00000000000009d4
Event: 114.868 Thread 0x000002156b419a20 Uncommon trap: reason=class_check action=maybe_recompile pc=0x000002155711d0b4 method=com.android.tools.r8.q.a.a.d.g.a(Ljava/io/InputStream;)[B @ 8 c2
Event: 114.868 Thread 0x000002156b419a20 DEOPT PACKING pc=0x000002155711d0b4 sp=0x00000061c3ffdac0
Event: 114.868 Thread 0x000002156b419a20 DEOPT UNPACKING pc=0x000002154efde12f sp=0x00000061c3ffda90 mode 2
Event: 114.869 Thread 0x000002156b419a20 Uncommon trap: trap_request=0xffffffde fr.pc=0x000002155711d0b4 relative=0x00000000000009d4
Event: 114.869 Thread 0x000002156b419a20 Uncommon trap: reason=class_check action=maybe_recompile pc=0x000002155711d0b4 method=com.android.tools.r8.q.a.a.d.g.a(Ljava/io/InputStream;)[B @ 8 c2
Event: 114.869 Thread 0x000002156b419a20 DEOPT PACKING pc=0x000002155711d0b4 sp=0x00000061c3ffdac0
Event: 114.869 Thread 0x000002156b419a20 DEOPT UNPACKING pc=0x000002154efde12f sp=0x00000061c3ffda90 mode 2
Event: 114.869 Thread 0x000002156b419a20 Uncommon trap: trap_request=0xffffffde fr.pc=0x000002155711d0b4 relative=0x00000000000009d4
Event: 114.869 Thread 0x000002156b419a20 Uncommon trap: reason=class_check action=maybe_recompile pc=0x000002155711d0b4 method=com.android.tools.r8.q.a.a.d.g.a(Ljava/io/InputStream;)[B @ 8 c2
Event: 114.869 Thread 0x000002156b419a20 DEOPT PACKING pc=0x000002155711d0b4 sp=0x00000061c3ffdac0
Event: 114.869 Thread 0x000002156b419a20 DEOPT UNPACKING pc=0x000002154efde12f sp=0x00000061c3ffda90 mode 2
Event: 114.869 Thread 0x000002156b419a20 Uncommon trap: trap_request=0xffffffde fr.pc=0x000002155711d0b4 relative=0x00000000000009d4
Event: 114.869 Thread 0x000002156b419a20 Uncommon trap: reason=class_check action=maybe_recompile pc=0x000002155711d0b4 method=com.android.tools.r8.q.a.a.d.g.a(Ljava/io/InputStream;)[B @ 8 c2
Event: 114.869 Thread 0x000002156b419a20 DEOPT PACKING pc=0x000002155711d0b4 sp=0x00000061c3ffdac0
Event: 114.869 Thread 0x000002156b419a20 DEOPT UNPACKING pc=0x000002154efde12f sp=0x00000061c3ffda90 mode 2

Classes unloaded (3 events):
Event: 65.058 Thread 0x0000021545629550 Unloading class 0x0000000801370c40 'java/lang/invoke/LambdaForm$DMH+0x0000000801370c40'
Event: 109.309 Thread 0x0000021545629550 Unloading class 0x00000008014ed040 'java/lang/invoke/LambdaForm$DMH+0x00000008014ed040'
Event: 109.309 Thread 0x0000021545629550 Unloading class 0x00000008014ed840 'java/lang/invoke/LambdaForm$DMH+0x00000008014ed840'

Classes redefined (0 events):
No events

Internal exceptions (20 events):
Event: 99.123 Thread 0x000002156b419a20 Exception <a 'java/lang/NoSuchMethodError'{0x00000000a77d35e8}: 'java.lang.Object java.lang.invoke.DirectMethodHandle$Holder.invokeStatic(java.lang.Object, java.lang.Object, java.lang.Object, java.lang.Object, java.lang.Object, java.lang.Object, java.lang.Object, java.lang.Object, java.lang.Object, java.lang.Object, java.lang.Object, java.lang.Object, java.lang.Object, java.lang.Object, java.lang.Object, java.lang.Object, java.lang.Object, int, java.lang.Object)'> (0x00000000a77d35e8) 
thrown [./open/src/h
Event: 99.125 Thread 0x000002156b419a20 Exception <a 'java/lang/NoSuchMethodError'{0x00000000a77d8fa0}: 'java.lang.Object java.lang.invoke.DirectMethodHandle$Holder.invokeStaticInit(java.lang.Object, java.lang.Object, java.lang.Object, java.lang.Object, java.lang.Object, java.lang.Object, java.lang.Object, java.lang.Object, java.lang.Object, java.lang.Object, java.lang.Object, java.lang.Object, java.lang.Object, java.lang.Object, java.lang.Object, java.lang.Object, java.lang.Object, int, java.lang.Object)'> (0x00000000a77d8fa0) 
thrown [./open/s
Event: 99.465 Thread 0x000002156b419a20 Exception <a 'java/lang/NoSuchMethodError'{0x00000000a73197d0}: 'void java.lang.invoke.DirectMethodHandle$Holder.invokeStatic(java.lang.Object, java.lang.Object, java.lang.Object, int)'> (0x00000000a73197d0) 
thrown [./open/src/hotspot/share/interpreter/linkResolver.cpp, line 782]
Event: 99.467 Thread 0x000002156b419a20 Exception <a 'java/lang/IncompatibleClassChangeError'{0x00000000a73220c0}: Found class java.lang.Object, but interface was expected> (0x00000000a73220c0) 
thrown [./open/src/hotspot/share/interpreter/linkResolver.cpp, line 848]
Event: 99.883 Thread 0x000002156b419a20 Exception <a 'java/lang/NoSuchMethodError'{0x00000000a680e7f8}: 'void java.lang.invoke.DirectMethodHandle$Holder.invokeStaticInit(java.lang.Object, java.lang.Object, java.lang.Object, java.lang.Object, java.lang.Object)'> (0x00000000a680e7f8) 
thrown [./open/src/hotspot/share/interpreter/linkResolver.cpp, line 782]
Event: 100.139 Thread 0x000002156b419a20 Implicit null exception at 0x0000021556c466f1 to 0x0000021556c4ab34
Event: 100.262 Thread 0x000002156b419a20 Exception <a 'java/lang/NoSuchMethodError'{0x00000000a8a3c048}: 'java.lang.Object java.lang.invoke.DirectMethodHandle$Holder.invokeStatic(java.lang.Object, int, java.lang.Object, java.lang.Object)'> (0x00000000a8a3c048) 
thrown [./open/src/hotspot/share/interpreter/linkResolver.cpp, line 782]
Event: 100.401 Thread 0x000002156b419a20 Exception <a 'java/lang/NoSuchMethodError'{0x00000000a852b268}: 'long java.lang.invoke.DirectMethodHandle$Holder.invokeStatic(java.lang.Object, java.lang.Object)'> (0x00000000a852b268) 
thrown [./open/src/hotspot/share/interpreter/linkResolver.cpp, line 782]
Event: 100.459 Thread 0x000002156b419a20 Exception <a 'java/lang/NoSuchMethodError'{0x00000000a8561f70}: 'void java.lang.invoke.DirectMethodHandle$Holder.invokeSpecial(java.lang.Object, java.lang.Object, int, java.lang.Object)'> (0x00000000a8561f70) 
thrown [./open/src/hotspot/share/interpreter/linkResolver.cpp, line 782]
Event: 100.812 Thread 0x000002156b419a20 Exception <a 'java/lang/NoSuchMethodError'{0x00000000a80a66d0}: 'java.lang.Object java.lang.invoke.DirectMethodHandle$Holder.invokeVirtual(java.lang.Object, java.lang.Object, int, java.lang.Object)'> (0x00000000a80a66d0) 
thrown [./open/src/hotspot/share/interpreter/linkResolver.cpp, line 782]
Event: 100.812 Thread 0x000002156b416530 Exception <a 'java/lang/NoSuchMethodError'{0x00000000a80d10f0}: 'java.lang.Object java.lang.invoke.DirectMethodHandle$Holder.invokeVirtual(java.lang.Object, java.lang.Object, int, java.lang.Object)'> (0x00000000a80d10f0) 
thrown [./open/src/hotspot/share/interpreter/linkResolver.cpp, line 782]
Event: 100.854 Thread 0x000002156b419a20 Exception <a 'java/lang/NoSuchMethodError'{0x00000000a7ffd240}: 'void java.lang.invoke.DirectMethodHandle$Holder.invokeVirtual(java.lang.Object, java.lang.Object, int, java.lang.Object)'> (0x00000000a7ffd240) 
thrown [./open/src/hotspot/share/interpreter/linkResolver.cpp, line 782]
Event: 100.854 Thread 0x000002156b416530 Exception <a 'java/lang/NoSuchMethodError'{0x00000000a7e052a0}: 'void java.lang.invoke.DirectMethodHandle$Holder.invokeVirtual(java.lang.Object, java.lang.Object, int, java.lang.Object)'> (0x00000000a7e052a0) 
thrown [./open/src/hotspot/share/interpreter/linkResolver.cpp, line 782]
Event: 101.193 Thread 0x000002156b419a20 Exception <a 'java/lang/NoSuchMethodError'{0x00000000a7a07568}: 'int java.lang.invoke.DirectMethodHandle$Holder.invokeSpecial(java.lang.Object, java.lang.Object, java.lang.Object, int)'> (0x00000000a7a07568) 
thrown [./open/src/hotspot/share/interpreter/linkResolver.cpp, line 782]
Event: 102.991 Thread 0x000002156b419a20 Exception <a 'java/lang/NoSuchMethodError'{0x00000000a70c0508}: 'void java.lang.invoke.DirectMethodHandle$Holder.invokeVirtual(java.lang.Object, java.lang.Object, int)'> (0x00000000a70c0508) 
thrown [./open/src/hotspot/share/interpreter/linkResolver.cpp, line 782]
Event: 103.158 Thread 0x000002156b419a20 Exception <a 'sun/nio/fs/WindowsException'{0x00000000a6ea8a68}> (0x00000000a6ea8a68) 
thrown [./open/src/hotspot/share/prims/jni.cpp, line 578]
Event: 103.577 Thread 0x000002156b419a20 Exception <a 'sun/nio/fs/WindowsException'{0x00000000a6b41df8}> (0x00000000a6b41df8) 
thrown [./open/src/hotspot/share/prims/jni.cpp, line 578]
Event: 104.777 Thread 0x000002156b419a20 Exception <a 'sun/nio/fs/WindowsException'{0x00000000a90c21a0}> (0x00000000a90c21a0) 
thrown [./open/src/hotspot/share/prims/jni.cpp, line 578]
Event: 110.665 Thread 0x0000021568e88be0 Exception <a 'java/lang/NoSuchMethodError'{0x00000000a881fb70}: static Lcom/android/build/gradle/internal/tasks/D8MainDexListTask$MainDexListRunnable$Params;.<clinit>()V> (0x00000000a881fb70) 
thrown [./open/src/hotspot/share/prims/jni.cpp, line 1204]
Event: 112.078 Thread 0x000002156b419a20 Exception <a 'java/lang/NoSuchMethodError'{0x00000000a8b1fa30}: 'int java.lang.invoke.DirectMethodHandle$Holder.invokeSpecial(java.lang.Object, java.lang.Object, int)'> (0x00000000a8b1fa30) 
thrown [./open/src/hotspot/share/interpreter/linkResolver.cpp, line 782]

Events (20 events):
Event: 113.250 Executing VM operation: G1CollectForAllocation
Event: 113.265 Executing VM operation: G1CollectForAllocation done
Event: 113.597 Executing VM operation: G1Concurrent
Event: 113.618 Executing VM operation: G1Concurrent done
Event: 113.816 Executing VM operation: G1Concurrent
Event: 113.817 Executing VM operation: G1Concurrent done
Event: 113.969 Executing VM operation: G1CollectForAllocation
Event: 113.983 Executing VM operation: G1CollectForAllocation done
Event: 114.599 Loaded shared library C:\Program Files\Java\jdk-15.0.1\bin\zip.dll
Event: 114.941 Executing VM operation: G1CollectForAllocation
Event: 114.959 Executing VM operation: G1CollectForAllocation done
Event: 115.307 Executing VM operation: G1Concurrent
Event: 115.328 Executing VM operation: G1Concurrent done
Event: 115.527 Executing VM operation: G1Concurrent
Event: 115.528 Executing VM operation: G1Concurrent done
Event: 116.052 Executing VM operation: G1CollectForAllocation
Event: 116.067 Executing VM operation: G1CollectForAllocation done
Event: 116.196 Executing VM operation: G1TryInitiateConcMark
Event: 116.207 Executing VM operation: G1TryInitiateConcMark done
Event: 116.558 Executing VM operation: G1Concurrent


Dynamic libraries:
0x00007ff74cbc0000 - 0x00007ff74cbcf000 	C:\Program Files\Java\jdk-15.0.1\bin\java.exe
0x00007ffab7540000 - 0x00007ffab7730000 	C:\Windows\SYSTEM32\ntdll.dll
0x00007ffab7040000 - 0x00007ffab70f2000 	C:\Windows\System32\KERNEL32.DLL
0x00007ffab4e00000 - 0x00007ffab50a5000 	C:\Windows\System32\KERNELBASE.dll
0x00007ffab54f0000 - 0x00007ffab55ea000 	C:\Windows\System32\ucrtbase.dll
0x00007ffab2e60000 - 0x00007ffab2e78000 	C:\Program Files\Java\jdk-15.0.1\bin\jli.dll
0x00007ffab6430000 - 0x00007ffab64d3000 	C:\Windows\System32\ADVAPI32.dll
0x00007ffab7250000 - 0x00007ffab72ee000 	C:\Windows\System32\msvcrt.dll
0x00007ffab55f0000 - 0x00007ffab5687000 	C:\Windows\System32\sechost.dll
0x00007ffab6140000 - 0x00007ffab6260000 	C:\Windows\System32\RPCRT4.dll
0x00007ffab72f0000 - 0x00007ffab7484000 	C:\Windows\System32\USER32.dll
0x00007ffab5370000 - 0x00007ffab5391000 	C:\Windows\System32\win32u.dll
0x00007ffab64e0000 - 0x00007ffab6506000 	C:\Windows\System32\GDI32.dll
0x00007ffab51d0000 - 0x00007ffab5366000 	C:\Windows\System32\gdi32full.dll
0x00007ffab4570000 - 0x00007ffab460e000 	C:\Windows\System32\msvcp_win.dll
0x00007ffaa8f00000 - 0x00007ffaa8f19000 	C:\Program Files\Java\jdk-15.0.1\bin\VCRUNTIME140.dll
0x00007ffaa77c0000 - 0x00007ffaa7a44000 	C:\Windows\WinSxS\amd64_microsoft.windows.common-controls_6595b64144ccf1df_6.0.18362.1198_none_9e820b57e45ad92f\COMCTL32.dll
0x00007ffab5e00000 - 0x00007ffab6135000 	C:\Windows\System32\combase.dll
0x00007ffab5100000 - 0x00007ffab5180000 	C:\Windows\System32\bcryptPrimitives.dll
0x00007ffab2ee0000 - 0x00007ffab2eea000 	C:\Windows\SYSTEM32\VERSION.dll
0x00007ffab7100000 - 0x00007ffab712e000 	C:\Windows\System32\IMM32.DLL
0x00007ffab2e50000 - 0x00007ffab2e5c000 	C:\Program Files\Java\jdk-15.0.1\bin\vcruntime140_1.dll
0x00007ffa9d7c0000 - 0x00007ffa9d851000 	C:\Program Files\Java\jdk-15.0.1\bin\msvcp140.dll
0x00007ffa8d8a0000 - 0x00007ffa8e3fe000 	C:\Program Files\Java\jdk-15.0.1\bin\server\jvm.dll
0x00007ffab6260000 - 0x00007ffab6268000 	C:\Windows\System32\PSAPI.DLL
0x00007ffaaeb00000 - 0x00007ffaaeb09000 	C:\Windows\SYSTEM32\WSOCK32.dll
0x00007ffab6910000 - 0x00007ffab697f000 	C:\Windows\System32\WS2_32.dll
0x00007ffab1d20000 - 0x00007ffab1d44000 	C:\Windows\SYSTEM32\WINMM.dll
0x00007ffab1cf0000 - 0x00007ffab1d1d000 	C:\Windows\SYSTEM32\WINMMBASE.dll
0x00007ffab50b0000 - 0x00007ffab50fa000 	C:\Windows\System32\cfgmgr32.dll
0x00007ffab4420000 - 0x00007ffab4431000 	C:\Windows\System32\kernel.appcore.dll
0x00007ffab1a80000 - 0x00007ffab1a8a000 	C:\Program Files\Java\jdk-15.0.1\bin\jimage.dll
0x00007ffaa35f0000 - 0x00007ffaa37e4000 	C:\Windows\SYSTEM32\DBGHELP.DLL
0x00007ffaa3370000 - 0x00007ffaa339a000 	C:\Windows\SYSTEM32\dbgcore.DLL
0x00007ffaa8ed0000 - 0x00007ffaa8ef5000 	C:\Program Files\Java\jdk-15.0.1\bin\java.dll
0x00007ffab5690000 - 0x00007ffab5d77000 	C:\Windows\System32\SHELL32.dll
0x00007ffab6f90000 - 0x00007ffab7039000 	C:\Windows\System32\shcore.dll
0x00007ffab4610000 - 0x00007ffab4d91000 	C:\Windows\System32\windows.storage.dll
0x00007ffab4490000 - 0x00007ffab44b3000 	C:\Windows\System32\profapi.dll
0x00007ffab4440000 - 0x00007ffab448a000 	C:\Windows\System32\powrprof.dll
0x00007ffab43f0000 - 0x00007ffab4400000 	C:\Windows\System32\UMPDC.dll
0x00007ffab71f0000 - 0x00007ffab7242000 	C:\Windows\System32\shlwapi.dll
0x00007ffab5180000 - 0x00007ffab5197000 	C:\Windows\System32\cryptsp.dll
0x00007ffaa69a0000 - 0x00007ffaa69b9000 	C:\Program Files\Java\jdk-15.0.1\bin\net.dll
0x00007ffaac280000 - 0x00007ffaac370000 	C:\Windows\SYSTEM32\WINHTTP.dll
0x00007ffab3c40000 - 0x00007ffab3ca7000 	C:\Windows\system32\mswsock.dll
0x00007ffaa6980000 - 0x00007ffaa6992000 	C:\Program Files\Java\jdk-15.0.1\bin\nio.dll
0x00007ffaa6960000 - 0x00007ffaa6978000 	C:\Program Files\Java\jdk-15.0.1\bin\zip.dll
0x00007ffaabd00000 - 0x00007ffaabd10000 	C:\Program Files\Java\jdk-15.0.1\bin\verify.dll
0x00007ffa99bc0000 - 0x00007ffa99be7000 	C:\Users\Abdulla\.gradle\native\f6784746aeab05261644944871eae4fe03e0ef1612fff0a4a95f87b438bc6780\windows-amd64\native-platform.dll
0x00007ffaab880000 - 0x00007ffaab889000 	C:\Program Files\Java\jdk-15.0.1\bin\management.dll
0x00007ffaa6dc0000 - 0x00007ffaa6dcb000 	C:\Program Files\Java\jdk-15.0.1\bin\management_ext.dll
0x00007ffab37b0000 - 0x00007ffab37e3000 	C:\Windows\system32\rsaenh.dll
0x00007ffab51a0000 - 0x00007ffab51c6000 	C:\Windows\System32\bcrypt.dll
0x00007ffab42d0000 - 0x00007ffab42f5000 	C:\Windows\SYSTEM32\USERENV.dll
0x00007ffab3e10000 - 0x00007ffab3e1c000 	C:\Windows\SYSTEM32\CRYPTBASE.dll
0x00007ffab3950000 - 0x00007ffab398a000 	C:\Windows\SYSTEM32\IPHLPAPI.DLL
0x00007ffab6720000 - 0x00007ffab6728000 	C:\Windows\System32\NSI.dll
0x00007ffaac620000 - 0x00007ffaac636000 	C:\Windows\SYSTEM32\dhcpcsvc6.DLL
0x00007ffaac7d0000 - 0x00007ffaac7ec000 	C:\Windows\SYSTEM32\dhcpcsvc.DLL
0x00007ffab39a0000 - 0x00007ffab3a6b000 	C:\Windows\SYSTEM32\DNSAPI.dll
0x00007ffaacab0000 - 0x00007ffaacabb000 	C:\Windows\SYSTEM32\WINNSI.DLL

dbghelp: loaded successfully - version: 4.0.5 - missing functions: none
symbol engine: initialized successfully - sym options: 0x614 - pdb path: .;C:\Program Files\Java\jdk-15.0.1\bin;C:\Windows\SYSTEM32;C:\Windows\WinSxS\amd64_microsoft.windows.common-controls_6595b64144ccf1df_6.0.18362.1198_none_9e820b57e45ad92f;C:\Program Files\Java\jdk-15.0.1\bin\server;C:\Users\Abdulla\.gradle\native\f6784746aeab05261644944871eae4fe03e0ef1612fff0a4a95f87b438bc6780\windows-amd64

VM Arguments:
jvm_args: --add-opens=java.base/java.util=ALL-UNNAMED --add-opens=java.base/java.lang=ALL-UNNAMED --add-opens=java.base/java.lang.invoke=ALL-UNNAMED --add-opens=java.prefs/java.util.prefs=ALL-UNNAMED -Xmx1536m -Dfile.encoding=windows-1256 -Duser.country=US -Duser.language=en -Duser.variant 
java_command: org.gradle.launcher.daemon.bootstrap.GradleDaemon 6.5
java_class_path (initial): C:\Users\Abdulla\.gradle\wrapper\dists\gradle-6.5-all\2oz4ud9k3tuxjg84bbf55q0tn\gradle-6.5\lib\gradle-launcher-6.5.jar
Launcher Type: SUN_STANDARD

[Global flags]
     intx CICompilerCount                          = 2                                         {product} {ergonomic}
     uint ConcGCThreads                            = 1                                         {product} {ergonomic}
     uint G1ConcRefinementThreads                  = 2                                         {product} {ergonomic}
   size_t G1HeapRegionSize                         = 1048576                                   {product} {ergonomic}
    uintx GCDrainStackTargetSize                   = 64                                        {product} {ergonomic}
   size_t InitialHeapSize                          = 121634816                                 {product} {ergonomic}
   size_t MarkStackSize                            = 4194304                                   {product} {ergonomic}
   size_t MaxHeapSize                              = 1610612736                                {product} {command line}
   size_t MaxNewSize                               = 965738496                                 {product} {ergonomic}
   size_t MinHeapDeltaBytes                        = 1048576                                   {product} {ergonomic}
   size_t MinHeapSize                              = 8388608                                   {product} {ergonomic}
    uintx NonNMethodCodeHeapSize                   = 5826188                                {pd product} {ergonomic}
    uintx NonProfiledCodeHeapSize                  = 122916026                              {pd product} {ergonomic}
    uintx ProfiledCodeHeapSize                     = 122916026                              {pd product} {ergonomic}
    uintx ReservedCodeCacheSize                    = 251658240                              {pd product} {ergonomic}
     bool SegmentedCodeCache                       = true                                      {product} {ergonomic}
   size_t SoftMaxHeapSize                          = 1610612736                             {manageable} {ergonomic}
     bool UseCompressedClassPointers               = true                                 {lp64_product} {ergonomic}
     bool UseCompressedOops                        = true                                 {lp64_product} {ergonomic}
     bool UseG1GC                                  = true                                      {product} {ergonomic}
     bool UseLargePagesIndividualAllocation        = false                                  {pd product} {ergonomic}

Logging:
Log output configuration:
 #0: stdout all=warning uptime,level,tags
 #1: stderr all=off uptime,level,tags

Environment Variables:
JAVA_HOME=C:\Program Files\Java\jdk-15.0.1
PATH=C:\Program Files\Common Files\Oracle\Java\javapath;C:\Windows\system32;C:\Windows;C:\Windows\System32\Wbem;C:\Windows\System32\WindowsPowerShell\v1.0\;C:\Windows\System32\OpenSSH\;C:\Program Files (x86)\Microsoft SQL Server\120\DTS\Binn\;C:\Program Files (x86)\Microsoft SQL Server\Client SDK\ODBC\110\Tools\Binn\;C:\Program Files (x86)\Microsoft SQL Server\120\Tools\Binn\;C:\Program Files (x86)\Microsoft SQL Server\120\Tools\Binn\ManagementStudio\;C:\program Files\java\jdk-15.0.1\bin;C:\Users\Abdulla\AppData\Local\Microsoft\WindowsApps;
USERNAME=Abdulla
OS=Windows_NT
PROCESSOR_IDENTIFIER=AMD64 Family 21 Model 16 Stepping 1, AuthenticAMD



---------------  S Y S T E M  ---------------

OS:
 Windows 10 , 64 bit Build 18362 (10.0.18362.1110)
OS uptime: 3 days 8:25 hours

CPU: total 2 (initial active 2) (2 cores per cpu, 1 threads per core) family 21 model 16 stepping 1 microcode 0x0, cmov, cx8, fxsr, mmx, sse, sse2, sse3, ssse3, sse4.1, sse4.2, popcnt, vzeroupper, avx, aes, clmul, 3dnowpref, lzcnt, sse4a, tsc, tscinvbit, tscinv, bmi1, fma, clflush

Memory: 4k page, system-wide physical 7369M (469M free)
TotalPageFile size 7369M (AvailPageFile size 17M)
current process WorkingSet (physical memory assigned to process): 394M, peak: 394M
current process commit charge ("private bytes"): 429M, peak: 479M

vm_info: Java HotSpot(TM) 64-Bit Server VM (15.0.1+9-18) for windows-amd64 JRE (15.0.1+9-18), built on Sep 15 2020 14:43:54 by "mach5one" with unknown MS VC++:1925

END.
