#
# There is insufficient memory for the Java Runtime Environment to continue.
# Native memory allocation (malloc) failed to allocate 495792 bytes for Chunk::new
# Possible reasons:
#   The system is out of physical RAM or swap space
#   The process is running with CompressedOops enabled, and the Java Heap may be blocking the growth of the native heap
# Possible solutions:
#   Reduce memory load on the system
#   Increase physical memory or swap space
#   Check if swap backing store is full
#   Decrease Java heap size (-Xmx/-Xms)
#   Decrease number of Java threads
#   Decrease Java thread stack sizes (-Xss)
#   Set larger code cache with -XX:ReservedCodeCacheSize=
#   JVM is running with Unscaled Compressed Oops mode in which the Java heap is
#     placed in the first 4GB address space. The Java Heap base address is the
#     maximum limit for the native heap growth. Please use -XX:HeapBaseMinAddress
#     to set the Java Heap base and to place the Java Heap above 4GB virtual address.
# This output file may be truncated or incomplete.
#
#  Out of Memory Error (./open/src/hotspot/share/memory/arena.cpp:195), pid=8228, tid=1544
#
# JRE version: Java(TM) SE Runtime Environment (15.0.1+9) (build 15.0.1+9-18)
# Java VM: Java HotSpot(TM) 64-Bit Server VM (15.0.1+9-18, mixed mode, sharing, tiered, compressed oops, g1 gc, windows-amd64)
# No core dump will be written. Minidumps are not enabled by default on client versions of Windows
#

---------------  S U M M A R Y ------------

Command Line: --add-opens=java.base/java.util=ALL-UNNAMED --add-opens=java.base/java.lang=ALL-UNNAMED --add-opens=java.base/java.lang.invoke=ALL-UNNAMED --add-opens=java.prefs/java.util.prefs=ALL-UNNAMED -Xmx1536m -Dfile.encoding=windows-1256 -Duser.country=US -Duser.language=en -Duser.variant org.gradle.launcher.daemon.bootstrap.GradleDaemon 6.5

Host: AMD A4-4300M APU with Radeon(tm) HD Graphics   , 2 cores, 7G,  Windows 10 , 64 bit Build 18362 (10.0.18362.1110)
Time: Tue Dec 22 21:00:12 2020 Egypt Standard Time elapsed time: 74.839893 seconds (0d 0h 1m 14s)

---------------  T H R E A D  ---------------

Current thread (0x000002187f85b060):  JavaThread "C2 CompilerThread0" daemon [_thread_in_native, id=1544, stack(0x0000006738900000,0x0000006738a00000)]


Current CompileTask:
C2:  74842 5044       4       org.codehaus.groovy.runtime.metaclass.MetaMethodIndex::addMethodToList (298 bytes)

Stack: [0x0000006738900000,0x0000006738a00000]
Native frames: (J=compiled Java code, j=interpreted, Vv=VM code, C=native code)
V  [jvm.dll+0x62ae9a]
V  [jvm.dll+0x781389]
V  [jvm.dll+0x782ae3]
V  [jvm.dll+0x783143]
V  [jvm.dll+0x216265]
V  [jvm.dll+0x97efa]
V  [jvm.dll+0x985dc]
V  [jvm.dll+0x32e525]
V  [jvm.dll+0x2f78aa]
V  [jvm.dll+0x2f6c6a]
V  [jvm.dll+0x1ea645]
V  [jvm.dll+0x1e98ae]
V  [jvm.dll+0x1784c7]
V  [jvm.dll+0x1f9165]
V  [jvm.dll+0x1f720c]
V  [jvm.dll+0x74485d]
V  [jvm.dll+0x73d65a]
V  [jvm.dll+0x629c56]
C  [ucrtbase.dll+0x210b2]
C  [KERNEL32.DLL+0x17c24]
C  [ntdll.dll+0x6d4d1]


---------------  P R O C E S S  ---------------

Threads class SMR info:
_java_thread_list=0x0000021803bbedb0, length=128, elements={
0x0000021862c92030, 0x0000021862d5e770, 0x000002187f8423d0, 0x000002187f855fd0,
0x000002187f8599b0, 0x000002187f85a370, 0x000002187f85b060, 0x000002187f8cf1e0,
0x000002187f8d77e0, 0x000002187fa2f150, 0x000002187fa8d770, 0x000002187fdc87f0,
0x000002187f8b0650, 0x0000021800cbd9f0, 0x000002187fac3da0, 0x0000021800bbd040,
0x000002187f8caad0, 0x000002187f8cb3b0, 0x00000218011020e0, 0x00000218017ba070,
0x00000218017b96d0, 0x00000218017baa10, 0x00000218017b7ec0, 0x00000218017ba540,
0x00000218017bb3b0, 0x00000218017b9200, 0x00000218029b53b0, 0x00000218029b6220,
0x00000218029b2860, 0x00000218029b7560, 0x00000218029b6bc0, 0x00000218029b7090,
0x00000218029b7a30, 0x00000218029b5880, 0x00000218029b19f0, 0x00000218029b7f00,
0x00000218029b83d0, 0x00000218029b4a10, 0x00000218029b1ec0, 0x00000218029b2390,
0x00000218029b4070, 0x00000218029b3ba0, 0x00000218029b4ee0, 0x00000218029b4540,
0x00000218029b2d30, 0x00000218029b5d50, 0x00000218029b0b80, 0x00000218029b36d0,
0x0000021802bbef10, 0x0000021802bb93a0, 0x0000021802bbbef0, 0x0000021802bbf3e0,
0x0000021802bbe0a0, 0x0000021802bbc890, 0x0000021802bbcd60, 0x0000021802bba210,
0x0000021802bbb080, 0x0000021802bba6e0, 0x0000021802bbf8b0, 0x0000021802bbabb0,
0x0000021802bbfd80, 0x0000021802bbd230, 0x0000021802bbb550, 0x0000021802bbd700,
0x0000021802bbba20, 0x0000021802bbdbd0, 0x0000021802bbe570, 0x0000021802bc0250,
0x0000021802bc0720, 0x0000021802bbea40, 0x00000218019bf0e0, 0x00000218019bec10,
0x00000218019bb720, 0x00000218019c0dc0, 0x00000218019bbbf0, 0x00000218019be270,
0x00000218019bc0c0, 0x00000218019be740, 0x00000218019bc590, 0x00000218019bff50,
0x00000218019bfa80, 0x00000218019c0420, 0x00000218019c1290, 0x00000218019bca60,
0x00000218019bcf30, 0x00000218019bb250, 0x00000218019c1760, 0x00000218019bd400,
0x00000218019bd8d0, 0x00000218019bdda0, 0x00000218019bf5b0, 0x00000218019c08f0,
0x00000218019b9f10, 0x00000218019ba8b0, 0x00000218019bad80, 0x0000021801d354c0,
0x0000021801d34180, 0x0000021801d302f0, 0x0000021801d30c90, 0x0000021801d36330,
0x0000021801d36cd0, 0x0000021801d31160, 0x0000021801d35990, 0x0000021801d35e60,
0x0000021801d36800, 0x0000021801d307c0, 0x0000021801d2f480, 0x0000021801d31630,
0x0000021801d34ff0, 0x0000021801d2f950, 0x0000021801d31b00, 0x0000021801d2fe20,
0x0000021801d34650, 0x0000021801d31fd0, 0x0000021801d324a0, 0x0000021801d32970,
0x0000021801d32e40, 0x0000021801d33310, 0x0000021801d337e0, 0x0000021801d33cb0,
0x0000021801d34b20, 0x0000021800b03ff0, 0x0000021800b05330, 0x0000021800b074e0,
0x0000021800b044c0, 0x0000021800b07e80, 0x0000021800b03b20, 0x0000021800b04e60
}

Java Threads: ( => current thread )
  0x0000021862c92030 JavaThread "main" [_thread_blocked, id=10892, stack(0x0000006737d00000,0x0000006737e00000)]
  0x0000021862d5e770 JavaThread "Reference Handler" daemon [_thread_blocked, id=8648, stack(0x0000006738400000,0x0000006738500000)]
  0x000002187f8423d0 JavaThread "Finalizer" daemon [_thread_blocked, id=4104, stack(0x0000006738500000,0x0000006738600000)]
  0x000002187f855fd0 JavaThread "Signal Dispatcher" daemon [_thread_blocked, id=6656, stack(0x0000006738600000,0x0000006738700000)]
  0x000002187f8599b0 JavaThread "Attach Listener" daemon [_thread_blocked, id=6888, stack(0x0000006738700000,0x0000006738800000)]
  0x000002187f85a370 JavaThread "Service Thread" daemon [_thread_blocked, id=7788, stack(0x0000006738800000,0x0000006738900000)]
=>0x000002187f85b060 JavaThread "C2 CompilerThread0" daemon [_thread_in_native, id=1544, stack(0x0000006738900000,0x0000006738a00000)]
  0x000002187f8cf1e0 JavaThread "C1 CompilerThread0" daemon [_thread_blocked, id=5820, stack(0x0000006738a00000,0x0000006738b00000)]
  0x000002187f8d77e0 JavaThread "Sweeper thread" daemon [_thread_blocked, id=7636, stack(0x0000006738b00000,0x0000006738c00000)]
  0x000002187fa2f150 JavaThread "Common-Cleaner" daemon [_thread_blocked, id=2860, stack(0x0000006738c00000,0x0000006738d00000)]
  0x000002187fa8d770 JavaThread "Notification Thread" daemon [_thread_blocked, id=11604, stack(0x0000006738d00000,0x0000006738e00000)]
  0x000002187fdc87f0 JavaThread "Daemon health stats" [_thread_blocked, id=10564, stack(0x0000006739000000,0x0000006739100000)]
  0x000002187f8b0650 JavaThread "Incoming local TCP Connector on port 64280" [_thread_in_native, id=9284, stack(0x0000006739300000,0x0000006739400000)]
  0x0000021800cbd9f0 JavaThread "Daemon periodic checks" [_thread_blocked, id=496, stack(0x0000006739400000,0x0000006739500000)]
  0x000002187fac3da0 JavaThread "Daemon" [_thread_blocked, id=7728, stack(0x0000006739500000,0x0000006739600000)]
  0x0000021800bbd040 JavaThread "Handler for socket connection from /127.0.0.1:64280 to /127.0.0.1:64282" [_thread_in_native, id=9068, stack(0x0000006739600000,0x0000006739700000)]
  0x000002187f8caad0 JavaThread "Cancel handler" [_thread_blocked, id=11672, stack(0x0000006739700000,0x0000006739800000)]
  0x000002187f8cb3b0 JavaThread "Daemon worker" [_thread_in_native, id=12108, stack(0x0000006739800000,0x0000006739900000)]
  0x00000218011020e0 JavaThread "Asynchronous log dispatcher for DefaultDaemonConnection: socket connection from /127.0.0.1:64280 to /127.0.0.1:64282" [_thread_blocked, id=6564, stack(0x0000006739900000,0x0000006739a00000)]
  0x00000218017ba070 JavaThread "Stdin handler" [_thread_blocked, id=12848, stack(0x0000006739a00000,0x0000006739b00000)]
  0x00000218017b96d0 JavaThread "Thread-8" [_thread_blocked, id=268, stack(0x0000006739b00000,0x0000006739c00000)]
  0x00000218017baa10 JavaThread "Cache worker for journal cache (C:\Users\Abdulla\.gradle\caches\journal-1)" [_thread_blocked, id=2728, stack(0x0000006739c00000,0x0000006739d00000)]
  0x00000218017b7ec0 JavaThread "File lock request listener" [_thread_in_native, id=12528, stack(0x0000006739d00000,0x0000006739e00000)]
  0x00000218017ba540 JavaThread "File lock release action executor" [_thread_blocked, id=628, stack(0x0000006739e00000,0x0000006739f00000)]
  0x00000218017bb3b0 JavaThread "Cache worker for file hash cache (C:\Users\Abdulla\.gradle\caches\6.5\fileHashes)" [_thread_blocked, id=8344, stack(0x0000006739f00000,0x000000673a000000)]
  0x00000218017b9200 JavaThread "Cache worker for file hash cache (E:\Android\android course\AlFurkan\.gradle\6.5\fileHashes)" [_thread_blocked, id=5636, stack(0x000000673a000000,0x000000673a100000)]
  0x00000218029b53b0 JavaThread "jar transforms" [_thread_blocked, id=9664, stack(0x000000673a100000,0x000000673a200000)]
  0x00000218029b6220 JavaThread "jar transforms Thread 2" [_thread_blocked, id=6684, stack(0x000000673a200000,0x000000673a300000)]
  0x00000218029b2860 JavaThread "jar transforms Thread 3" [_thread_blocked, id=5144, stack(0x000000673a300000,0x000000673a400000)]
  0x00000218029b7560 JavaThread "jar transforms Thread 4" [_thread_blocked, id=9236, stack(0x000000673a400000,0x000000673a500000)]
  0x00000218029b6bc0 JavaThread "jar transforms Thread 5" [_thread_blocked, id=13308, stack(0x000000673a500000,0x000000673a600000)]
  0x00000218029b7090 JavaThread "jar transforms Thread 6" [_thread_blocked, id=9076, stack(0x000000673a600000,0x000000673a700000)]
  0x00000218029b7a30 JavaThread "jar transforms Thread 7" [_thread_blocked, id=6032, stack(0x000000673a700000,0x000000673a800000)]
  0x00000218029b5880 JavaThread "jar transforms Thread 8" [_thread_blocked, id=13056, stack(0x000000673a800000,0x000000673a900000)]
  0x00000218029b19f0 JavaThread "jar transforms Thread 9" [_thread_blocked, id=3472, stack(0x000000673a900000,0x000000673aa00000)]
  0x00000218029b7f00 JavaThread "jar transforms Thread 10" [_thread_blocked, id=1700, stack(0x000000673aa00000,0x000000673ab00000)]
  0x00000218029b83d0 JavaThread "jar transforms Thread 11" [_thread_blocked, id=2076, stack(0x000000673ab00000,0x000000673ac00000)]
  0x00000218029b4a10 JavaThread "jar transforms Thread 12" [_thread_blocked, id=10804, stack(0x000000673ac00000,0x000000673ad00000)]
  0x00000218029b1ec0 JavaThread "jar transforms Thread 13" [_thread_blocked, id=13112, stack(0x000000673ad00000,0x000000673ae00000)]
  0x00000218029b2390 JavaThread "jar transforms Thread 14" [_thread_blocked, id=11728, stack(0x000000673ae00000,0x000000673af00000)]
  0x00000218029b4070 JavaThread "jar transforms Thread 15" [_thread_blocked, id=2716, stack(0x000000673af00000,0x000000673b000000)]
  0x00000218029b3ba0 JavaThread "jar transforms Thread 16" [_thread_blocked, id=1832, stack(0x000000673b000000,0x000000673b100000)]
  0x00000218029b4ee0 JavaThread "jar transforms Thread 17" [_thread_blocked, id=10380, stack(0x000000673b100000,0x000000673b200000)]
  0x00000218029b4540 JavaThread "jar transforms Thread 18" [_thread_blocked, id=11464, stack(0x000000673b200000,0x000000673b300000)]
  0x00000218029b2d30 JavaThread "jar transforms Thread 19" [_thread_blocked, id=7692, stack(0x000000673b300000,0x000000673b400000)]
  0x00000218029b5d50 JavaThread "jar transforms Thread 20" [_thread_blocked, id=5056, stack(0x000000673b400000,0x000000673b500000)]
  0x00000218029b0b80 JavaThread "Cache worker for checksums cache (E:\Android\android course\AlFurkan\.gradle\checksums)" [_thread_blocked, id=10132, stack(0x000000673b500000,0x000000673b600000)]
  0x00000218029b36d0 JavaThread "Cache worker for cache directory md-supplier (C:\Users\Abdulla\.gradle\caches\6.5\md-supplier)" [_thread_blocked, id=8732, stack(0x000000673b600000,0x000000673b700000)]
  0x0000021802bbef10 JavaThread "Cache worker for cache directory md-rule (C:\Users\Abdulla\.gradle\caches\6.5\md-rule)" [_thread_blocked, id=3256, stack(0x000000673b700000,0x000000673b800000)]
  0x0000021802bb93a0 JavaThread "Cache worker for execution history cache (C:\Users\Abdulla\.gradle\caches\6.5\executionHistory)" [_thread_blocked, id=1548, stack(0x000000673b800000,0x000000673b900000)]
  0x0000021802bbbef0 JavaThread "Cache worker for file content cache (C:\Users\Abdulla\.gradle\caches\6.5\fileContent)" [_thread_blocked, id=4568, stack(0x000000673b900000,0x000000673ba00000)]
  0x0000021802bbf3e0 JavaThread "Cache worker for Build Output Cleanup Cache (E:\Android\android course\AlFurkan\.gradle\buildOutputCleanup)" [_thread_blocked, id=13468, stack(0x0000006737b00000,0x0000006737c00000)]
  0x0000021802bbe0a0 JavaThread "Build operations" [_thread_blocked, id=13660, stack(0x0000006737c00000,0x0000006737d00000)]
  0x0000021802bbc890 JavaThread "Build operations Thread 2" [_thread_blocked, id=13664, stack(0x000000673ba00000,0x000000673bb00000)]
  0x0000021802bbcd60 JavaThread "jar transforms Thread 21" [_thread_blocked, id=13996, stack(0x000000673bb00000,0x000000673bc00000)]
  0x0000021802bba210 JavaThread "jar transforms Thread 22" [_thread_blocked, id=14000, stack(0x000000673bc00000,0x000000673bd00000)]
  0x0000021802bbb080 JavaThread "jar transforms Thread 23" [_thread_blocked, id=14004, stack(0x000000673bd00000,0x000000673be00000)]
  0x0000021802bba6e0 JavaThread "jar transforms Thread 24" [_thread_blocked, id=14008, stack(0x000000673be00000,0x000000673bf00000)]
  0x0000021802bbf8b0 JavaThread "jar transforms Thread 25" [_thread_blocked, id=14012, stack(0x000000673bf00000,0x000000673c000000)]
  0x0000021802bbabb0 JavaThread "jar transforms Thread 26" [_thread_blocked, id=14016, stack(0x000000673c000000,0x000000673c100000)]
  0x0000021802bbfd80 JavaThread "jar transforms Thread 27" [_thread_blocked, id=14020, stack(0x000000673c100000,0x000000673c200000)]
  0x0000021802bbd230 JavaThread "jar transforms Thread 28" [_thread_blocked, id=14024, stack(0x000000673c200000,0x000000673c300000)]
  0x0000021802bbb550 JavaThread "jar transforms Thread 29" [_thread_blocked, id=14028, stack(0x000000673c300000,0x000000673c400000)]
  0x0000021802bbd700 JavaThread "jar transforms Thread 30" [_thread_blocked, id=14032, stack(0x000000673c400000,0x000000673c500000)]
  0x0000021802bbba20 JavaThread "jar transforms Thread 31" [_thread_blocked, id=14036, stack(0x000000673c500000,0x000000673c600000)]
  0x0000021802bbdbd0 JavaThread "jar transforms Thread 32" [_thread_blocked, id=14040, stack(0x000000673c600000,0x000000673c700000)]
  0x0000021802bbe570 JavaThread "jar transforms Thread 33" [_thread_blocked, id=14044, stack(0x000000673c700000,0x000000673c800000)]
  0x0000021802bc0250 JavaThread "jar transforms Thread 34" [_thread_blocked, id=14048, stack(0x000000673c800000,0x000000673c900000)]
  0x0000021802bc0720 JavaThread "jar transforms Thread 35" [_thread_blocked, id=14052, stack(0x000000673c900000,0x000000673ca00000)]
  0x0000021802bbea40 JavaThread "jar transforms Thread 36" [_thread_blocked, id=14056, stack(0x000000673ca00000,0x000000673cb00000)]
  0x00000218019bf0e0 JavaThread "jar transforms Thread 37" [_thread_blocked, id=14060, stack(0x000000673cb00000,0x000000673cc00000)]
  0x00000218019bec10 JavaThread "jar transforms Thread 38" [_thread_blocked, id=14064, stack(0x000000673cc00000,0x000000673cd00000)]
  0x00000218019bb720 JavaThread "jar transforms Thread 39" [_thread_blocked, id=14068, stack(0x000000673cd00000,0x000000673ce00000)]
  0x00000218019c0dc0 JavaThread "jar transforms Thread 40" [_thread_blocked, id=14072, stack(0x000000673ce00000,0x000000673cf00000)]
  0x00000218019bbbf0 JavaThread "jar transforms Thread 41" [_thread_blocked, id=14076, stack(0x000000673cf00000,0x000000673d000000)]
  0x00000218019be270 JavaThread "jar transforms Thread 42" [_thread_blocked, id=14080, stack(0x000000673d000000,0x000000673d100000)]
  0x00000218019bc0c0 JavaThread "jar transforms Thread 43" [_thread_blocked, id=14084, stack(0x000000673d100000,0x000000673d200000)]
  0x00000218019be740 JavaThread "jar transforms Thread 44" [_thread_blocked, id=14088, stack(0x000000673d200000,0x000000673d300000)]
  0x00000218019bc590 JavaThread "jar transforms Thread 45" [_thread_blocked, id=14092, stack(0x000000673d300000,0x000000673d400000)]
  0x00000218019bff50 JavaThread "jar transforms Thread 46" [_thread_blocked, id=14096, stack(0x000000673d400000,0x000000673d500000)]
  0x00000218019bfa80 JavaThread "jar transforms Thread 47" [_thread_blocked, id=14100, stack(0x000000673d500000,0x000000673d600000)]
  0x00000218019c0420 JavaThread "jar transforms Thread 48" [_thread_blocked, id=14104, stack(0x000000673d600000,0x000000673d700000)]
  0x00000218019c1290 JavaThread "jar transforms Thread 49" [_thread_blocked, id=14108, stack(0x000000673d700000,0x000000673d800000)]
  0x00000218019bca60 JavaThread "jar transforms Thread 50" [_thread_blocked, id=14112, stack(0x000000673d800000,0x000000673d900000)]
  0x00000218019bcf30 JavaThread "jar transforms Thread 51" [_thread_blocked, id=14116, stack(0x000000673d900000,0x000000673da00000)]
  0x00000218019bb250 JavaThread "jar transforms Thread 52" [_thread_blocked, id=14120, stack(0x000000673da00000,0x000000673db00000)]
  0x00000218019c1760 JavaThread "jar transforms Thread 53" [_thread_blocked, id=14124, stack(0x000000673db00000,0x000000673dc00000)]
  0x00000218019bd400 JavaThread "jar transforms Thread 54" [_thread_blocked, id=14128, stack(0x000000673dc00000,0x000000673dd00000)]
  0x00000218019bd8d0 JavaThread "jar transforms Thread 55" [_thread_blocked, id=14132, stack(0x000000673dd00000,0x000000673de00000)]
  0x00000218019bdda0 JavaThread "jar transforms Thread 56" [_thread_blocked, id=14136, stack(0x000000673de00000,0x000000673df00000)]
  0x00000218019bf5b0 JavaThread "jar transforms Thread 57" [_thread_blocked, id=14140, stack(0x000000673df00000,0x000000673e000000)]
  0x00000218019c08f0 JavaThread "jar transforms Thread 58" [_thread_blocked, id=14144, stack(0x000000673e000000,0x000000673e100000)]
  0x00000218019b9f10 JavaThread "jar transforms Thread 59" [_thread_blocked, id=14148, stack(0x000000673e100000,0x000000673e200000)]
  0x00000218019ba8b0 JavaThread "jar transforms Thread 60" [_thread_blocked, id=14152, stack(0x000000673e200000,0x000000673e300000)]
  0x00000218019bad80 JavaThread "jar transforms Thread 61" [_thread_blocked, id=14156, stack(0x000000673e300000,0x000000673e400000)]
  0x0000021801d354c0 JavaThread "jar transforms Thread 62" [_thread_blocked, id=14160, stack(0x000000673e400000,0x000000673e500000)]
  0x0000021801d34180 JavaThread "jar transforms Thread 63" [_thread_blocked, id=14164, stack(0x000000673e500000,0x000000673e600000)]
  0x0000021801d302f0 JavaThread "jar transforms Thread 64" [_thread_blocked, id=14168, stack(0x000000673e600000,0x000000673e700000)]
  0x0000021801d30c90 JavaThread "jar transforms Thread 65" [_thread_blocked, id=14172, stack(0x000000673e700000,0x000000673e800000)]
  0x0000021801d36330 JavaThread "jar transforms Thread 66" [_thread_blocked, id=14176, stack(0x000000673e800000,0x000000673e900000)]
  0x0000021801d36cd0 JavaThread "jar transforms Thread 67" [_thread_blocked, id=14180, stack(0x000000673e900000,0x000000673ea00000)]
  0x0000021801d31160 JavaThread "jar transforms Thread 68" [_thread_blocked, id=14184, stack(0x000000673ea00000,0x000000673eb00000)]
  0x0000021801d35990 JavaThread "jar transforms Thread 69" [_thread_blocked, id=14188, stack(0x000000673eb00000,0x000000673ec00000)]
  0x0000021801d35e60 JavaThread "jar transforms Thread 70" [_thread_blocked, id=14192, stack(0x000000673ec00000,0x000000673ed00000)]
  0x0000021801d36800 JavaThread "jar transforms Thread 71" [_thread_blocked, id=14196, stack(0x000000673ed00000,0x000000673ee00000)]
  0x0000021801d307c0 JavaThread "jar transforms Thread 72" [_thread_blocked, id=14200, stack(0x000000673ee00000,0x000000673ef00000)]
  0x0000021801d2f480 JavaThread "jar transforms Thread 73" [_thread_blocked, id=14204, stack(0x000000673ef00000,0x000000673f000000)]
  0x0000021801d31630 JavaThread "jar transforms Thread 74" [_thread_blocked, id=14208, stack(0x000000673f000000,0x000000673f100000)]
  0x0000021801d34ff0 JavaThread "jar transforms Thread 75" [_thread_blocked, id=14212, stack(0x000000673f100000,0x000000673f200000)]
  0x0000021801d2f950 JavaThread "jar transforms Thread 76" [_thread_blocked, id=14216, stack(0x000000673f200000,0x000000673f300000)]
  0x0000021801d31b00 JavaThread "jar transforms Thread 77" [_thread_blocked, id=14220, stack(0x000000673f300000,0x000000673f400000)]
  0x0000021801d2fe20 JavaThread "jar transforms Thread 78" [_thread_blocked, id=14224, stack(0x000000673f400000,0x000000673f500000)]
  0x0000021801d34650 JavaThread "jar transforms Thread 79" [_thread_blocked, id=14228, stack(0x000000673f500000,0x000000673f600000)]
  0x0000021801d31fd0 JavaThread "jar transforms Thread 80" [_thread_blocked, id=14232, stack(0x000000673f600000,0x000000673f700000)]
  0x0000021801d324a0 JavaThread "jar transforms Thread 81" [_thread_blocked, id=14236, stack(0x000000673f700000,0x000000673f800000)]
  0x0000021801d32970 JavaThread "jar transforms Thread 82" [_thread_blocked, id=14240, stack(0x000000673f800000,0x000000673f900000)]
  0x0000021801d32e40 JavaThread "jar transforms Thread 83" [_thread_blocked, id=14244, stack(0x000000673f900000,0x000000673fa00000)]
  0x0000021801d33310 JavaThread "jar transforms Thread 84" [_thread_blocked, id=14248, stack(0x000000673fa00000,0x000000673fb00000)]
  0x0000021801d337e0 JavaThread "jar transforms Thread 85" [_thread_blocked, id=14252, stack(0x000000673fb00000,0x000000673fc00000)]
  0x0000021801d33cb0 JavaThread "jar transforms Thread 86" [_thread_blocked, id=14256, stack(0x000000673fc00000,0x000000673fd00000)]
  0x0000021801d34b20 JavaThread "jar transforms Thread 87" [_thread_blocked, id=14260, stack(0x000000673fd00000,0x000000673fe00000)]
  0x0000021800b03ff0 JavaThread "jar transforms Thread 88" [_thread_blocked, id=14264, stack(0x000000673fe00000,0x000000673ff00000)]
  0x0000021800b05330 JavaThread "jar transforms Thread 89" [_thread_blocked, id=14268, stack(0x000000673ff00000,0x0000006740000000)]
  0x0000021800b074e0 JavaThread "jar transforms Thread 90" [_thread_blocked, id=14272, stack(0x0000006740000000,0x0000006740100000)]
  0x0000021800b044c0 JavaThread "jar transforms Thread 91" [_thread_blocked, id=14276, stack(0x0000006740100000,0x0000006740200000)]
  0x0000021800b07e80 JavaThread "jar transforms Thread 92" [_thread_blocked, id=14280, stack(0x0000006740200000,0x0000006740300000)]
  0x0000021800b03b20 JavaThread "jar transforms Thread 93" [_thread_blocked, id=14288, stack(0x0000006740300000,0x0000006740400000)]
  0x0000021800b04e60 JavaThread "jar transforms Thread 94" [_thread_blocked, id=14292, stack(0x0000006740400000,0x0000006740500000)]

Other Threads:
  0x0000021862d5ac90 VMThread "VM Thread" [stack: 0x0000006738300000,0x0000006738400000] [id=13228]
  0x000002187fa5d410 WatcherThread [stack: 0x0000006738e00000,0x0000006738f00000] [id=660]
  0x0000021862cc7390 GCTaskThread "GC Thread#0" [stack: 0x0000006737e00000,0x0000006737f00000] [id=1224]
  0x000002187fc42ca0 GCTaskThread "GC Thread#1" [stack: 0x0000006738f00000,0x0000006739000000] [id=8708]
  0x0000021862cd4570 ConcurrentGCThread "G1 Main Marker" [stack: 0x0000006737f00000,0x0000006738000000] [id=4236]
  0x0000021862cd6100 ConcurrentGCThread "G1 Conc#0" [stack: 0x0000006738000000,0x0000006738100000] [id=8100]
  0x0000021862d33cf0 ConcurrentGCThread "G1 Refine#0" [stack: 0x0000006738100000,0x0000006738200000] [id=13052]
  0x0000021862d34800 ConcurrentGCThread "G1 Young RemSet Sampling" [stack: 0x0000006738200000,0x0000006738300000] [id=8796]

Threads with active compile tasks:
C2 CompilerThread0    75092 5044       4       org.codehaus.groovy.runtime.metaclass.MetaMethodIndex::addMethodToList (298 bytes)

VM state: not at safepoint (normal execution)

VM Mutex/Monitor currently owned by a thread: None

Heap address: 0x00000000a0000000, size: 1536 MB, Compressed Oops mode: 32-bit
CDS archive(s) mapped at: [0x0000000800000000-0x0000000800b50000-0x0000000800b50000), size 11862016, SharedBaseAddress: 0x0000000800000000, ArchiveRelocationMode: 0.
Compressed class space mapped at: 0x0000000800b50000-0x0000000840b50000, size: 1073741824
Narrow klass base: 0x0000000800000000, Narrow klass shift: 3, Narrow klass range: 0x100000000

GC Precious Log:
 CPUs: 2 total, 2 available
 Memory: 7369M
 Large Page Support: Disabled
 NUMA Support: Disabled
 Compressed Oops: Enabled (32-bit)
 Heap Region Size: 1M
 Heap Min Capacity: 8M
 Heap Initial Capacity: 116M
 Heap Max Capacity: 1536M
 Pre-touch: Disabled
 Parallel Workers: 2
 Concurrent Workers: 1
 Concurrent Refinement Workers: 2
 Periodic GC: Disabled

Heap:
 garbage-first heap   total 106496K, used 61476K [0x00000000a0000000, 0x0000000100000000)
  region size 1024K, 19 young (19456K), 3 survivors (3072K)
 Metaspace       used 37773K, capacity 38779K, committed 38912K, reserved 1083392K
  class space    used 4986K, capacity 5253K, committed 5376K, reserved 1048576K

Heap Regions: E=young(eden), S=young(survivor), O=old, HS=humongous(starts), HC=humongous(continues), CS=collection set, F=free, OA=open archive, CA=closed archive, TAMS=top-at-mark-start (previous, next)
|   0|0x00000000a0000000, 0x00000000a0100000, 0x00000000a0100000|100%| O|  |TAMS 0x00000000a0100000, 0x00000000a0000000| Untracked 
|   1|0x00000000a0100000, 0x00000000a0200000, 0x00000000a0200000|100%| O|  |TAMS 0x00000000a0200000, 0x00000000a0100000| Untracked 
|   2|0x00000000a0200000, 0x00000000a0300000, 0x00000000a0300000|100%| O|  |TAMS 0x00000000a0300000, 0x00000000a0200000| Untracked 
|   3|0x00000000a0300000, 0x00000000a0400000, 0x00000000a0400000|100%| O|  |TAMS 0x00000000a0300000, 0x00000000a0300000| Untracked 
|   4|0x00000000a0400000, 0x00000000a0500000, 0x00000000a0500000|100%|HS|  |TAMS 0x00000000a0500000, 0x00000000a0400000| Complete 
|   5|0x00000000a0500000, 0x00000000a0600000, 0x00000000a0600000|100%|HC|  |TAMS 0x00000000a0600000, 0x00000000a0500000| Complete 
|   6|0x00000000a0600000, 0x00000000a0700000, 0x00000000a0700000|100%|HC|  |TAMS 0x00000000a0700000, 0x00000000a0600000| Complete 
|   7|0x00000000a0700000, 0x00000000a0800000, 0x00000000a0800000|100%| O|  |TAMS 0x00000000a0800000, 0x00000000a0700000| Untracked 
|   8|0x00000000a0800000, 0x00000000a0900000, 0x00000000a0900000|100%| O|  |TAMS 0x00000000a0900000, 0x00000000a0800000| Untracked 
|   9|0x00000000a0900000, 0x00000000a0a00000, 0x00000000a0a00000|100%| O|  |TAMS 0x00000000a0a00000, 0x00000000a0900000| Untracked 
|  10|0x00000000a0a00000, 0x00000000a0b00000, 0x00000000a0b00000|100%| O|  |TAMS 0x00000000a0b00000, 0x00000000a0a00000| Untracked 
|  11|0x00000000a0b00000, 0x00000000a0c00000, 0x00000000a0c00000|100%| O|  |TAMS 0x00000000a0c00000, 0x00000000a0b00000| Untracked 
|  12|0x00000000a0c00000, 0x00000000a0d00000, 0x00000000a0d00000|100%| O|  |TAMS 0x00000000a0d00000, 0x00000000a0c00000| Untracked 
|  13|0x00000000a0d00000, 0x00000000a0e00000, 0x00000000a0e00000|100%| O|  |TAMS 0x00000000a0e00000, 0x00000000a0d00000| Untracked 
|  14|0x00000000a0e00000, 0x00000000a0f00000, 0x00000000a0f00000|100%| O|  |TAMS 0x00000000a0f00000, 0x00000000a0e00000| Untracked 
|  15|0x00000000a0f00000, 0x00000000a1000000, 0x00000000a1000000|100%| O|  |TAMS 0x00000000a1000000, 0x00000000a0f00000| Untracked 
|  16|0x00000000a1000000, 0x00000000a103be00, 0x00000000a1100000| 23%| O|  |TAMS 0x00000000a103be00, 0x00000000a1000000| Untracked 
|  17|0x00000000a1100000, 0x00000000a1200000, 0x00000000a1200000|100%|HS|  |TAMS 0x00000000a1200000, 0x00000000a1100000| Complete 
|  18|0x00000000a1200000, 0x00000000a1300000, 0x00000000a1300000|100%|HC|  |TAMS 0x00000000a1300000, 0x00000000a1200000| Complete 
|  19|0x00000000a1300000, 0x00000000a1400000, 0x00000000a1400000|100%|HS|  |TAMS 0x00000000a1400000, 0x00000000a1300000| Complete 
|  20|0x00000000a1400000, 0x00000000a1500000, 0x00000000a1500000|100%|HC|  |TAMS 0x00000000a1500000, 0x00000000a1400000| Complete 
|  21|0x00000000a1500000, 0x00000000a1600000, 0x00000000a1600000|100%|HC|  |TAMS 0x00000000a1600000, 0x00000000a1500000| Complete 
|  22|0x00000000a1600000, 0x00000000a1700000, 0x00000000a1700000|100%|HS|  |TAMS 0x00000000a1700000, 0x00000000a1600000| Complete 
|  23|0x00000000a1700000, 0x00000000a1800000, 0x00000000a1800000|100%|HC|  |TAMS 0x00000000a1800000, 0x00000000a1700000| Complete 
|  24|0x00000000a1800000, 0x00000000a1900000, 0x00000000a1900000|100%|HC|  |TAMS 0x00000000a1900000, 0x00000000a1800000| Complete 
|  25|0x00000000a1900000, 0x00000000a1a00000, 0x00000000a1a00000|100%|HC|  |TAMS 0x00000000a1a00000, 0x00000000a1900000| Complete 
|  26|0x00000000a1a00000, 0x00000000a1b00000, 0x00000000a1b00000|100%| O|  |TAMS 0x00000000a1a00000, 0x00000000a1a00000| Untracked 
|  27|0x00000000a1b00000, 0x00000000a1c00000, 0x00000000a1c00000|100%| O|  |TAMS 0x00000000a1b00000, 0x00000000a1b00000| Untracked 
|  28|0x00000000a1c00000, 0x00000000a1d00000, 0x00000000a1d00000|100%| O|  |TAMS 0x00000000a1d00000, 0x00000000a1c00000| Untracked 
|  29|0x00000000a1d00000, 0x00000000a1e00000, 0x00000000a1e00000|100%| O|  |TAMS 0x00000000a1d8a600, 0x00000000a1d00000| Untracked 
|  30|0x00000000a1e00000, 0x00000000a1f00000, 0x00000000a1f00000|100%|HS|  |TAMS 0x00000000a1f00000, 0x00000000a1e00000| Complete 
|  31|0x00000000a1f00000, 0x00000000a2000000, 0x00000000a2000000|100%|HC|  |TAMS 0x00000000a2000000, 0x00000000a1f00000| Complete 
|  32|0x00000000a2000000, 0x00000000a2100000, 0x00000000a2100000|100%|HC|  |TAMS 0x00000000a2100000, 0x00000000a2000000| Complete 
|  33|0x00000000a2100000, 0x00000000a2200000, 0x00000000a2200000|100%|HC|  |TAMS 0x00000000a2200000, 0x00000000a2100000| Complete 
|  34|0x00000000a2200000, 0x00000000a2300000, 0x00000000a2300000|100%| O|  |TAMS 0x00000000a2200000, 0x00000000a2200000| Untracked 
|  35|0x00000000a2300000, 0x00000000a2400000, 0x00000000a2400000|100%| O|  |TAMS 0x00000000a2300000, 0x00000000a2300000| Untracked 
|  36|0x00000000a2400000, 0x00000000a2500000, 0x00000000a2500000|100%| O|  |TAMS 0x00000000a2400000, 0x00000000a2400000| Untracked 
|  37|0x00000000a2500000, 0x00000000a2600000, 0x00000000a2600000|100%| O|  |TAMS 0x00000000a2500000, 0x00000000a2500000| Untracked 
|  38|0x00000000a2600000, 0x00000000a2700000, 0x00000000a2700000|100%| O|  |TAMS 0x00000000a2600000, 0x00000000a2600000| Untracked 
|  39|0x00000000a2700000, 0x00000000a27f9e00, 0x00000000a2800000| 97%| O|  |TAMS 0x00000000a2700000, 0x00000000a2700000| Untracked 
|  40|0x00000000a2800000, 0x00000000a2900000, 0x00000000a2900000|100%|HS|  |TAMS 0x00000000a2800000, 0x00000000a2800000| Complete 
|  41|0x00000000a2900000, 0x00000000a2900000, 0x00000000a2a00000|  0%| F|  |TAMS 0x00000000a2900000, 0x00000000a2900000| Untracked 
|  42|0x00000000a2a00000, 0x00000000a2a00000, 0x00000000a2b00000|  0%| F|  |TAMS 0x00000000a2a00000, 0x00000000a2a00000| Untracked 
|  43|0x00000000a2b00000, 0x00000000a2b00000, 0x00000000a2c00000|  0%| F|  |TAMS 0x00000000a2b00000, 0x00000000a2b00000| Untracked 
|  44|0x00000000a2c00000, 0x00000000a2d00000, 0x00000000a2d00000|100%| O|  |TAMS 0x00000000a2c00000, 0x00000000a2c00000| Untracked 
|  45|0x00000000a2d00000, 0x00000000a2e00000, 0x00000000a2e00000|100%| O|  |TAMS 0x00000000a2d00000, 0x00000000a2d00000| Untracked 
|  46|0x00000000a2e00000, 0x00000000a2f00000, 0x00000000a2f00000|100%| O|  |TAMS 0x00000000a2e00000, 0x00000000a2e00000| Untracked 
|  47|0x00000000a2f00000, 0x00000000a2f00000, 0x00000000a3000000|  0%| F|  |TAMS 0x00000000a2f00000, 0x00000000a2f00000| Untracked 
|  48|0x00000000a3000000, 0x00000000a3000000, 0x00000000a3100000|  0%| F|  |TAMS 0x00000000a3000000, 0x00000000a3000000| Untracked 
|  49|0x00000000a3100000, 0x00000000a3100000, 0x00000000a3200000|  0%| F|  |TAMS 0x00000000a3100000, 0x00000000a3100000| Untracked 
|  50|0x00000000a3200000, 0x00000000a3200000, 0x00000000a3300000|  0%| F|  |TAMS 0x00000000a3200000, 0x00000000a3200000| Untracked 
|  51|0x00000000a3300000, 0x00000000a3300000, 0x00000000a3400000|  0%| F|  |TAMS 0x00000000a3300000, 0x00000000a3300000| Untracked 
|  52|0x00000000a3400000, 0x00000000a3400000, 0x00000000a3500000|  0%| F|  |TAMS 0x00000000a3400000, 0x00000000a3400000| Untracked 
|  53|0x00000000a3500000, 0x00000000a3500000, 0x00000000a3600000|  0%| F|  |TAMS 0x00000000a3500000, 0x00000000a3500000| Untracked 
|  54|0x00000000a3600000, 0x00000000a3600000, 0x00000000a3700000|  0%| F|  |TAMS 0x00000000a3600000, 0x00000000a3600000| Untracked 
|  55|0x00000000a3700000, 0x00000000a3700000, 0x00000000a3800000|  0%| F|  |TAMS 0x00000000a3700000, 0x00000000a3700000| Untracked 
|  56|0x00000000a3800000, 0x00000000a3800000, 0x00000000a3900000|  0%| F|  |TAMS 0x00000000a3800000, 0x00000000a3800000| Untracked 
|  57|0x00000000a3900000, 0x00000000a3900000, 0x00000000a3a00000|  0%| F|  |TAMS 0x00000000a3900000, 0x00000000a3900000| Untracked 
|  58|0x00000000a3a00000, 0x00000000a3a00000, 0x00000000a3b00000|  0%| F|  |TAMS 0x00000000a3a00000, 0x00000000a3a00000| Untracked 
|  59|0x00000000a3b00000, 0x00000000a3b00000, 0x00000000a3c00000|  0%| F|  |TAMS 0x00000000a3b00000, 0x00000000a3b00000| Untracked 
|  60|0x00000000a3c00000, 0x00000000a3c00000, 0x00000000a3d00000|  0%| F|  |TAMS 0x00000000a3c00000, 0x00000000a3c00000| Untracked 
|  61|0x00000000a3d00000, 0x00000000a3dd3570, 0x00000000a3e00000| 82%| S|CS|TAMS 0x00000000a3d00000, 0x00000000a3d00000| Complete 
|  62|0x00000000a3e00000, 0x00000000a3f00000, 0x00000000a3f00000|100%| S|CS|TAMS 0x00000000a3e00000, 0x00000000a3e00000| Complete 
|  63|0x00000000a3f00000, 0x00000000a4000000, 0x00000000a4000000|100%| S|CS|TAMS 0x00000000a3f00000, 0x00000000a3f00000| Complete 
|  64|0x00000000a4000000, 0x00000000a4000000, 0x00000000a4100000|  0%| F|  |TAMS 0x00000000a4000000, 0x00000000a4000000| Untracked 
|  65|0x00000000a4100000, 0x00000000a4100000, 0x00000000a4200000|  0%| F|  |TAMS 0x00000000a4100000, 0x00000000a4100000| Untracked 
|  66|0x00000000a4200000, 0x00000000a4200000, 0x00000000a4300000|  0%| F|  |TAMS 0x00000000a4200000, 0x00000000a4200000| Untracked 
|  67|0x00000000a4300000, 0x00000000a4300000, 0x00000000a4400000|  0%| F|  |TAMS 0x00000000a4300000, 0x00000000a4300000| Untracked 
|  68|0x00000000a4400000, 0x00000000a4400000, 0x00000000a4500000|  0%| F|  |TAMS 0x00000000a4400000, 0x00000000a4400000| Untracked 
|  69|0x00000000a4500000, 0x00000000a4500000, 0x00000000a4600000|  0%| F|  |TAMS 0x00000000a4500000, 0x00000000a4500000| Untracked 
|  70|0x00000000a4600000, 0x00000000a4600000, 0x00000000a4700000|  0%| F|  |TAMS 0x00000000a4600000, 0x00000000a4600000| Untracked 
|  71|0x00000000a4700000, 0x00000000a4700000, 0x00000000a4800000|  0%| F|  |TAMS 0x00000000a4700000, 0x00000000a4700000| Untracked 
|  72|0x00000000a4800000, 0x00000000a4800000, 0x00000000a4900000|  0%| F|  |TAMS 0x00000000a4800000, 0x00000000a4800000| Untracked 
|  73|0x00000000a4900000, 0x00000000a4900000, 0x00000000a4a00000|  0%| F|  |TAMS 0x00000000a4900000, 0x00000000a4900000| Untracked 
|  74|0x00000000a4a00000, 0x00000000a4a00000, 0x00000000a4b00000|  0%| F|  |TAMS 0x00000000a4a00000, 0x00000000a4a00000| Untracked 
|  75|0x00000000a4b00000, 0x00000000a4b00000, 0x00000000a4c00000|  0%| F|  |TAMS 0x00000000a4b00000, 0x00000000a4b00000| Untracked 
|  76|0x00000000a4c00000, 0x00000000a4c00000, 0x00000000a4d00000|  0%| F|  |TAMS 0x00000000a4c00000, 0x00000000a4c00000| Untracked 
|  77|0x00000000a4d00000, 0x00000000a4d00000, 0x00000000a4e00000|  0%| F|  |TAMS 0x00000000a4d00000, 0x00000000a4d00000| Untracked 
|  78|0x00000000a4e00000, 0x00000000a4e00000, 0x00000000a4f00000|  0%| F|  |TAMS 0x00000000a4e00000, 0x00000000a4e00000| Untracked 
|  79|0x00000000a4f00000, 0x00000000a4f00000, 0x00000000a5000000|  0%| F|  |TAMS 0x00000000a4f00000, 0x00000000a4f00000| Untracked 
|  80|0x00000000a5000000, 0x00000000a5000000, 0x00000000a5100000|  0%| F|  |TAMS 0x00000000a5000000, 0x00000000a5000000| Untracked 
|  81|0x00000000a5100000, 0x00000000a5100000, 0x00000000a5200000|  0%| F|  |TAMS 0x00000000a5100000, 0x00000000a5100000| Untracked 
|  82|0x00000000a5200000, 0x00000000a5200000, 0x00000000a5300000|  0%| F|  |TAMS 0x00000000a5200000, 0x00000000a5200000| Untracked 
|  83|0x00000000a5300000, 0x00000000a5300000, 0x00000000a5400000|  0%| F|  |TAMS 0x00000000a5300000, 0x00000000a5300000| Untracked 
|  84|0x00000000a5400000, 0x00000000a5400000, 0x00000000a5500000|  0%| F|  |TAMS 0x00000000a5400000, 0x00000000a5400000| Untracked 
|  85|0x00000000a5500000, 0x00000000a5500000, 0x00000000a5600000|  0%| F|  |TAMS 0x00000000a5500000, 0x00000000a5500000| Untracked 
|  86|0x00000000a5600000, 0x00000000a5600000, 0x00000000a5700000|  0%| F|  |TAMS 0x00000000a5600000, 0x00000000a5600000| Untracked 
|  87|0x00000000a5700000, 0x00000000a5700000, 0x00000000a5800000|  0%| F|  |TAMS 0x00000000a5700000, 0x00000000a5700000| Untracked 
|  88|0x00000000a5800000, 0x00000000a5900000, 0x00000000a5900000|100%| E|  |TAMS 0x00000000a5800000, 0x00000000a5800000| Complete 
|  89|0x00000000a5900000, 0x00000000a5a00000, 0x00000000a5a00000|100%| E|  |TAMS 0x00000000a5900000, 0x00000000a5900000| Complete 
|  90|0x00000000a5a00000, 0x00000000a5b00000, 0x00000000a5b00000|100%| E|CS|TAMS 0x00000000a5a00000, 0x00000000a5a00000| Complete 
|  91|0x00000000a5b00000, 0x00000000a5c00000, 0x00000000a5c00000|100%| E|CS|TAMS 0x00000000a5b00000, 0x00000000a5b00000| Complete 
|  92|0x00000000a5c00000, 0x00000000a5d00000, 0x00000000a5d00000|100%| E|CS|TAMS 0x00000000a5c00000, 0x00000000a5c00000| Complete 
|  93|0x00000000a5d00000, 0x00000000a5e00000, 0x00000000a5e00000|100%| E|CS|TAMS 0x00000000a5d00000, 0x00000000a5d00000| Complete 
|  94|0x00000000a5e00000, 0x00000000a5f00000, 0x00000000a5f00000|100%| E|CS|TAMS 0x00000000a5e00000, 0x00000000a5e00000| Complete 
|  95|0x00000000a5f00000, 0x00000000a6000000, 0x00000000a6000000|100%| E|CS|TAMS 0x00000000a5f00000, 0x00000000a5f00000| Complete 
|  96|0x00000000a6000000, 0x00000000a6100000, 0x00000000a6100000|100%| E|CS|TAMS 0x00000000a6000000, 0x00000000a6000000| Complete 
|  97|0x00000000a6100000, 0x00000000a6200000, 0x00000000a6200000|100%| E|CS|TAMS 0x00000000a6100000, 0x00000000a6100000| Complete 
|  98|0x00000000a6200000, 0x00000000a6300000, 0x00000000a6300000|100%| E|CS|TAMS 0x00000000a6200000, 0x00000000a6200000| Complete 
|  99|0x00000000a6300000, 0x00000000a6400000, 0x00000000a6400000|100%| E|CS|TAMS 0x00000000a6300000, 0x00000000a6300000| Complete 
| 100|0x00000000a6400000, 0x00000000a6500000, 0x00000000a6500000|100%| E|CS|TAMS 0x00000000a6400000, 0x00000000a6400000| Complete 
| 101|0x00000000a6500000, 0x00000000a6600000, 0x00000000a6600000|100%| E|CS|TAMS 0x00000000a6500000, 0x00000000a6500000| Complete 
| 102|0x00000000a6600000, 0x00000000a6700000, 0x00000000a6700000|100%| E|CS|TAMS 0x00000000a6600000, 0x00000000a6600000| Complete 
| 115|0x00000000a7300000, 0x00000000a7400000, 0x00000000a7400000|100%| E|CS|TAMS 0x00000000a7300000, 0x00000000a7300000| Complete 

Card table byte_map: [0x0000021879ec0000,0x000002187a1c0000] _byte_map_base: 0x00000218799c0000

Marking Bits (Prev, Next): (CMBitMap*) 0x0000021862cc7b10, (CMBitMap*) 0x0000021862cc7b50
 Prev Bits: [0x000002187a4c0000, 0x000002187bcc0000)
 Next Bits: [0x000002187bcc0000, 0x000002187d4c0000)

Polling page: 0x0000021862460000

Metaspace:

Usage:
  Non-class:     32.74 MB capacity,    32.02 MB ( 98%) used,   680.24 KB (  2%) free+waste,    59.13 KB ( <1%) overhead. 
      Class:      5.13 MB capacity,     4.87 MB ( 95%) used,   241.02 KB (  5%) free+waste,    25.50 KB ( <1%) overhead. 
       Both:     37.87 MB capacity,    36.89 MB ( 97%) used,   921.26 KB (  2%) free+waste,    84.63 KB ( <1%) overhead. 

Virtual space:
  Non-class space:       34.00 MB reserved,      32.75 MB ( 96%) committed 
      Class space:        1.00 GB reserved,       5.25 MB ( <1%) committed 
             Both:        1.03 GB reserved,      38.00 MB (  4%) committed 

Chunk freelists:
   Non-Class:  10.00 KB
       Class:  1.00 KB
        Both:  11.00 KB

MaxMetaspaceSize: 17179869184.00 GB
CompressedClassSpaceSize: 1.00 GB

CodeHeap 'non-profiled nmethods': size=120064Kb used=2743Kb max_used=2743Kb free=117320Kb
 bounds [0x0000021872980000, 0x0000021872c30000, 0x0000021879ec0000]
CodeHeap 'profiled nmethods': size=120000Kb used=10083Kb max_used=10083Kb free=109916Kb
 bounds [0x000002186b450000, 0x000002186be30000, 0x0000021872980000]
CodeHeap 'non-nmethods': size=5696Kb used=2314Kb max_used=2354Kb free=3381Kb
 bounds [0x000002186aec0000, 0x000002186b130000, 0x000002186b450000]
 total_blobs=5817 nmethods=5028 adapters=701
 compilation: enabled
              stopped_count=0, restarted_count=0
 full_count=0

Compilation events (20 events):
Event: 74.632 Thread 0x000002187f8cf1e0 nmethod 5037 0x000002186be23590 code [0x000002186be239c0, 0x000002186be26128]
Event: 74.632 Thread 0x000002187f8cf1e0 5038       3       com.google.common.cache.LocalCache$Segment::initTable (51 bytes)
Event: 74.633 Thread 0x000002187f8cf1e0 nmethod 5038 0x000002186be26b90 code [0x000002186be26d40, 0x000002186be270b8]
Event: 74.633 Thread 0x000002187f8cf1e0 5039       3       org.gradle.cache.internal.filelock.DefaultLockStateSerializer$SequenceNumberLockState::isInInitialState (15 bytes)
Event: 74.633 Thread 0x000002187f8cf1e0 nmethod 5039 0x000002186be27210 code [0x000002186be273a0, 0x000002186be27518]
Event: 74.701 Thread 0x000002187f8cf1e0 5040       3       java.util.Arrays::fill (23 bytes)
Event: 74.701 Thread 0x000002187f8cf1e0 nmethod 5040 0x000002186be27590 code [0x000002186be27720, 0x000002186be278b8]
Event: 74.702 Thread 0x000002187f8cf1e0 5041       3       com.google.common.collect.LinkedHashMultimap$ValueEntry::<init> (18 bytes)
Event: 74.702 Thread 0x000002187f8cf1e0 nmethod 5041 0x000002186be27990 code [0x000002186be27b40, 0x000002186be27e78]
Event: 74.702 Thread 0x000002187f85b060 5042       4       java.lang.ClassLoader::checkPackageAccess (102 bytes)
Event: 74.704 Thread 0x000002187f85b060 nmethod 5042 0x0000021872c2d910 code [0x0000021872c2da80, 0x0000021872c2db18]
Event: 74.709 Thread 0x000002187f8cf1e0 5043       1       com.google.common.collect.ImmutableEntry::getValue (5 bytes)
Event: 74.709 Thread 0x000002187f8cf1e0 nmethod 5043 0x0000021872c2dc10 code [0x0000021872c2dda0, 0x0000021872c2de58]
Event: 74.711 Thread 0x000002187f85b060 5044       4       org.codehaus.groovy.runtime.metaclass.MetaMethodIndex::addMethodToList (298 bytes)
Event: 74.731 Thread 0x000002187f8cf1e0 5046       3       org.gradle.internal.operations.DefaultBuildOperationExecutor::getCurrentBuildOperation (11 bytes)
Event: 74.732 Thread 0x000002187f8cf1e0 nmethod 5046 0x000002186be27f90 code [0x000002186be28160, 0x000002186be285a8]
Event: 74.753 Thread 0x000002187f8cf1e0 5047       3       groovy.lang.GroovySystem::getMetaClassRegistry (4 bytes)
Event: 74.753 Thread 0x000002187f8cf1e0 nmethod 5047 0x000002186be28710 code [0x000002186be288a0, 0x000002186be28998]
Event: 74.769 Thread 0x000002187f8cf1e0 5048       3       org.codehaus.groovy.util.FastArray::get (7 bytes)
Event: 74.769 Thread 0x000002187f8cf1e0 nmethod 5048 0x000002186be28a10 code [0x000002186be28ba0, 0x000002186be28cd8]

GC Heap History (18 events):
Event: 1.526 GC heap before
{Heap before GC invocations=0 (full 0):
 garbage-first heap   total 118784K, used 6144K [0x00000000a0000000, 0x0000000100000000)
  region size 1024K, 6 young (6144K), 0 survivors (0K)
 Metaspace       used 750K, capacity 4737K, committed 4864K, reserved 1056768K
  class space    used 66K, capacity 427K, committed 512K, reserved 1048576K
}
Event: 1.632 GC heap after
{Heap after GC invocations=1 (full 0):
 garbage-first heap   total 118784K, used 1340K [0x00000000a0000000, 0x0000000100000000)
  region size 1024K, 1 young (1024K), 1 survivors (1024K)
 Metaspace       used 750K, capacity 4737K, committed 4864K, reserved 1056768K
  class space    used 66K, capacity 427K, committed 512K, reserved 1048576K
}
Event: 4.188 GC heap before
{Heap before GC invocations=1 (full 0):
 garbage-first heap   total 118784K, used 12604K [0x00000000a0000000, 0x0000000100000000)
  region size 1024K, 7 young (7168K), 1 survivors (1024K)
 Metaspace       used 1581K, capacity 5081K, committed 5120K, reserved 1056768K
  class space    used 151K, capacity 499K, committed 512K, reserved 1048576K
}
Event: 4.204 GC heap after
{Heap after GC invocations=2 (full 0):
 garbage-first heap   total 118784K, used 7835K [0x00000000a0000000, 0x0000000100000000)
  region size 1024K, 1 young (1024K), 1 survivors (1024K)
 Metaspace       used 1581K, capacity 5081K, committed 5120K, reserved 1056768K
  class space    used 151K, capacity 499K, committed 512K, reserved 1048576K
}
Event: 6.219 GC heap before
{Heap before GC invocations=2 (full 0):
 garbage-first heap   total 118784K, used 16027K [0x00000000a0000000, 0x0000000100000000)
  region size 1024K, 9 young (9216K), 1 survivors (1024K)
 Metaspace       used 3464K, capacity 6306K, committed 6400K, reserved 1056768K
  class space    used 428K, capacity 694K, committed 768K, reserved 1048576K
}
Event: 6.224 GC heap after
{Heap after GC invocations=3 (full 0):
 garbage-first heap   total 118784K, used 8520K [0x00000000a0000000, 0x0000000100000000)
  region size 1024K, 2 young (2048K), 2 survivors (2048K)
 Metaspace       used 3464K, capacity 6306K, committed 6400K, reserved 1056768K
  class space    used 428K, capacity 694K, committed 768K, reserved 1048576K
}
Event: 20.891 GC heap before
{Heap before GC invocations=3 (full 0):
 garbage-first heap   total 118784K, used 62792K [0x00000000a0000000, 0x0000000100000000)
  region size 1024K, 56 young (57344K), 2 survivors (2048K)
 Metaspace       used 10384K, capacity 10716K, committed 10752K, reserved 1058816K
  class space    used 1424K, capacity 1536K, committed 1536K, reserved 1048576K
}
Event: 20.919 GC heap after
{Heap after GC invocations=4 (full 0):
 garbage-first heap   total 118784K, used 15664K [0x00000000a0000000, 0x0000000100000000)
  region size 1024K, 7 young (7168K), 7 survivors (7168K)
 Metaspace       used 10384K, capacity 10716K, committed 10752K, reserved 1058816K
  class space    used 1424K, capacity 1536K, committed 1536K, reserved 1048576K
}
Event: 25.980 GC heap before
{Heap before GC invocations=4 (full 0):
 garbage-first heap   total 118784K, used 45360K [0x00000000a0000000, 0x0000000100000000)
  region size 1024K, 36 young (36864K), 7 survivors (7168K)
 Metaspace       used 16436K, capacity 16897K, committed 17024K, reserved 1064960K
  class space    used 2219K, capacity 2362K, committed 2432K, reserved 1048576K
}
Event: 26.004 GC heap after
{Heap after GC invocations=5 (full 0):
 garbage-first heap   total 118784K, used 17553K [0x00000000a0000000, 0x0000000100000000)
  region size 1024K, 2 young (2048K), 2 survivors (2048K)
 Metaspace       used 16436K, capacity 16897K, committed 17024K, reserved 1064960K
  class space    used 2219K, capacity 2362K, committed 2432K, reserved 1048576K
}
Event: 32.456 GC heap before
{Heap before GC invocations=5 (full 0):
 garbage-first heap   total 118784K, used 59537K [0x00000000a0000000, 0x0000000100000000)
  region size 1024K, 35 young (35840K), 2 survivors (2048K)
 Metaspace       used 20533K, capacity 21113K, committed 21248K, reserved 1067008K
  class space    used 2861K, capacity 3044K, committed 3072K, reserved 1048576K
}
Event: 32.506 GC heap after
{Heap after GC invocations=6 (full 0):
 garbage-first heap   total 118784K, used 29935K [0x00000000a0000000, 0x0000000100000000)
  region size 1024K, 5 young (5120K), 5 survivors (5120K)
 Metaspace       used 20533K, capacity 21113K, committed 21248K, reserved 1067008K
  class space    used 2861K, capacity 3044K, committed 3072K, reserved 1048576K
}
Event: 46.665 GC heap before
{Heap before GC invocations=7 (full 0):
 garbage-first heap   total 106496K, used 88303K [0x00000000a0000000, 0x0000000100000000)
  region size 1024K, 60 young (61440K), 5 survivors (5120K)
 Metaspace       used 31591K, capacity 32217K, committed 32384K, reserved 1077248K
  class space    used 4157K, capacity 4365K, committed 4480K, reserved 1048576K
}
Event: 46.715 GC heap after
{Heap after GC invocations=8 (full 0):
 garbage-first heap   total 106496K, used 34585K [0x00000000a0000000, 0x0000000100000000)
  region size 1024K, 8 young (8192K), 8 survivors (8192K)
 Metaspace       used 31591K, capacity 32217K, committed 32384K, reserved 1077248K
  class space    used 4157K, capacity 4365K, committed 4480K, reserved 1048576K
}
Event: 60.952 GC heap before
{Heap before GC invocations=8 (full 0):
 garbage-first heap   total 106496K, used 70425K [0x00000000a0000000, 0x0000000100000000)
  region size 1024K, 41 young (41984K), 8 survivors (8192K)
 Metaspace       used 34703K, capacity 35549K, committed 35628K, reserved 1081344K
  class space    used 4575K, capacity 4825K, committed 4864K, reserved 1048576K
}
Event: 60.998 GC heap after
{Heap after GC invocations=9 (full 0):
 garbage-first heap   total 106496K, used 43270K [0x00000000a0000000, 0x0000000100000000)
  region size 1024K, 5 young (5120K), 5 survivors (5120K)
 Metaspace       used 34703K, capacity 35549K, committed 35628K, reserved 1081344K
  class space    used 4575K, capacity 4825K, committed 4864K, reserved 1048576K
}
Event: 70.648 GC heap before
{Heap before GC invocations=10 (full 0):
 garbage-first heap   total 106496K, used 79110K [0x00000000a0000000, 0x0000000100000000)
  region size 1024K, 40 young (40960K), 5 survivors (5120K)
 Metaspace       used 37513K, capacity 38469K, committed 38528K, reserved 1083392K
  class space    used 4974K, capacity 5215K, committed 5248K, reserved 1048576K
}
Event: 70.671 GC heap after
{Heap after GC invocations=11 (full 0):
 garbage-first heap   total 106496K, used 46116K [0x00000000a0000000, 0x0000000100000000)
  region size 1024K, 3 young (3072K), 3 survivors (3072K)
 Metaspace       used 37513K, capacity 38469K, committed 38528K, reserved 1083392K
  class space    used 4974K, capacity 5215K, committed 5248K, reserved 1048576K
}

Deoptimization events (20 events):
Event: 70.710 Thread 0x0000021802bbe0a0 Uncommon trap: trap_request=0xffffff45 fr.pc=0x0000021872c09e00 relative=0x0000000000000b00
Event: 70.710 Thread 0x0000021802bbe0a0 Uncommon trap: reason=unstable_if action=reinterpret pc=0x0000021872c09e00 method=com.esotericsoftware.kryo.io.Input.readUtf8Length(I)I @ 9 c2
Event: 70.710 Thread 0x0000021802bbe0a0 DEOPT PACKING pc=0x0000021872c09e00 sp=0x0000006737cfd1b0
Event: 70.710 Thread 0x0000021802bbe0a0 DEOPT UNPACKING pc=0x000002186af0e12f sp=0x0000006737cfd108 mode 2
Event: 70.750 Thread 0x0000021802bbe0a0 Uncommon trap: trap_request=0xffffff45 fr.pc=0x0000021872bba75c relative=0x000000000000015c
Event: 70.750 Thread 0x0000021802bbe0a0 Uncommon trap: reason=unstable_if action=reinterpret pc=0x0000021872bba75c method=java.util.concurrent.locks.ReentrantLock$NonfairSync.initialTryLock()Z @ 25 c2
Event: 70.750 Thread 0x0000021802bbe0a0 DEOPT PACKING pc=0x0000021872bba75c sp=0x0000006737cfd880
Event: 70.750 Thread 0x0000021802bbe0a0 DEOPT UNPACKING pc=0x000002186af0e12f sp=0x0000006737cfd820 mode 2
Event: 73.443 Thread 0x00000218017bb3b0 DEOPT PACKING pc=0x000002186bc47445 sp=0x0000006739ffe320
Event: 73.443 Thread 0x00000218017bb3b0 DEOPT UNPACKING pc=0x000002186af0df3f sp=0x0000006739ffd7e0 mode 0
Event: 73.685 Thread 0x0000021801d34ff0 DEOPT PACKING pc=0x000002186bb99367 sp=0x000000673f1fe780
Event: 73.685 Thread 0x0000021801d34ff0 DEOPT UNPACKING pc=0x000002186af0df3f sp=0x000000673f1fdd18 mode 0
Event: 73.909 Thread 0x000002187f8cb3b0 DEOPT PACKING pc=0x000002186be1054c sp=0x00000067398fa7a0
Event: 73.909 Thread 0x000002187f8cb3b0 DEOPT UNPACKING pc=0x000002186af0df3f sp=0x00000067398f9cd0 mode 0
Event: 73.911 Thread 0x000002187f8cb3b0 DEOPT PACKING pc=0x000002186be11ad9 sp=0x00000067398fa710
Event: 73.911 Thread 0x000002187f8cb3b0 DEOPT UNPACKING pc=0x000002186af0df3f sp=0x00000067398f9c08 mode 0
Event: 74.731 Thread 0x000002187f8cb3b0 Uncommon trap: trap_request=0xffffffc6 fr.pc=0x0000021872af3464 relative=0x0000000000003b64
Event: 74.731 Thread 0x000002187f8cb3b0 Uncommon trap: reason=bimorphic_or_optimized_type_check action=maybe_recompile pc=0x0000021872af3464 method=java.util.AbstractCollection.addAll(Ljava/util/Collection;)Z @ 29 c2
Event: 74.731 Thread 0x000002187f8cb3b0 DEOPT PACKING pc=0x0000021872af3464 sp=0x00000067398fa050
Event: 74.731 Thread 0x000002187f8cb3b0 DEOPT UNPACKING pc=0x000002186af0e12f sp=0x00000067398fa030 mode 2

Classes unloaded (0 events):
No events

Classes redefined (0 events):
No events

Internal exceptions (20 events):
Event: 64.791 Thread 0x000002187f8cb3b0 Exception <a 'java/lang/ClassNotFoundException'{0x00000000a5bf6518}: org/gradle/api/internal/artifacts/dsl/DefaultRepositoryHandler_DecoratedBeanInfo> (0x00000000a5bf6518) 
thrown [./open/src/hotspot/share/classfile/systemDictionary.cpp, line 295]
Event: 64.793 Thread 0x000002187f8cb3b0 Exception <a 'java/lang/ClassNotFoundException'{0x00000000a5a06e48}: org/gradle/api/internal/artifacts/dsl/DefaultRepositoryHandlerBeanInfo> (0x00000000a5a06e48) 
thrown [./open/src/hotspot/share/classfile/systemDictionary.cpp, line 295]
Event: 64.794 Thread 0x000002187f8cb3b0 Exception <a 'java/lang/ClassNotFoundException'{0x00000000a5a17d90}: org/gradle/api/internal/artifacts/DefaultArtifactRepositoryContainerBeanInfo> (0x00000000a5a17d90) 
thrown [./open/src/hotspot/share/classfile/systemDictionary.cpp, line 295]
Event: 64.795 Thread 0x000002187f8cb3b0 Exception <a 'java/lang/ClassNotFoundException'{0x00000000a5a27888}: org/gradle/api/internal/DefaultNamedDomainObjectListBeanInfo> (0x00000000a5a27888) 
thrown [./open/src/hotspot/share/classfile/systemDictionary.cpp, line 295]
Event: 64.796 Thread 0x000002187f8cb3b0 Exception <a 'java/lang/ClassNotFoundException'{0x00000000a5a376a8}: org/gradle/api/internal/DefaultNamedDomainObjectCollectionBeanInfo> (0x00000000a5a376a8) 
thrown [./open/src/hotspot/share/classfile/systemDictionary.cpp, line 295]
Event: 64.799 Thread 0x000002187f8cb3b0 Exception <a 'java/lang/ClassNotFoundException'{0x00000000a5a476f0}: org/gradle/api/internal/DefaultDomainObjectCollectionBeanInfo> (0x00000000a5a476f0) 
thrown [./open/src/hotspot/share/classfile/systemDictionary.cpp, line 295]
Event: 64.800 Thread 0x000002187f8cb3b0 Exception <a 'java/lang/ClassNotFoundException'{0x00000000a5a57730}: org/gradle/api/internal/DefaultDomainObjectCollectionCustomizer> (0x00000000a5a57730) 
thrown [./open/src/hotspot/share/classfile/systemDictionary.cpp, line 295]
Event: 64.914 Thread 0x000002187f8cb3b0 Exception <a 'java/lang/ClassNotFoundException'{0x00000000a5a850b0}: org/gradle/api/internal/DefaultNamedDomainObjectCollectionCustomizer> (0x00000000a5a850b0) 
thrown [./open/src/hotspot/share/classfile/systemDictionary.cpp, line 295]
Event: 64.926 Thread 0x000002187f8cb3b0 Exception <a 'java/lang/ClassNotFoundException'{0x00000000a5abb5b0}: org/gradle/api/internal/DefaultNamedDomainObjectListCustomizer> (0x00000000a5abb5b0) 
thrown [./open/src/hotspot/share/classfile/systemDictionary.cpp, line 295]
Event: 64.932 Thread 0x000002187f8cb3b0 Exception <a 'java/lang/ClassNotFoundException'{0x00000000a5ae5888}: org/gradle/api/internal/artifacts/DefaultArtifactRepositoryContainerCustomizer> (0x00000000a5ae5888) 
thrown [./open/src/hotspot/share/classfile/systemDictionary.cpp, line 295]
Event: 64.940 Thread 0x000002187f8cb3b0 Exception <a 'java/lang/ClassNotFoundException'{0x00000000a5908478}: org/gradle/api/internal/artifacts/dsl/DefaultRepositoryHandlerCustomizer> (0x00000000a5908478) 
thrown [./open/src/hotspot/share/classfile/systemDictionary.cpp, line 295]
Event: 64.946 Thread 0x000002187f8cb3b0 Exception <a 'java/lang/ClassNotFoundException'{0x00000000a59375b0}: org/gradle/api/internal/artifacts/dsl/DefaultRepositoryHandler_DecoratedCustomizer> (0x00000000a59375b0) 
thrown [./open/src/hotspot/share/classfile/systemDictionary.cpp, line 295]
Event: 65.337 Thread 0x000002187f8cb3b0 Exception <a 'java/lang/NoSuchMethodError'{0x00000000a57eb390}: 'int java.lang.invoke.DirectMethodHandle$Holder.invokeStaticInit(java.lang.Object, java.lang.Object, java.lang.Object, java.lang.Object)'> (0x00000000a57eb390) 
thrown [./open/src/hotspot/share/interpreter/linkResolver.cpp, line 782]
Event: 66.343 Thread 0x000002187f8cb3b0 Exception <a 'java/lang/NoSuchMethodError'{0x00000000a5296d08}: 'java.lang.Object java.lang.invoke.DirectMethodHandle$Holder.invokeSpecial(java.lang.Object, java.lang.Object, java.lang.Object, int, java.lang.Object)'> (0x00000000a5296d08) 
thrown [./open/src/hotspot/share/interpreter/linkResolver.cpp, line 782]
Event: 66.345 Thread 0x000002187f8cb3b0 Exception <a 'java/lang/NoSuchMethodError'{0x00000000a52a1920}: 'java.lang.Object java.lang.invoke.DirectMethodHandle$Holder.newInvokeSpecial(java.lang.Object, java.lang.Object, java.lang.Object, int)'> (0x00000000a52a1920) 
thrown [./open/src/hotspot/share/interpreter/linkResolver.cpp, line 782]
Event: 66.363 Thread 0x000002187f8cb3b0 Exception <a 'java/lang/NoSuchMethodError'{0x00000000a52a68a8}: 'java.lang.Object java.lang.invoke.DirectMethodHandle$Holder.invokeSpecial(java.lang.Object, java.lang.Object, java.lang.Object, java.lang.Object, int)'> (0x00000000a52a68a8) 
thrown [./open/src/hotspot/share/interpreter/linkResolver.cpp, line 782]
Event: 66.363 Thread 0x000002187f8cb3b0 Exception <a 'java/lang/NoSuchMethodError'{0x00000000a52ab108}: 'java.lang.Object java.lang.invoke.Invokers$Holder.linkToTargetMethod(java.lang.Object, java.lang.Object, int, java.lang.Object)'> (0x00000000a52ab108) 
thrown [./open/src/hotspot/share/interpreter/linkResolver.cpp, line 782]
Event: 70.493 Thread 0x000002187f8cb3b0 Exception <a 'java/lang/NoSuchMethodError'{0x00000000a40971a8}: 'void java.lang.invoke.DirectMethodHandle$Holder.invokeStatic(java.lang.Object, java.lang.Object, java.lang.Object, int, java.lang.Object)'> (0x00000000a40971a8) 
thrown [./open/src/hotspot/share/interpreter/linkResolver.cpp, line 782]
Event: 74.715 Thread 0x000002187f8cb3b0 Exception <a 'java/lang/ClassNotFoundException'{0x00000000a5a93490}: build_2iram6e01oyv5jixadhfrmjteBeanInfo> (0x00000000a5a93490) 
thrown [./open/src/hotspot/share/classfile/systemDictionary.cpp, line 295]
Event: 74.715 Thread 0x000002187f8cb3b0 Exception <a 'java/lang/ClassNotFoundException'{0x00000000a5a98968}: build_2iram6e01oyv5jixadhfrmjteCustomizer> (0x00000000a5a98968) 
thrown [./open/src/hotspot/share/classfile/systemDictionary.cpp, line 295]

Events (20 events):
Event: 73.441 Thread 0x0000021801d34ff0 Thread added: 0x0000021801d34ff0
Event: 73.444 Thread 0x0000021801d2f950 Thread added: 0x0000021801d2f950
Event: 73.446 Thread 0x0000021801d31b00 Thread added: 0x0000021801d31b00
Event: 73.453 Thread 0x0000021801d2fe20 Thread added: 0x0000021801d2fe20
Event: 73.458 Thread 0x0000021801d34650 Thread added: 0x0000021801d34650
Event: 73.462 Thread 0x0000021801d31fd0 Thread added: 0x0000021801d31fd0
Event: 73.464 Thread 0x0000021801d324a0 Thread added: 0x0000021801d324a0
Event: 73.465 Thread 0x0000021801d32970 Thread added: 0x0000021801d32970
Event: 73.470 Thread 0x0000021801d32e40 Thread added: 0x0000021801d32e40
Event: 73.477 Thread 0x0000021801d33310 Thread added: 0x0000021801d33310
Event: 73.711 Thread 0x0000021801d337e0 Thread added: 0x0000021801d337e0
Event: 73.732 Thread 0x0000021801d33cb0 Thread added: 0x0000021801d33cb0
Event: 73.735 Thread 0x0000021801d34b20 Thread added: 0x0000021801d34b20
Event: 73.738 Thread 0x0000021800b03ff0 Thread added: 0x0000021800b03ff0
Event: 73.741 Thread 0x0000021800b05330 Thread added: 0x0000021800b05330
Event: 73.743 Thread 0x0000021800b074e0 Thread added: 0x0000021800b074e0
Event: 73.745 Thread 0x0000021800b044c0 Thread added: 0x0000021800b044c0
Event: 73.747 Thread 0x0000021800b07e80 Thread added: 0x0000021800b07e80
Event: 73.771 Thread 0x0000021800b03b20 Thread added: 0x0000021800b03b20
Event: 73.773 Thread 0x0000021800b04e60 Thread added: 0x0000021800b04e60


Dynamic libraries:
0x00007ff758790000 - 0x00007ff75879f000 	C:\Program Files\Java\jdk-15.0.1\bin\java.exe
0x00007ff8d9bc0000 - 0x00007ff8d9db0000 	C:\Windows\SYSTEM32\ntdll.dll
0x00007ff8d7c70000 - 0x00007ff8d7d22000 	C:\Windows\System32\KERNEL32.DLL
0x00007ff8d7830000 - 0x00007ff8d7ad5000 	C:\Windows\System32\KERNELBASE.dll
0x00007ff8d7ae0000 - 0x00007ff8d7bda000 	C:\Windows\System32\ucrtbase.dll
0x00007ff8d3ba0000 - 0x00007ff8d3bb8000 	C:\Program Files\Java\jdk-15.0.1\bin\jli.dll
0x00007ff8d82c0000 - 0x00007ff8d8363000 	C:\Windows\System32\ADVAPI32.dll
0x00007ff8d86c0000 - 0x00007ff8d875e000 	C:\Windows\System32\msvcrt.dll
0x00007ff8d9ae0000 - 0x00007ff8d9b77000 	C:\Windows\System32\sechost.dll
0x00007ff8d8af0000 - 0x00007ff8d8c10000 	C:\Windows\System32\RPCRT4.dll
0x00007ff8d94a0000 - 0x00007ff8d9634000 	C:\Windows\System32\USER32.dll
0x00007ff8d7800000 - 0x00007ff8d7821000 	C:\Windows\System32\win32u.dll
0x00007ff8d8760000 - 0x00007ff8d8786000 	C:\Windows\System32\GDI32.dll
0x00007ff8d7460000 - 0x00007ff8d75f6000 	C:\Windows\System32\gdi32full.dll
0x00007ff8d72f0000 - 0x00007ff8d738e000 	C:\Windows\System32\msvcp_win.dll
0x00007ff8d3b80000 - 0x00007ff8d3b99000 	C:\Program Files\Java\jdk-15.0.1\bin\VCRUNTIME140.dll
0x00007ff8cb950000 - 0x00007ff8cbbd4000 	C:\Windows\WinSxS\amd64_microsoft.windows.common-controls_6595b64144ccf1df_6.0.18362.1256_none_9e7e379be45e40e2\COMCTL32.dll
0x00007ff8d7f80000 - 0x00007ff8d82b6000 	C:\Windows\System32\combase.dll
0x00007ff8d7be0000 - 0x00007ff8d7c61000 	C:\Windows\System32\bcryptPrimitives.dll
0x00007ff8cd770000 - 0x00007ff8cd77a000 	C:\Windows\SYSTEM32\VERSION.dll
0x00007ff8d9ab0000 - 0x00007ff8d9ade000 	C:\Windows\System32\IMM32.DLL
0x00007ff8d4960000 - 0x00007ff8d496c000 	C:\Program Files\Java\jdk-15.0.1\bin\vcruntime140_1.dll
0x00007ff8c1eb0000 - 0x00007ff8c1f41000 	C:\Program Files\Java\jdk-15.0.1\bin\msvcp140.dll
0x00007ff8a8d30000 - 0x00007ff8a988e000 	C:\Program Files\Java\jdk-15.0.1\bin\server\jvm.dll
0x00007ff8d8790000 - 0x00007ff8d8798000 	C:\Windows\System32\PSAPI.DLL
0x00007ff8d4cb0000 - 0x00007ff8d4cb9000 	C:\Windows\SYSTEM32\WSOCK32.dll
0x00007ff8d8650000 - 0x00007ff8d86bf000 	C:\Windows\System32\WS2_32.dll
0x00007ff8cf5d0000 - 0x00007ff8cf5f4000 	C:\Windows\SYSTEM32\WINMM.dll
0x00007ff8cf5a0000 - 0x00007ff8cf5cd000 	C:\Windows\SYSTEM32\WINMMBASE.dll
0x00007ff8d73f0000 - 0x00007ff8d743a000 	C:\Windows\System32\cfgmgr32.dll
0x00007ff8d6a70000 - 0x00007ff8d6a81000 	C:\Windows\System32\kernel.appcore.dll
0x00007ff8cd560000 - 0x00007ff8cd56a000 	C:\Program Files\Java\jdk-15.0.1\bin\jimage.dll
0x00007ff8d0f40000 - 0x00007ff8d1134000 	C:\Windows\SYSTEM32\DBGHELP.DLL
0x00007ff8d0f10000 - 0x00007ff8d0f3a000 	C:\Windows\SYSTEM32\dbgcore.DLL
0x00007ff8cd530000 - 0x00007ff8cd555000 	C:\Program Files\Java\jdk-15.0.1\bin\java.dll
0x00007ff8d8c10000 - 0x00007ff8d92f7000 	C:\Windows\System32\SHELL32.dll
0x00007ff8d85a0000 - 0x00007ff8d8649000 	C:\Windows\System32\shcore.dll
0x00007ff8d6b60000 - 0x00007ff8d72e1000 	C:\Windows\System32\windows.storage.dll
0x00007ff8d6b00000 - 0x00007ff8d6b23000 	C:\Windows\System32\profapi.dll
0x00007ff8d6a90000 - 0x00007ff8d6ada000 	C:\Windows\System32\powrprof.dll
0x00007ff8d6a60000 - 0x00007ff8d6a70000 	C:\Windows\System32\UMPDC.dll
0x00007ff8d8a20000 - 0x00007ff8d8a72000 	C:\Windows\System32\shlwapi.dll
0x00007ff8d7440000 - 0x00007ff8d7457000 	C:\Windows\System32\cryptsp.dll
0x00007ff8c74b0000 - 0x00007ff8c74c9000 	C:\Program Files\Java\jdk-15.0.1\bin\net.dll
0x00007ff8d2080000 - 0x00007ff8d2170000 	C:\Windows\SYSTEM32\WINHTTP.dll
0x00007ff8d6250000 - 0x00007ff8d62b7000 	C:\Windows\system32\mswsock.dll
0x00007ff8c6e30000 - 0x00007ff8c6e42000 	C:\Program Files\Java\jdk-15.0.1\bin\nio.dll
0x00007ff8c4b80000 - 0x00007ff8c4b98000 	C:\Program Files\Java\jdk-15.0.1\bin\zip.dll
0x00007ff8cd420000 - 0x00007ff8cd430000 	C:\Program Files\Java\jdk-15.0.1\bin\verify.dll
0x00007ff8c7e00000 - 0x00007ff8c7e27000 	C:\Users\Abdulla\.gradle\native\f6784746aeab05261644944871eae4fe03e0ef1612fff0a4a95f87b438bc6780\windows-amd64\native-platform.dll
0x00007ff8c8960000 - 0x00007ff8c8969000 	C:\Program Files\Java\jdk-15.0.1\bin\management.dll
0x00007ff8c82d0000 - 0x00007ff8c82db000 	C:\Program Files\Java\jdk-15.0.1\bin\management_ext.dll
0x00007ff8d5dc0000 - 0x00007ff8d5df3000 	C:\Windows\system32\rsaenh.dll
0x00007ff8d6b30000 - 0x00007ff8d6b56000 	C:\Windows\System32\bcrypt.dll
0x00007ff8d6940000 - 0x00007ff8d6965000 	C:\Windows\SYSTEM32\USERENV.dll
0x00007ff8d6420000 - 0x00007ff8d642c000 	C:\Windows\SYSTEM32\CRYPTBASE.dll
0x00007ff8d5f60000 - 0x00007ff8d5f9a000 	C:\Windows\SYSTEM32\IPHLPAPI.DLL
0x00007ff8d8a80000 - 0x00007ff8d8a88000 	C:\Windows\System32\NSI.dll
0x00007ff8d1960000 - 0x00007ff8d1976000 	C:\Windows\SYSTEM32\dhcpcsvc6.DLL
0x00007ff8d19a0000 - 0x00007ff8d19bc000 	C:\Windows\SYSTEM32\dhcpcsvc.DLL
0x00007ff8d5ff0000 - 0x00007ff8d60bb000 	C:\Windows\SYSTEM32\DNSAPI.dll
0x00007ff8d1b70000 - 0x00007ff8d1b7b000 	C:\Windows\SYSTEM32\WINNSI.DLL

dbghelp: loaded successfully - version: 4.0.5 - missing functions: none
symbol engine: initialized successfully - sym options: 0x614 - pdb path: .;C:\Program Files\Java\jdk-15.0.1\bin;C:\Windows\SYSTEM32;C:\Windows\WinSxS\amd64_microsoft.windows.common-controls_6595b64144ccf1df_6.0.18362.1256_none_9e7e379be45e40e2;C:\Program Files\Java\jdk-15.0.1\bin\server;C:\Users\Abdulla\.gradle\native\f6784746aeab05261644944871eae4fe03e0ef1612fff0a4a95f87b438bc6780\windows-amd64

VM Arguments:
jvm_args: --add-opens=java.base/java.util=ALL-UNNAMED --add-opens=java.base/java.lang=ALL-UNNAMED --add-opens=java.base/java.lang.invoke=ALL-UNNAMED --add-opens=java.prefs/java.util.prefs=ALL-UNNAMED -Xmx1536m -Dfile.encoding=windows-1256 -Duser.country=US -Duser.language=en -Duser.variant 
java_command: org.gradle.launcher.daemon.bootstrap.GradleDaemon 6.5
java_class_path (initial): C:\Users\Abdulla\.gradle\wrapper\dists\gradle-6.5-all\2oz4ud9k3tuxjg84bbf55q0tn\gradle-6.5\lib\gradle-launcher-6.5.jar
Launcher Type: SUN_STANDARD

[Global flags]
     intx CICompilerCount                          = 2                                         {product} {ergonomic}
     uint ConcGCThreads                            = 1                                         {product} {ergonomic}
     uint G1ConcRefinementThreads                  = 2                                         {product} {ergonomic}
   size_t G1HeapRegionSize                         = 1048576                                   {product} {ergonomic}
    uintx GCDrainStackTargetSize                   = 64                                        {product} {ergonomic}
   size_t InitialHeapSize                          = 121634816                                 {product} {ergonomic}
   size_t MarkStackSize                            = 4194304                                   {product} {ergonomic}
   size_t MaxHeapSize                              = 1610612736                                {product} {command line}
   size_t MaxNewSize                               = 965738496                                 {product} {ergonomic}
   size_t MinHeapDeltaBytes                        = 1048576                                   {product} {ergonomic}
   size_t MinHeapSize                              = 8388608                                   {product} {ergonomic}
    uintx NonNMethodCodeHeapSize                   = 5826188                                {pd product} {ergonomic}
    uintx NonProfiledCodeHeapSize                  = 122916026                              {pd product} {ergonomic}
    uintx ProfiledCodeHeapSize                     = 122916026                              {pd product} {ergonomic}
    uintx ReservedCodeCacheSize                    = 251658240                              {pd product} {ergonomic}
     bool SegmentedCodeCache                       = true                                      {product} {ergonomic}
   size_t SoftMaxHeapSize                          = 1610612736                             {manageable} {ergonomic}
     bool UseCompressedClassPointers               = true                                 {lp64_product} {ergonomic}
     bool UseCompressedOops                        = true                                 {lp64_product} {ergonomic}
     bool UseG1GC                                  = true                                      {product} {ergonomic}
     bool UseLargePagesIndividualAllocation        = false                                  {pd product} {ergonomic}

Logging:
Log output configuration:
 #0: stdout all=warning uptime,level,tags
 #1: stderr all=off uptime,level,tags

Environment Variables:
JAVA_HOME=C:\Program Files\Java\jdk-15.0.1
PATH=C:\Program Files\Common Files\Oracle\Java\javapath;C:\Windows\system32;C:\Windows;C:\Windows\System32\Wbem;C:\Windows\System32\WindowsPowerShell\v1.0\;C:\Windows\System32\OpenSSH\;C:\Program Files (x86)\Microsoft SQL Server\120\DTS\Binn\;C:\Program Files (x86)\Microsoft SQL Server\Client SDK\ODBC\110\Tools\Binn\;C:\Program Files (x86)\Microsoft SQL Server\120\Tools\Binn\;C:\Program Files (x86)\Microsoft SQL Server\120\Tools\Binn\ManagementStudio\;C:\program Files\java\jdk-15.0.1\bin;C:\Users\Abdulla\AppData\Local\Microsoft\WindowsApps;
USERNAME=Abdulla
OS=Windows_NT
PROCESSOR_IDENTIFIER=AMD64 Family 21 Model 16 Stepping 1, AuthenticAMD



---------------  S Y S T E M  ---------------

OS:
 Windows 10 , 64 bit Build 18362 (10.0.18362.1110)
OS uptime: 8 days 19:46 hours

CPU: total 2 (initial active 2) (2 cores per cpu, 1 threads per core) family 21 model 16 stepping 1 microcode 0x0, cmov, cx8, fxsr, mmx, sse, sse2, sse3, ssse3, sse4.1, sse4.2, popcnt, vzeroupper, avx, aes, clmul, 3dnowpref, lzcnt, sse4a, tsc, tscinvbit, tscinv, bmi1, fma, clflush

Memory: 4k page, system-wide physical 7369M (570M free)
TotalPageFile size 7369M (AvailPageFile size 5M)
current process WorkingSet (physical memory assigned to process): 231M, peak: 241M
current process commit charge ("private bytes"): 269M, peak: 276M

vm_info: Java HotSpot(TM) 64-Bit Server VM (15.0.1+9-18) for windows-amd64 JRE (15.0.1+9-18), built on Sep 15 2020 14:43:54 by "mach5one" with unknown MS VC++:1925

END.
