#
# There is insufficient memory for the Java Runtime Environment to continue.
# Native memory allocation (malloc) failed to allocate 1949056 bytes for Chunk::new
# Possible reasons:
#   The system is out of physical RAM or swap space
#   The process is running with CompressedOops enabled, and the Java Heap may be blocking the growth of the native heap
# Possible solutions:
#   Reduce memory load on the system
#   Increase physical memory or swap space
#   Check if swap backing store is full
#   Decrease Java heap size (-Xmx/-Xms)
#   Decrease number of Java threads
#   Decrease Java thread stack sizes (-Xss)
#   Set larger code cache with -XX:ReservedCodeCacheSize=
#   JVM is running with Unscaled Compressed Oops mode in which the Java heap is
#     placed in the first 4GB address space. The Java Heap base address is the
#     maximum limit for the native heap growth. Please use -XX:HeapBaseMinAddress
#     to set the Java Heap base and to place the Java Heap above 4GB virtual address.
# This output file may be truncated or incomplete.
#
#  Out of Memory Error (./open/src/hotspot/share/memory/arena.cpp:195), pid=4348, tid=864
#
# JRE version: Java(TM) SE Runtime Environment (15.0.1+9) (build 15.0.1+9-18)
# Java VM: Java HotSpot(TM) 64-Bit Server VM (15.0.1+9-18, mixed mode, sharing, tiered, compressed oops, g1 gc, windows-amd64)
# No core dump will be written. Minidumps are not enabled by default on client versions of Windows
#

---------------  S U M M A R Y ------------

Command Line: --add-opens=java.base/java.util=ALL-UNNAMED --add-opens=java.base/java.lang=ALL-UNNAMED --add-opens=java.base/java.lang.invoke=ALL-UNNAMED --add-opens=java.prefs/java.util.prefs=ALL-UNNAMED -Xmx1536m -Dfile.encoding=windows-1256 -Duser.country=US -Duser.language=en -Duser.variant org.gradle.launcher.daemon.bootstrap.GradleDaemon 6.5

Host: AMD A4-4300M APU with Radeon(tm) HD Graphics   , 2 cores, 7G,  Windows 10 , 64 bit Build 18362 (10.0.18362.1110)
Time: Sun Dec 13 02:12:30 2020 Egypt Standard Time elapsed time: 261.349764 seconds (0d 0h 4m 21s)

---------------  T H R E A D  ---------------

Current thread (0x000001967d853af0):  JavaThread "C2 CompilerThread0" daemon [_thread_in_native, id=864, stack(0x0000000ac0d00000,0x0000000ac0e00000)]


Current CompileTask:
C2: 261355 18574 %     4       com.android.tools.r8.ir.regalloc.a::a @ 2154 (3992 bytes)

Stack: [0x0000000ac0d00000,0x0000000ac0e00000]
Native frames: (J=compiled Java code, j=interpreted, Vv=VM code, C=native code)
V  [jvm.dll+0x62ae9a]
V  [jvm.dll+0x781389]
V  [jvm.dll+0x782ae3]
V  [jvm.dll+0x783143]
V  [jvm.dll+0x216265]
V  [jvm.dll+0x97efa]
V  [jvm.dll+0x985dc]
V  [jvm.dll+0x27a1bf]
V  [jvm.dll+0x5408d4]
V  [jvm.dll+0x1f3064]
V  [jvm.dll+0x1eca31]
V  [jvm.dll+0x1e97a7]
V  [jvm.dll+0x1784c7]
V  [jvm.dll+0x1f9165]
V  [jvm.dll+0x1f720c]
V  [jvm.dll+0x74485d]
V  [jvm.dll+0x73d65a]
V  [jvm.dll+0x629c56]
C  [ucrtbase.dll+0x210b2]
C  [KERNEL32.DLL+0x17c24]
C  [ntdll.dll+0x6d4d1]


---------------  P R O C E S S  ---------------

Threads class SMR info:
_java_thread_list=0x00000196110d3b40, length=45, elements={
0x000001966fc80fa0, 0x000001966fd4cef0, 0x000001966fd4dac0, 0x000001967d84e6e0,
0x000001967d8521b0, 0x000001967d852c60, 0x000001967d853af0, 0x000001967d8bd590,
0x000001967d8c5c80, 0x000001967e282a20, 0x000001967e287cb0, 0x000001967fb087f0,
0x000001967e400db0, 0x000001967ee83770, 0x000001967eff4c60, 0x000001967ee87750,
0x000001967f5e89c0, 0x000001967f34da80, 0x000001967f34e320, 0x000001967ecd5e40,
0x000001967ecd3c90, 0x000001967ecd54a0, 0x000001967ecd6310, 0x000001967ecd4b00,
0x000001967ecd4fd0, 0x000001967e672570, 0x000001967e66fa20, 0x000001967e670890,
0x000001967e671230, 0x000001967e66f550, 0x000001967f7725a0, 0x000001967ed606a0,
0x000001967ed5e4f0, 0x000001967ed61040, 0x000001967f772f40, 0x000001967f76cf00,
0x000001967f76ca30, 0x000001967f7708c0, 0x000001967f771260, 0x000001967f76d8a0,
0x000001967f76f580, 0x000001967f76dd70, 0x000001967f76e710, 0x000001967ed63b90,
0x000001967ed5d680
}

Java Threads: ( => current thread )
  0x000001966fc80fa0 JavaThread "main" [_thread_blocked, id=7048, stack(0x0000000ac0100000,0x0000000ac0200000)]
  0x000001966fd4cef0 JavaThread "Reference Handler" daemon [_thread_blocked, id=4340, stack(0x0000000ac0800000,0x0000000ac0900000)]
  0x000001966fd4dac0 JavaThread "Finalizer" daemon [_thread_blocked, id=7916, stack(0x0000000ac0900000,0x0000000ac0a00000)]
  0x000001967d84e6e0 JavaThread "Signal Dispatcher" daemon [_thread_blocked, id=9348, stack(0x0000000ac0a00000,0x0000000ac0b00000)]
  0x000001967d8521b0 JavaThread "Attach Listener" daemon [_thread_blocked, id=9420, stack(0x0000000ac0b00000,0x0000000ac0c00000)]
  0x000001967d852c60 JavaThread "Service Thread" daemon [_thread_blocked, id=6192, stack(0x0000000ac0c00000,0x0000000ac0d00000)]
=>0x000001967d853af0 JavaThread "C2 CompilerThread0" daemon [_thread_in_native, id=864, stack(0x0000000ac0d00000,0x0000000ac0e00000)]
  0x000001967d8bd590 JavaThread "C1 CompilerThread0" daemon [_thread_blocked, id=8368, stack(0x0000000ac0e00000,0x0000000ac0f00000)]
  0x000001967d8c5c80 JavaThread "Sweeper thread" daemon [_thread_blocked, id=6640, stack(0x0000000ac0f00000,0x0000000ac1000000)]
  0x000001967e282a20 JavaThread "Common-Cleaner" daemon [_thread_blocked, id=9356, stack(0x0000000ac1000000,0x0000000ac1100000)]
  0x000001967e287cb0 JavaThread "Notification Thread" daemon [_thread_blocked, id=6080, stack(0x0000000ac1100000,0x0000000ac1200000)]
  0x000001967fb087f0 JavaThread "Daemon health stats" [_thread_blocked, id=7608, stack(0x0000000ac1400000,0x0000000ac1500000)]
  0x000001967e400db0 JavaThread "Incoming local TCP Connector on port 53278" [_thread_in_native, id=4416, stack(0x0000000ac1700000,0x0000000ac1800000)]
  0x000001967ee83770 JavaThread "Daemon periodic checks" [_thread_blocked, id=1384, stack(0x0000000ac1800000,0x0000000ac1900000)]
  0x000001967eff4c60 JavaThread "Daemon" [_thread_blocked, id=304, stack(0x0000000ac1900000,0x0000000ac1a00000)]
  0x000001967ee87750 JavaThread "Handler for socket connection from /127.0.0.1:53278 to /127.0.0.1:53279" [_thread_in_native, id=5200, stack(0x0000000ac1a00000,0x0000000ac1b00000)]
  0x000001967f5e89c0 JavaThread "Cancel handler" [_thread_blocked, id=11028, stack(0x0000000ac1b00000,0x0000000ac1c00000)]
  0x000001967f34da80 JavaThread "Daemon worker" [_thread_blocked, id=6176, stack(0x0000000ac1c00000,0x0000000ac1d00000)]
  0x000001967f34e320 JavaThread "Asynchronous log dispatcher for DefaultDaemonConnection: socket connection from /127.0.0.1:53278 to /127.0.0.1:53279" [_thread_blocked, id=8532, stack(0x0000000ac1d00000,0x0000000ac1e00000)]
  0x000001967ecd5e40 JavaThread "Thread-8" [_thread_blocked, id=4508, stack(0x0000000ac1f00000,0x0000000ac2000000)]
  0x000001967ecd3c90 JavaThread "Cache worker for journal cache (C:\Users\Abdulla\.gradle\caches\journal-1)" [_thread_blocked, id=11016, stack(0x0000000ac2000000,0x0000000ac2100000)]
  0x000001967ecd54a0 JavaThread "File lock request listener" [_thread_in_native, id=5100, stack(0x0000000ac2100000,0x0000000ac2200000)]
  0x000001967ecd6310 JavaThread "Cache worker for file hash cache (C:\Users\Abdulla\.gradle\caches\6.5\fileHashes)" [_thread_blocked, id=10748, stack(0x0000000ac2200000,0x0000000ac2300000)]
  0x000001967ecd4b00 JavaThread "Cache worker for file hash cache (E:\Android\android course\AlFurkan\.gradle\6.5\fileHashes)" [_thread_blocked, id=10444, stack(0x0000000ac2300000,0x0000000ac2400000)]
  0x000001967ecd4fd0 JavaThread "Cache worker for checksums cache (E:\Android\android course\AlFurkan\.gradle\checksums)" [_thread_blocked, id=588, stack(0x0000000ac2400000,0x0000000ac2500000)]
  0x000001967e672570 JavaThread "Cache worker for cache directory md-supplier (C:\Users\Abdulla\.gradle\caches\6.5\md-supplier)" [_thread_blocked, id=6420, stack(0x0000000ac2500000,0x0000000ac2600000)]
  0x000001967e66fa20 JavaThread "Cache worker for cache directory md-rule (C:\Users\Abdulla\.gradle\caches\6.5\md-rule)" [_thread_blocked, id=8852, stack(0x0000000ac2600000,0x0000000ac2700000)]
  0x000001967e670890 JavaThread "Cache worker for execution history cache (C:\Users\Abdulla\.gradle\caches\6.5\executionHistory)" [_thread_blocked, id=10968, stack(0x0000000ac2700000,0x0000000ac2800000)]
  0x000001967e671230 JavaThread "Cache worker for file content cache (C:\Users\Abdulla\.gradle\caches\6.5\fileContent)" [_thread_blocked, id=11256, stack(0x0000000ac2900000,0x0000000ac2a00000)]
  0x000001967e66f550 JavaThread "Build operations" [_thread_in_Java, id=6704, stack(0x0000000ac2b00000,0x0000000ac2c00000)]
  0x000001967f7725a0 JavaThread "Build operations Thread 2" [_thread_in_Java, id=7840, stack(0x0000000ac2c00000,0x0000000ac2d00000)]
  0x000001967ed606a0 JavaThread "Cache worker for Build Output Cleanup Cache (E:\Android\android course\AlFurkan\.gradle\buildOutputCleanup)" [_thread_blocked, id=7572, stack(0x0000000ac8a00000,0x0000000ac8b00000)]
  0x000001967ed5e4f0 JavaThread "Memory manager" [_thread_blocked, id=9784, stack(0x0000000abff00000,0x0000000ac0000000)]
  0x000001967ed61040 JavaThread "Cache worker for file content cache (E:\Android\android course\AlFurkan\.gradle\6.5\fileContent)" [_thread_blocked, id=1360, stack(0x0000000ac0000000,0x0000000ac0100000)]
  0x000001967f772f40 JavaThread "Execution worker for ':'" [_thread_blocked, id=11244, stack(0x0000000ac1e00000,0x0000000ac1f00000)]
  0x000001967f76cf00 JavaThread "Cache worker for execution history cache (E:\Android\android course\AlFurkan\.gradle\6.5\executionHistory)" [_thread_blocked, id=3864, stack(0x0000000ac2800000,0x0000000ac2900000)]
  0x000001967f76ca30 JavaThread "WorkerExecutor Queue" [_thread_blocked, id=1388, stack(0x0000000ac1500000,0x0000000ac1600000)]
  0x000001967f7708c0 JavaThread "WorkerExecutor Queue Thread 2" [_thread_blocked, id=8768, stack(0x0000000ac2d00000,0x0000000ac2e00000)]
  0x000001967f771260 JavaThread "pool-2-thread-1" [_thread_blocked, id=8432, stack(0x0000000ac2e00000,0x0000000ac2f00000)]
  0x000001967f76d8a0 JavaThread "stderr" [_thread_in_native, id=3904, stack(0x0000000ac2f00000,0x0000000ac3000000)]
  0x000001967f76f580 JavaThread "stdout" [_thread_in_native, id=3028, stack(0x0000000ac3000000,0x0000000ac3100000)]
  0x000001967f76dd70 JavaThread "stderr" [_thread_in_native, id=7788, stack(0x0000000ac3100000,0x0000000ac3200000)]
  0x000001967f76e710 JavaThread "stdout" [_thread_in_native, id=9132, stack(0x0000000ac3200000,0x0000000ac3300000)]
  0x000001967ed63b90 JavaThread "Cache worker for Java compile cache (C:\Users\Abdulla\.gradle\caches\6.5\javaCompile)" [_thread_blocked, id=8428, stack(0x0000000ac3300000,0x0000000ac3400000)]
  0x000001967ed5d680 JavaThread "Cache worker for Java compile cache (E:\Android\android course\AlFurkan\.gradle\6.5\javaCompile)" [_thread_blocked, id=6152, stack(0x0000000ac3400000,0x0000000ac3500000)]

Other Threads:
  0x000001966fd49ec0 VMThread "VM Thread" [stack: 0x0000000ac0700000,0x0000000ac0800000] [id=10620]
  0x000001967e2916f0 WatcherThread [stack: 0x0000000ac1200000,0x0000000ac1300000] [id=2288]
  0x000001966fcb7280 GCTaskThread "GC Thread#0" [stack: 0x0000000ac0200000,0x0000000ac0300000] [id=6852]
  0x000001967e3b4380 GCTaskThread "GC Thread#1" [stack: 0x0000000ac1300000,0x0000000ac1400000] [id=5948]
  0x000001966fcc4550 ConcurrentGCThread "G1 Main Marker" [stack: 0x0000000ac0300000,0x0000000ac0400000] [id=9144]
  0x000001966fcc51c0 ConcurrentGCThread "G1 Conc#0" [stack: 0x0000000ac0400000,0x0000000ac0500000] [id=7232]
  0x000001966fd22f20 ConcurrentGCThread "G1 Refine#0" [stack: 0x0000000ac0500000,0x0000000ac0600000] [id=6572]
  0x000001967fd9c940 ConcurrentGCThread "G1 Refine#1" [stack: 0x0000000ac2a00000,0x0000000ac2b00000] [id=3208]
  0x000001966fd23ba0 ConcurrentGCThread "G1 Young RemSet Sampling" [stack: 0x0000000ac0600000,0x0000000ac0700000] [id=8516]

Threads with active compile tasks:
C2 CompilerThread0   261613 18574 %     4       com.android.tools.r8.ir.regalloc.a::a @ 2154 (3992 bytes)

VM state: not at safepoint (normal execution)

VM Mutex/Monitor currently owned by a thread: None

Heap address: 0x00000000a0000000, size: 1536 MB, Compressed Oops mode: 32-bit
CDS archive(s) mapped at: [0x0000000800000000-0x0000000800b50000-0x0000000800b50000), size 11862016, SharedBaseAddress: 0x0000000800000000, ArchiveRelocationMode: 0.
Compressed class space mapped at: 0x0000000800b50000-0x0000000840b50000, size: 1073741824
Narrow klass base: 0x0000000800000000, Narrow klass shift: 3, Narrow klass range: 0x100000000

GC Precious Log:
 CPUs: 2 total, 2 available
 Memory: 7369M
 Large Page Support: Disabled
 NUMA Support: Disabled
 Compressed Oops: Enabled (32-bit)
 Heap Region Size: 1M
 Heap Min Capacity: 8M
 Heap Initial Capacity: 116M
 Heap Max Capacity: 1536M
 Pre-touch: Disabled
 Parallel Workers: 2
 Concurrent Workers: 1
 Concurrent Refinement Workers: 2
 Periodic GC: Disabled

Heap:
 garbage-first heap   total 181248K, used 142625K [0x00000000a0000000, 0x0000000100000000)
  region size 1024K, 49 young (50176K), 1 survivors (1024K)
 Metaspace       used 97213K, capacity 98591K, committed 98940K, reserved 1136640K
  class space    used 12155K, capacity 12549K, committed 12668K, reserved 1048576K

Heap Regions: E=young(eden), S=young(survivor), O=old, HS=humongous(starts), HC=humongous(continues), CS=collection set, F=free, OA=open archive, CA=closed archive, TAMS=top-at-mark-start (previous, next)
|   0|0x00000000a0000000, 0x00000000a0100000, 0x00000000a0100000|100%| O|  |TAMS 0x00000000a0100000, 0x00000000a0000000| Untracked 
|   1|0x00000000a0100000, 0x00000000a0200000, 0x00000000a0200000|100%| O|  |TAMS 0x00000000a0200000, 0x00000000a0100000| Untracked 
|   2|0x00000000a0200000, 0x00000000a0300000, 0x00000000a0300000|100%| O|  |TAMS 0x00000000a0300000, 0x00000000a0200000| Untracked 
|   3|0x00000000a0300000, 0x00000000a0400000, 0x00000000a0400000|100%| O|  |TAMS 0x00000000a0400000, 0x00000000a0300000| Untracked 
|   4|0x00000000a0400000, 0x00000000a0500000, 0x00000000a0500000|100%|HS|  |TAMS 0x00000000a0500000, 0x00000000a0400000| Complete 
|   5|0x00000000a0500000, 0x00000000a0600000, 0x00000000a0600000|100%|HC|  |TAMS 0x00000000a0600000, 0x00000000a0500000| Complete 
|   6|0x00000000a0600000, 0x00000000a0700000, 0x00000000a0700000|100%|HC|  |TAMS 0x00000000a0700000, 0x00000000a0600000| Complete 
|   7|0x00000000a0700000, 0x00000000a0800000, 0x00000000a0800000|100%| O|  |TAMS 0x00000000a0800000, 0x00000000a0700000| Untracked 
|   8|0x00000000a0800000, 0x00000000a0900000, 0x00000000a0900000|100%| O|  |TAMS 0x00000000a0900000, 0x00000000a0800000| Untracked 
|   9|0x00000000a0900000, 0x00000000a0a00000, 0x00000000a0a00000|100%| O|  |TAMS 0x00000000a0a00000, 0x00000000a0900000| Untracked 
|  10|0x00000000a0a00000, 0x00000000a0b00000, 0x00000000a0b00000|100%| O|  |TAMS 0x00000000a0b00000, 0x00000000a0a00000| Untracked 
|  11|0x00000000a0b00000, 0x00000000a0c00000, 0x00000000a0c00000|100%| O|  |TAMS 0x00000000a0c00000, 0x00000000a0b00000| Untracked 
|  12|0x00000000a0c00000, 0x00000000a0d00000, 0x00000000a0d00000|100%| O|  |TAMS 0x00000000a0d00000, 0x00000000a0c00000| Untracked 
|  13|0x00000000a0d00000, 0x00000000a0e00000, 0x00000000a0e00000|100%| O|  |TAMS 0x00000000a0e00000, 0x00000000a0d00000| Untracked 
|  14|0x00000000a0e00000, 0x00000000a0f00000, 0x00000000a0f00000|100%| O|  |TAMS 0x00000000a0f00000, 0x00000000a0e00000| Untracked 
|  15|0x00000000a0f00000, 0x00000000a1000000, 0x00000000a1000000|100%| O|  |TAMS 0x00000000a1000000, 0x00000000a0f00000| Untracked 
|  16|0x00000000a1000000, 0x00000000a1100000, 0x00000000a1100000|100%| O|  |TAMS 0x00000000a1100000, 0x00000000a1000000| Untracked 
|  17|0x00000000a1100000, 0x00000000a1200000, 0x00000000a1200000|100%| O|  |TAMS 0x00000000a1200000, 0x00000000a1100000| Untracked 
|  18|0x00000000a1200000, 0x00000000a1300000, 0x00000000a1300000|100%| O|  |TAMS 0x00000000a1300000, 0x00000000a1200000| Untracked 
|  19|0x00000000a1300000, 0x00000000a1400000, 0x00000000a1400000|100%| O|  |TAMS 0x00000000a1400000, 0x00000000a1300000| Untracked 
|  20|0x00000000a1400000, 0x00000000a1500000, 0x00000000a1500000|100%| O|  |TAMS 0x00000000a1500000, 0x00000000a1400000| Untracked 
|  21|0x00000000a1500000, 0x00000000a1600000, 0x00000000a1600000|100%| O|  |TAMS 0x00000000a1600000, 0x00000000a1500000| Untracked 
|  22|0x00000000a1600000, 0x00000000a1700000, 0x00000000a1700000|100%|HS|  |TAMS 0x00000000a1700000, 0x00000000a1600000| Complete 
|  23|0x00000000a1700000, 0x00000000a1800000, 0x00000000a1800000|100%|HS|  |TAMS 0x00000000a1800000, 0x00000000a1700000| Complete 
|  24|0x00000000a1800000, 0x00000000a1900000, 0x00000000a1900000|100%|HC|  |TAMS 0x00000000a1900000, 0x00000000a1800000| Complete 
|  25|0x00000000a1900000, 0x00000000a1a00000, 0x00000000a1a00000|100%| O|  |TAMS 0x00000000a1a00000, 0x00000000a1900000| Untracked 
|  26|0x00000000a1a00000, 0x00000000a1b00000, 0x00000000a1b00000|100%| O|  |TAMS 0x00000000a1b00000, 0x00000000a1a00000| Untracked 
|  27|0x00000000a1b00000, 0x00000000a1c00000, 0x00000000a1c00000|100%| O|  |TAMS 0x00000000a1c00000, 0x00000000a1b00000| Untracked 
|  28|0x00000000a1c00000, 0x00000000a1d00000, 0x00000000a1d00000|100%| O|  |TAMS 0x00000000a1d00000, 0x00000000a1c00000| Untracked 
|  29|0x00000000a1d00000, 0x00000000a1e00000, 0x00000000a1e00000|100%| O|  |TAMS 0x00000000a1e00000, 0x00000000a1d00000| Untracked 
|  30|0x00000000a1e00000, 0x00000000a1f00000, 0x00000000a1f00000|100%| O|  |TAMS 0x00000000a1f00000, 0x00000000a1e00000| Untracked 
|  31|0x00000000a1f00000, 0x00000000a2000000, 0x00000000a2000000|100%| O|  |TAMS 0x00000000a2000000, 0x00000000a1f00000| Untracked 
|  32|0x00000000a2000000, 0x00000000a2100000, 0x00000000a2100000|100%| O|  |TAMS 0x00000000a2100000, 0x00000000a2000000| Untracked 
|  33|0x00000000a2100000, 0x00000000a2200000, 0x00000000a2200000|100%| O|  |TAMS 0x00000000a2200000, 0x00000000a2100000| Untracked 
|  34|0x00000000a2200000, 0x00000000a2300000, 0x00000000a2300000|100%| O|  |TAMS 0x00000000a2300000, 0x00000000a2200000| Untracked 
|  35|0x00000000a2300000, 0x00000000a2400000, 0x00000000a2400000|100%| O|  |TAMS 0x00000000a2400000, 0x00000000a2300000| Untracked 
|  36|0x00000000a2400000, 0x00000000a2500000, 0x00000000a2500000|100%| O|  |TAMS 0x00000000a2500000, 0x00000000a2400000| Untracked 
|  37|0x00000000a2500000, 0x00000000a2600000, 0x00000000a2600000|100%| O|  |TAMS 0x00000000a2500000, 0x00000000a2500000| Untracked 
|  38|0x00000000a2600000, 0x00000000a2700000, 0x00000000a2700000|100%| O|  |TAMS 0x00000000a2700000, 0x00000000a2600000| Untracked 
|  39|0x00000000a2700000, 0x00000000a2800000, 0x00000000a2800000|100%| O|  |TAMS 0x00000000a2800000, 0x00000000a2700000| Untracked 
|  40|0x00000000a2800000, 0x00000000a2900000, 0x00000000a2900000|100%| O|  |TAMS 0x00000000a2900000, 0x00000000a2800000| Untracked 
|  41|0x00000000a2900000, 0x00000000a2a00000, 0x00000000a2a00000|100%| O|  |TAMS 0x00000000a2a00000, 0x00000000a2900000| Untracked 
|  42|0x00000000a2a00000, 0x00000000a2b00000, 0x00000000a2b00000|100%| O|  |TAMS 0x00000000a2b00000, 0x00000000a2a00000| Untracked 
|  43|0x00000000a2b00000, 0x00000000a2c00000, 0x00000000a2c00000|100%| O|  |TAMS 0x00000000a2c00000, 0x00000000a2b00000| Untracked 
|  44|0x00000000a2c00000, 0x00000000a2d00000, 0x00000000a2d00000|100%| O|  |TAMS 0x00000000a2d00000, 0x00000000a2c00000| Untracked 
|  45|0x00000000a2d00000, 0x00000000a2e00000, 0x00000000a2e00000|100%| O|  |TAMS 0x00000000a2e00000, 0x00000000a2d00000| Untracked 
|  46|0x00000000a2e00000, 0x00000000a2f00000, 0x00000000a2f00000|100%| O|  |TAMS 0x00000000a2f00000, 0x00000000a2e00000| Untracked 
|  47|0x00000000a2f00000, 0x00000000a3000000, 0x00000000a3000000|100%| O|  |TAMS 0x00000000a2f00000, 0x00000000a2f00000| Untracked 
|  48|0x00000000a3000000, 0x00000000a3100000, 0x00000000a3100000|100%| O|  |TAMS 0x00000000a3100000, 0x00000000a3000000| Untracked 
|  49|0x00000000a3100000, 0x00000000a3200000, 0x00000000a3200000|100%| O|  |TAMS 0x00000000a3200000, 0x00000000a3100000| Untracked 
|  50|0x00000000a3200000, 0x00000000a3300000, 0x00000000a3300000|100%| O|  |TAMS 0x00000000a3300000, 0x00000000a3200000| Untracked 
|  51|0x00000000a3300000, 0x00000000a3400000, 0x00000000a3400000|100%| O|  |TAMS 0x00000000a3400000, 0x00000000a3300000| Untracked 
|  52|0x00000000a3400000, 0x00000000a3500000, 0x00000000a3500000|100%| O|  |TAMS 0x00000000a3500000, 0x00000000a3400000| Untracked 
|  53|0x00000000a3500000, 0x00000000a3600000, 0x00000000a3600000|100%| O|  |TAMS 0x00000000a3600000, 0x00000000a3500000| Untracked 
|  54|0x00000000a3600000, 0x00000000a3700000, 0x00000000a3700000|100%| O|  |TAMS 0x00000000a3700000, 0x00000000a3600000| Untracked 
|  55|0x00000000a3700000, 0x00000000a3800000, 0x00000000a3800000|100%| O|  |TAMS 0x00000000a3800000, 0x00000000a3700000| Untracked 
|  56|0x00000000a3800000, 0x00000000a3900000, 0x00000000a3900000|100%| O|  |TAMS 0x00000000a3800000, 0x00000000a3800000| Untracked 
|  57|0x00000000a3900000, 0x00000000a3a00000, 0x00000000a3a00000|100%| O|  |TAMS 0x00000000a3a00000, 0x00000000a3900000| Untracked 
|  58|0x00000000a3a00000, 0x00000000a3b00000, 0x00000000a3b00000|100%| O|  |TAMS 0x00000000a3b00000, 0x00000000a3a00000| Untracked 
|  59|0x00000000a3b00000, 0x00000000a3c00000, 0x00000000a3c00000|100%| O|  |TAMS 0x00000000a3c00000, 0x00000000a3b00000| Untracked 
|  60|0x00000000a3c00000, 0x00000000a3d00000, 0x00000000a3d00000|100%| O|  |TAMS 0x00000000a3d00000, 0x00000000a3c00000| Untracked 
|  61|0x00000000a3d00000, 0x00000000a3e00000, 0x00000000a3e00000|100%| O|  |TAMS 0x00000000a3e00000, 0x00000000a3d00000| Untracked 
|  62|0x00000000a3e00000, 0x00000000a3f00000, 0x00000000a3f00000|100%| O|  |TAMS 0x00000000a3f00000, 0x00000000a3e00000| Untracked 
|  63|0x00000000a3f00000, 0x00000000a4000000, 0x00000000a4000000|100%| O|  |TAMS 0x00000000a4000000, 0x00000000a3f00000| Untracked 
|  64|0x00000000a4000000, 0x00000000a4100000, 0x00000000a4100000|100%| O|  |TAMS 0x00000000a4100000, 0x00000000a4000000| Untracked 
|  65|0x00000000a4100000, 0x00000000a4148600, 0x00000000a4200000| 28%| O|  |TAMS 0x00000000a4100000, 0x00000000a4100000| Untracked 
|  66|0x00000000a4200000, 0x00000000a4200000, 0x00000000a4300000|  0%| F|  |TAMS 0x00000000a4200000, 0x00000000a4200000| Untracked 
|  67|0x00000000a4300000, 0x00000000a4400000, 0x00000000a4400000|100%| O|  |TAMS 0x00000000a4400000, 0x00000000a4300000| Untracked 
|  68|0x00000000a4400000, 0x00000000a4500000, 0x00000000a4500000|100%| O|  |TAMS 0x00000000a4500000, 0x00000000a4400000| Untracked 
|  69|0x00000000a4500000, 0x00000000a4600000, 0x00000000a4600000|100%| O|  |TAMS 0x00000000a4585a00, 0x00000000a4500000| Untracked 
|  70|0x00000000a4600000, 0x00000000a4600000, 0x00000000a4700000|  0%| F|  |TAMS 0x00000000a4600000, 0x00000000a4600000| Untracked 
|  71|0x00000000a4700000, 0x00000000a4800000, 0x00000000a4800000|100%| O|  |TAMS 0x00000000a4800000, 0x00000000a4700000| Untracked 
|  72|0x00000000a4800000, 0x00000000a4900000, 0x00000000a4900000|100%| O|  |TAMS 0x00000000a4900000, 0x00000000a4800000| Untracked 
|  73|0x00000000a4900000, 0x00000000a4900000, 0x00000000a4a00000|  0%| F|  |TAMS 0x00000000a4900000, 0x00000000a4900000| Untracked 
|  74|0x00000000a4a00000, 0x00000000a4a00000, 0x00000000a4b00000|  0%| F|  |TAMS 0x00000000a4a00000, 0x00000000a4a00000| Untracked 
|  75|0x00000000a4b00000, 0x00000000a4b00000, 0x00000000a4c00000|  0%| F|  |TAMS 0x00000000a4b00000, 0x00000000a4b00000| Untracked 
|  76|0x00000000a4c00000, 0x00000000a4d00000, 0x00000000a4d00000|100%| O|  |TAMS 0x00000000a4d00000, 0x00000000a4c00000| Untracked 
|  77|0x00000000a4d00000, 0x00000000a4e00000, 0x00000000a4e00000|100%| O|  |TAMS 0x00000000a4e00000, 0x00000000a4d00000| Untracked 
|  78|0x00000000a4e00000, 0x00000000a4f00000, 0x00000000a4f00000|100%| O|  |TAMS 0x00000000a4f00000, 0x00000000a4e00000| Untracked 
|  79|0x00000000a4f00000, 0x00000000a4f00000, 0x00000000a5000000|  0%| F|  |TAMS 0x00000000a4f00000, 0x00000000a4f00000| Untracked 
|  80|0x00000000a5000000, 0x00000000a5000000, 0x00000000a5100000|  0%| F|  |TAMS 0x00000000a5000000, 0x00000000a5000000| Untracked 
|  81|0x00000000a5100000, 0x00000000a5100000, 0x00000000a5200000|  0%| F|  |TAMS 0x00000000a5100000, 0x00000000a5100000| Untracked 
|  82|0x00000000a5200000, 0x00000000a5300000, 0x00000000a5300000|100%| O|  |TAMS 0x00000000a5300000, 0x00000000a5200000| Untracked 
|  83|0x00000000a5300000, 0x00000000a5400000, 0x00000000a5400000|100%| O|  |TAMS 0x00000000a5400000, 0x00000000a5300000| Untracked 
|  84|0x00000000a5400000, 0x00000000a5400000, 0x00000000a5500000|  0%| F|  |TAMS 0x00000000a5400000, 0x00000000a5400000| Untracked 
|  85|0x00000000a5500000, 0x00000000a5500000, 0x00000000a5600000|  0%| F|  |TAMS 0x00000000a5500000, 0x00000000a5500000| Untracked 
|  86|0x00000000a5600000, 0x00000000a5600000, 0x00000000a5700000|  0%| F|  |TAMS 0x00000000a5600000, 0x00000000a5600000| Untracked 
|  87|0x00000000a5700000, 0x00000000a5700000, 0x00000000a5800000|  0%| F|  |TAMS 0x00000000a5700000, 0x00000000a5700000| Untracked 
|  88|0x00000000a5800000, 0x00000000a5900000, 0x00000000a5900000|100%| O|  |TAMS 0x00000000a5900000, 0x00000000a5800000| Untracked 
|  89|0x00000000a5900000, 0x00000000a5a00000, 0x00000000a5a00000|100%| O|  |TAMS 0x00000000a5a00000, 0x00000000a5900000| Untracked 
|  90|0x00000000a5a00000, 0x00000000a5a00000, 0x00000000a5b00000|  0%| F|  |TAMS 0x00000000a5a00000, 0x00000000a5a00000| Untracked 
|  91|0x00000000a5b00000, 0x00000000a5b00000, 0x00000000a5c00000|  0%| F|  |TAMS 0x00000000a5b00000, 0x00000000a5b00000| Untracked 
|  92|0x00000000a5c00000, 0x00000000a5d00000, 0x00000000a5d00000|100%| O|  |TAMS 0x00000000a5d00000, 0x00000000a5c00000| Untracked 
|  93|0x00000000a5d00000, 0x00000000a5d00000, 0x00000000a5e00000|  0%| F|  |TAMS 0x00000000a5d00000, 0x00000000a5d00000| Untracked 
|  94|0x00000000a5e00000, 0x00000000a5e00000, 0x00000000a5f00000|  0%| F|  |TAMS 0x00000000a5e00000, 0x00000000a5e00000| Untracked 
|  95|0x00000000a5f00000, 0x00000000a5f00000, 0x00000000a6000000|  0%| F|  |TAMS 0x00000000a5f00000, 0x00000000a5f00000| Untracked 
|  96|0x00000000a6000000, 0x00000000a6000000, 0x00000000a6100000|  0%| F|  |TAMS 0x00000000a6000000, 0x00000000a6000000| Untracked 
|  97|0x00000000a6100000, 0x00000000a6100000, 0x00000000a6200000|  0%| F|  |TAMS 0x00000000a6100000, 0x00000000a6100000| Untracked 
|  98|0x00000000a6200000, 0x00000000a6300000, 0x00000000a6300000|100%| O|  |TAMS 0x00000000a6300000, 0x00000000a6200000| Untracked 
|  99|0x00000000a6300000, 0x00000000a6400000, 0x00000000a6400000|100%| O|  |TAMS 0x00000000a6400000, 0x00000000a6300000| Untracked 
| 100|0x00000000a6400000, 0x00000000a6500000, 0x00000000a6500000|100%| O|  |TAMS 0x00000000a6500000, 0x00000000a6400000| Untracked 
| 101|0x00000000a6500000, 0x00000000a6600000, 0x00000000a6600000|100%| O|  |TAMS 0x00000000a6600000, 0x00000000a6500000| Untracked 
| 102|0x00000000a6600000, 0x00000000a6700000, 0x00000000a6700000|100%| O|  |TAMS 0x00000000a6700000, 0x00000000a6600000| Untracked 
| 103|0x00000000a6700000, 0x00000000a6700000, 0x00000000a6800000|  0%| F|  |TAMS 0x00000000a6700000, 0x00000000a6700000| Untracked 
| 104|0x00000000a6800000, 0x00000000a6900000, 0x00000000a6900000|100%| O|  |TAMS 0x00000000a6900000, 0x00000000a6800000| Untracked 
| 105|0x00000000a6900000, 0x00000000a6a00000, 0x00000000a6a00000|100%| O|  |TAMS 0x00000000a6a00000, 0x00000000a6900000| Untracked 
| 106|0x00000000a6a00000, 0x00000000a6b00000, 0x00000000a6b00000|100%| O|  |TAMS 0x00000000a6b00000, 0x00000000a6a00000| Untracked 
| 107|0x00000000a6b00000, 0x00000000a6c00000, 0x00000000a6c00000|100%| O|  |TAMS 0x00000000a6c00000, 0x00000000a6b00000| Untracked 
| 108|0x00000000a6c00000, 0x00000000a6c00000, 0x00000000a6d00000|  0%| F|  |TAMS 0x00000000a6c00000, 0x00000000a6c00000| Untracked 
| 109|0x00000000a6d00000, 0x00000000a6d00000, 0x00000000a6e00000|  0%| F|  |TAMS 0x00000000a6d00000, 0x00000000a6d00000| Untracked 
| 110|0x00000000a6e00000, 0x00000000a6f00000, 0x00000000a6f00000|100%| O|  |TAMS 0x00000000a6f00000, 0x00000000a6e00000| Untracked 
| 111|0x00000000a6f00000, 0x00000000a6f00000, 0x00000000a7000000|  0%| F|  |TAMS 0x00000000a6f00000, 0x00000000a6f00000| Untracked 
| 112|0x00000000a7000000, 0x00000000a7000000, 0x00000000a7100000|  0%| F|  |TAMS 0x00000000a7000000, 0x00000000a7000000| Untracked 
| 113|0x00000000a7100000, 0x00000000a7100000, 0x00000000a7200000|  0%| F|  |TAMS 0x00000000a7100000, 0x00000000a7100000| Untracked 
| 114|0x00000000a7200000, 0x00000000a7300000, 0x00000000a7300000|100%| O|  |TAMS 0x00000000a7300000, 0x00000000a7200000| Untracked 
| 115|0x00000000a7300000, 0x00000000a7400000, 0x00000000a7400000|100%| O|  |TAMS 0x00000000a7400000, 0x00000000a7300000| Untracked 
| 116|0x00000000a7400000, 0x00000000a7500000, 0x00000000a7500000|100%| O|  |TAMS 0x00000000a7500000, 0x00000000a7400000| Untracked 
| 117|0x00000000a7500000, 0x00000000a7500000, 0x00000000a7600000|  0%| F|  |TAMS 0x00000000a7500000, 0x00000000a7500000| Untracked 
| 118|0x00000000a7600000, 0x00000000a7600000, 0x00000000a7700000|  0%| F|  |TAMS 0x00000000a7600000, 0x00000000a7600000| Untracked 
| 119|0x00000000a7700000, 0x00000000a7700000, 0x00000000a7800000|  0%| F|  |TAMS 0x00000000a7700000, 0x00000000a7700000| Untracked 
| 120|0x00000000a7800000, 0x00000000a7800000, 0x00000000a7900000|  0%| F|  |TAMS 0x00000000a7800000, 0x00000000a7800000| Untracked 
| 121|0x00000000a7900000, 0x00000000a7900000, 0x00000000a7a00000|  0%| F|  |TAMS 0x00000000a7900000, 0x00000000a7900000| Untracked 
| 122|0x00000000a7a00000, 0x00000000a7a00000, 0x00000000a7b00000|  0%| F|  |TAMS 0x00000000a7a00000, 0x00000000a7a00000| Untracked 
| 123|0x00000000a7b00000, 0x00000000a7bffe28, 0x00000000a7c00000| 99%| S|CS|TAMS 0x00000000a7b00000, 0x00000000a7b00000| Complete 
| 124|0x00000000a7c00000, 0x00000000a7c00000, 0x00000000a7d00000|  0%| F|  |TAMS 0x00000000a7c00000, 0x00000000a7c00000| Untracked 
| 125|0x00000000a7d00000, 0x00000000a7d00000, 0x00000000a7e00000|  0%| F|  |TAMS 0x00000000a7d00000, 0x00000000a7d00000| Untracked 
| 126|0x00000000a7e00000, 0x00000000a7e00000, 0x00000000a7f00000|  0%| F|  |TAMS 0x00000000a7e00000, 0x00000000a7e00000| Untracked 
| 127|0x00000000a7f00000, 0x00000000a7f00000, 0x00000000a8000000|  0%| F|  |TAMS 0x00000000a7f00000, 0x00000000a7f00000| Untracked 
| 128|0x00000000a8000000, 0x00000000a80793e0, 0x00000000a8100000| 47%| E|  |TAMS 0x00000000a8000000, 0x00000000a8000000| Complete 
| 129|0x00000000a8100000, 0x00000000a8200000, 0x00000000a8200000|100%| E|CS|TAMS 0x00000000a8100000, 0x00000000a8100000| Complete 
| 130|0x00000000a8200000, 0x00000000a8300000, 0x00000000a8300000|100%| E|CS|TAMS 0x00000000a8200000, 0x00000000a8200000| Complete 
| 131|0x00000000a8300000, 0x00000000a8400000, 0x00000000a8400000|100%| E|CS|TAMS 0x00000000a8300000, 0x00000000a8300000| Complete 
| 132|0x00000000a8400000, 0x00000000a8500000, 0x00000000a8500000|100%| E|CS|TAMS 0x00000000a8400000, 0x00000000a8400000| Complete 
| 133|0x00000000a8500000, 0x00000000a8600000, 0x00000000a8600000|100%| E|CS|TAMS 0x00000000a8500000, 0x00000000a8500000| Complete 
| 134|0x00000000a8600000, 0x00000000a8700000, 0x00000000a8700000|100%| E|CS|TAMS 0x00000000a8600000, 0x00000000a8600000| Complete 
| 135|0x00000000a8700000, 0x00000000a8800000, 0x00000000a8800000|100%| E|CS|TAMS 0x00000000a8700000, 0x00000000a8700000| Complete 
| 136|0x00000000a8800000, 0x00000000a8900000, 0x00000000a8900000|100%| E|CS|TAMS 0x00000000a8800000, 0x00000000a8800000| Complete 
| 137|0x00000000a8900000, 0x00000000a8a00000, 0x00000000a8a00000|100%| E|CS|TAMS 0x00000000a8900000, 0x00000000a8900000| Complete 
| 138|0x00000000a8a00000, 0x00000000a8b00000, 0x00000000a8b00000|100%| E|CS|TAMS 0x00000000a8a00000, 0x00000000a8a00000| Complete 
| 139|0x00000000a8b00000, 0x00000000a8c00000, 0x00000000a8c00000|100%| E|CS|TAMS 0x00000000a8b00000, 0x00000000a8b00000| Complete 
| 140|0x00000000a8c00000, 0x00000000a8d00000, 0x00000000a8d00000|100%| E|CS|TAMS 0x00000000a8c00000, 0x00000000a8c00000| Complete 
| 141|0x00000000a8d00000, 0x00000000a8e00000, 0x00000000a8e00000|100%| E|CS|TAMS 0x00000000a8d00000, 0x00000000a8d00000| Complete 
| 142|0x00000000a8e00000, 0x00000000a8f00000, 0x00000000a8f00000|100%| E|CS|TAMS 0x00000000a8e00000, 0x00000000a8e00000| Complete 
| 143|0x00000000a8f00000, 0x00000000a9000000, 0x00000000a9000000|100%| E|CS|TAMS 0x00000000a8f00000, 0x00000000a8f00000| Complete 
| 144|0x00000000a9000000, 0x00000000a9100000, 0x00000000a9100000|100%| E|CS|TAMS 0x00000000a9000000, 0x00000000a9000000| Complete 
| 145|0x00000000a9100000, 0x00000000a9200000, 0x00000000a9200000|100%| E|CS|TAMS 0x00000000a9100000, 0x00000000a9100000| Complete 
| 146|0x00000000a9200000, 0x00000000a9300000, 0x00000000a9300000|100%| E|CS|TAMS 0x00000000a9200000, 0x00000000a9200000| Complete 
| 147|0x00000000a9300000, 0x00000000a9400000, 0x00000000a9400000|100%| E|CS|TAMS 0x00000000a9300000, 0x00000000a9300000| Complete 
| 148|0x00000000a9400000, 0x00000000a9500000, 0x00000000a9500000|100%| E|CS|TAMS 0x00000000a9400000, 0x00000000a9400000| Complete 
| 149|0x00000000a9500000, 0x00000000a9600000, 0x00000000a9600000|100%| E|CS|TAMS 0x00000000a9500000, 0x00000000a9500000| Complete 
| 150|0x00000000a9600000, 0x00000000a9700000, 0x00000000a9700000|100%| E|CS|TAMS 0x00000000a9600000, 0x00000000a9600000| Complete 
| 151|0x00000000a9700000, 0x00000000a9800000, 0x00000000a9800000|100%| E|CS|TAMS 0x00000000a9700000, 0x00000000a9700000| Complete 
| 152|0x00000000a9800000, 0x00000000a9900000, 0x00000000a9900000|100%| E|CS|TAMS 0x00000000a9800000, 0x00000000a9800000| Complete 
| 153|0x00000000a9900000, 0x00000000a9a00000, 0x00000000a9a00000|100%| E|CS|TAMS 0x00000000a9900000, 0x00000000a9900000| Complete 
| 154|0x00000000a9a00000, 0x00000000a9b00000, 0x00000000a9b00000|100%| E|CS|TAMS 0x00000000a9a00000, 0x00000000a9a00000| Complete 
| 155|0x00000000a9b00000, 0x00000000a9c00000, 0x00000000a9c00000|100%| E|CS|TAMS 0x00000000a9b00000, 0x00000000a9b00000| Complete 
| 156|0x00000000a9c00000, 0x00000000a9d00000, 0x00000000a9d00000|100%| E|CS|TAMS 0x00000000a9c00000, 0x00000000a9c00000| Complete 
| 157|0x00000000a9d00000, 0x00000000a9e00000, 0x00000000a9e00000|100%| E|CS|TAMS 0x00000000a9d00000, 0x00000000a9d00000| Complete 
| 158|0x00000000a9e00000, 0x00000000a9f00000, 0x00000000a9f00000|100%| E|CS|TAMS 0x00000000a9e00000, 0x00000000a9e00000| Complete 
| 159|0x00000000a9f00000, 0x00000000aa000000, 0x00000000aa000000|100%| E|CS|TAMS 0x00000000a9f00000, 0x00000000a9f00000| Complete 
| 160|0x00000000aa000000, 0x00000000aa100000, 0x00000000aa100000|100%| E|CS|TAMS 0x00000000aa000000, 0x00000000aa000000| Complete 
| 161|0x00000000aa100000, 0x00000000aa200000, 0x00000000aa200000|100%| E|CS|TAMS 0x00000000aa100000, 0x00000000aa100000| Complete 
| 162|0x00000000aa200000, 0x00000000aa300000, 0x00000000aa300000|100%| E|CS|TAMS 0x00000000aa200000, 0x00000000aa200000| Complete 
| 163|0x00000000aa300000, 0x00000000aa400000, 0x00000000aa400000|100%| E|CS|TAMS 0x00000000aa300000, 0x00000000aa300000| Complete 
| 164|0x00000000aa400000, 0x00000000aa500000, 0x00000000aa500000|100%| E|CS|TAMS 0x00000000aa400000, 0x00000000aa400000| Complete 
| 165|0x00000000aa500000, 0x00000000aa600000, 0x00000000aa600000|100%| E|CS|TAMS 0x00000000aa500000, 0x00000000aa500000| Complete 
| 166|0x00000000aa600000, 0x00000000aa700000, 0x00000000aa700000|100%| E|CS|TAMS 0x00000000aa600000, 0x00000000aa600000| Complete 
| 167|0x00000000aa700000, 0x00000000aa800000, 0x00000000aa800000|100%| E|CS|TAMS 0x00000000aa700000, 0x00000000aa700000| Complete 
| 168|0x00000000aa800000, 0x00000000aa900000, 0x00000000aa900000|100%| E|CS|TAMS 0x00000000aa800000, 0x00000000aa800000| Complete 
| 169|0x00000000aa900000, 0x00000000aaa00000, 0x00000000aaa00000|100%| E|CS|TAMS 0x00000000aa900000, 0x00000000aa900000| Complete 
| 170|0x00000000aaa00000, 0x00000000aab00000, 0x00000000aab00000|100%| E|CS|TAMS 0x00000000aaa00000, 0x00000000aaa00000| Complete 
| 171|0x00000000aab00000, 0x00000000aac00000, 0x00000000aac00000|100%| E|CS|TAMS 0x00000000aab00000, 0x00000000aab00000| Complete 
| 172|0x00000000aac00000, 0x00000000aad00000, 0x00000000aad00000|100%| E|CS|TAMS 0x00000000aac00000, 0x00000000aac00000| Complete 
| 173|0x00000000aad00000, 0x00000000aae00000, 0x00000000aae00000|100%| E|CS|TAMS 0x00000000aad00000, 0x00000000aad00000| Complete 
| 174|0x00000000aae00000, 0x00000000aaf00000, 0x00000000aaf00000|100%| E|CS|TAMS 0x00000000aae00000, 0x00000000aae00000| Complete 
| 175|0x00000000aaf00000, 0x00000000ab000000, 0x00000000ab000000|100%| E|CS|TAMS 0x00000000aaf00000, 0x00000000aaf00000| Complete 
| 176|0x00000000ab000000, 0x00000000ab100000, 0x00000000ab100000|100%| E|CS|TAMS 0x00000000ab000000, 0x00000000ab000000| Complete 

Card table byte_map: [0x0000019677eb0000,0x00000196781b0000] _byte_map_base: 0x00000196779b0000

Marking Bits (Prev, Next): (CMBitMap*) 0x000001966fcb7b30, (CMBitMap*) 0x000001966fcb7af0
 Prev Bits: [0x0000019679cb0000, 0x000001967b4b0000)
 Next Bits: [0x00000196784b0000, 0x0000019679cb0000)

Polling page: 0x000001966f450000

Metaspace:

Usage:
  Non-class:     84.03 MB capacity,    83.07 MB ( 99%) used,   838.70 KB ( <1%) free+waste,   135.31 KB ( <1%) overhead. 
      Class:     12.25 MB capacity,    11.87 MB ( 97%) used,   337.55 KB (  3%) free+waste,    51.50 KB ( <1%) overhead. 
       Both:     96.28 MB capacity,    94.95 MB ( 99%) used,     1.15 MB (  1%) free+waste,   186.81 KB ( <1%) overhead. 

Virtual space:
  Non-class space:       86.00 MB reserved,      84.25 MB ( 98%) committed 
      Class space:        1.00 GB reserved,      12.37 MB (  1%) committed 
             Both:        1.08 GB reserved,      96.62 MB (  9%) committed 

Chunk freelists:
   Non-Class:  38.00 KB
       Class:  27.00 KB
        Both:  65.00 KB

MaxMetaspaceSize: 17179869184.00 GB
CompressedClassSpaceSize: 1.00 GB

CodeHeap 'non-profiled nmethods': size=120064Kb used=10744Kb max_used=10744Kb free=109319Kb
 bounds [0x0000019607ac0000, 0x0000019608540000, 0x000001960f000000]
CodeHeap 'profiled nmethods': size=120000Kb used=32890Kb max_used=32890Kb free=87109Kb
 bounds [0x0000019600590000, 0x00000196025b0000, 0x0000019607ac0000]
CodeHeap 'non-nmethods': size=5696Kb used=2429Kb max_used=2473Kb free=3267Kb
 bounds [0x0000019600000000, 0x0000019600280000, 0x0000019600590000]
 total_blobs=16271 nmethods=15342 adapters=839
 compilation: enabled
              stopped_count=0, restarted_count=0
 full_count=0

Compilation events (20 events):
Event: 260.559 Thread 0x000001967d8bd590 18655       2       com.android.tools.r8.code.N0::hashCode (28 bytes)
Event: 260.559 Thread 0x000001967d8bd590 nmethod 18655 0x0000019602581110 code [0x00000196025812a0, 0x0000019602581408]
Event: 260.560 Thread 0x000001967d8bd590 18656       2       com.android.tools.r8.t.a.a.a.f.e::equals (54 bytes)
Event: 260.560 Thread 0x000001967d8bd590 nmethod 18656 0x0000019602581490 code [0x0000019602581680, 0x0000019602581968]
Event: 260.924 Thread 0x000001967d8bd590 18657       3       com.android.tools.r8.z.a.a.f::a (6058 bytes)
Event: 260.995 Thread 0x000001967d8bd590 nmethod 18657 0x0000019602581a90 code [0x0000019602583360, 0x0000019602599a08]
Event: 261.034 Thread 0x000001967d8bd590 18658       2       com.android.tools.r8.graph.J$a::hashCode (10 bytes)
Event: 261.034 Thread 0x000001967d8bd590 nmethod 18658 0x00000196025a4510 code [0x00000196025a46a0, 0x00000196025a4798]
Event: 261.034 Thread 0x000001967d8bd590 18659       2       com.android.tools.r8.ir.conversion.N::d (54 bytes)
Event: 261.036 Thread 0x000001967d8bd590 nmethod 18659 0x00000196025a4810 code [0x00000196025a49e0, 0x00000196025a4c58]
Event: 261.067 Thread 0x000001967d8bd590 18660       2       java.lang.management.ManagementFactory::platformComponents (9 bytes)
Event: 261.067 Thread 0x000001967d8bd590 nmethod 18660 0x00000196025a4e10 code [0x00000196025a4fc0, 0x00000196025a51f8]
Event: 261.157 Thread 0x000001967d8bd590 18661       2       com.android.tools.r8.ir.optimize.j0::a (118 bytes)
Event: 261.159 Thread 0x000001967d8bd590 nmethod 18661 0x00000196025a5310 code [0x00000196025a5560, 0x00000196025a5bd8]
Event: 261.189 Thread 0x000001967d8bd590 18662       2       com.android.tools.r8.graph.U::a (46 bytes)
Event: 261.190 Thread 0x000001967d8bd590 nmethod 18662 0x00000196025a6110 code [0x00000196025a62c0, 0x00000196025a64b8]
Event: 261.230 Thread 0x000001967d8bd590 18663       2       com.android.tools.r8.q.a.a.b.u0::<init> (5 bytes)
Event: 261.230 Thread 0x000001967d8bd590 nmethod 18663 0x00000196025a6610 code [0x00000196025a67a0, 0x00000196025a6898]
Event: 261.329 Thread 0x000001967d8bd590 18664       2       com.android.tools.r8.s.b.e1::a (213 bytes)
Event: 261.331 Thread 0x000001967d8bd590 nmethod 18664 0x00000196025a6910 code [0x00000196025a6bc0, 0x00000196025a75a8]

GC Heap History (20 events):
Event: 219.340 GC heap before
{Heap before GC invocations=66 (full 0):
 garbage-first heap   total 167936K, used 133120K [0x00000000a0000000, 0x0000000100000000)
  region size 1024K, 33 young (33792K), 2 survivors (2048K)
 Metaspace       used 87076K, capacity 88424K, committed 88572K, reserved 1126400K
  class space    used 10828K, capacity 11193K, committed 11260K, reserved 1048576K
}
Event: 219.373 GC heap after
{Heap after GC invocations=67 (full 0):
 garbage-first heap   total 167936K, used 103355K [0x00000000a0000000, 0x0000000100000000)
  region size 1024K, 4 young (4096K), 4 survivors (4096K)
 Metaspace       used 87076K, capacity 88424K, committed 88572K, reserved 1126400K
  class space    used 10828K, capacity 11193K, committed 11260K, reserved 1048576K
}
Event: 230.362 GC heap before
{Heap before GC invocations=68 (full 0):
 garbage-first heap   total 174080K, used 135099K [0x00000000a0000000, 0x0000000100000000)
  region size 1024K, 36 young (36864K), 4 survivors (4096K)
 Metaspace       used 87566K, capacity 88948K, committed 89212K, reserved 1126400K
  class space    used 10846K, capacity 11259K, committed 11388K, reserved 1048576K
}
Event: 230.411 GC heap after
{Heap after GC invocations=69 (full 0):
 garbage-first heap   total 174080K, used 105156K [0x00000000a0000000, 0x0000000100000000)
  region size 1024K, 4 young (4096K), 4 survivors (4096K)
 Metaspace       used 87566K, capacity 88948K, committed 89212K, reserved 1126400K
  class space    used 10846K, capacity 11259K, committed 11388K, reserved 1048576K
}
Event: 234.789 GC heap before
{Heap before GC invocations=69 (full 0):
 garbage-first heap   total 174080K, used 142020K [0x00000000a0000000, 0x0000000100000000)
  region size 1024K, 41 young (41984K), 4 survivors (4096K)
 Metaspace       used 87604K, capacity 88948K, committed 89212K, reserved 1126400K
  class space    used 10849K, capacity 11259K, committed 11388K, reserved 1048576K
}
Event: 234.820 GC heap after
{Heap after GC invocations=70 (full 0):
 garbage-first heap   total 174080K, used 106783K [0x00000000a0000000, 0x0000000100000000)
  region size 1024K, 4 young (4096K), 4 survivors (4096K)
 Metaspace       used 87604K, capacity 88948K, committed 89212K, reserved 1126400K
  class space    used 10849K, capacity 11259K, committed 11388K, reserved 1048576K
}
Event: 240.676 GC heap before
{Heap before GC invocations=71 (full 0):
 garbage-first heap   total 181248K, used 143647K [0x00000000a0000000, 0x0000000100000000)
  region size 1024K, 41 young (41984K), 4 survivors (4096K)
 Metaspace       used 91016K, capacity 92388K, committed 92668K, reserved 1130496K
  class space    used 11327K, capacity 11744K, committed 11772K, reserved 1048576K
}
Event: 240.717 GC heap after
{Heap after GC invocations=72 (full 0):
 garbage-first heap   total 181248K, used 111958K [0x00000000a0000000, 0x0000000100000000)
  region size 1024K, 6 young (6144K), 6 survivors (6144K)
 Metaspace       used 91016K, capacity 92388K, committed 92668K, reserved 1130496K
  class space    used 11327K, capacity 11744K, committed 11772K, reserved 1048576K
}
Event: 240.779 GC heap before
{Heap before GC invocations=72 (full 0):
 garbage-first heap   total 181248K, used 114006K [0x00000000a0000000, 0x0000000100000000)
  region size 1024K, 8 young (8192K), 6 survivors (6144K)
 Metaspace       used 91167K, capacity 92581K, committed 92668K, reserved 1130496K
  class space    used 11342K, capacity 11744K, committed 11772K, reserved 1048576K
}
Event: 240.856 GC heap after
{Heap after GC invocations=73 (full 0):
 garbage-first heap   total 181248K, used 102383K [0x00000000a0000000, 0x0000000100000000)
  region size 1024K, 1 young (1024K), 1 survivors (1024K)
 Metaspace       used 91167K, capacity 92581K, committed 92668K, reserved 1130496K
  class space    used 11342K, capacity 11744K, committed 11772K, reserved 1048576K
}
Event: 247.151 GC heap before
{Heap before GC invocations=73 (full 0):
 garbage-first heap   total 181248K, used 147439K [0x00000000a0000000, 0x0000000100000000)
  region size 1024K, 45 young (46080K), 1 survivors (1024K)
 Metaspace       used 96034K, capacity 97411K, committed 97532K, reserved 1134592K
  class space    used 12044K, capacity 12458K, committed 12540K, reserved 1048576K
}
Event: 247.183 GC heap after
{Heap after GC invocations=74 (full 0):
 garbage-first heap   total 181248K, used 104269K [0x00000000a0000000, 0x0000000100000000)
  region size 1024K, 3 young (3072K), 3 survivors (3072K)
 Metaspace       used 96034K, capacity 97411K, committed 97532K, reserved 1134592K
  class space    used 12044K, capacity 12458K, committed 12540K, reserved 1048576K
}
Event: 252.683 GC heap before
{Heap before GC invocations=75 (full 0):
 garbage-first heap   total 181248K, used 149325K [0x00000000a0000000, 0x0000000100000000)
  region size 1024K, 47 young (48128K), 3 survivors (3072K)
 Metaspace       used 96502K, capacity 97875K, committed 98044K, reserved 1134592K
  class space    used 12078K, capacity 12482K, committed 12540K, reserved 1048576K
}
Event: 252.704 GC heap after
{Heap after GC invocations=76 (full 0):
 garbage-first heap   total 181248K, used 105173K [0x00000000a0000000, 0x0000000100000000)
  region size 1024K, 4 young (4096K), 4 survivors (4096K)
 Metaspace       used 96502K, capacity 97875K, committed 98044K, reserved 1134592K
  class space    used 12078K, capacity 12482K, committed 12540K, reserved 1048576K
}
Event: 253.058 GC heap before
{Heap before GC invocations=76 (full 0):
 garbage-first heap   total 181248K, used 109269K [0x00000000a0000000, 0x0000000100000000)
  region size 1024K, 8 young (8192K), 4 survivors (4096K)
 Metaspace       used 96713K, capacity 98006K, committed 98300K, reserved 1134592K
  class space    used 12102K, capacity 12483K, committed 12540K, reserved 1048576K
}
Event: 253.113 GC heap after
{Heap after GC invocations=77 (full 0):
 garbage-first heap   total 181248K, used 90237K [0x00000000a0000000, 0x0000000100000000)
  region size 1024K, 1 young (1024K), 1 survivors (1024K)
 Metaspace       used 96713K, capacity 98006K, committed 98300K, reserved 1134592K
  class space    used 12102K, capacity 12483K, committed 12540K, reserved 1048576K
}
Event: 256.146 GC heap before
{Heap before GC invocations=77 (full 0):
 garbage-first heap   total 181248K, used 148605K [0x00000000a0000000, 0x0000000100000000)
  region size 1024K, 58 young (59392K), 1 survivors (1024K)
 Metaspace       used 97067K, capacity 98428K, committed 98684K, reserved 1134592K
  class space    used 12145K, capacity 12516K, committed 12668K, reserved 1048576K
}
Event: 256.174 GC heap after
{Heap after GC invocations=78 (full 0):
 garbage-first heap   total 181248K, used 94447K [0x00000000a0000000, 0x0000000100000000)
  region size 1024K, 5 young (5120K), 5 survivors (5120K)
 Metaspace       used 97067K, capacity 98428K, committed 98684K, reserved 1134592K
  class space    used 12145K, capacity 12516K, committed 12668K, reserved 1048576K
}
Event: 259.321 GC heap before
{Heap before GC invocations=79 (full 0):
 garbage-first heap   total 181248K, used 148719K [0x00000000a0000000, 0x0000000100000000)
  region size 1024K, 58 young (59392K), 5 survivors (5120K)
 Metaspace       used 97147K, capacity 98495K, committed 98684K, reserved 1134592K
  class space    used 12147K, capacity 12517K, committed 12668K, reserved 1048576K
}
Event: 259.340 GC heap after
{Heap after GC invocations=80 (full 0):
 garbage-first heap   total 181248K, used 94497K [0x00000000a0000000, 0x0000000100000000)
  region size 1024K, 1 young (1024K), 1 survivors (1024K)
 Metaspace       used 97147K, capacity 98495K, committed 98684K, reserved 1134592K
  class space    used 12147K, capacity 12517K, committed 12668K, reserved 1048576K
}

Deoptimization events (20 events):
Event: 259.745 Thread 0x000001967f7725a0 DEOPT PACKING pc=0x00000196084bc908 sp=0x0000000ac2cf9ef0
Event: 259.745 Thread 0x000001967f7725a0 DEOPT UNPACKING pc=0x000001960004e12f sp=0x0000000ac2cf9e80 mode 2
Event: 259.943 Thread 0x000001967f7725a0 DEOPT PACKING pc=0x00000196024d5007 sp=0x0000000ac2cf9f40
Event: 259.943 Thread 0x000001967f7725a0 DEOPT UNPACKING pc=0x000001960004df3f sp=0x0000000ac2cf9488 mode 0
Event: 259.976 Thread 0x000001967f7725a0 DEOPT PACKING pc=0x0000019602325af2 sp=0x0000000ac2cfa560
Event: 259.976 Thread 0x000001967f7725a0 DEOPT UNPACKING pc=0x000001960004df3f sp=0x0000000ac2cf9c08 mode 0
Event: 260.030 Thread 0x000001967e66f550 DEOPT PACKING pc=0x000001960252e13e sp=0x0000000ac2bfaa10
Event: 260.030 Thread 0x000001967e66f550 DEOPT UNPACKING pc=0x000001960004df3f sp=0x0000000ac2bf9e88 mode 0
Event: 260.101 Thread 0x000001967f7725a0 DEOPT PACKING pc=0x00000196021ce986 sp=0x0000000ac2cfa0a0
Event: 260.101 Thread 0x000001967f7725a0 DEOPT UNPACKING pc=0x000001960004df3f sp=0x0000000ac2cf9718 mode 0
Event: 260.552 Thread 0x000001967f7725a0 Uncommon trap: trap_request=0xffffff45 fr.pc=0x00000196084b2258 relative=0x0000000000000af8
Event: 260.552 Thread 0x000001967f7725a0 Uncommon trap: reason=unstable_if action=reinterpret pc=0x00000196084b2258 method=com.android.tools.r8.t.a.a.a.f.X$e.contains(Ljava/lang/Object;)Z @ 124 c2
Event: 260.552 Thread 0x000001967f7725a0 DEOPT PACKING pc=0x00000196084b2258 sp=0x0000000ac2cf9f80
Event: 260.552 Thread 0x000001967f7725a0 DEOPT UNPACKING pc=0x000001960004e12f sp=0x0000000ac2cf9e68 mode 2
Event: 260.557 Thread 0x000001967f7725a0 DEOPT PACKING pc=0x000001960232c80e sp=0x0000000ac2cfa1e0
Event: 260.557 Thread 0x000001967f7725a0 DEOPT UNPACKING pc=0x000001960004df3f sp=0x0000000ac2cf96e0 mode 0
Event: 261.008 Thread 0x000001967f7725a0 DEOPT PACKING pc=0x00000196024c63fe sp=0x0000000ac2cfa000
Event: 261.009 Thread 0x000001967f7725a0 DEOPT UNPACKING pc=0x000001960004df3f sp=0x0000000ac2cf9788 mode 0
Event: 261.075 Thread 0x000001967e66f550 DEOPT PACKING pc=0x000001960252e13e sp=0x0000000ac2bfaa10
Event: 261.076 Thread 0x000001967e66f550 DEOPT UNPACKING pc=0x000001960004df3f sp=0x0000000ac2bf9e88 mode 0

Classes unloaded (20 events):
Event: 247.660 Thread 0x000001966fd49ec0 Unloading class 0x0000000801552180 'androidx/room/processor/MissingTypeException'
Event: 247.660 Thread 0x000001966fd49ec0 Unloading class 0x0000000801551b78 'androidx/room/RoomProcessor$DatabaseProcessingStep'
Event: 247.660 Thread 0x000001966fd49ec0 Unloading class 0x0000000801551980 'com/google/auto/common/BasicAnnotationProcessor$ProcessingStep'
Event: 247.660 Thread 0x000001966fd49ec0 Unloading class 0x00000008015516f0 'com/google/common/collect/LinkedHashMultimap$ValueEntry'
Event: 247.660 Thread 0x000001966fd49ec0 Unloading class 0x0000000801551498 'com/google/common/collect/ImmutableEntry'
Event: 247.660 Thread 0x000001966fd49ec0 Unloading class 0x0000000801551248 'com/google/common/collect/AbstractMapEntry'
Event: 247.660 Thread 0x000001966fd49ec0 Unloading class 0x0000000801551050 'com/google/common/collect/LinkedHashMultimap$ValueSetLink'
Event: 247.660 Thread 0x000001966fd49ec0 Unloading class 0x0000000801550e50 'com/google/common/collect/CollectPreconditions'
Event: 247.660 Thread 0x000001966fd49ec0 Unloading class 0x0000000801550c50 'com/google/common/base/Preconditions'
Event: 247.660 Thread 0x000001966fd49ec0 Unloading class 0x0000000801550a58 'com/google/common/collect/Multiset'
Event: 247.660 Thread 0x000001966fd49ec0 Unloading class 0x0000000801550548 'com/google/common/collect/LinkedHashMultimap'
Event: 247.660 Thread 0x000001966fd49ec0 Unloading class 0x0000000801550040 'com/google/common/collect/LinkedHashMultimapGwtSerializationDependencies'
Event: 247.660 Thread 0x000001966fd49ec0 Unloading class 0x00000008014e4040 'com/google/common/collect/AbstractSetMultimap'
Event: 247.660 Thread 0x000001966fd49ec0 Unloading class 0x00000008014e4840 'com/google/common/collect/AbstractMapBasedMultimap'
Event: 247.660 Thread 0x000001966fd49ec0 Unloading class 0x00000008014e5430 'com/google/common/collect/AbstractMultimap'
Event: 247.660 Thread 0x000001966fd49ec0 Unloading class 0x00000008014e5238 'com/google/common/base/Function'
Event: 247.660 Thread 0x000001966fd49ec0 Unloading class 0x00000008014e5040 'com/google/common/collect/SetMultimap'
Event: 247.660 Thread 0x000001966fd49ec0 Unloading class 0x00000008014e5d70 'com/google/common/collect/Multimap'
Event: 247.660 Thread 0x000001966fd49ec0 Unloading class 0x00000008014e5ad8 'androidx/room/RoomProcessor'
Event: 247.660 Thread 0x000001966fd49ec0 Unloading class 0x00000008014e5840 'com/google/auto/common/BasicAnnotationProcessor'

Classes redefined (0 events):
No events

Internal exceptions (20 events):
Event: 238.448 Thread 0x000001967e66f550 Exception <a 'sun/nio/fs/WindowsException'{0x00000000a9c85440}> (0x00000000a9c85440) 
thrown [./open/src/hotspot/share/prims/jni.cpp, line 578]
Event: 239.206 Thread 0x000001967f7725a0 Exception <a 'java/lang/NoSuchMethodError'{0x00000000a9881b78}: 'java.lang.Object java.lang.invoke.DirectMethodHandle$Holder.invokeStatic(java.lang.Object, java.lang.Object, java.lang.Object, java.lang.Object, java.lang.Object, java.lang.Object, java.lang.Object, java.lang.Object, java.lang.Object, java.lang.Object, java.lang.Object, java.lang.Object, java.lang.Object, java.lang.Object, java.lang.Object, java.lang.Object, java.lang.Object, int, java.lang.Object)'> (0x00000000a9881b78) 
thrown [./open/src/h
Event: 239.207 Thread 0x000001967f7725a0 Exception <a 'java/lang/NoSuchMethodError'{0x00000000a9887a90}: 'java.lang.Object java.lang.invoke.DirectMethodHandle$Holder.invokeStaticInit(java.lang.Object, java.lang.Object, java.lang.Object, java.lang.Object, java.lang.Object, java.lang.Object, java.lang.Object, java.lang.Object, java.lang.Object, java.lang.Object, java.lang.Object, java.lang.Object, java.lang.Object, java.lang.Object, java.lang.Object, java.lang.Object, java.lang.Object, int, java.lang.Object)'> (0x00000000a9887a90) 
thrown [./open/s
Event: 239.890 Thread 0x000001967f7725a0 Exception <a 'java/lang/NoSuchMethodError'{0x00000000a9200890}: 'void java.lang.invoke.DirectMethodHandle$Holder.invokeStatic(java.lang.Object, java.lang.Object, java.lang.Object, int)'> (0x00000000a9200890) 
thrown [./open/src/hotspot/share/interpreter/linkResolver.cpp, line 782]
Event: 239.894 Thread 0x000001967f7725a0 Exception <a 'java/lang/IncompatibleClassChangeError'{0x00000000a920a738}: Found class java.lang.Object, but interface was expected> (0x00000000a920a738) 
thrown [./open/src/hotspot/share/interpreter/linkResolver.cpp, line 848]
Event: 241.389 Thread 0x000001967f7725a0 Exception <a 'java/lang/NoSuchMethodError'{0x00000000aa838708}: 'void java.lang.invoke.DirectMethodHandle$Holder.invokeStaticInit(java.lang.Object, java.lang.Object, java.lang.Object, java.lang.Object, java.lang.Object)'> (0x00000000aa838708) 
thrown [./open/src/hotspot/share/interpreter/linkResolver.cpp, line 782]
Event: 241.499 Thread 0x000001967f7725a0 Exception <a 'java/lang/NoSuchMethodError'{0x00000000aa83f5a8}: 'java.lang.Object java.lang.invoke.DirectMethodHandle$Holder.invokeStatic(java.lang.Object, int, java.lang.Object, java.lang.Object)'> (0x00000000aa83f5a8) 
thrown [./open/src/hotspot/share/interpreter/linkResolver.cpp, line 782]
Event: 241.646 Thread 0x000001967f7725a0 Exception <a 'java/lang/NoSuchMethodError'{0x00000000aa303b90}: 'long java.lang.invoke.DirectMethodHandle$Holder.invokeStatic(java.lang.Object, java.lang.Object)'> (0x00000000aa303b90) 
thrown [./open/src/hotspot/share/interpreter/linkResolver.cpp, line 782]
Event: 241.734 Thread 0x000001967f7725a0 Exception <a 'java/lang/NoSuchMethodError'{0x00000000aa329630}: 'void java.lang.invoke.DirectMethodHandle$Holder.invokeSpecial(java.lang.Object, java.lang.Object, int, java.lang.Object)'> (0x00000000aa329630) 
thrown [./open/src/hotspot/share/interpreter/linkResolver.cpp, line 782]
Event: 242.496 Thread 0x000001967f7725a0 Exception <a 'java/lang/NoSuchMethodError'{0x00000000a9f2eb80}: 'java.lang.Object java.lang.invoke.DirectMethodHandle$Holder.invokeVirtual(java.lang.Object, java.lang.Object, int, java.lang.Object)'> (0x00000000a9f2eb80) 
thrown [./open/src/hotspot/share/interpreter/linkResolver.cpp, line 782]
Event: 242.804 Thread 0x000001967e66f550 Exception <a 'java/lang/NoSuchMethodError'{0x00000000a9e59660}: 'void java.lang.invoke.DirectMethodHandle$Holder.invokeVirtual(java.lang.Object, java.lang.Object, int, java.lang.Object)'> (0x00000000a9e59660) 
thrown [./open/src/hotspot/share/interpreter/linkResolver.cpp, line 782]
Event: 243.659 Thread 0x000001967f7725a0 Exception <a 'java/lang/NoSuchMethodError'{0x00000000a9b81160}: 'int java.lang.invoke.DirectMethodHandle$Holder.invokeSpecial(java.lang.Object, java.lang.Object, java.lang.Object, int)'> (0x00000000a9b81160) 
thrown [./open/src/hotspot/share/interpreter/linkResolver.cpp, line 782]
Event: 244.787 Thread 0x000001967f7725a0 Exception <a 'java/lang/NoSuchMethodError'{0x00000000a972b1b8}: 'java.lang.Object java.lang.invoke.DirectMethodHandle$Holder.invokeInterface(java.lang.Object, java.lang.Object, int)'> (0x00000000a972b1b8) 
thrown [./open/src/hotspot/share/interpreter/linkResolver.cpp, line 782]
Event: 246.544 Thread 0x000001967e66f550 Exception <a 'java/lang/NoSuchMethodError'{0x00000000a89ea450}: 'int java.lang.invoke.DirectMethodHandle$Holder.invokeStatic(java.lang.Object, java.lang.Object, int)'> (0x00000000a89ea450) 
thrown [./open/src/hotspot/share/interpreter/linkResolver.cpp, line 782]
Event: 248.162 Thread 0x000001967f7725a0 Implicit null exception at 0x000001960846046d to 0x0000019608460558
Event: 252.857 Thread 0x000001967f7725a0 Exception <a 'java/lang/NoSuchMethodError'{0x00000000aae8cec0}: 'void java.lang.invoke.DirectMethodHandle$Holder.invokeVirtual(java.lang.Object, java.lang.Object, int)'> (0x00000000aae8cec0) 
thrown [./open/src/hotspot/share/interpreter/linkResolver.cpp, line 782]
Event: 253.292 Thread 0x000001967f7725a0 Exception <a 'sun/nio/fs/WindowsException'{0x00000000aab05580}> (0x00000000aab05580) 
thrown [./open/src/hotspot/share/prims/jni.cpp, line 578]
Event: 255.233 Thread 0x000001967f7725a0 Exception <a 'sun/nio/fs/WindowsException'{0x00000000a8a54250}> (0x00000000a8a54250) 
thrown [./open/src/hotspot/share/prims/jni.cpp, line 578]
Event: 257.480 Thread 0x000001967f7725a0 Implicit null exception at 0x0000019608516cd0 to 0x00000196085172a8
Event: 257.677 Thread 0x000001967f7725a0 Exception <a 'java/lang/NoSuchMethodError'{0x00000000a951b588}: 'int java.lang.invoke.DirectMethodHandle$Holder.invokeInterface(java.lang.Object, java.lang.Object, int)'> (0x00000000a951b588) 
thrown [./open/src/hotspot/share/interpreter/linkResolver.cpp, line 782]

Events (20 events):
Event: 252.641 Executing VM operation: G1CollectForAllocation
Event: 252.747 Executing VM operation: G1CollectForAllocation done
Event: 252.861 loading class java/nio/ByteBufferAsShortBufferL
Event: 252.862 loading class java/nio/ShortBuffer
Event: 252.885 loading class java/nio/ShortBuffer done
Event: 252.886 loading class java/nio/ByteBufferAsShortBufferL done
Event: 253.058 Executing VM operation: G1CollectForAllocation
Event: 253.113 Executing VM operation: G1CollectForAllocation done
Event: 253.221 loading class java/util/zip/Adler32
Event: 253.221 loading class java/util/zip/Adler32 done
Event: 253.268 Executing VM operation: HandshakeAllThreads
Event: 253.274 Executing VM operation: HandshakeAllThreads done
Event: 256.142 Executing VM operation: G1CollectForAllocation
Event: 256.273 Executing VM operation: G1CollectForAllocation done
Event: 256.628 Executing VM operation: G1Concurrent
Event: 256.656 Executing VM operation: G1Concurrent done
Event: 256.862 Executing VM operation: G1Concurrent
Event: 256.863 Executing VM operation: G1Concurrent done
Event: 258.990 Executing VM operation: G1CollectForAllocation
Event: 259.384 Executing VM operation: G1CollectForAllocation done


Dynamic libraries:
0x00007ff74cbc0000 - 0x00007ff74cbcf000 	C:\Program Files\Java\jdk-15.0.1\bin\java.exe
0x00007ffab7540000 - 0x00007ffab7730000 	C:\Windows\SYSTEM32\ntdll.dll
0x00007ffab7040000 - 0x00007ffab70f2000 	C:\Windows\System32\KERNEL32.DLL
0x00007ffab4e00000 - 0x00007ffab50a5000 	C:\Windows\System32\KERNELBASE.dll
0x00007ffab54f0000 - 0x00007ffab55ea000 	C:\Windows\System32\ucrtbase.dll
0x00007ffa9c230000 - 0x00007ffa9c248000 	C:\Program Files\Java\jdk-15.0.1\bin\jli.dll
0x00007ffab6430000 - 0x00007ffab64d3000 	C:\Windows\System32\ADVAPI32.dll
0x00007ffab7250000 - 0x00007ffab72ee000 	C:\Windows\System32\msvcrt.dll
0x00007ffab55f0000 - 0x00007ffab5687000 	C:\Windows\System32\sechost.dll
0x00007ffab6140000 - 0x00007ffab6260000 	C:\Windows\System32\RPCRT4.dll
0x00007ffab72f0000 - 0x00007ffab7484000 	C:\Windows\System32\USER32.dll
0x00007ffab5370000 - 0x00007ffab5391000 	C:\Windows\System32\win32u.dll
0x00007ffab64e0000 - 0x00007ffab6506000 	C:\Windows\System32\GDI32.dll
0x00007ffab51d0000 - 0x00007ffab5366000 	C:\Windows\System32\gdi32full.dll
0x00007ffab4570000 - 0x00007ffab460e000 	C:\Windows\System32\msvcp_win.dll
0x00007ffaa77c0000 - 0x00007ffaa7a44000 	C:\Windows\WinSxS\amd64_microsoft.windows.common-controls_6595b64144ccf1df_6.0.18362.1198_none_9e820b57e45ad92f\COMCTL32.dll
0x00007ffab5e00000 - 0x00007ffab6135000 	C:\Windows\System32\combase.dll
0x00007ffab5100000 - 0x00007ffab5180000 	C:\Windows\System32\bcryptPrimitives.dll
0x00007ffab2ee0000 - 0x00007ffab2eea000 	C:\Windows\SYSTEM32\VERSION.dll
0x00007ffa9b000000 - 0x00007ffa9b019000 	C:\Program Files\Java\jdk-15.0.1\bin\VCRUNTIME140.dll
0x00007ffab7100000 - 0x00007ffab712e000 	C:\Windows\System32\IMM32.DLL
0x00007ffaa0380000 - 0x00007ffaa038c000 	C:\Program Files\Java\jdk-15.0.1\bin\vcruntime140_1.dll
0x00007ffa916c0000 - 0x00007ffa91751000 	C:\Program Files\Java\jdk-15.0.1\bin\msvcp140.dll
0x00007ffa7c110000 - 0x00007ffa7cc6e000 	C:\Program Files\Java\jdk-15.0.1\bin\server\jvm.dll
0x00007ffab6260000 - 0x00007ffab6268000 	C:\Windows\System32\PSAPI.DLL
0x00007ffaaeb00000 - 0x00007ffaaeb09000 	C:\Windows\SYSTEM32\WSOCK32.dll
0x00007ffab6910000 - 0x00007ffab697f000 	C:\Windows\System32\WS2_32.dll
0x00007ffab1d20000 - 0x00007ffab1d44000 	C:\Windows\SYSTEM32\WINMM.dll
0x00007ffab1cf0000 - 0x00007ffab1d1d000 	C:\Windows\SYSTEM32\WINMMBASE.dll
0x00007ffab50b0000 - 0x00007ffab50fa000 	C:\Windows\System32\cfgmgr32.dll
0x00007ffab4420000 - 0x00007ffab4431000 	C:\Windows\System32\kernel.appcore.dll
0x00007ffaa0330000 - 0x00007ffaa033a000 	C:\Program Files\Java\jdk-15.0.1\bin\jimage.dll
0x00007ffaa35f0000 - 0x00007ffaa37e4000 	C:\Windows\SYSTEM32\DBGHELP.DLL
0x00007ffaa3370000 - 0x00007ffaa339a000 	C:\Windows\SYSTEM32\dbgcore.DLL
0x00007ffa98c30000 - 0x00007ffa98c55000 	C:\Program Files\Java\jdk-15.0.1\bin\java.dll
0x00007ffab5690000 - 0x00007ffab5d77000 	C:\Windows\System32\SHELL32.dll
0x00007ffab6f90000 - 0x00007ffab7039000 	C:\Windows\System32\shcore.dll
0x00007ffab4610000 - 0x00007ffab4d91000 	C:\Windows\System32\windows.storage.dll
0x00007ffab4490000 - 0x00007ffab44b3000 	C:\Windows\System32\profapi.dll
0x00007ffab4440000 - 0x00007ffab448a000 	C:\Windows\System32\powrprof.dll
0x00007ffab43f0000 - 0x00007ffab4400000 	C:\Windows\System32\UMPDC.dll
0x00007ffab71f0000 - 0x00007ffab7242000 	C:\Windows\System32\shlwapi.dll
0x00007ffab5180000 - 0x00007ffab5197000 	C:\Windows\System32\cryptsp.dll
0x00007ffa99ef0000 - 0x00007ffa99f09000 	C:\Program Files\Java\jdk-15.0.1\bin\net.dll
0x00007ffaac280000 - 0x00007ffaac370000 	C:\Windows\SYSTEM32\WINHTTP.dll
0x00007ffab3c40000 - 0x00007ffab3ca7000 	C:\Windows\system32\mswsock.dll
0x00007ffa98c10000 - 0x00007ffa98c22000 	C:\Program Files\Java\jdk-15.0.1\bin\nio.dll
0x00007ffa970e0000 - 0x00007ffa970f8000 	C:\Program Files\Java\jdk-15.0.1\bin\zip.dll
0x00007ffa9f080000 - 0x00007ffa9f090000 	C:\Program Files\Java\jdk-15.0.1\bin\verify.dll
0x00007ffa99bc0000 - 0x00007ffa99be7000 	C:\Users\Abdulla\.gradle\native\f6784746aeab05261644944871eae4fe03e0ef1612fff0a4a95f87b438bc6780\windows-amd64\native-platform.dll
0x00007ffa9ed40000 - 0x00007ffa9ed49000 	C:\Program Files\Java\jdk-15.0.1\bin\management.dll
0x00007ffa9eb90000 - 0x00007ffa9eb9b000 	C:\Program Files\Java\jdk-15.0.1\bin\management_ext.dll
0x00007ffab37b0000 - 0x00007ffab37e3000 	C:\Windows\system32\rsaenh.dll
0x00007ffab51a0000 - 0x00007ffab51c6000 	C:\Windows\System32\bcrypt.dll
0x00007ffab42d0000 - 0x00007ffab42f5000 	C:\Windows\SYSTEM32\USERENV.dll
0x00007ffab3e10000 - 0x00007ffab3e1c000 	C:\Windows\SYSTEM32\CRYPTBASE.dll
0x00007ffab3950000 - 0x00007ffab398a000 	C:\Windows\SYSTEM32\IPHLPAPI.DLL
0x00007ffab6720000 - 0x00007ffab6728000 	C:\Windows\System32\NSI.dll
0x00007ffaac620000 - 0x00007ffaac636000 	C:\Windows\SYSTEM32\dhcpcsvc6.DLL
0x00007ffaac7d0000 - 0x00007ffaac7ec000 	C:\Windows\SYSTEM32\dhcpcsvc.DLL
0x00007ffab39a0000 - 0x00007ffab3a6b000 	C:\Windows\SYSTEM32\DNSAPI.dll
0x00007ffaacab0000 - 0x00007ffaacabb000 	C:\Windows\SYSTEM32\WINNSI.DLL

dbghelp: loaded successfully - version: 4.0.5 - missing functions: none
symbol engine: initialized successfully - sym options: 0x614 - pdb path: .;C:\Program Files\Java\jdk-15.0.1\bin;C:\Windows\SYSTEM32;C:\Windows\WinSxS\amd64_microsoft.windows.common-controls_6595b64144ccf1df_6.0.18362.1198_none_9e820b57e45ad92f;C:\Program Files\Java\jdk-15.0.1\bin\server;C:\Users\Abdulla\.gradle\native\f6784746aeab05261644944871eae4fe03e0ef1612fff0a4a95f87b438bc6780\windows-amd64

VM Arguments:
jvm_args: --add-opens=java.base/java.util=ALL-UNNAMED --add-opens=java.base/java.lang=ALL-UNNAMED --add-opens=java.base/java.lang.invoke=ALL-UNNAMED --add-opens=java.prefs/java.util.prefs=ALL-UNNAMED -Xmx1536m -Dfile.encoding=windows-1256 -Duser.country=US -Duser.language=en -Duser.variant 
java_command: org.gradle.launcher.daemon.bootstrap.GradleDaemon 6.5
java_class_path (initial): C:\Users\Abdulla\.gradle\wrapper\dists\gradle-6.5-all\2oz4ud9k3tuxjg84bbf55q0tn\gradle-6.5\lib\gradle-launcher-6.5.jar
Launcher Type: SUN_STANDARD

[Global flags]
     intx CICompilerCount                          = 2                                         {product} {ergonomic}
     uint ConcGCThreads                            = 1                                         {product} {ergonomic}
     uint G1ConcRefinementThreads                  = 2                                         {product} {ergonomic}
   size_t G1HeapRegionSize                         = 1048576                                   {product} {ergonomic}
    uintx GCDrainStackTargetSize                   = 64                                        {product} {ergonomic}
   size_t InitialHeapSize                          = 121634816                                 {product} {ergonomic}
   size_t MarkStackSize                            = 4194304                                   {product} {ergonomic}
   size_t MaxHeapSize                              = 1610612736                                {product} {command line}
   size_t MaxNewSize                               = 965738496                                 {product} {ergonomic}
   size_t MinHeapDeltaBytes                        = 1048576                                   {product} {ergonomic}
   size_t MinHeapSize                              = 8388608                                   {product} {ergonomic}
    uintx NonNMethodCodeHeapSize                   = 5826188                                {pd product} {ergonomic}
    uintx NonProfiledCodeHeapSize                  = 122916026                              {pd product} {ergonomic}
    uintx ProfiledCodeHeapSize                     = 122916026                              {pd product} {ergonomic}
    uintx ReservedCodeCacheSize                    = 251658240                              {pd product} {ergonomic}
     bool SegmentedCodeCache                       = true                                      {product} {ergonomic}
   size_t SoftMaxHeapSize                          = 1610612736                             {manageable} {ergonomic}
     bool UseCompressedClassPointers               = true                                 {lp64_product} {ergonomic}
     bool UseCompressedOops                        = true                                 {lp64_product} {ergonomic}
     bool UseG1GC                                  = true                                      {product} {ergonomic}
     bool UseLargePagesIndividualAllocation        = false                                  {pd product} {ergonomic}

Logging:
Log output configuration:
 #0: stdout all=warning uptime,level,tags
 #1: stderr all=off uptime,level,tags

Environment Variables:
JAVA_HOME=C:\Program Files\Java\jdk-15.0.1
PATH=C:\Program Files\Common Files\Oracle\Java\javapath;C:\Windows\system32;C:\Windows;C:\Windows\System32\Wbem;C:\Windows\System32\WindowsPowerShell\v1.0\;C:\Windows\System32\OpenSSH\;C:\Program Files (x86)\Microsoft SQL Server\120\DTS\Binn\;C:\Program Files (x86)\Microsoft SQL Server\Client SDK\ODBC\110\Tools\Binn\;C:\Program Files (x86)\Microsoft SQL Server\120\Tools\Binn\;C:\Program Files (x86)\Microsoft SQL Server\120\Tools\Binn\ManagementStudio\;C:\program Files\java\jdk-15.0.1\bin;C:\Users\Abdulla\AppData\Local\Microsoft\WindowsApps;
USERNAME=Abdulla
OS=Windows_NT
PROCESSOR_IDENTIFIER=AMD64 Family 21 Model 16 Stepping 1, AuthenticAMD



---------------  S Y S T E M  ---------------

OS:
 Windows 10 , 64 bit Build 18362 (10.0.18362.1110)
OS uptime: 3 days 8:23 hours

CPU: total 2 (initial active 2) (2 cores per cpu, 1 threads per core) family 21 model 16 stepping 1 microcode 0x0, cmov, cx8, fxsr, mmx, sse, sse2, sse3, ssse3, sse4.1, sse4.2, popcnt, vzeroupper, avx, aes, clmul, 3dnowpref, lzcnt, sse4a, tsc, tscinvbit, tscinv, bmi1, fma, clflush

Memory: 4k page, system-wide physical 7369M (257M free)
TotalPageFile size 7369M (AvailPageFile size 9M)
current process WorkingSet (physical memory assigned to process): 474M, peak: 476M
current process commit charge ("private bytes"): 502M, peak: 503M

vm_info: Java HotSpot(TM) 64-Bit Server VM (15.0.1+9-18) for windows-amd64 JRE (15.0.1+9-18), built on Sep 15 2020 14:43:54 by "mach5one" with unknown MS VC++:1925

END.
