#
# There is insufficient memory for the Java Runtime Environment to continue.
# Native memory allocation (malloc) failed to allocate 91296 bytes for Chunk::new
# Possible reasons:
#   The system is out of physical RAM or swap space
#   The process is running with CompressedOops enabled, and the Java Heap may be blocking the growth of the native heap
# Possible solutions:
#   Reduce memory load on the system
#   Increase physical memory or swap space
#   Check if swap backing store is full
#   Decrease Java heap size (-Xmx/-Xms)
#   Decrease number of Java threads
#   Decrease Java thread stack sizes (-Xss)
#   Set larger code cache with -XX:ReservedCodeCacheSize=
#   JVM is running with Unscaled Compressed Oops mode in which the Java heap is
#     placed in the first 4GB address space. The Java Heap base address is the
#     maximum limit for the native heap growth. Please use -XX:HeapBaseMinAddress
#     to set the Java Heap base and to place the Java Heap above 4GB virtual address.
# This output file may be truncated or incomplete.
#
#  Out of Memory Error (./open/src/hotspot/share/memory/arena.cpp:195), pid=11052, tid=2896
#
# JRE version: Java(TM) SE Runtime Environment (15.0.1+9) (build 15.0.1+9-18)
# Java VM: Java HotSpot(TM) 64-Bit Server VM (15.0.1+9-18, mixed mode, sharing, tiered, compressed oops, g1 gc, windows-amd64)
# No core dump will be written. Minidumps are not enabled by default on client versions of Windows
#

---------------  S U M M A R Y ------------

Command Line: --add-opens=java.base/java.util=ALL-UNNAMED --add-opens=java.base/java.lang=ALL-UNNAMED --add-opens=java.base/java.lang.invoke=ALL-UNNAMED --add-opens=java.prefs/java.util.prefs=ALL-UNNAMED -Xmx1536m -Dfile.encoding=windows-1256 -Duser.country=US -Duser.language=en -Duser.variant org.gradle.launcher.daemon.bootstrap.GradleDaemon 6.5

Host: AMD A4-4300M APU with Radeon(tm) HD Graphics   , 2 cores, 7G,  Windows 10 , 64 bit Build 18362 (10.0.18362.1110)
Time: Fri Dec 11 23:01:01 2020 Egypt Standard Time elapsed time: 7017.889718 seconds (0d 1h 56m 57s)

---------------  T H R E A D  ---------------

Current thread (0x00000259a692bee0):  JavaThread "C2 CompilerThread0" daemon [_thread_in_native, id=2896, stack(0x000000d294300000,0x000000d294400000)]


Current CompileTask:
C2:7017911 37726       4       com.android.tools.r8.z.a.a.f::a (3630 bytes)

Stack: [0x000000d294300000,0x000000d294400000]
Native frames: (J=compiled Java code, j=interpreted, Vv=VM code, C=native code)
V  [jvm.dll+0x62ae9a]
V  [jvm.dll+0x781389]
V  [jvm.dll+0x782ae3]
V  [jvm.dll+0x783143]
V  [jvm.dll+0x216265]
V  [jvm.dll+0x97efa]
V  [jvm.dll+0x985dc]
V  [jvm.dll+0x54088f]
V  [jvm.dll+0x1f2c14]
V  [jvm.dll+0x1ebf33]
V  [jvm.dll+0x1e97a7]
V  [jvm.dll+0x1784c7]
V  [jvm.dll+0x1f9165]
V  [jvm.dll+0x1f720c]
V  [jvm.dll+0x74485d]
V  [jvm.dll+0x73d65a]
V  [jvm.dll+0x629c56]
C  [ucrtbase.dll+0x210b2]
C  [KERNEL32.DLL+0x17c24]
C  [ntdll.dll+0x6d4d1]


---------------  P R O C E S S  ---------------

Threads class SMR info:
_java_thread_list=0x00000259b98798d0, length=42, elements={
0x0000025989d50fa0, 0x00000259a6901850, 0x00000259a6902ad0, 0x00000259a6920af0,
0x00000259a69243e0, 0x00000259a6925540, 0x00000259a692bee0, 0x00000259a6958ca0,
0x00000259a72a8070, 0x00000259a73724e0, 0x00000259a739c130, 0x00000259a8b65cb0,
0x00000259a8c5a5b0, 0x00000259a7da58e0, 0x00000259a6974660, 0x00000259a6974b30,
0x00000259a6976810, 0x00000259aa895890, 0x00000259aa894080, 0x00000259a9e26770,
0x00000259aa1052a0, 0x00000259aa10a470, 0x00000259af41a230, 0x00000259af418a20,
0x00000259aa108790, 0x00000259aa109600, 0x00000259aa107df0, 0x00000259aa1030f0,
0x00000259aa104430, 0x00000259a87b6650, 0x00000259a87b74c0, 0x00000259a87b7990,
0x00000259a87bb820, 0x00000259a87b6180, 0x00000259a9e2aad0, 0x00000259a9e2afa0,
0x00000259a9e2b940, 0x00000259a9e24f60, 0x00000259aa13b6f0, 0x00000259a69737f0,
0x00000259b25a6080, 0x00000259b25a9a40
}

Java Threads: ( => current thread )
  0x0000025989d50fa0 JavaThread "main" [_thread_blocked, id=4632, stack(0x000000d293700000,0x000000d293800000)]
  0x00000259a6901850 JavaThread "Reference Handler" daemon [_thread_blocked, id=1196, stack(0x000000d293e00000,0x000000d293f00000)]
  0x00000259a6902ad0 JavaThread "Finalizer" daemon [_thread_blocked, id=2988, stack(0x000000d293f00000,0x000000d294000000)]
  0x00000259a6920af0 JavaThread "Signal Dispatcher" daemon [_thread_blocked, id=7964, stack(0x000000d294000000,0x000000d294100000)]
  0x00000259a69243e0 JavaThread "Attach Listener" daemon [_thread_blocked, id=6364, stack(0x000000d294100000,0x000000d294200000)]
  0x00000259a6925540 JavaThread "Service Thread" daemon [_thread_blocked, id=276, stack(0x000000d294200000,0x000000d294300000)]
=>0x00000259a692bee0 JavaThread "C2 CompilerThread0" daemon [_thread_in_native, id=2896, stack(0x000000d294300000,0x000000d294400000)]
  0x00000259a6958ca0 JavaThread "C1 CompilerThread0" daemon [_thread_blocked, id=8616, stack(0x000000d294400000,0x000000d294500000)]
  0x00000259a72a8070 JavaThread "Sweeper thread" daemon [_thread_blocked, id=5528, stack(0x000000d294500000,0x000000d294600000)]
  0x00000259a73724e0 JavaThread "Common-Cleaner" daemon [_thread_blocked, id=6400, stack(0x000000d294600000,0x000000d294700000)]
  0x00000259a739c130 JavaThread "Notification Thread" daemon [_thread_blocked, id=5896, stack(0x000000d294700000,0x000000d294800000)]
  0x00000259a8b65cb0 JavaThread "Daemon health stats" [_thread_blocked, id=11220, stack(0x000000d294a00000,0x000000d294b00000)]
  0x00000259a8c5a5b0 JavaThread "Incoming local TCP Connector on port 51897" [_thread_in_native, id=6304, stack(0x000000d294d00000,0x000000d294e00000)]
  0x00000259a7da58e0 JavaThread "Daemon periodic checks" [_thread_blocked, id=10212, stack(0x000000d294f00000,0x000000d295000000)]
  0x00000259a6974660 JavaThread "Cache worker for journal cache (C:\Users\Abdulla\.gradle\caches\journal-1)" [_thread_blocked, id=10012, stack(0x000000d295600000,0x000000d295700000)]
  0x00000259a6974b30 JavaThread "File lock request listener" [_thread_in_native, id=7172, stack(0x000000d295700000,0x000000d295800000)]
  0x00000259a6976810 JavaThread "Cache worker for file hash cache (C:\Users\Abdulla\.gradle\caches\6.5\fileHashes)" [_thread_blocked, id=9640, stack(0x000000d295800000,0x000000d295900000)]
  0x00000259aa895890 JavaThread "Cache worker for execution history cache (C:\Users\Abdulla\.gradle\caches\6.5\executionHistory)" [_thread_blocked, id=5512, stack(0x000000d297100000,0x000000d297200000)]
  0x00000259aa894080 JavaThread "Cache worker for file content cache (C:\Users\Abdulla\.gradle\caches\6.5\fileContent)" [_thread_blocked, id=6124, stack(0x000000d297200000,0x000000d297300000)]
  0x00000259a9e26770 JavaThread "Memory manager" [_thread_blocked, id=3772, stack(0x000000d293500000,0x000000d293600000)]
  0x00000259aa1052a0 JavaThread "Java2D Disposer" daemon [_thread_blocked, id=5540, stack(0x000000d29c400000,0x000000d29c500000)]
  0x00000259aa10a470 JavaThread "Cache worker for Java compile cache (C:\Users\Abdulla\.gradle\caches\6.5\javaCompile)" [_thread_blocked, id=2204, stack(0x000000d295100000,0x000000d295200000)]
  0x00000259af41a230 JavaThread "Daemon Thread 7" [_thread_blocked, id=8028, stack(0x000000d293600000,0x000000d293700000)]
  0x00000259af418a20 JavaThread "Daemon worker Thread 7" [_thread_blocked, id=2960, stack(0x000000d295200000,0x000000d295300000)]
  0x00000259aa108790 JavaThread "Handler for socket connection from /127.0.0.1:51897 to /127.0.0.1:52691" [_thread_in_native, id=10564, stack(0x000000d294b00000,0x000000d294c00000)]
  0x00000259aa109600 JavaThread "Cancel handler" [_thread_blocked, id=1372, stack(0x000000d294e00000,0x000000d294f00000)]
  0x00000259aa107df0 JavaThread "Asynchronous log dispatcher for DefaultDaemonConnection: socket connection from /127.0.0.1:51897 to /127.0.0.1:52691" [_thread_blocked, id=10244, stack(0x000000d295000000,0x000000d295100000)]
  0x00000259aa1030f0 JavaThread "Thread-927" [_thread_blocked, id=3268, stack(0x000000d295400000,0x000000d295500000)]
  0x00000259aa104430 JavaThread "Cache worker for file hash cache (E:\Android\android course\AlFurkan\.gradle\6.5\fileHashes)" [_thread_blocked, id=11176, stack(0x000000d295500000,0x000000d295600000)]
  0x00000259a87b6650 JavaThread "Cache worker for checksums cache (E:\Android\android course\AlFurkan\.gradle\checksums)" [_thread_blocked, id=2912, stack(0x000000d295900000,0x000000d295a00000)]
  0x00000259a87b74c0 JavaThread "Cache worker for cache directory md-supplier (C:\Users\Abdulla\.gradle\caches\6.5\md-supplier)" [_thread_blocked, id=2656, stack(0x000000d295a00000,0x000000d295b00000)]
  0x00000259a87b7990 JavaThread "Cache worker for cache directory md-rule (C:\Users\Abdulla\.gradle\caches\6.5\md-rule)" [_thread_blocked, id=7292, stack(0x000000d295b00000,0x000000d295c00000)]
  0x00000259a87bb820 JavaThread "Build operations" [_thread_blocked, id=8100, stack(0x000000d295c00000,0x000000d295d00000)]
  0x00000259a87b6180 JavaThread "Build operations Thread 2" [_thread_in_Java, id=9572, stack(0x000000d295d00000,0x000000d295e00000)]
  0x00000259a9e2aad0 JavaThread "Cache worker for Build Output Cleanup Cache (E:\Android\android course\AlFurkan\.gradle\buildOutputCleanup)" [_thread_blocked, id=6236, stack(0x000000d29bf00000,0x000000d29c000000)]
  0x00000259a9e2afa0 JavaThread "Cache worker for file content cache (E:\Android\android course\AlFurkan\.gradle\6.5\fileContent)" [_thread_blocked, id=9764, stack(0x000000d29c000000,0x000000d29c100000)]
  0x00000259a9e2b940 JavaThread "Execution worker for ':'" [_thread_blocked, id=6952, stack(0x000000d29c100000,0x000000d29c200000)]
  0x00000259a9e24f60 JavaThread "Cache worker for execution history cache (E:\Android\android course\AlFurkan\.gradle\6.5\executionHistory)" [_thread_blocked, id=3272, stack(0x000000d29c200000,0x000000d29c300000)]
  0x00000259aa13b6f0 JavaThread "Cache worker for Java compile cache (E:\Android\android course\AlFurkan\.gradle\6.5\javaCompile)" [_thread_blocked, id=3104, stack(0x000000d29c500000,0x000000d29c600000)]
  0x00000259a69737f0 JavaThread "WorkerExecutor Queue" [_thread_blocked, id=1036, stack(0x000000d295300000,0x000000d295400000)]
  0x00000259b25a6080 JavaThread "WorkerExecutor Queue Thread 2" [_thread_blocked, id=5200, stack(0x000000d295e00000,0x000000d295f00000)]
  0x00000259b25a9a40 JavaThread "ForkJoinPool.commonPool-worker-3" daemon [_thread_blocked, id=2572, stack(0x000000d295f00000,0x000000d296000000)]

Other Threads:
  0x0000025989e1d510 VMThread "VM Thread" [stack: 0x000000d293d00000,0x000000d293e00000] [id=5740]
  0x00000259a73a6660 WatcherThread [stack: 0x000000d294800000,0x000000d294900000] [id=10828]
  0x0000025989d862f0 GCTaskThread "GC Thread#0" [stack: 0x000000d293800000,0x000000d293900000] [id=2924]
  0x00000259a74a76f0 GCTaskThread "GC Thread#1" [stack: 0x000000d294900000,0x000000d294a00000] [id=9256]
  0x0000025989d944e0 ConcurrentGCThread "G1 Main Marker" [stack: 0x000000d293900000,0x000000d293a00000] [id=8156]
  0x0000025989d95800 ConcurrentGCThread "G1 Conc#0" [stack: 0x000000d293a00000,0x000000d293b00000] [id=6140]
  0x0000025989df70c0 ConcurrentGCThread "G1 Refine#0" [stack: 0x000000d293b00000,0x000000d293c00000] [id=4832]
  0x00000259a9a86280 ConcurrentGCThread "G1 Refine#1" [stack: 0x000000d297300000,0x000000d297400000] [id=4840]
  0x0000025989df7bd0 ConcurrentGCThread "G1 Young RemSet Sampling" [stack: 0x000000d293c00000,0x000000d293d00000] [id=896]

Threads with active compile tasks:
C2 CompilerThread0  7018290 37726       4       com.android.tools.r8.z.a.a.f::a (3630 bytes)

VM state: not at safepoint (normal execution)

VM Mutex/Monitor currently owned by a thread: None

Heap address: 0x00000000a0000000, size: 1536 MB, Compressed Oops mode: 32-bit
CDS archive(s) mapped at: [0x0000000800000000-0x0000000800b50000-0x0000000800b50000), size 11862016, SharedBaseAddress: 0x0000000800000000, ArchiveRelocationMode: 0.
Compressed class space mapped at: 0x0000000800b50000-0x0000000840b50000, size: 1073741824
Narrow klass base: 0x0000000800000000, Narrow klass shift: 3, Narrow klass range: 0x100000000

GC Precious Log:
 CPUs: 2 total, 2 available
 Memory: 7369M
 Large Page Support: Disabled
 NUMA Support: Disabled
 Compressed Oops: Enabled (32-bit)
 Heap Region Size: 1M
 Heap Min Capacity: 8M
 Heap Initial Capacity: 116M
 Heap Max Capacity: 1536M
 Pre-touch: Disabled
 Parallel Workers: 2
 Concurrent Workers: 1
 Concurrent Refinement Workers: 2
 Periodic GC: Disabled

Heap:
 garbage-first heap   total 406528K, used 273512K [0x00000000a0000000, 0x0000000100000000)
  region size 1024K, 142 young (145408K), 6 survivors (6144K)
 Metaspace       used 143049K, capacity 145456K, committed 145616K, reserved 1177600K
  class space    used 16689K, capacity 17347K, committed 17408K, reserved 1048576K

Heap Regions: E=young(eden), S=young(survivor), O=old, HS=humongous(starts), HC=humongous(continues), CS=collection set, F=free, OA=open archive, CA=closed archive, TAMS=top-at-mark-start (previous, next)
|   0|0x00000000a0000000, 0x00000000a0100000, 0x00000000a0100000|100%| O|  |TAMS 0x00000000a0100000, 0x00000000a0000000| Untracked 
|   1|0x00000000a0100000, 0x00000000a0200000, 0x00000000a0200000|100%| O|  |TAMS 0x00000000a0200000, 0x00000000a0100000| Untracked 
|   2|0x00000000a0200000, 0x00000000a0300000, 0x00000000a0300000|100%| O|  |TAMS 0x00000000a0300000, 0x00000000a0200000| Untracked 
|   3|0x00000000a0300000, 0x00000000a0400000, 0x00000000a0400000|100%| O|  |TAMS 0x00000000a0400000, 0x00000000a0300000| Untracked 
|   4|0x00000000a0400000, 0x00000000a0500000, 0x00000000a0500000|100%|HS|  |TAMS 0x00000000a0500000, 0x00000000a0400000| Complete 
|   5|0x00000000a0500000, 0x00000000a0600000, 0x00000000a0600000|100%|HC|  |TAMS 0x00000000a0600000, 0x00000000a0500000| Complete 
|   6|0x00000000a0600000, 0x00000000a0700000, 0x00000000a0700000|100%|HC|  |TAMS 0x00000000a0700000, 0x00000000a0600000| Complete 
|   7|0x00000000a0700000, 0x00000000a0800000, 0x00000000a0800000|100%| O|  |TAMS 0x00000000a0800000, 0x00000000a0700000| Untracked 
|   8|0x00000000a0800000, 0x00000000a0900000, 0x00000000a0900000|100%| O|  |TAMS 0x00000000a0900000, 0x00000000a0800000| Untracked 
|   9|0x00000000a0900000, 0x00000000a0a00000, 0x00000000a0a00000|100%| O|  |TAMS 0x00000000a0a00000, 0x00000000a0900000| Untracked 
|  10|0x00000000a0a00000, 0x00000000a0b00000, 0x00000000a0b00000|100%| O|  |TAMS 0x00000000a0b00000, 0x00000000a0a00000| Untracked 
|  11|0x00000000a0b00000, 0x00000000a0c00000, 0x00000000a0c00000|100%| O|  |TAMS 0x00000000a0c00000, 0x00000000a0b00000| Untracked 
|  12|0x00000000a0c00000, 0x00000000a0d00000, 0x00000000a0d00000|100%| O|  |TAMS 0x00000000a0d00000, 0x00000000a0c00000| Untracked 
|  13|0x00000000a0d00000, 0x00000000a0e00000, 0x00000000a0e00000|100%| O|  |TAMS 0x00000000a0e00000, 0x00000000a0d00000| Untracked 
|  14|0x00000000a0e00000, 0x00000000a0f00000, 0x00000000a0f00000|100%| O|  |TAMS 0x00000000a0f00000, 0x00000000a0e00000| Untracked 
|  15|0x00000000a0f00000, 0x00000000a1000000, 0x00000000a1000000|100%| O|  |TAMS 0x00000000a1000000, 0x00000000a0f00000| Untracked 
|  16|0x00000000a1000000, 0x00000000a1100000, 0x00000000a1100000|100%| O|  |TAMS 0x00000000a1100000, 0x00000000a1000000| Untracked 
|  17|0x00000000a1100000, 0x00000000a1200000, 0x00000000a1200000|100%|HS|  |TAMS 0x00000000a1200000, 0x00000000a1100000| Complete 
|  18|0x00000000a1200000, 0x00000000a1300000, 0x00000000a1300000|100%|HC|  |TAMS 0x00000000a1300000, 0x00000000a1200000| Complete 
|  19|0x00000000a1300000, 0x00000000a1400000, 0x00000000a1400000|100%|HS|  |TAMS 0x00000000a1400000, 0x00000000a1300000| Complete 
|  20|0x00000000a1400000, 0x00000000a1500000, 0x00000000a1500000|100%|HC|  |TAMS 0x00000000a1500000, 0x00000000a1400000| Complete 
|  21|0x00000000a1500000, 0x00000000a1600000, 0x00000000a1600000|100%|HC|  |TAMS 0x00000000a1600000, 0x00000000a1500000| Complete 
|  22|0x00000000a1600000, 0x00000000a1700000, 0x00000000a1700000|100%|HS|  |TAMS 0x00000000a1700000, 0x00000000a1600000| Complete 
|  23|0x00000000a1700000, 0x00000000a1800000, 0x00000000a1800000|100%|HC|  |TAMS 0x00000000a1800000, 0x00000000a1700000| Complete 
|  24|0x00000000a1800000, 0x00000000a1900000, 0x00000000a1900000|100%|HC|  |TAMS 0x00000000a1900000, 0x00000000a1800000| Complete 
|  25|0x00000000a1900000, 0x00000000a1a00000, 0x00000000a1a00000|100%|HC|  |TAMS 0x00000000a1a00000, 0x00000000a1900000| Complete 
|  26|0x00000000a1a00000, 0x00000000a1b00000, 0x00000000a1b00000|100%| O|  |TAMS 0x00000000a1b00000, 0x00000000a1a00000| Untracked 
|  27|0x00000000a1b00000, 0x00000000a1c00000, 0x00000000a1c00000|100%| O|  |TAMS 0x00000000a1c00000, 0x00000000a1b00000| Untracked 
|  28|0x00000000a1c00000, 0x00000000a1d00000, 0x00000000a1d00000|100%|HS|  |TAMS 0x00000000a1c00000, 0x00000000a1c00000| Complete 
|  29|0x00000000a1d00000, 0x00000000a1e00000, 0x00000000a1e00000|100%| O|  |TAMS 0x00000000a1e00000, 0x00000000a1d00000| Untracked 
|  30|0x00000000a1e00000, 0x00000000a1f00000, 0x00000000a1f00000|100%| O|  |TAMS 0x00000000a1f00000, 0x00000000a1e00000| Untracked 
|  31|0x00000000a1f00000, 0x00000000a2000000, 0x00000000a2000000|100%|HS|  |TAMS 0x00000000a2000000, 0x00000000a1f00000| Complete 
|  32|0x00000000a2000000, 0x00000000a2100000, 0x00000000a2100000|100%|HC|  |TAMS 0x00000000a2100000, 0x00000000a2000000| Complete 
|  33|0x00000000a2100000, 0x00000000a2200000, 0x00000000a2200000|100%|HC|  |TAMS 0x00000000a2200000, 0x00000000a2100000| Complete 
|  34|0x00000000a2200000, 0x00000000a2300000, 0x00000000a2300000|100%|HC|  |TAMS 0x00000000a2300000, 0x00000000a2200000| Complete 
|  35|0x00000000a2300000, 0x00000000a2400000, 0x00000000a2400000|100%| O|  |TAMS 0x00000000a2400000, 0x00000000a2300000| Untracked 
|  36|0x00000000a2400000, 0x00000000a2500000, 0x00000000a2500000|100%| O|  |TAMS 0x00000000a2500000, 0x00000000a2400000| Untracked 
|  37|0x00000000a2500000, 0x00000000a2600000, 0x00000000a2600000|100%| O|  |TAMS 0x00000000a2600000, 0x00000000a2500000| Untracked 
|  38|0x00000000a2600000, 0x00000000a2700000, 0x00000000a2700000|100%| O|  |TAMS 0x00000000a2700000, 0x00000000a2600000| Untracked 
|  39|0x00000000a2700000, 0x00000000a2800000, 0x00000000a2800000|100%| O|  |TAMS 0x00000000a2800000, 0x00000000a2700000| Untracked 
|  40|0x00000000a2800000, 0x00000000a2900000, 0x00000000a2900000|100%| O|  |TAMS 0x00000000a2900000, 0x00000000a2800000| Untracked 
|  41|0x00000000a2900000, 0x00000000a2a00000, 0x00000000a2a00000|100%| O|  |TAMS 0x00000000a2a00000, 0x00000000a2900000| Untracked 
|  42|0x00000000a2a00000, 0x00000000a2b00000, 0x00000000a2b00000|100%| O|  |TAMS 0x00000000a2b00000, 0x00000000a2a00000| Untracked 
|  43|0x00000000a2b00000, 0x00000000a2c00000, 0x00000000a2c00000|100%| O|  |TAMS 0x00000000a2c00000, 0x00000000a2b00000| Untracked 
|  44|0x00000000a2c00000, 0x00000000a2d00000, 0x00000000a2d00000|100%| O|  |TAMS 0x00000000a2d00000, 0x00000000a2c00000| Untracked 
|  45|0x00000000a2d00000, 0x00000000a2e00000, 0x00000000a2e00000|100%| O|  |TAMS 0x00000000a2e00000, 0x00000000a2d00000| Untracked 
|  46|0x00000000a2e00000, 0x00000000a2f00000, 0x00000000a2f00000|100%| O|  |TAMS 0x00000000a2f00000, 0x00000000a2e00000| Untracked 
|  47|0x00000000a2f00000, 0x00000000a2ff9600, 0x00000000a3000000| 97%| O|  |TAMS 0x00000000a2ff9600, 0x00000000a2f00000| Untracked 
|  48|0x00000000a3000000, 0x00000000a3100000, 0x00000000a3100000|100%| O|  |TAMS 0x00000000a3100000, 0x00000000a3000000| Untracked 
|  49|0x00000000a3100000, 0x00000000a3200000, 0x00000000a3200000|100%| O|  |TAMS 0x00000000a3200000, 0x00000000a3100000| Untracked 
|  50|0x00000000a3200000, 0x00000000a3300000, 0x00000000a3300000|100%| O|  |TAMS 0x00000000a3300000, 0x00000000a3200000| Untracked 
|  51|0x00000000a3300000, 0x00000000a3300000, 0x00000000a3400000|  0%| F|  |TAMS 0x00000000a3300000, 0x00000000a3300000| Untracked 
|  52|0x00000000a3400000, 0x00000000a3500000, 0x00000000a3500000|100%|HS|  |TAMS 0x00000000a3500000, 0x00000000a3400000| Complete 
|  53|0x00000000a3500000, 0x00000000a3600000, 0x00000000a3600000|100%|HS|  |TAMS 0x00000000a3600000, 0x00000000a3500000| Complete 
|  54|0x00000000a3600000, 0x00000000a3700000, 0x00000000a3700000|100%|HC|  |TAMS 0x00000000a3700000, 0x00000000a3600000| Complete 
|  55|0x00000000a3700000, 0x00000000a3800000, 0x00000000a3800000|100%| O|  |TAMS 0x00000000a3800000, 0x00000000a3700000| Untracked 
|  56|0x00000000a3800000, 0x00000000a3800000, 0x00000000a3900000|  0%| F|  |TAMS 0x00000000a3800000, 0x00000000a3800000| Untracked 
|  57|0x00000000a3900000, 0x00000000a3a00000, 0x00000000a3a00000|100%| O|  |TAMS 0x00000000a3a00000, 0x00000000a3900000| Untracked 
|  58|0x00000000a3a00000, 0x00000000a3b00000, 0x00000000a3b00000|100%| O|  |TAMS 0x00000000a3b00000, 0x00000000a3a00000| Untracked 
|  59|0x00000000a3b00000, 0x00000000a3c00000, 0x00000000a3c00000|100%| O|  |TAMS 0x00000000a3c00000, 0x00000000a3b00000| Untracked 
|  60|0x00000000a3c00000, 0x00000000a3d00000, 0x00000000a3d00000|100%| O|  |TAMS 0x00000000a3d00000, 0x00000000a3c00000| Untracked 
|  61|0x00000000a3d00000, 0x00000000a3e00000, 0x00000000a3e00000|100%| O|  |TAMS 0x00000000a3e00000, 0x00000000a3d00000| Untracked 
|  62|0x00000000a3e00000, 0x00000000a3e00000, 0x00000000a3f00000|  0%| F|  |TAMS 0x00000000a3e00000, 0x00000000a3e00000| Untracked 
|  63|0x00000000a3f00000, 0x00000000a4000000, 0x00000000a4000000|100%| O|  |TAMS 0x00000000a4000000, 0x00000000a3f00000| Untracked 
|  64|0x00000000a4000000, 0x00000000a4000000, 0x00000000a4100000|  0%| F|  |TAMS 0x00000000a4000000, 0x00000000a4000000| Untracked 
|  65|0x00000000a4100000, 0x00000000a4200000, 0x00000000a4200000|100%| O|  |TAMS 0x00000000a4200000, 0x00000000a4100000| Untracked 
|  66|0x00000000a4200000, 0x00000000a4300000, 0x00000000a4300000|100%| O|  |TAMS 0x00000000a4300000, 0x00000000a4200000| Untracked 
|  67|0x00000000a4300000, 0x00000000a4300000, 0x00000000a4400000|  0%| F|  |TAMS 0x00000000a4300000, 0x00000000a4300000| Untracked 
|  68|0x00000000a4400000, 0x00000000a4500000, 0x00000000a4500000|100%| O|  |TAMS 0x00000000a4500000, 0x00000000a4400000| Untracked 
|  69|0x00000000a4500000, 0x00000000a4600000, 0x00000000a4600000|100%| O|  |TAMS 0x00000000a4600000, 0x00000000a4500000| Untracked 
|  70|0x00000000a4600000, 0x00000000a4600000, 0x00000000a4700000|  0%| F|  |TAMS 0x00000000a4600000, 0x00000000a4600000| Untracked 
|  71|0x00000000a4700000, 0x00000000a4800000, 0x00000000a4800000|100%| O|  |TAMS 0x00000000a4800000, 0x00000000a4700000| Untracked 
|  72|0x00000000a4800000, 0x00000000a4800000, 0x00000000a4900000|  0%| F|  |TAMS 0x00000000a4800000, 0x00000000a4800000| Untracked 
|  73|0x00000000a4900000, 0x00000000a4900000, 0x00000000a4a00000|  0%| F|  |TAMS 0x00000000a4900000, 0x00000000a4900000| Untracked 
|  74|0x00000000a4a00000, 0x00000000a4b00000, 0x00000000a4b00000|100%| O|  |TAMS 0x00000000a4b00000, 0x00000000a4a00000| Untracked 
|  75|0x00000000a4b00000, 0x00000000a4c00000, 0x00000000a4c00000|100%| O|  |TAMS 0x00000000a4c00000, 0x00000000a4b00000| Untracked 
|  76|0x00000000a4c00000, 0x00000000a4d00000, 0x00000000a4d00000|100%| O|  |TAMS 0x00000000a4d00000, 0x00000000a4c00000| Untracked 
|  77|0x00000000a4d00000, 0x00000000a4d00000, 0x00000000a4e00000|  0%| F|  |TAMS 0x00000000a4d00000, 0x00000000a4d00000| Untracked 
|  78|0x00000000a4e00000, 0x00000000a4f00000, 0x00000000a4f00000|100%| O|  |TAMS 0x00000000a4f00000, 0x00000000a4e00000| Untracked 
|  79|0x00000000a4f00000, 0x00000000a5000000, 0x00000000a5000000|100%| O|  |TAMS 0x00000000a5000000, 0x00000000a4f00000| Untracked 
|  80|0x00000000a5000000, 0x00000000a5100000, 0x00000000a5100000|100%| O|  |TAMS 0x00000000a5100000, 0x00000000a5000000| Untracked 
|  81|0x00000000a5100000, 0x00000000a5200000, 0x00000000a5200000|100%| O|  |TAMS 0x00000000a5200000, 0x00000000a5100000| Untracked 
|  82|0x00000000a5200000, 0x00000000a5200000, 0x00000000a5300000|  0%| F|  |TAMS 0x00000000a5200000, 0x00000000a5200000| Untracked 
|  83|0x00000000a5300000, 0x00000000a5400000, 0x00000000a5400000|100%| O|  |TAMS 0x00000000a5400000, 0x00000000a5300000| Untracked 
|  84|0x00000000a5400000, 0x00000000a5500000, 0x00000000a5500000|100%| O|  |TAMS 0x00000000a5500000, 0x00000000a5400000| Untracked 
|  85|0x00000000a5500000, 0x00000000a5500000, 0x00000000a5600000|  0%| F|  |TAMS 0x00000000a5500000, 0x00000000a5500000| Untracked 
|  86|0x00000000a5600000, 0x00000000a5700000, 0x00000000a5700000|100%| O|  |TAMS 0x00000000a5700000, 0x00000000a5600000| Untracked 
|  87|0x00000000a5700000, 0x00000000a5800000, 0x00000000a5800000|100%| O|  |TAMS 0x00000000a5800000, 0x00000000a5700000| Untracked 
|  88|0x00000000a5800000, 0x00000000a5900000, 0x00000000a5900000|100%| O|  |TAMS 0x00000000a5900000, 0x00000000a5800000| Untracked 
|  89|0x00000000a5900000, 0x00000000a5a00000, 0x00000000a5a00000|100%| O|  |TAMS 0x00000000a5a00000, 0x00000000a5900000| Untracked 
|  90|0x00000000a5a00000, 0x00000000a5b00000, 0x00000000a5b00000|100%| O|  |TAMS 0x00000000a5b00000, 0x00000000a5a00000| Untracked 
|  91|0x00000000a5b00000, 0x00000000a5c00000, 0x00000000a5c00000|100%| O|  |TAMS 0x00000000a5c00000, 0x00000000a5b00000| Untracked 
|  92|0x00000000a5c00000, 0x00000000a5d00000, 0x00000000a5d00000|100%| O|  |TAMS 0x00000000a5d00000, 0x00000000a5c00000| Untracked 
|  93|0x00000000a5d00000, 0x00000000a5e00000, 0x00000000a5e00000|100%| O|  |TAMS 0x00000000a5e00000, 0x00000000a5d00000| Untracked 
|  94|0x00000000a5e00000, 0x00000000a5f00000, 0x00000000a5f00000|100%| O|  |TAMS 0x00000000a5f00000, 0x00000000a5e00000| Untracked 
|  95|0x00000000a5f00000, 0x00000000a6000000, 0x00000000a6000000|100%| O|  |TAMS 0x00000000a6000000, 0x00000000a5f00000| Untracked 
|  96|0x00000000a6000000, 0x00000000a6100000, 0x00000000a6100000|100%| O|  |TAMS 0x00000000a6100000, 0x00000000a6000000| Untracked 
|  97|0x00000000a6100000, 0x00000000a6100000, 0x00000000a6200000|  0%| F|  |TAMS 0x00000000a6100000, 0x00000000a6100000| Untracked 
|  98|0x00000000a6200000, 0x00000000a6300000, 0x00000000a6300000|100%| O|  |TAMS 0x00000000a6300000, 0x00000000a6200000| Untracked 
|  99|0x00000000a6300000, 0x00000000a6300000, 0x00000000a6400000|  0%| F|  |TAMS 0x00000000a6300000, 0x00000000a6300000| Untracked 
| 100|0x00000000a6400000, 0x00000000a6400000, 0x00000000a6500000|  0%| F|  |TAMS 0x00000000a6400000, 0x00000000a6400000| Untracked 
| 101|0x00000000a6500000, 0x00000000a6600000, 0x00000000a6600000|100%| O|  |TAMS 0x00000000a6600000, 0x00000000a6500000| Untracked 
| 102|0x00000000a6600000, 0x00000000a6700000, 0x00000000a6700000|100%| O|  |TAMS 0x00000000a6700000, 0x00000000a6600000| Untracked 
| 103|0x00000000a6700000, 0x00000000a6800000, 0x00000000a6800000|100%| O|  |TAMS 0x00000000a6800000, 0x00000000a6700000| Untracked 
| 104|0x00000000a6800000, 0x00000000a6900000, 0x00000000a6900000|100%| O|  |TAMS 0x00000000a6900000, 0x00000000a6800000| Untracked 
| 105|0x00000000a6900000, 0x00000000a6a00000, 0x00000000a6a00000|100%| O|  |TAMS 0x00000000a6a00000, 0x00000000a6900000| Untracked 
| 106|0x00000000a6a00000, 0x00000000a6b00000, 0x00000000a6b00000|100%| O|  |TAMS 0x00000000a6b00000, 0x00000000a6a00000| Untracked 
| 107|0x00000000a6b00000, 0x00000000a6c00000, 0x00000000a6c00000|100%| O|  |TAMS 0x00000000a6c00000, 0x00000000a6b00000| Untracked 
| 108|0x00000000a6c00000, 0x00000000a6d00000, 0x00000000a6d00000|100%| O|  |TAMS 0x00000000a6d00000, 0x00000000a6c00000| Untracked 
| 109|0x00000000a6d00000, 0x00000000a6e00000, 0x00000000a6e00000|100%| O|  |TAMS 0x00000000a6e00000, 0x00000000a6d00000| Untracked 
| 110|0x00000000a6e00000, 0x00000000a6f00000, 0x00000000a6f00000|100%| O|  |TAMS 0x00000000a6f00000, 0x00000000a6e00000| Untracked 
| 111|0x00000000a6f00000, 0x00000000a7000000, 0x00000000a7000000|100%| O|  |TAMS 0x00000000a7000000, 0x00000000a6f00000| Untracked 
| 112|0x00000000a7000000, 0x00000000a7100000, 0x00000000a7100000|100%| O|  |TAMS 0x00000000a7100000, 0x00000000a7000000| Untracked 
| 113|0x00000000a7100000, 0x00000000a7120c00, 0x00000000a7200000| 12%| O|  |TAMS 0x00000000a7120c00, 0x00000000a7100000| Untracked 
| 114|0x00000000a7200000, 0x00000000a7300000, 0x00000000a7300000|100%| O|  |TAMS 0x00000000a7300000, 0x00000000a7200000| Untracked 
| 115|0x00000000a7300000, 0x00000000a7400000, 0x00000000a7400000|100%| O|  |TAMS 0x00000000a7400000, 0x00000000a7300000| Untracked 
| 116|0x00000000a7400000, 0x00000000a7500000, 0x00000000a7500000|100%| O|  |TAMS 0x00000000a7500000, 0x00000000a7400000| Untracked 
| 117|0x00000000a7500000, 0x00000000a7600000, 0x00000000a7600000|100%| O|  |TAMS 0x00000000a7600000, 0x00000000a7500000| Untracked 
| 118|0x00000000a7600000, 0x00000000a7600000, 0x00000000a7700000|  0%| F|  |TAMS 0x00000000a7600000, 0x00000000a7600000| Untracked 
| 119|0x00000000a7700000, 0x00000000a7800000, 0x00000000a7800000|100%| O|  |TAMS 0x00000000a7800000, 0x00000000a7700000| Untracked 
| 120|0x00000000a7800000, 0x00000000a7900000, 0x00000000a7900000|100%| O|  |TAMS 0x00000000a7900000, 0x00000000a7800000| Untracked 
| 121|0x00000000a7900000, 0x00000000a7900000, 0x00000000a7a00000|  0%| F|  |TAMS 0x00000000a7900000, 0x00000000a7900000| Untracked 
| 122|0x00000000a7a00000, 0x00000000a7a00000, 0x00000000a7b00000|  0%| F|  |TAMS 0x00000000a7a00000, 0x00000000a7a00000| Untracked 
| 123|0x00000000a7b00000, 0x00000000a7c00000, 0x00000000a7c00000|100%| O|  |TAMS 0x00000000a7c00000, 0x00000000a7b00000| Untracked 
| 124|0x00000000a7c00000, 0x00000000a7c00000, 0x00000000a7d00000|  0%| F|  |TAMS 0x00000000a7c00000, 0x00000000a7c00000| Untracked 
| 125|0x00000000a7d00000, 0x00000000a7d00000, 0x00000000a7e00000|  0%| F|  |TAMS 0x00000000a7d00000, 0x00000000a7d00000| Untracked 
| 126|0x00000000a7e00000, 0x00000000a7e00000, 0x00000000a7f00000|  0%| F|  |TAMS 0x00000000a7e00000, 0x00000000a7e00000| Untracked 
| 127|0x00000000a7f00000, 0x00000000a7f00000, 0x00000000a8000000|  0%| F|  |TAMS 0x00000000a7f00000, 0x00000000a7f00000| Untracked 
| 128|0x00000000a8000000, 0x00000000a8000000, 0x00000000a8100000|  0%| F|  |TAMS 0x00000000a8000000, 0x00000000a8000000| Untracked 
| 129|0x00000000a8100000, 0x00000000a8200000, 0x00000000a8200000|100%| O|  |TAMS 0x00000000a8200000, 0x00000000a8100000| Untracked 
| 130|0x00000000a8200000, 0x00000000a8300000, 0x00000000a8300000|100%| O|  |TAMS 0x00000000a8300000, 0x00000000a8200000| Untracked 
| 131|0x00000000a8300000, 0x00000000a8400000, 0x00000000a8400000|100%| O|  |TAMS 0x00000000a8400000, 0x00000000a8300000| Untracked 
| 132|0x00000000a8400000, 0x00000000a8500000, 0x00000000a8500000|100%| O|  |TAMS 0x00000000a8500000, 0x00000000a8400000| Untracked 
| 133|0x00000000a8500000, 0x00000000a8600000, 0x00000000a8600000|100%| O|  |TAMS 0x00000000a8600000, 0x00000000a8500000| Untracked 
| 134|0x00000000a8600000, 0x00000000a8700000, 0x00000000a8700000|100%| O|  |TAMS 0x00000000a8700000, 0x00000000a8600000| Untracked 
| 135|0x00000000a8700000, 0x00000000a8800000, 0x00000000a8800000|100%| O|  |TAMS 0x00000000a8800000, 0x00000000a8700000| Untracked 
| 136|0x00000000a8800000, 0x00000000a8900000, 0x00000000a8900000|100%| O|  |TAMS 0x00000000a8900000, 0x00000000a8800000| Untracked 
| 137|0x00000000a8900000, 0x00000000a8900000, 0x00000000a8a00000|  0%| F|  |TAMS 0x00000000a8900000, 0x00000000a8900000| Untracked 
| 138|0x00000000a8a00000, 0x00000000a8a00000, 0x00000000a8b00000|  0%| F|  |TAMS 0x00000000a8a00000, 0x00000000a8a00000| Untracked 
| 139|0x00000000a8b00000, 0x00000000a8b00000, 0x00000000a8c00000|  0%| F|  |TAMS 0x00000000a8b00000, 0x00000000a8b00000| Untracked 
| 140|0x00000000a8c00000, 0x00000000a8c00000, 0x00000000a8d00000|  0%| F|  |TAMS 0x00000000a8c00000, 0x00000000a8c00000| Untracked 
| 141|0x00000000a8d00000, 0x00000000a8d00000, 0x00000000a8e00000|  0%| F|  |TAMS 0x00000000a8d00000, 0x00000000a8d00000| Untracked 
| 142|0x00000000a8e00000, 0x00000000a8f00000, 0x00000000a8f00000|100%| O|  |TAMS 0x00000000a8f00000, 0x00000000a8e00000| Untracked 
| 143|0x00000000a8f00000, 0x00000000a8f00000, 0x00000000a9000000|  0%| F|  |TAMS 0x00000000a8f00000, 0x00000000a8f00000| Untracked 
| 144|0x00000000a9000000, 0x00000000a9000000, 0x00000000a9100000|  0%| F|  |TAMS 0x00000000a9000000, 0x00000000a9000000| Untracked 
| 145|0x00000000a9100000, 0x00000000a9100000, 0x00000000a9200000|  0%| F|  |TAMS 0x00000000a9100000, 0x00000000a9100000| Untracked 
| 146|0x00000000a9200000, 0x00000000a9200000, 0x00000000a9300000|  0%| F|  |TAMS 0x00000000a9200000, 0x00000000a9200000| Untracked 
| 147|0x00000000a9300000, 0x00000000a9300000, 0x00000000a9400000|  0%| F|  |TAMS 0x00000000a9300000, 0x00000000a9300000| Untracked 
| 148|0x00000000a9400000, 0x00000000a9400000, 0x00000000a9500000|  0%| F|  |TAMS 0x00000000a9400000, 0x00000000a9400000| Untracked 
| 149|0x00000000a9500000, 0x00000000a9500000, 0x00000000a9600000|  0%| F|  |TAMS 0x00000000a9500000, 0x00000000a9500000| Untracked 
| 150|0x00000000a9600000, 0x00000000a9700000, 0x00000000a9700000|100%| O|  |TAMS 0x00000000a9700000, 0x00000000a9600000| Untracked 
| 151|0x00000000a9700000, 0x00000000a9800000, 0x00000000a9800000|100%| O|  |TAMS 0x00000000a9800000, 0x00000000a9700000| Untracked 
| 152|0x00000000a9800000, 0x00000000a9900000, 0x00000000a9900000|100%| O|  |TAMS 0x00000000a9900000, 0x00000000a9800000| Untracked 
| 153|0x00000000a9900000, 0x00000000a9a00000, 0x00000000a9a00000|100%| O|  |TAMS 0x00000000a9a00000, 0x00000000a9900000| Untracked 
| 154|0x00000000a9a00000, 0x00000000a9b00000, 0x00000000a9b00000|100%| O|  |TAMS 0x00000000a9b00000, 0x00000000a9a00000| Untracked 
| 155|0x00000000a9b00000, 0x00000000a9c00000, 0x00000000a9c00000|100%| O|  |TAMS 0x00000000a9c00000, 0x00000000a9b00000| Untracked 
| 156|0x00000000a9c00000, 0x00000000a9d00000, 0x00000000a9d00000|100%| O|  |TAMS 0x00000000a9d00000, 0x00000000a9c00000| Untracked 
| 157|0x00000000a9d00000, 0x00000000a9e00000, 0x00000000a9e00000|100%| O|  |TAMS 0x00000000a9e00000, 0x00000000a9d00000| Untracked 
| 158|0x00000000a9e00000, 0x00000000a9f00000, 0x00000000a9f00000|100%| O|  |TAMS 0x00000000a9f00000, 0x00000000a9e00000| Untracked 
| 159|0x00000000a9f00000, 0x00000000aa000000, 0x00000000aa000000|100%| O|  |TAMS 0x00000000aa000000, 0x00000000a9f00000| Untracked 
| 160|0x00000000aa000000, 0x00000000aa000000, 0x00000000aa100000|  0%| F|  |TAMS 0x00000000aa000000, 0x00000000aa000000| Untracked 
| 161|0x00000000aa100000, 0x00000000aa100000, 0x00000000aa200000|  0%| F|  |TAMS 0x00000000aa100000, 0x00000000aa100000| Untracked 
| 162|0x00000000aa200000, 0x00000000aa200000, 0x00000000aa300000|  0%| F|  |TAMS 0x00000000aa200000, 0x00000000aa200000| Untracked 
| 163|0x00000000aa300000, 0x00000000aa300000, 0x00000000aa400000|  0%| F|  |TAMS 0x00000000aa300000, 0x00000000aa300000| Untracked 
| 164|0x00000000aa400000, 0x00000000aa400000, 0x00000000aa500000|  0%| F|  |TAMS 0x00000000aa400000, 0x00000000aa400000| Untracked 
| 165|0x00000000aa500000, 0x00000000aa500000, 0x00000000aa600000|  0%| F|  |TAMS 0x00000000aa500000, 0x00000000aa500000| Untracked 
| 166|0x00000000aa600000, 0x00000000aa600000, 0x00000000aa700000|  0%| F|  |TAMS 0x00000000aa600000, 0x00000000aa600000| Untracked 
| 167|0x00000000aa700000, 0x00000000aa700000, 0x00000000aa800000|  0%| F|  |TAMS 0x00000000aa700000, 0x00000000aa700000| Untracked 
| 168|0x00000000aa800000, 0x00000000aa800000, 0x00000000aa900000|  0%| F|  |TAMS 0x00000000aa800000, 0x00000000aa800000| Untracked 
| 169|0x00000000aa900000, 0x00000000aa900000, 0x00000000aaa00000|  0%| F|  |TAMS 0x00000000aa900000, 0x00000000aa900000| Untracked 
| 170|0x00000000aaa00000, 0x00000000aaa00000, 0x00000000aab00000|  0%| F|  |TAMS 0x00000000aaa00000, 0x00000000aaa00000| Untracked 
| 171|0x00000000aab00000, 0x00000000aab00000, 0x00000000aac00000|  0%| F|  |TAMS 0x00000000aab00000, 0x00000000aab00000| Untracked 
| 172|0x00000000aac00000, 0x00000000aac00000, 0x00000000aad00000|  0%| F|  |TAMS 0x00000000aac00000, 0x00000000aac00000| Untracked 
| 173|0x00000000aad00000, 0x00000000aad00000, 0x00000000aae00000|  0%| F|  |TAMS 0x00000000aad00000, 0x00000000aad00000| Untracked 
| 174|0x00000000aae00000, 0x00000000aae00000, 0x00000000aaf00000|  0%| F|  |TAMS 0x00000000aae00000, 0x00000000aae00000| Untracked 
| 175|0x00000000aaf00000, 0x00000000aaf00000, 0x00000000ab000000|  0%| F|  |TAMS 0x00000000aaf00000, 0x00000000aaf00000| Untracked 
| 176|0x00000000ab000000, 0x00000000ab000000, 0x00000000ab100000|  0%| F|  |TAMS 0x00000000ab000000, 0x00000000ab000000| Untracked 
| 177|0x00000000ab100000, 0x00000000ab100000, 0x00000000ab200000|  0%| F|  |TAMS 0x00000000ab100000, 0x00000000ab100000| Untracked 
| 178|0x00000000ab200000, 0x00000000ab200000, 0x00000000ab300000|  0%| F|  |TAMS 0x00000000ab200000, 0x00000000ab200000| Untracked 
| 179|0x00000000ab300000, 0x00000000ab300000, 0x00000000ab400000|  0%| F|  |TAMS 0x00000000ab300000, 0x00000000ab300000| Untracked 
| 180|0x00000000ab400000, 0x00000000ab400000, 0x00000000ab500000|  0%| F|  |TAMS 0x00000000ab400000, 0x00000000ab400000| Untracked 
| 181|0x00000000ab500000, 0x00000000ab500000, 0x00000000ab600000|  0%| F|  |TAMS 0x00000000ab500000, 0x00000000ab500000| Untracked 
| 182|0x00000000ab600000, 0x00000000ab600000, 0x00000000ab700000|  0%| F|  |TAMS 0x00000000ab600000, 0x00000000ab600000| Untracked 
| 183|0x00000000ab700000, 0x00000000ab700000, 0x00000000ab800000|  0%| F|  |TAMS 0x00000000ab700000, 0x00000000ab700000| Untracked 
| 184|0x00000000ab800000, 0x00000000ab800000, 0x00000000ab900000|  0%| F|  |TAMS 0x00000000ab800000, 0x00000000ab800000| Untracked 
| 185|0x00000000ab900000, 0x00000000ab900000, 0x00000000aba00000|  0%| F|  |TAMS 0x00000000ab900000, 0x00000000ab900000| Untracked 
| 186|0x00000000aba00000, 0x00000000aba00000, 0x00000000abb00000|  0%| F|  |TAMS 0x00000000aba00000, 0x00000000aba00000| Untracked 
| 187|0x00000000abb00000, 0x00000000abb00000, 0x00000000abc00000|  0%| F|  |TAMS 0x00000000abb00000, 0x00000000abb00000| Untracked 
| 188|0x00000000abc00000, 0x00000000abc00000, 0x00000000abd00000|  0%| F|  |TAMS 0x00000000abc00000, 0x00000000abc00000| Untracked 
| 189|0x00000000abd00000, 0x00000000abd00000, 0x00000000abe00000|  0%| F|  |TAMS 0x00000000abd00000, 0x00000000abd00000| Untracked 
| 190|0x00000000abe00000, 0x00000000abe00000, 0x00000000abf00000|  0%| F|  |TAMS 0x00000000abe00000, 0x00000000abe00000| Untracked 
| 191|0x00000000abf00000, 0x00000000abf00000, 0x00000000ac000000|  0%| F|  |TAMS 0x00000000abf00000, 0x00000000abf00000| Untracked 
| 192|0x00000000ac000000, 0x00000000ac000000, 0x00000000ac100000|  0%| F|  |TAMS 0x00000000ac000000, 0x00000000ac000000| Untracked 
| 193|0x00000000ac100000, 0x00000000ac100000, 0x00000000ac200000|  0%| F|  |TAMS 0x00000000ac100000, 0x00000000ac100000| Untracked 
| 194|0x00000000ac200000, 0x00000000ac200000, 0x00000000ac300000|  0%| F|  |TAMS 0x00000000ac200000, 0x00000000ac200000| Untracked 
| 195|0x00000000ac300000, 0x00000000ac300000, 0x00000000ac400000|  0%| F|  |TAMS 0x00000000ac300000, 0x00000000ac300000| Untracked 
| 196|0x00000000ac400000, 0x00000000ac400000, 0x00000000ac500000|  0%| F|  |TAMS 0x00000000ac400000, 0x00000000ac400000| Untracked 
| 197|0x00000000ac500000, 0x00000000ac500000, 0x00000000ac600000|  0%| F|  |TAMS 0x00000000ac500000, 0x00000000ac500000| Untracked 
| 198|0x00000000ac600000, 0x00000000ac600000, 0x00000000ac700000|  0%| F|  |TAMS 0x00000000ac600000, 0x00000000ac600000| Untracked 
| 199|0x00000000ac700000, 0x00000000ac700000, 0x00000000ac800000|  0%| F|  |TAMS 0x00000000ac700000, 0x00000000ac700000| Untracked 
| 200|0x00000000ac800000, 0x00000000ac800000, 0x00000000ac900000|  0%| F|  |TAMS 0x00000000ac800000, 0x00000000ac800000| Untracked 
| 201|0x00000000ac900000, 0x00000000ac900000, 0x00000000aca00000|  0%| F|  |TAMS 0x00000000ac900000, 0x00000000ac900000| Untracked 
| 202|0x00000000aca00000, 0x00000000aca00000, 0x00000000acb00000|  0%| F|  |TAMS 0x00000000aca00000, 0x00000000aca00000| Untracked 
| 203|0x00000000acb00000, 0x00000000acb00000, 0x00000000acc00000|  0%| F|  |TAMS 0x00000000acb00000, 0x00000000acb00000| Untracked 
| 204|0x00000000acc00000, 0x00000000acc00000, 0x00000000acd00000|  0%| F|  |TAMS 0x00000000acc00000, 0x00000000acc00000| Untracked 
| 205|0x00000000acd00000, 0x00000000acd00000, 0x00000000ace00000|  0%| F|  |TAMS 0x00000000acd00000, 0x00000000acd00000| Untracked 
| 206|0x00000000ace00000, 0x00000000ace00000, 0x00000000acf00000|  0%| F|  |TAMS 0x00000000ace00000, 0x00000000ace00000| Untracked 
| 207|0x00000000acf00000, 0x00000000acf00000, 0x00000000ad000000|  0%| F|  |TAMS 0x00000000acf00000, 0x00000000acf00000| Untracked 
| 208|0x00000000ad000000, 0x00000000ad000000, 0x00000000ad100000|  0%| F|  |TAMS 0x00000000ad000000, 0x00000000ad000000| Untracked 
| 209|0x00000000ad100000, 0x00000000ad100000, 0x00000000ad200000|  0%| F|  |TAMS 0x00000000ad100000, 0x00000000ad100000| Untracked 
| 210|0x00000000ad200000, 0x00000000ad200000, 0x00000000ad300000|  0%| F|  |TAMS 0x00000000ad200000, 0x00000000ad200000| Untracked 
| 211|0x00000000ad300000, 0x00000000ad300000, 0x00000000ad400000|  0%| F|  |TAMS 0x00000000ad300000, 0x00000000ad300000| Untracked 
| 212|0x00000000ad400000, 0x00000000ad400000, 0x00000000ad500000|  0%| F|  |TAMS 0x00000000ad400000, 0x00000000ad400000| Untracked 
| 213|0x00000000ad500000, 0x00000000ad500000, 0x00000000ad600000|  0%| F|  |TAMS 0x00000000ad500000, 0x00000000ad500000| Untracked 
| 214|0x00000000ad600000, 0x00000000ad600000, 0x00000000ad700000|  0%| F|  |TAMS 0x00000000ad600000, 0x00000000ad600000| Untracked 
| 215|0x00000000ad700000, 0x00000000ad700000, 0x00000000ad800000|  0%| F|  |TAMS 0x00000000ad700000, 0x00000000ad700000| Untracked 
| 216|0x00000000ad800000, 0x00000000ad800000, 0x00000000ad900000|  0%| F|  |TAMS 0x00000000ad800000, 0x00000000ad800000| Untracked 
| 217|0x00000000ad900000, 0x00000000ad900000, 0x00000000ada00000|  0%| F|  |TAMS 0x00000000ad900000, 0x00000000ad900000| Untracked 
| 218|0x00000000ada00000, 0x00000000ada00000, 0x00000000adb00000|  0%| F|  |TAMS 0x00000000ada00000, 0x00000000ada00000| Untracked 
| 219|0x00000000adb00000, 0x00000000adb00000, 0x00000000adc00000|  0%| F|  |TAMS 0x00000000adb00000, 0x00000000adb00000| Untracked 
| 220|0x00000000adc00000, 0x00000000adc00000, 0x00000000add00000|  0%| F|  |TAMS 0x00000000adc00000, 0x00000000adc00000| Untracked 
| 221|0x00000000add00000, 0x00000000add00000, 0x00000000ade00000|  0%| F|  |TAMS 0x00000000add00000, 0x00000000add00000| Untracked 
| 222|0x00000000ade00000, 0x00000000ade00000, 0x00000000adf00000|  0%| F|  |TAMS 0x00000000ade00000, 0x00000000ade00000| Untracked 
| 223|0x00000000adf00000, 0x00000000adf00000, 0x00000000ae000000|  0%| F|  |TAMS 0x00000000adf00000, 0x00000000adf00000| Untracked 
| 224|0x00000000ae000000, 0x00000000ae000000, 0x00000000ae100000|  0%| F|  |TAMS 0x00000000ae000000, 0x00000000ae000000| Untracked 
| 225|0x00000000ae100000, 0x00000000ae100000, 0x00000000ae200000|  0%| F|  |TAMS 0x00000000ae100000, 0x00000000ae100000| Untracked 
| 226|0x00000000ae200000, 0x00000000ae200000, 0x00000000ae300000|  0%| F|  |TAMS 0x00000000ae200000, 0x00000000ae200000| Untracked 
| 227|0x00000000ae300000, 0x00000000ae300000, 0x00000000ae400000|  0%| F|  |TAMS 0x00000000ae300000, 0x00000000ae300000| Untracked 
| 228|0x00000000ae400000, 0x00000000ae400000, 0x00000000ae500000|  0%| F|  |TAMS 0x00000000ae400000, 0x00000000ae400000| Untracked 
| 229|0x00000000ae500000, 0x00000000ae500000, 0x00000000ae600000|  0%| F|  |TAMS 0x00000000ae500000, 0x00000000ae500000| Untracked 
| 230|0x00000000ae600000, 0x00000000ae600000, 0x00000000ae700000|  0%| F|  |TAMS 0x00000000ae600000, 0x00000000ae600000| Untracked 
| 231|0x00000000ae700000, 0x00000000ae700000, 0x00000000ae800000|  0%| F|  |TAMS 0x00000000ae700000, 0x00000000ae700000| Untracked 
| 232|0x00000000ae800000, 0x00000000ae800000, 0x00000000ae900000|  0%| F|  |TAMS 0x00000000ae800000, 0x00000000ae800000| Untracked 
| 233|0x00000000ae900000, 0x00000000ae900000, 0x00000000aea00000|  0%| F|  |TAMS 0x00000000ae900000, 0x00000000ae900000| Untracked 
| 234|0x00000000aea00000, 0x00000000aea00000, 0x00000000aeb00000|  0%| F|  |TAMS 0x00000000aea00000, 0x00000000aea00000| Untracked 
| 235|0x00000000aeb00000, 0x00000000aeb00000, 0x00000000aec00000|  0%| F|  |TAMS 0x00000000aeb00000, 0x00000000aeb00000| Untracked 
| 236|0x00000000aec00000, 0x00000000aec00000, 0x00000000aed00000|  0%| F|  |TAMS 0x00000000aec00000, 0x00000000aec00000| Untracked 
| 237|0x00000000aed00000, 0x00000000aed00000, 0x00000000aee00000|  0%| F|  |TAMS 0x00000000aed00000, 0x00000000aed00000| Untracked 
| 238|0x00000000aee00000, 0x00000000aee00000, 0x00000000aef00000|  0%| F|  |TAMS 0x00000000aee00000, 0x00000000aee00000| Untracked 
| 239|0x00000000aef00000, 0x00000000aef00000, 0x00000000af000000|  0%| F|  |TAMS 0x00000000aef00000, 0x00000000aef00000| Untracked 
| 240|0x00000000af000000, 0x00000000af000000, 0x00000000af100000|  0%| F|  |TAMS 0x00000000af000000, 0x00000000af000000| Untracked 
| 241|0x00000000af100000, 0x00000000af100000, 0x00000000af200000|  0%| F|  |TAMS 0x00000000af100000, 0x00000000af100000| Untracked 
| 242|0x00000000af200000, 0x00000000af200000, 0x00000000af300000|  0%| F|  |TAMS 0x00000000af200000, 0x00000000af200000| Untracked 
| 243|0x00000000af300000, 0x00000000af300000, 0x00000000af400000|  0%| F|  |TAMS 0x00000000af300000, 0x00000000af300000| Untracked 
| 244|0x00000000af400000, 0x00000000af400000, 0x00000000af500000|  0%| F|  |TAMS 0x00000000af400000, 0x00000000af400000| Untracked 
| 245|0x00000000af500000, 0x00000000af500000, 0x00000000af600000|  0%| F|  |TAMS 0x00000000af500000, 0x00000000af500000| Untracked 
| 246|0x00000000af600000, 0x00000000af600000, 0x00000000af700000|  0%| F|  |TAMS 0x00000000af600000, 0x00000000af600000| Untracked 
| 247|0x00000000af700000, 0x00000000af700000, 0x00000000af800000|  0%| F|  |TAMS 0x00000000af700000, 0x00000000af700000| Untracked 
| 248|0x00000000af800000, 0x00000000af800000, 0x00000000af900000|  0%| F|  |TAMS 0x00000000af800000, 0x00000000af800000| Untracked 
| 249|0x00000000af900000, 0x00000000af900000, 0x00000000afa00000|  0%| F|  |TAMS 0x00000000af900000, 0x00000000af900000| Untracked 
| 250|0x00000000afa00000, 0x00000000afa00000, 0x00000000afb00000|  0%| F|  |TAMS 0x00000000afa00000, 0x00000000afa00000| Untracked 
| 251|0x00000000afb00000, 0x00000000afb00000, 0x00000000afc00000|  0%| F|  |TAMS 0x00000000afb00000, 0x00000000afb00000| Untracked 
| 252|0x00000000afc00000, 0x00000000afc00000, 0x00000000afd00000|  0%| F|  |TAMS 0x00000000afc00000, 0x00000000afc00000| Untracked 
| 253|0x00000000afd00000, 0x00000000afe00000, 0x00000000afe00000|100%| O|  |TAMS 0x00000000afe00000, 0x00000000afd00000| Untracked 
| 254|0x00000000afe00000, 0x00000000afe00000, 0x00000000aff00000|  0%| F|  |TAMS 0x00000000afe00000, 0x00000000afe00000| Untracked 
| 255|0x00000000aff00000, 0x00000000b0000000, 0x00000000b0000000|100%| E|  |TAMS 0x00000000aff00000, 0x00000000aff00000| Complete 
| 256|0x00000000b0000000, 0x00000000b0100000, 0x00000000b0100000|100%| E|CS|TAMS 0x00000000b0000000, 0x00000000b0000000| Complete 
| 257|0x00000000b0100000, 0x00000000b0200000, 0x00000000b0200000|100%| E|CS|TAMS 0x00000000b0100000, 0x00000000b0100000| Complete 
| 258|0x00000000b0200000, 0x00000000b0300000, 0x00000000b0300000|100%| E|CS|TAMS 0x00000000b0200000, 0x00000000b0200000| Complete 
| 259|0x00000000b0300000, 0x00000000b0400000, 0x00000000b0400000|100%| E|CS|TAMS 0x00000000b0300000, 0x00000000b0300000| Complete 
| 260|0x00000000b0400000, 0x00000000b0500000, 0x00000000b0500000|100%| E|CS|TAMS 0x00000000b0400000, 0x00000000b0400000| Complete 
| 261|0x00000000b0500000, 0x00000000b0600000, 0x00000000b0600000|100%| E|CS|TAMS 0x00000000b0500000, 0x00000000b0500000| Complete 
| 262|0x00000000b0600000, 0x00000000b0700000, 0x00000000b0700000|100%| E|CS|TAMS 0x00000000b0600000, 0x00000000b0600000| Complete 
| 263|0x00000000b0700000, 0x00000000b0800000, 0x00000000b0800000|100%| E|CS|TAMS 0x00000000b0700000, 0x00000000b0700000| Complete 
| 264|0x00000000b0800000, 0x00000000b0900000, 0x00000000b0900000|100%| E|CS|TAMS 0x00000000b0800000, 0x00000000b0800000| Complete 
| 265|0x00000000b0900000, 0x00000000b0a00000, 0x00000000b0a00000|100%| E|CS|TAMS 0x00000000b0900000, 0x00000000b0900000| Complete 
| 266|0x00000000b0a00000, 0x00000000b0b00000, 0x00000000b0b00000|100%| E|CS|TAMS 0x00000000b0a00000, 0x00000000b0a00000| Complete 
| 267|0x00000000b0b00000, 0x00000000b0c00000, 0x00000000b0c00000|100%| E|CS|TAMS 0x00000000b0b00000, 0x00000000b0b00000| Complete 
| 268|0x00000000b0c00000, 0x00000000b0d00000, 0x00000000b0d00000|100%| E|CS|TAMS 0x00000000b0c00000, 0x00000000b0c00000| Complete 
| 269|0x00000000b0d00000, 0x00000000b0e00000, 0x00000000b0e00000|100%| E|CS|TAMS 0x00000000b0d00000, 0x00000000b0d00000| Complete 
| 270|0x00000000b0e00000, 0x00000000b0f00000, 0x00000000b0f00000|100%| E|CS|TAMS 0x00000000b0e00000, 0x00000000b0e00000| Complete 
| 271|0x00000000b0f00000, 0x00000000b1000000, 0x00000000b1000000|100%| E|CS|TAMS 0x00000000b0f00000, 0x00000000b0f00000| Complete 
| 272|0x00000000b1000000, 0x00000000b1100000, 0x00000000b1100000|100%| E|CS|TAMS 0x00000000b1000000, 0x00000000b1000000| Complete 
| 273|0x00000000b1100000, 0x00000000b1200000, 0x00000000b1200000|100%| E|CS|TAMS 0x00000000b1100000, 0x00000000b1100000| Complete 
| 274|0x00000000b1200000, 0x00000000b1300000, 0x00000000b1300000|100%| E|CS|TAMS 0x00000000b1200000, 0x00000000b1200000| Complete 
| 275|0x00000000b1300000, 0x00000000b1400000, 0x00000000b1400000|100%| E|CS|TAMS 0x00000000b1300000, 0x00000000b1300000| Complete 
| 276|0x00000000b1400000, 0x00000000b1500000, 0x00000000b1500000|100%| E|CS|TAMS 0x00000000b1400000, 0x00000000b1400000| Complete 
| 277|0x00000000b1500000, 0x00000000b1600000, 0x00000000b1600000|100%| E|CS|TAMS 0x00000000b1500000, 0x00000000b1500000| Complete 
| 278|0x00000000b1600000, 0x00000000b1700000, 0x00000000b1700000|100%| E|CS|TAMS 0x00000000b1600000, 0x00000000b1600000| Complete 
| 279|0x00000000b1700000, 0x00000000b1800000, 0x00000000b1800000|100%| E|CS|TAMS 0x00000000b1700000, 0x00000000b1700000| Complete 
| 280|0x00000000b1800000, 0x00000000b1900000, 0x00000000b1900000|100%| E|CS|TAMS 0x00000000b1800000, 0x00000000b1800000| Complete 
| 281|0x00000000b1900000, 0x00000000b1a00000, 0x00000000b1a00000|100%| E|CS|TAMS 0x00000000b1900000, 0x00000000b1900000| Complete 
| 282|0x00000000b1a00000, 0x00000000b1b00000, 0x00000000b1b00000|100%| E|CS|TAMS 0x00000000b1a00000, 0x00000000b1a00000| Complete 
| 283|0x00000000b1b00000, 0x00000000b1c00000, 0x00000000b1c00000|100%| E|CS|TAMS 0x00000000b1b00000, 0x00000000b1b00000| Complete 
| 284|0x00000000b1c00000, 0x00000000b1d00000, 0x00000000b1d00000|100%| E|CS|TAMS 0x00000000b1c00000, 0x00000000b1c00000| Complete 
| 285|0x00000000b1d00000, 0x00000000b1e00000, 0x00000000b1e00000|100%| E|CS|TAMS 0x00000000b1d00000, 0x00000000b1d00000| Complete 
| 286|0x00000000b1e00000, 0x00000000b1f00000, 0x00000000b1f00000|100%| E|CS|TAMS 0x00000000b1e00000, 0x00000000b1e00000| Complete 
| 287|0x00000000b1f00000, 0x00000000b2000000, 0x00000000b2000000|100%| E|CS|TAMS 0x00000000b1f00000, 0x00000000b1f00000| Complete 
| 288|0x00000000b2000000, 0x00000000b2100000, 0x00000000b2100000|100%| E|CS|TAMS 0x00000000b2000000, 0x00000000b2000000| Complete 
| 289|0x00000000b2100000, 0x00000000b2200000, 0x00000000b2200000|100%| E|CS|TAMS 0x00000000b2100000, 0x00000000b2100000| Complete 
| 290|0x00000000b2200000, 0x00000000b2300000, 0x00000000b2300000|100%| E|CS|TAMS 0x00000000b2200000, 0x00000000b2200000| Complete 
| 291|0x00000000b2300000, 0x00000000b2400000, 0x00000000b2400000|100%| E|CS|TAMS 0x00000000b2300000, 0x00000000b2300000| Complete 
| 292|0x00000000b2400000, 0x00000000b2500000, 0x00000000b2500000|100%| E|CS|TAMS 0x00000000b2400000, 0x00000000b2400000| Complete 
| 293|0x00000000b2500000, 0x00000000b2600000, 0x00000000b2600000|100%| E|CS|TAMS 0x00000000b2500000, 0x00000000b2500000| Complete 
| 294|0x00000000b2600000, 0x00000000b2700000, 0x00000000b2700000|100%| E|CS|TAMS 0x00000000b2600000, 0x00000000b2600000| Complete 
| 295|0x00000000b2700000, 0x00000000b2800000, 0x00000000b2800000|100%| E|CS|TAMS 0x00000000b2700000, 0x00000000b2700000| Complete 
| 296|0x00000000b2800000, 0x00000000b2900000, 0x00000000b2900000|100%| E|CS|TAMS 0x00000000b2800000, 0x00000000b2800000| Complete 
| 297|0x00000000b2900000, 0x00000000b2a00000, 0x00000000b2a00000|100%| E|CS|TAMS 0x00000000b2900000, 0x00000000b2900000| Complete 
| 298|0x00000000b2a00000, 0x00000000b2b00000, 0x00000000b2b00000|100%| E|CS|TAMS 0x00000000b2a00000, 0x00000000b2a00000| Complete 
| 299|0x00000000b2b00000, 0x00000000b2c00000, 0x00000000b2c00000|100%| E|CS|TAMS 0x00000000b2b00000, 0x00000000b2b00000| Complete 
| 300|0x00000000b2c00000, 0x00000000b2d00000, 0x00000000b2d00000|100%| S|CS|TAMS 0x00000000b2c00000, 0x00000000b2c00000| Complete 
| 301|0x00000000b2d00000, 0x00000000b2e00000, 0x00000000b2e00000|100%| S|CS|TAMS 0x00000000b2d00000, 0x00000000b2d00000| Complete 
| 302|0x00000000b2e00000, 0x00000000b2f00000, 0x00000000b2f00000|100%| S|CS|TAMS 0x00000000b2e00000, 0x00000000b2e00000| Complete 
| 303|0x00000000b2f00000, 0x00000000b3000000, 0x00000000b3000000|100%| S|CS|TAMS 0x00000000b2f00000, 0x00000000b2f00000| Complete 
| 304|0x00000000b3000000, 0x00000000b3100000, 0x00000000b3100000|100%| S|CS|TAMS 0x00000000b3000000, 0x00000000b3000000| Complete 
| 305|0x00000000b3100000, 0x00000000b3200000, 0x00000000b3200000|100%| S|CS|TAMS 0x00000000b3100000, 0x00000000b3100000| Complete 
| 306|0x00000000b3200000, 0x00000000b3300000, 0x00000000b3300000|100%| E|CS|TAMS 0x00000000b3200000, 0x00000000b3200000| Complete 
| 307|0x00000000b3300000, 0x00000000b3400000, 0x00000000b3400000|100%| E|CS|TAMS 0x00000000b3300000, 0x00000000b3300000| Complete 
| 308|0x00000000b3400000, 0x00000000b3500000, 0x00000000b3500000|100%| E|CS|TAMS 0x00000000b3400000, 0x00000000b3400000| Complete 
| 309|0x00000000b3500000, 0x00000000b3600000, 0x00000000b3600000|100%| E|CS|TAMS 0x00000000b3500000, 0x00000000b3500000| Complete 
| 310|0x00000000b3600000, 0x00000000b3700000, 0x00000000b3700000|100%| E|CS|TAMS 0x00000000b3600000, 0x00000000b3600000| Complete 
| 311|0x00000000b3700000, 0x00000000b3800000, 0x00000000b3800000|100%| E|CS|TAMS 0x00000000b3700000, 0x00000000b3700000| Complete 
| 312|0x00000000b3800000, 0x00000000b3900000, 0x00000000b3900000|100%| E|CS|TAMS 0x00000000b3800000, 0x00000000b3800000| Complete 
| 313|0x00000000b3900000, 0x00000000b3a00000, 0x00000000b3a00000|100%| E|CS|TAMS 0x00000000b3900000, 0x00000000b3900000| Complete 
| 314|0x00000000b3a00000, 0x00000000b3b00000, 0x00000000b3b00000|100%| E|CS|TAMS 0x00000000b3a00000, 0x00000000b3a00000| Complete 
| 315|0x00000000b3b00000, 0x00000000b3c00000, 0x00000000b3c00000|100%| E|CS|TAMS 0x00000000b3b00000, 0x00000000b3b00000| Complete 
| 316|0x00000000b3c00000, 0x00000000b3d00000, 0x00000000b3d00000|100%| E|CS|TAMS 0x00000000b3c00000, 0x00000000b3c00000| Complete 
| 317|0x00000000b3d00000, 0x00000000b3e00000, 0x00000000b3e00000|100%| E|CS|TAMS 0x00000000b3d00000, 0x00000000b3d00000| Complete 
| 318|0x00000000b3e00000, 0x00000000b3f00000, 0x00000000b3f00000|100%| E|CS|TAMS 0x00000000b3e00000, 0x00000000b3e00000| Complete 
| 319|0x00000000b3f00000, 0x00000000b4000000, 0x00000000b4000000|100%| E|CS|TAMS 0x00000000b3f00000, 0x00000000b3f00000| Complete 
| 320|0x00000000b4000000, 0x00000000b4100000, 0x00000000b4100000|100%| E|CS|TAMS 0x00000000b4000000, 0x00000000b4000000| Complete 
| 321|0x00000000b4100000, 0x00000000b4200000, 0x00000000b4200000|100%| E|CS|TAMS 0x00000000b4100000, 0x00000000b4100000| Complete 
| 322|0x00000000b4200000, 0x00000000b4300000, 0x00000000b4300000|100%| E|CS|TAMS 0x00000000b4200000, 0x00000000b4200000| Complete 
| 323|0x00000000b4300000, 0x00000000b4400000, 0x00000000b4400000|100%| E|CS|TAMS 0x00000000b4300000, 0x00000000b4300000| Complete 
| 324|0x00000000b4400000, 0x00000000b4500000, 0x00000000b4500000|100%| E|CS|TAMS 0x00000000b4400000, 0x00000000b4400000| Complete 
| 325|0x00000000b4500000, 0x00000000b4600000, 0x00000000b4600000|100%| E|CS|TAMS 0x00000000b4500000, 0x00000000b4500000| Complete 
| 326|0x00000000b4600000, 0x00000000b4700000, 0x00000000b4700000|100%| E|CS|TAMS 0x00000000b4600000, 0x00000000b4600000| Complete 
| 327|0x00000000b4700000, 0x00000000b4800000, 0x00000000b4800000|100%| E|CS|TAMS 0x00000000b4700000, 0x00000000b4700000| Complete 
| 328|0x00000000b4800000, 0x00000000b4900000, 0x00000000b4900000|100%| E|CS|TAMS 0x00000000b4800000, 0x00000000b4800000| Complete 
| 329|0x00000000b4900000, 0x00000000b4a00000, 0x00000000b4a00000|100%| E|CS|TAMS 0x00000000b4900000, 0x00000000b4900000| Complete 
| 330|0x00000000b4a00000, 0x00000000b4b00000, 0x00000000b4b00000|100%| E|CS|TAMS 0x00000000b4a00000, 0x00000000b4a00000| Complete 
| 331|0x00000000b4b00000, 0x00000000b4c00000, 0x00000000b4c00000|100%| E|CS|TAMS 0x00000000b4b00000, 0x00000000b4b00000| Complete 
| 332|0x00000000b4c00000, 0x00000000b4d00000, 0x00000000b4d00000|100%| E|CS|TAMS 0x00000000b4c00000, 0x00000000b4c00000| Complete 
| 333|0x00000000b4d00000, 0x00000000b4e00000, 0x00000000b4e00000|100%| E|CS|TAMS 0x00000000b4d00000, 0x00000000b4d00000| Complete 
| 334|0x00000000b4e00000, 0x00000000b4f00000, 0x00000000b4f00000|100%| E|CS|TAMS 0x00000000b4e00000, 0x00000000b4e00000| Complete 
| 335|0x00000000b4f00000, 0x00000000b5000000, 0x00000000b5000000|100%| E|CS|TAMS 0x00000000b4f00000, 0x00000000b4f00000| Complete 
| 336|0x00000000b5000000, 0x00000000b5100000, 0x00000000b5100000|100%| E|CS|TAMS 0x00000000b5000000, 0x00000000b5000000| Complete 
| 337|0x00000000b5100000, 0x00000000b5200000, 0x00000000b5200000|100%| E|CS|TAMS 0x00000000b5100000, 0x00000000b5100000| Complete 
| 338|0x00000000b5200000, 0x00000000b5300000, 0x00000000b5300000|100%| E|CS|TAMS 0x00000000b5200000, 0x00000000b5200000| Complete 
| 339|0x00000000b5300000, 0x00000000b5400000, 0x00000000b5400000|100%| E|CS|TAMS 0x00000000b5300000, 0x00000000b5300000| Complete 
| 340|0x00000000b5400000, 0x00000000b5500000, 0x00000000b5500000|100%| E|CS|TAMS 0x00000000b5400000, 0x00000000b5400000| Complete 
| 341|0x00000000b5500000, 0x00000000b5600000, 0x00000000b5600000|100%| E|CS|TAMS 0x00000000b5500000, 0x00000000b5500000| Complete 
| 342|0x00000000b5600000, 0x00000000b5700000, 0x00000000b5700000|100%| E|CS|TAMS 0x00000000b5600000, 0x00000000b5600000| Complete 
| 343|0x00000000b5700000, 0x00000000b5800000, 0x00000000b5800000|100%| E|CS|TAMS 0x00000000b5700000, 0x00000000b5700000| Complete 
| 344|0x00000000b5800000, 0x00000000b5900000, 0x00000000b5900000|100%| E|CS|TAMS 0x00000000b5800000, 0x00000000b5800000| Complete 
| 345|0x00000000b5900000, 0x00000000b5a00000, 0x00000000b5a00000|100%| E|CS|TAMS 0x00000000b5900000, 0x00000000b5900000| Complete 
| 346|0x00000000b5a00000, 0x00000000b5b00000, 0x00000000b5b00000|100%| E|CS|TAMS 0x00000000b5a00000, 0x00000000b5a00000| Complete 
| 347|0x00000000b5b00000, 0x00000000b5c00000, 0x00000000b5c00000|100%| E|CS|TAMS 0x00000000b5b00000, 0x00000000b5b00000| Complete 
| 348|0x00000000b5c00000, 0x00000000b5d00000, 0x00000000b5d00000|100%| E|CS|TAMS 0x00000000b5c00000, 0x00000000b5c00000| Complete 
| 349|0x00000000b5d00000, 0x00000000b5e00000, 0x00000000b5e00000|100%| E|CS|TAMS 0x00000000b5d00000, 0x00000000b5d00000| Complete 
| 350|0x00000000b5e00000, 0x00000000b5f00000, 0x00000000b5f00000|100%| E|CS|TAMS 0x00000000b5e00000, 0x00000000b5e00000| Complete 
| 351|0x00000000b5f00000, 0x00000000b6000000, 0x00000000b6000000|100%| E|CS|TAMS 0x00000000b5f00000, 0x00000000b5f00000| Complete 
| 352|0x00000000b6000000, 0x00000000b6100000, 0x00000000b6100000|100%| E|CS|TAMS 0x00000000b6000000, 0x00000000b6000000| Complete 
| 353|0x00000000b6100000, 0x00000000b6200000, 0x00000000b6200000|100%| E|CS|TAMS 0x00000000b6100000, 0x00000000b6100000| Complete 
| 354|0x00000000b6200000, 0x00000000b6300000, 0x00000000b6300000|100%| E|CS|TAMS 0x00000000b6200000, 0x00000000b6200000| Complete 
| 355|0x00000000b6300000, 0x00000000b6400000, 0x00000000b6400000|100%| E|CS|TAMS 0x00000000b6300000, 0x00000000b6300000| Complete 
| 356|0x00000000b6400000, 0x00000000b6500000, 0x00000000b6500000|100%| E|CS|TAMS 0x00000000b6400000, 0x00000000b6400000| Complete 
| 357|0x00000000b6500000, 0x00000000b6600000, 0x00000000b6600000|100%| E|CS|TAMS 0x00000000b6500000, 0x00000000b6500000| Complete 
| 358|0x00000000b6600000, 0x00000000b6700000, 0x00000000b6700000|100%| E|CS|TAMS 0x00000000b6600000, 0x00000000b6600000| Complete 
| 359|0x00000000b6700000, 0x00000000b6800000, 0x00000000b6800000|100%| E|CS|TAMS 0x00000000b6700000, 0x00000000b6700000| Complete 
| 360|0x00000000b6800000, 0x00000000b6900000, 0x00000000b6900000|100%| E|CS|TAMS 0x00000000b6800000, 0x00000000b6800000| Complete 
| 361|0x00000000b6900000, 0x00000000b6a00000, 0x00000000b6a00000|100%| E|CS|TAMS 0x00000000b6900000, 0x00000000b6900000| Complete 
| 362|0x00000000b6a00000, 0x00000000b6b00000, 0x00000000b6b00000|100%| E|CS|TAMS 0x00000000b6a00000, 0x00000000b6a00000| Complete 
| 363|0x00000000b6b00000, 0x00000000b6c00000, 0x00000000b6c00000|100%| E|CS|TAMS 0x00000000b6b00000, 0x00000000b6b00000| Complete 
| 364|0x00000000b6c00000, 0x00000000b6d00000, 0x00000000b6d00000|100%| E|CS|TAMS 0x00000000b6c00000, 0x00000000b6c00000| Complete 
| 365|0x00000000b6d00000, 0x00000000b6e00000, 0x00000000b6e00000|100%| E|CS|TAMS 0x00000000b6d00000, 0x00000000b6d00000| Complete 
| 366|0x00000000b6e00000, 0x00000000b6f00000, 0x00000000b6f00000|100%| E|CS|TAMS 0x00000000b6e00000, 0x00000000b6e00000| Complete 
| 367|0x00000000b6f00000, 0x00000000b7000000, 0x00000000b7000000|100%| E|CS|TAMS 0x00000000b6f00000, 0x00000000b6f00000| Complete 
| 368|0x00000000b7000000, 0x00000000b7100000, 0x00000000b7100000|100%| E|CS|TAMS 0x00000000b7000000, 0x00000000b7000000| Complete 
| 369|0x00000000b7100000, 0x00000000b7200000, 0x00000000b7200000|100%| E|CS|TAMS 0x00000000b7100000, 0x00000000b7100000| Complete 
| 370|0x00000000b7200000, 0x00000000b7300000, 0x00000000b7300000|100%| E|CS|TAMS 0x00000000b7200000, 0x00000000b7200000| Complete 
| 371|0x00000000b7300000, 0x00000000b7400000, 0x00000000b7400000|100%| E|CS|TAMS 0x00000000b7300000, 0x00000000b7300000| Complete 
| 372|0x00000000b7400000, 0x00000000b7500000, 0x00000000b7500000|100%| E|CS|TAMS 0x00000000b7400000, 0x00000000b7400000| Complete 
| 373|0x00000000b7500000, 0x00000000b7600000, 0x00000000b7600000|100%| E|CS|TAMS 0x00000000b7500000, 0x00000000b7500000| Complete 
| 374|0x00000000b7600000, 0x00000000b7700000, 0x00000000b7700000|100%| E|CS|TAMS 0x00000000b7600000, 0x00000000b7600000| Complete 
| 375|0x00000000b7700000, 0x00000000b7800000, 0x00000000b7800000|100%| E|CS|TAMS 0x00000000b7700000, 0x00000000b7700000| Complete 
| 376|0x00000000b7800000, 0x00000000b7900000, 0x00000000b7900000|100%| E|CS|TAMS 0x00000000b7800000, 0x00000000b7800000| Complete 
| 377|0x00000000b7900000, 0x00000000b7a00000, 0x00000000b7a00000|100%| E|CS|TAMS 0x00000000b7900000, 0x00000000b7900000| Complete 
| 378|0x00000000b7a00000, 0x00000000b7b00000, 0x00000000b7b00000|100%| E|CS|TAMS 0x00000000b7a00000, 0x00000000b7a00000| Complete 
| 379|0x00000000b7b00000, 0x00000000b7c00000, 0x00000000b7c00000|100%| E|CS|TAMS 0x00000000b7b00000, 0x00000000b7b00000| Complete 
| 380|0x00000000b7c00000, 0x00000000b7d00000, 0x00000000b7d00000|100%| E|CS|TAMS 0x00000000b7c00000, 0x00000000b7c00000| Complete 
| 381|0x00000000b7d00000, 0x00000000b7e00000, 0x00000000b7e00000|100%| E|CS|TAMS 0x00000000b7d00000, 0x00000000b7d00000| Complete 
| 382|0x00000000b7e00000, 0x00000000b7f00000, 0x00000000b7f00000|100%| E|CS|TAMS 0x00000000b7e00000, 0x00000000b7e00000| Complete 
| 383|0x00000000b7f00000, 0x00000000b8000000, 0x00000000b8000000|100%| E|CS|TAMS 0x00000000b7f00000, 0x00000000b7f00000| Complete 
| 384|0x00000000b8000000, 0x00000000b8100000, 0x00000000b8100000|100%| E|CS|TAMS 0x00000000b8000000, 0x00000000b8000000| Complete 
| 385|0x00000000b8100000, 0x00000000b8200000, 0x00000000b8200000|100%| E|CS|TAMS 0x00000000b8100000, 0x00000000b8100000| Complete 
| 386|0x00000000b8200000, 0x00000000b8300000, 0x00000000b8300000|100%| E|CS|TAMS 0x00000000b8200000, 0x00000000b8200000| Complete 
| 387|0x00000000b8300000, 0x00000000b8400000, 0x00000000b8400000|100%| E|CS|TAMS 0x00000000b8300000, 0x00000000b8300000| Complete 
| 388|0x00000000b8400000, 0x00000000b8500000, 0x00000000b8500000|100%| E|CS|TAMS 0x00000000b8400000, 0x00000000b8400000| Complete 
| 389|0x00000000b8500000, 0x00000000b8600000, 0x00000000b8600000|100%| E|CS|TAMS 0x00000000b8500000, 0x00000000b8500000| Complete 
| 390|0x00000000b8600000, 0x00000000b8700000, 0x00000000b8700000|100%| E|CS|TAMS 0x00000000b8600000, 0x00000000b8600000| Complete 
| 391|0x00000000b8700000, 0x00000000b8800000, 0x00000000b8800000|100%| E|CS|TAMS 0x00000000b8700000, 0x00000000b8700000| Complete 
| 392|0x00000000b8800000, 0x00000000b8900000, 0x00000000b8900000|100%| E|CS|TAMS 0x00000000b8800000, 0x00000000b8800000| Complete 
| 393|0x00000000b8900000, 0x00000000b8a00000, 0x00000000b8a00000|100%| E|CS|TAMS 0x00000000b8900000, 0x00000000b8900000| Complete 
| 431|0x00000000baf00000, 0x00000000bb000000, 0x00000000bb000000|100%| E|CS|TAMS 0x00000000baf00000, 0x00000000baf00000| Complete 
| 432|0x00000000bb000000, 0x00000000bb100000, 0x00000000bb100000|100%| E|CS|TAMS 0x00000000bb000000, 0x00000000bb000000| Complete 
| 433|0x00000000bb100000, 0x00000000bb200000, 0x00000000bb200000|100%| E|CS|TAMS 0x00000000bb100000, 0x00000000bb100000| Complete 

Card table byte_map: [0x00000259a0f80000,0x00000259a1280000] _byte_map_base: 0x00000259a0a80000

Marking Bits (Prev, Next): (CMBitMap*) 0x0000025989d87ac0, (CMBitMap*) 0x0000025989d87a80
 Prev Bits: [0x00000259a2d80000, 0x00000259a4580000)
 Next Bits: [0x00000259a1580000, 0x00000259a2d80000)

Polling page: 0x0000025987b20000

Metaspace:

Usage:
  Non-class:    125.11 MB capacity,   123.40 MB ( 99%) used,     1.48 MB (  1%) free+waste,   235.69 KB ( <1%) overhead. 
      Class:     16.94 MB capacity,    16.30 MB ( 96%) used,   566.34 KB (  3%) free+waste,    91.38 KB ( <1%) overhead. 
       Both:    142.05 MB capacity,   139.70 MB ( 98%) used,     2.03 MB (  1%) free+waste,   327.06 KB ( <1%) overhead. 

Virtual space:
  Non-class space:      126.00 MB reserved,     125.20 MB (>99%) committed 
      Class space:        1.00 GB reserved,      17.00 MB (  2%) committed 
             Both:        1.12 GB reserved,     142.20 MB ( 12%) committed 

Chunk freelists:
   Non-Class:  35.00 KB
       Class:  29.00 KB
        Both:  64.00 KB

MaxMetaspaceSize: 17179869184.00 GB
CompressedClassSpaceSize: 1.00 GB

CodeHeap 'non-profiled nmethods': size=120064Kb used=27771Kb max_used=28399Kb free=92292Kb
 bounds [0x0000025999a40000, 0x000002599b610000, 0x00000259a0f80000]
CodeHeap 'profiled nmethods': size=120000Kb used=53285Kb max_used=55434Kb free=66714Kb
 bounds [0x0000025992510000, 0x0000025995b40000, 0x0000025999a40000]
CodeHeap 'non-nmethods': size=5696Kb used=2593Kb max_used=2667Kb free=3102Kb
 bounds [0x0000025991f80000, 0x0000025992240000, 0x0000025992510000]
 total_blobs=28216 nmethods=27087 adapters=1038
 compilation: enabled
              stopped_count=0, restarted_count=0
 full_count=0

Compilation events (20 events):
Event: 7015.670 Thread 0x00000259a692bee0 nmethod 37620 0x000002599a58b490 code [0x000002599a58b700, 0x000002599a58bed8]
Event: 7015.670 Thread 0x00000259a692bee0 37553       4       com.android.tools.r8.graph.f::definitionFor (9 bytes)
Event: 7015.672 Thread 0x00000259a692bee0 nmethod 37553 0x000002599b29e310 code [0x000002599b29e4a0, 0x000002599b29e578]
Event: 7015.672 Thread 0x00000259a692bee0 37656       4       com.android.tools.r8.graph.J::collectIndexedItems (1 bytes)
Event: 7015.673 Thread 0x00000259a692bee0 nmethod 37656 0x000002599b3ff290 code [0x000002599b3ff400, 0x000002599b3ff458]
Event: 7015.698 Thread 0x00000259a692bee0 37719       4       java.util.stream.ForEachOps$ForEachOp$OfRef::accept (11 bytes)
Event: 7015.698 Thread 0x00000259a692bee0 nmethod 37719 0x000002599af74910 code [0x000002599af74a80, 0x000002599af74b18]
Event: 7015.759 Thread 0x00000259a692bee0 37720       4       java.io.BufferedInputStream::<init> (32 bytes)
Event: 7015.763 Thread 0x00000259a692bee0 nmethod 37720 0x000002599b3dc590 code [0x000002599b3dc720, 0x000002599b3dca58]
Event: 7016.361 Thread 0x00000259a692bee0 37721       4       com.android.tools.r8.D8Command$Builder::d (2 bytes)
Event: 7016.362 Thread 0x00000259a692bee0 nmethod 37721 0x000002599b3dc290 code [0x000002599b3dc400, 0x000002599b3dc458]
Event: 7017.062 Thread 0x00000259a6958ca0 37722       3       com.android.tools.r8.q.a.a.b.u0$a::b (8 bytes)
Event: 7017.062 Thread 0x00000259a6958ca0 nmethod 37722 0x000002599253f890 code [0x000002599253fa40, 0x000002599253fc08]
Event: 7017.654 Thread 0x00000259a692bee0 37723       4       java.util.IdentityHashMap::keySet (25 bytes)
Event: 7017.659 Thread 0x00000259a692bee0 nmethod 37723 0x000002599af74510 code [0x000002599af746a0, 0x000002599af74838]
Event: 7017.681 Thread 0x00000259a692bee0 37724       4       com.google.common.util.concurrent.AbstractFuture::set (32 bytes)
Event: 7017.693 Thread 0x00000259a692bee0 nmethod 37724 0x000002599b31f290 code [0x000002599b31f440, 0x000002599b31f8a8]
Event: 7017.698 Thread 0x00000259a692bee0 37725       4       com.android.tools.r8.utils.H0::doEquivalent (69 bytes)
Event: 7017.711 Thread 0x00000259a692bee0 nmethod 37725 0x000002599a58a810 code [0x000002599a58a9e0, 0x000002599a58afd8]
Event: 7017.737 Thread 0x00000259a692bee0 37726       4       com.android.tools.r8.z.a.a.f::a (3630 bytes)

GC Heap History (20 events):
Event: 6973.443 GC heap before
{Heap before GC invocations=258 (full 0):
 garbage-first heap   total 507904K, used 395261K [0x00000000a0000000, 0x0000000100000000)
  region size 1024K, 135 young (138240K), 5 survivors (5120K)
 Metaspace       used 142773K, capacity 145165K, committed 145360K, reserved 1177600K
  class space    used 16680K, capacity 17314K, committed 17408K, reserved 1048576K
}
Event: 6973.461 GC heap after
{Heap after GC invocations=259 (full 0):
 garbage-first heap   total 507904K, used 262614K [0x00000000a0000000, 0x0000000100000000)
  region size 1024K, 5 young (5120K), 5 survivors (5120K)
 Metaspace       used 142773K, capacity 145165K, committed 145360K, reserved 1177600K
  class space    used 16680K, capacity 17314K, committed 17408K, reserved 1048576K
}
Event: 6977.674 GC heap before
{Heap before GC invocations=260 (full 0):
 garbage-first heap   total 507904K, used 305622K [0x00000000a0000000, 0x0000000100000000)
  region size 1024K, 144 young (147456K), 5 survivors (5120K)
 Metaspace       used 142826K, capacity 145232K, committed 145360K, reserved 1177600K
  class space    used 16681K, capacity 17315K, committed 17408K, reserved 1048576K
}
Event: 6977.695 GC heap after
{Heap after GC invocations=261 (full 0):
 garbage-first heap   total 507904K, used 163208K [0x00000000a0000000, 0x0000000100000000)
  region size 1024K, 5 young (5120K), 5 survivors (5120K)
 Metaspace       used 142826K, capacity 145232K, committed 145360K, reserved 1177600K
  class space    used 16681K, capacity 17315K, committed 17408K, reserved 1048576K
}
Event: 6978.056 GC heap before
{Heap before GC invocations=261 (full 0):
 garbage-first heap   total 507904K, used 182664K [0x00000000a0000000, 0x0000000100000000)
  region size 1024K, 24 young (24576K), 5 survivors (5120K)
 Metaspace       used 142827K, capacity 145232K, committed 145360K, reserved 1177600K
  class space    used 16681K, capacity 17315K, committed 17408K, reserved 1048576K
}
Event: 6978.216 GC heap after
{Heap after GC invocations=262 (full 0):
 garbage-first heap   total 507904K, used 120677K [0x00000000a0000000, 0x0000000100000000)
  region size 1024K, 2 young (2048K), 2 survivors (2048K)
 Metaspace       used 142827K, capacity 145232K, committed 145360K, reserved 1177600K
  class space    used 16681K, capacity 17315K, committed 17408K, reserved 1048576K
}
Event: 6979.656 GC heap before
{Heap before GC invocations=262 (full 0):
 garbage-first heap   total 507904K, used 181093K [0x00000000a0000000, 0x0000000100000000)
  region size 1024K, 62 young (63488K), 2 survivors (2048K)
 Metaspace       used 142855K, capacity 145232K, committed 145360K, reserved 1177600K
  class space    used 16681K, capacity 17315K, committed 17408K, reserved 1048576K
}
Event: 6979.680 GC heap after
{Heap after GC invocations=263 (full 0):
 garbage-first heap   total 507904K, used 121650K [0x00000000a0000000, 0x0000000100000000)
  region size 1024K, 3 young (3072K), 3 survivors (3072K)
 Metaspace       used 142855K, capacity 145232K, committed 145360K, reserved 1177600K
  class space    used 16681K, capacity 17315K, committed 17408K, reserved 1048576K
}
Event: 6987.963 GC heap before
{Heap before GC invocations=264 (full 0):
 garbage-first heap   total 406528K, used 389938K [0x00000000a0000000, 0x0000000100000000)
  region size 1024K, 264 young (270336K), 3 survivors (3072K)
 Metaspace       used 142946K, capacity 145328K, committed 145616K, reserved 1177600K
  class space    used 16684K, capacity 17347K, committed 17408K, reserved 1048576K
}
Event: 6988.010 GC heap after
{Heap after GC invocations=265 (full 0):
 garbage-first heap   total 406528K, used 133093K [0x00000000a0000000, 0x0000000100000000)
  region size 1024K, 14 young (14336K), 14 survivors (14336K)
 Metaspace       used 142946K, capacity 145328K, committed 145616K, reserved 1177600K
  class space    used 16684K, capacity 17347K, committed 17408K, reserved 1048576K
}
Event: 6993.704 GC heap before
{Heap before GC invocations=265 (full 0):
 garbage-first heap   total 406528K, used 331749K [0x00000000a0000000, 0x0000000100000000)
  region size 1024K, 208 young (212992K), 14 survivors (14336K)
 Metaspace       used 142968K, capacity 145392K, committed 145616K, reserved 1177600K
  class space    used 16688K, capacity 17347K, committed 17408K, reserved 1048576K
}
Event: 6993.744 GC heap after
{Heap after GC invocations=266 (full 0):
 garbage-first heap   total 406528K, used 131176K [0x00000000a0000000, 0x0000000100000000)
  region size 1024K, 2 young (2048K), 2 survivors (2048K)
 Metaspace       used 142968K, capacity 145392K, committed 145616K, reserved 1177600K
  class space    used 16688K, capacity 17347K, committed 17408K, reserved 1048576K
}
Event: 7000.234 GC heap before
{Heap before GC invocations=267 (full 0):
 garbage-first heap   total 406528K, used 337000K [0x00000000a0000000, 0x0000000100000000)
  region size 1024K, 203 young (207872K), 2 survivors (2048K)
 Metaspace       used 143001K, capacity 145392K, committed 145616K, reserved 1177600K
  class space    used 16688K, capacity 17347K, committed 17408K, reserved 1048576K
}
Event: 7000.261 GC heap after
{Heap after GC invocations=268 (full 0):
 garbage-first heap   total 406528K, used 133224K [0x00000000a0000000, 0x0000000100000000)
  region size 1024K, 4 young (4096K), 4 survivors (4096K)
 Metaspace       used 143001K, capacity 145392K, committed 145616K, reserved 1177600K
  class space    used 16688K, capacity 17347K, committed 17408K, reserved 1048576K
}
Event: 7005.245 GC heap before
{Heap before GC invocations=268 (full 0):
 garbage-first heap   total 406528K, used 341096K [0x00000000a0000000, 0x0000000100000000)
  region size 1024K, 207 young (211968K), 4 survivors (4096K)
 Metaspace       used 143011K, capacity 145392K, committed 145616K, reserved 1177600K
  class space    used 16688K, capacity 17347K, committed 17408K, reserved 1048576K
}
Event: 7005.288 GC heap after
{Heap after GC invocations=269 (full 0):
 garbage-first heap   total 406528K, used 136296K [0x00000000a0000000, 0x0000000100000000)
  region size 1024K, 7 young (7168K), 7 survivors (7168K)
 Metaspace       used 143011K, capacity 145392K, committed 145616K, reserved 1177600K
  class space    used 16688K, capacity 17347K, committed 17408K, reserved 1048576K
}
Event: 7007.327 GC heap before
{Heap before GC invocations=270 (full 0):
 garbage-first heap   total 406528K, used 184424K [0x00000000a0000000, 0x0000000100000000)
  region size 1024K, 56 young (57344K), 7 survivors (7168K)
 Metaspace       used 143017K, capacity 145392K, committed 145616K, reserved 1177600K
  class space    used 16689K, capacity 17347K, committed 17408K, reserved 1048576K
}
Event: 7007.356 GC heap after
{Heap after GC invocations=271 (full 0):
 garbage-first heap   total 406528K, used 134248K [0x00000000a0000000, 0x0000000100000000)
  region size 1024K, 6 young (6144K), 6 survivors (6144K)
 Metaspace       used 143017K, capacity 145392K, committed 145616K, reserved 1177600K
  class space    used 16689K, capacity 17347K, committed 17408K, reserved 1048576K
}
Event: 7011.798 GC heap before
{Heap before GC invocations=272 (full 0):
 garbage-first heap   total 406528K, used 220264K [0x00000000a0000000, 0x0000000100000000)
  region size 1024K, 91 young (93184K), 6 survivors (6144K)
 Metaspace       used 143036K, capacity 145456K, committed 145616K, reserved 1177600K
  class space    used 16689K, capacity 17347K, committed 17408K, reserved 1048576K
}
Event: 7011.828 GC heap after
{Heap after GC invocations=273 (full 0):
 garbage-first heap   total 406528K, used 134248K [0x00000000a0000000, 0x0000000100000000)
  region size 1024K, 6 young (6144K), 6 survivors (6144K)
 Metaspace       used 143036K, capacity 145456K, committed 145616K, reserved 1177600K
  class space    used 16689K, capacity 17347K, committed 17408K, reserved 1048576K
}

Deoptimization events (20 events):
Event: 7011.597 Thread 0x00000259a87bb820 DEOPT PACKING pc=0x00000259929eeb89 sp=0x000000d295cfc700
Event: 7011.597 Thread 0x00000259a87bb820 DEOPT UNPACKING pc=0x0000025991fcdf3f sp=0x000000d295cfbbf0 mode 0
Event: 7011.610 Thread 0x00000259a87bb820 DEOPT PACKING pc=0x00000259929eeb89 sp=0x000000d295cfc780
Event: 7011.610 Thread 0x00000259a87bb820 DEOPT UNPACKING pc=0x0000025991fcdf3f sp=0x000000d295cfbc70 mode 0
Event: 7011.614 Thread 0x00000259a87bb820 DEOPT PACKING pc=0x00000259929eeb89 sp=0x000000d295cfc730
Event: 7011.614 Thread 0x00000259a87bb820 DEOPT UNPACKING pc=0x0000025991fcdf3f sp=0x000000d295cfbc20 mode 0
Event: 7011.622 Thread 0x00000259a87bb820 DEOPT PACKING pc=0x00000259929eeb89 sp=0x000000d295cfc7a0
Event: 7011.622 Thread 0x00000259a87bb820 DEOPT UNPACKING pc=0x0000025991fcdf3f sp=0x000000d295cfbc90 mode 0
Event: 7011.679 Thread 0x00000259a87bb820 DEOPT PACKING pc=0x00000259929eeb89 sp=0x000000d295cfc7d0
Event: 7011.679 Thread 0x00000259a87bb820 DEOPT UNPACKING pc=0x0000025991fcdf3f sp=0x000000d295cfbcc0 mode 0
Event: 7011.690 Thread 0x00000259a87bb820 DEOPT PACKING pc=0x00000259929eeb89 sp=0x000000d295cfc7d0
Event: 7011.690 Thread 0x00000259a87bb820 DEOPT UNPACKING pc=0x0000025991fcdf3f sp=0x000000d295cfbcc0 mode 0
Event: 7011.692 Thread 0x00000259a87bb820 DEOPT PACKING pc=0x00000259929eeb89 sp=0x000000d295cfc780
Event: 7011.692 Thread 0x00000259a87bb820 DEOPT UNPACKING pc=0x0000025991fcdf3f sp=0x000000d295cfbc70 mode 0
Event: 7012.614 Thread 0x00000259a6901850 DEOPT PACKING pc=0x0000025994835c65 sp=0x000000d293efeff0
Event: 7012.614 Thread 0x00000259a6901850 DEOPT UNPACKING pc=0x0000025991fcdf3f sp=0x000000d293efe480 mode 0
Event: 7012.617 Thread 0x00000259a87bb820 Uncommon trap: trap_request=0xffffffde fr.pc=0x000002599b25548c relative=0x000000000000030c
Event: 7012.617 Thread 0x00000259a87bb820 Uncommon trap: reason=class_check action=maybe_recompile pc=0x000002599b25548c method=com.android.tools.r8.dex.m.c(I)V @ 108 c2
Event: 7012.618 Thread 0x00000259a87bb820 DEOPT PACKING pc=0x000002599b25548c sp=0x000000d295cfc540
Event: 7012.618 Thread 0x00000259a87bb820 DEOPT UNPACKING pc=0x0000025991fce12f sp=0x000000d295cfc4f8 mode 2

Classes unloaded (20 events):
Event: 6886.006 Thread 0x0000025989e1d510 Unloading class 0x0000000801aa9b78 'androidx/room/RoomProcessor$DatabaseProcessingStep'
Event: 6886.006 Thread 0x0000025989e1d510 Unloading class 0x0000000801aa9980 'com/google/auto/common/BasicAnnotationProcessor$ProcessingStep'
Event: 6886.006 Thread 0x0000025989e1d510 Unloading class 0x0000000801aa96f0 'com/google/common/collect/LinkedHashMultimap$ValueEntry'
Event: 6886.006 Thread 0x0000025989e1d510 Unloading class 0x0000000801aa9498 'com/google/common/collect/ImmutableEntry'
Event: 6886.006 Thread 0x0000025989e1d510 Unloading class 0x0000000801aa9248 'com/google/common/collect/AbstractMapEntry'
Event: 6886.006 Thread 0x0000025989e1d510 Unloading class 0x0000000801aa9050 'com/google/common/collect/LinkedHashMultimap$ValueSetLink'
Event: 6886.006 Thread 0x0000025989e1d510 Unloading class 0x0000000801aa8e50 'com/google/common/collect/CollectPreconditions'
Event: 6886.006 Thread 0x0000025989e1d510 Unloading class 0x0000000801aa8c50 'com/google/common/base/Preconditions'
Event: 6886.006 Thread 0x0000025989e1d510 Unloading class 0x0000000801aa8a58 'com/google/common/collect/Multiset'
Event: 6886.006 Thread 0x0000025989e1d510 Unloading class 0x0000000801aa8548 'com/google/common/collect/LinkedHashMultimap'
Event: 6886.006 Thread 0x0000025989e1d510 Unloading class 0x0000000801aa8040 'com/google/common/collect/LinkedHashMultimapGwtSerializationDependencies'
Event: 6886.006 Thread 0x0000025989e1d510 Unloading class 0x0000000801805840 'com/google/common/collect/AbstractSetMultimap'
Event: 6886.006 Thread 0x0000025989e1d510 Unloading class 0x0000000801806040 'com/google/common/collect/AbstractMapBasedMultimap'
Event: 6886.006 Thread 0x0000025989e1d510 Unloading class 0x0000000801806c30 'com/google/common/collect/AbstractMultimap'
Event: 6886.006 Thread 0x0000025989e1d510 Unloading class 0x0000000801806a38 'com/google/common/base/Function'
Event: 6886.006 Thread 0x0000025989e1d510 Unloading class 0x0000000801806840 'com/google/common/collect/SetMultimap'
Event: 6886.006 Thread 0x0000025989e1d510 Unloading class 0x0000000801807570 'com/google/common/collect/Multimap'
Event: 6886.006 Thread 0x0000025989e1d510 Unloading class 0x00000008018072d8 'androidx/room/RoomProcessor'
Event: 6886.006 Thread 0x0000025989e1d510 Unloading class 0x0000000801807040 'com/google/auto/common/BasicAnnotationProcessor'
Event: 6931.673 Thread 0x0000025989e1d510 Unloading class 0x0000000801802840 'java/lang/invoke/LambdaForm$DMH+0x0000000801802840'

Classes redefined (0 events):
No events

Internal exceptions (20 events):
Event: 6931.068 Thread 0x00000259a9e2b940 Exception <a 'sun/nio/fs/WindowsException'{0x00000000b1e330f8}> (0x00000000b1e330f8) 
thrown [./open/src/hotspot/share/prims/jni.cpp, line 578]
Event: 6931.116 Thread 0x00000259a9e2b940 Exception <a 'java/lang/NoSuchMethodError'{0x00000000b1d577a8}: static Lcom/android/build/gradle/internal/tasks/D8MainDexListTask$MainDexListRunnable$Params;.<clinit>()V> (0x00000000b1d577a8) 
thrown [./open/src/hotspot/share/prims/jni.cpp, line 1204]
Event: 6932.143 Thread 0x00000259a69737f0 Exception <a 'java/lang/NoSuchMethodError'{0x00000000b294e1a0}: 'int java.lang.invoke.DirectMethodHandle$Holder.invokeSpecial(java.lang.Object, java.lang.Object, int)'> (0x00000000b294e1a0) 
thrown [./open/src/hotspot/share/interpreter/linkResolver.cpp, line 782]
Event: 6948.075 Thread 0x00000259a69737f0 Implicit null exception at 0x000002599b32210c to 0x000002599b328624
Event: 6953.185 Thread 0x00000259a69737f0 Implicit null exception at 0x000002599a633299 to 0x000002599a634860
Event: 6956.807 Thread 0x00000259a69737f0 Exception <a 'java/lang/NoSuchMethodError'{0x00000000ba33c158}: 'java.lang.Object java.lang.invoke.DirectMethodHandle$Holder.newInvokeSpecial(java.lang.Object, java.lang.Object, java.lang.Object, java.lang.Object, java.lang.Object, java.lang.Object, java.lang.Object)'> (0x00000000ba33c158) 
thrown [./open/src/hotspot/share/interpreter/linkResolver.cpp, line 782]
Event: 6956.807 Thread 0x00000259a69737f0 Exception <a 'java/lang/NoSuchMethodError'{0x00000000ba340808}: 'java.lang.Object java.lang.invoke.Invokers$Holder.linkToTargetMethod(java.lang.Object, java.lang.Object, java.lang.Object, java.lang.Object, java.lang.Object, java.lang.Object, java.lang.Object)'> (0x00000000ba340808) 
thrown [./open/src/hotspot/share/interpreter/linkResolver.cpp, line 782]
Event: 6959.476 Thread 0x00000259a87bb820 Exception <a 'sun/nio/fs/WindowsException'{0x00000000b7d40770}> (0x00000000b7d40770) 
thrown [./open/src/hotspot/share/prims/jni.cpp, line 578]
Event: 6960.864 Thread 0x00000259a87bb820 Exception <a 'sun/nio/fs/WindowsException'{0x00000000bb1b6260}> (0x00000000bb1b6260) 
thrown [./open/src/hotspot/share/prims/jni.cpp, line 578]
Event: 6961.026 Thread 0x00000259a87bb820 Exception <a 'sun/nio/fs/WindowsException'{0x00000000bacd7c78}> (0x00000000bacd7c78) 
thrown [./open/src/hotspot/share/prims/jni.cpp, line 578]
Event: 6965.960 Thread 0x00000259a87bb820 Implicit null exception at 0x000002599b3fd434 to 0x000002599b3fd698
Event: 6972.671 Thread 0x00000259a87bb820 Exception <a 'java/lang/NoSuchMethodError'{0x00000000b93aa970}: 'int java.lang.invoke.DirectMethodHandle$Holder.invokeStatic(java.lang.Object, java.lang.Object, int)'> (0x00000000b93aa970) 
thrown [./open/src/hotspot/share/interpreter/linkResolver.cpp, line 782]
Event: 6980.622 Thread 0x00000259a87bb820 Exception <a 'sun/nio/fs/WindowsException'{0x00000000b885eda8}> (0x00000000b885eda8) 
thrown [./open/src/hotspot/share/prims/jni.cpp, line 578]
Event: 6980.773 Thread 0x00000259a87bb820 Exception <a 'sun/nio/fs/WindowsException'{0x00000000b88bafe0}> (0x00000000b88bafe0) 
thrown [./open/src/hotspot/share/prims/jni.cpp, line 578]
Event: 6980.801 Thread 0x00000259a87bb820 Exception <a 'sun/nio/fs/WindowsException'{0x00000000b865f488}> (0x00000000b865f488) 
thrown [./open/src/hotspot/share/prims/jni.cpp, line 578]
Event: 6981.173 Thread 0x00000259a87bb820 Exception <a 'sun/nio/fs/WindowsException'{0x00000000b7c963d8}> (0x00000000b7c963d8) 
thrown [./open/src/hotspot/share/prims/jni.cpp, line 578]
Event: 6985.188 Thread 0x00000259a87b6180 Exception <a 'sun/nio/fs/WindowsException'{0x00000000af68f8d0}> (0x00000000af68f8d0) 
thrown [./open/src/hotspot/share/prims/jni.cpp, line 578]
Event: 7008.294 Thread 0x00000259a87b6180 Exception <a 'sun/nio/fs/WindowsException'{0x00000000b87b6988}> (0x00000000b87b6988) 
thrown [./open/src/hotspot/share/prims/jni.cpp, line 578]
Event: 7012.850 Thread 0x00000259a87bb820 Exception <a 'sun/nio/fs/WindowsException'{0x00000000baf9e048}> (0x00000000baf9e048) 
thrown [./open/src/hotspot/share/prims/jni.cpp, line 578]
Event: 7017.057 Thread 0x00000259a87b6180 Exception <a 'sun/nio/fs/WindowsException'{0x00000000b3ea1a20}> (0x00000000b3ea1a20) 
thrown [./open/src/hotspot/share/prims/jni.cpp, line 578]

Events (20 events):
Event: 7015.293 Thread 0x00000259a72a8070 flushing nmethod 0x000002599571f890
Event: 7015.293 Thread 0x00000259a72a8070 flushing nmethod 0x0000025995721190
Event: 7015.293 Thread 0x00000259a72a8070 flushing nmethod 0x0000025995726590
Event: 7015.293 Thread 0x00000259a72a8070 flushing nmethod 0x0000025995748890
Event: 7015.293 Thread 0x00000259a72a8070 flushing nmethod 0x000002599574d090
Event: 7015.294 Thread 0x00000259a72a8070 flushing nmethod 0x0000025995765690
Event: 7015.294 Thread 0x00000259a72a8070 flushing nmethod 0x000002599577a590
Event: 7015.294 Thread 0x00000259a72a8070 flushing nmethod 0x000002599577ed10
Event: 7015.294 Thread 0x00000259a72a8070 flushing nmethod 0x00000259957b6a10
Event: 7015.295 Thread 0x00000259a72a8070 flushing nmethod 0x0000025995859890
Event: 7015.295 Thread 0x00000259a72a8070 flushing nmethod 0x000002599586ff90
Event: 7015.295 Thread 0x00000259a72a8070 flushing nmethod 0x00000259958a3210
Event: 7015.295 Thread 0x00000259a72a8070 flushing nmethod 0x00000259958af910
Event: 7015.295 Thread 0x00000259a72a8070 flushing nmethod 0x00000259958b3f90
Event: 7015.295 Thread 0x00000259a72a8070 flushing nmethod 0x00000259958c2190
Event: 7015.295 Thread 0x00000259a72a8070 flushing nmethod 0x00000259958cea90
Event: 7015.296 Thread 0x00000259a72a8070 flushing nmethod 0x000002599595fc90
Event: 7015.296 Thread 0x00000259a72a8070 flushing nmethod 0x0000025995991890
Event: 7015.296 Thread 0x00000259a72a8070 flushing nmethod 0x0000025995a66e10
Event: 7015.297 Thread 0x00000259a72a8070 flushing nmethod 0x0000025995af2e90


Dynamic libraries:
0x00007ff6ce170000 - 0x00007ff6ce17f000 	C:\Program Files\Java\jdk-15.0.1\bin\java.exe
0x00007ffab7540000 - 0x00007ffab7730000 	C:\Windows\SYSTEM32\ntdll.dll
0x00007ffab7040000 - 0x00007ffab70f2000 	C:\Windows\System32\KERNEL32.DLL
0x00007ffab4e00000 - 0x00007ffab50a5000 	C:\Windows\System32\KERNELBASE.dll
0x00007ffab54f0000 - 0x00007ffab55ea000 	C:\Windows\System32\ucrtbase.dll
0x00007ffaa5150000 - 0x00007ffaa5168000 	C:\Program Files\Java\jdk-15.0.1\bin\jli.dll
0x00007ffab6430000 - 0x00007ffab64d3000 	C:\Windows\System32\ADVAPI32.dll
0x00007ffab7250000 - 0x00007ffab72ee000 	C:\Windows\System32\msvcrt.dll
0x00007ffab55f0000 - 0x00007ffab5687000 	C:\Windows\System32\sechost.dll
0x00007ffab6140000 - 0x00007ffab6260000 	C:\Windows\System32\RPCRT4.dll
0x00007ffab72f0000 - 0x00007ffab7484000 	C:\Windows\System32\USER32.dll
0x00007ffab5370000 - 0x00007ffab5391000 	C:\Windows\System32\win32u.dll
0x00007ffab64e0000 - 0x00007ffab6506000 	C:\Windows\System32\GDI32.dll
0x00007ffab51d0000 - 0x00007ffab5366000 	C:\Windows\System32\gdi32full.dll
0x00007ffab4570000 - 0x00007ffab460e000 	C:\Windows\System32\msvcp_win.dll
0x00007ffaa6710000 - 0x00007ffaa6729000 	C:\Program Files\Java\jdk-15.0.1\bin\VCRUNTIME140.dll
0x00007ffaa77c0000 - 0x00007ffaa7a44000 	C:\Windows\WinSxS\amd64_microsoft.windows.common-controls_6595b64144ccf1df_6.0.18362.1198_none_9e820b57e45ad92f\COMCTL32.dll
0x00007ffab5e00000 - 0x00007ffab6135000 	C:\Windows\System32\combase.dll
0x00007ffab5100000 - 0x00007ffab5180000 	C:\Windows\System32\bcryptPrimitives.dll
0x00007ffab2ee0000 - 0x00007ffab2eea000 	C:\Windows\SYSTEM32\VERSION.dll
0x00007ffab7100000 - 0x00007ffab712e000 	C:\Windows\System32\IMM32.DLL
0x00007ffaaeb00000 - 0x00007ffaaeb0c000 	C:\Program Files\Java\jdk-15.0.1\bin\vcruntime140_1.dll
0x00007ffa98d70000 - 0x00007ffa98e01000 	C:\Program Files\Java\jdk-15.0.1\bin\msvcp140.dll
0x00007ffa850b0000 - 0x00007ffa85c0e000 	C:\Program Files\Java\jdk-15.0.1\bin\server\jvm.dll
0x00007ffab6260000 - 0x00007ffab6268000 	C:\Windows\System32\PSAPI.DLL
0x00007ffab2fa0000 - 0x00007ffab2fa9000 	C:\Windows\SYSTEM32\WSOCK32.dll
0x00007ffab6910000 - 0x00007ffab697f000 	C:\Windows\System32\WS2_32.dll
0x00007ffab1d20000 - 0x00007ffab1d44000 	C:\Windows\SYSTEM32\WINMM.dll
0x00007ffab1cf0000 - 0x00007ffab1d1d000 	C:\Windows\SYSTEM32\WINMMBASE.dll
0x00007ffab50b0000 - 0x00007ffab50fa000 	C:\Windows\System32\cfgmgr32.dll
0x00007ffab4420000 - 0x00007ffab4431000 	C:\Windows\System32\kernel.appcore.dll
0x00007ffaabf30000 - 0x00007ffaabf3a000 	C:\Program Files\Java\jdk-15.0.1\bin\jimage.dll
0x00007ffaa35f0000 - 0x00007ffaa37e4000 	C:\Windows\SYSTEM32\DBGHELP.DLL
0x00007ffaa3370000 - 0x00007ffaa339a000 	C:\Windows\SYSTEM32\dbgcore.DLL
0x00007ffa9f0a0000 - 0x00007ffa9f0c5000 	C:\Program Files\Java\jdk-15.0.1\bin\java.dll
0x00007ffab5690000 - 0x00007ffab5d77000 	C:\Windows\System32\SHELL32.dll
0x00007ffab6f90000 - 0x00007ffab7039000 	C:\Windows\System32\shcore.dll
0x00007ffab4610000 - 0x00007ffab4d91000 	C:\Windows\System32\windows.storage.dll
0x00007ffab4490000 - 0x00007ffab44b3000 	C:\Windows\System32\profapi.dll
0x00007ffab4440000 - 0x00007ffab448a000 	C:\Windows\System32\powrprof.dll
0x00007ffab43f0000 - 0x00007ffab4400000 	C:\Windows\System32\UMPDC.dll
0x00007ffab71f0000 - 0x00007ffab7242000 	C:\Windows\System32\shlwapi.dll
0x00007ffab5180000 - 0x00007ffab5197000 	C:\Windows\System32\cryptsp.dll
0x00007ffaa2540000 - 0x00007ffaa2559000 	C:\Program Files\Java\jdk-15.0.1\bin\net.dll
0x00007ffaac280000 - 0x00007ffaac370000 	C:\Windows\SYSTEM32\WINHTTP.dll
0x00007ffab3c40000 - 0x00007ffab3ca7000 	C:\Windows\system32\mswsock.dll
0x00007ffaa17a0000 - 0x00007ffaa17b2000 	C:\Program Files\Java\jdk-15.0.1\bin\nio.dll
0x00007ffa9ee60000 - 0x00007ffa9ee78000 	C:\Program Files\Java\jdk-15.0.1\bin\zip.dll
0x00007ffaa95c0000 - 0x00007ffaa95d0000 	C:\Program Files\Java\jdk-15.0.1\bin\verify.dll
0x00007ffa997f0000 - 0x00007ffa99817000 	C:\Users\Abdulla\.gradle\native\f6784746aeab05261644944871eae4fe03e0ef1612fff0a4a95f87b438bc6780\windows-amd64\native-platform.dll
0x00007ffaa8e80000 - 0x00007ffaa8e89000 	C:\Program Files\Java\jdk-15.0.1\bin\management.dll
0x00007ffaa8690000 - 0x00007ffaa869b000 	C:\Program Files\Java\jdk-15.0.1\bin\management_ext.dll
0x00007ffab37b0000 - 0x00007ffab37e3000 	C:\Windows\system32\rsaenh.dll
0x00007ffab51a0000 - 0x00007ffab51c6000 	C:\Windows\System32\bcrypt.dll
0x00007ffab42d0000 - 0x00007ffab42f5000 	C:\Windows\SYSTEM32\USERENV.dll
0x00007ffab3e10000 - 0x00007ffab3e1c000 	C:\Windows\SYSTEM32\CRYPTBASE.dll
0x00007ffab3950000 - 0x00007ffab398a000 	C:\Windows\SYSTEM32\IPHLPAPI.DLL
0x00007ffab6720000 - 0x00007ffab6728000 	C:\Windows\System32\NSI.dll
0x00007ffaac620000 - 0x00007ffaac636000 	C:\Windows\SYSTEM32\dhcpcsvc6.DLL
0x00007ffaac7d0000 - 0x00007ffaac7ec000 	C:\Windows\SYSTEM32\dhcpcsvc.DLL
0x00007ffab39a0000 - 0x00007ffab3a6b000 	C:\Windows\SYSTEM32\DNSAPI.dll
0x00007ffaacab0000 - 0x00007ffaacabb000 	C:\Windows\SYSTEM32\WINNSI.DLL
0x00007ffab2ed0000 - 0x00007ffab2edd000 	C:\Program Files\Java\jdk-15.0.1\bin\sunmscapi.dll
0x00007ffab53a0000 - 0x00007ffab54e9000 	C:\Windows\System32\CRYPT32.dll
0x00007ffab4400000 - 0x00007ffab4412000 	C:\Windows\System32\MSASN1.dll
0x00007ffab3f10000 - 0x00007ffab3f36000 	C:\Windows\SYSTEM32\ncrypt.dll
0x00007ffab3ed0000 - 0x00007ffab3f0b000 	C:\Windows\SYSTEM32\NTASN1.dll
0x00007ffaa8600000 - 0x00007ffaa860a000 	C:\Windows\System32\rasadhlp.dll
0x00007ffaac540000 - 0x00007ffaac5b7000 	C:\Windows\System32\fwpuclnt.dll
0x00007ffab3430000 - 0x00007ffab3461000 	C:\Windows\SYSTEM32\ntmarta.dll
0x00007ffa9a6d0000 - 0x00007ffa9a850000 	C:\Program Files\Java\jdk-15.0.1\bin\awt.dll
0x00007ffab6ec0000 - 0x00007ffab6f85000 	C:\Windows\System32\OLEAUT32.dll
0x00007ffab22c0000 - 0x00007ffab234f000 	C:\Windows\SYSTEM32\apphelp.dll
0x00007ffab2720000 - 0x00007ffab274d000 	C:\Windows\system32\DWMAPI.DLL
0x00007ffab23a0000 - 0x00007ffab2439000 	C:\Windows\system32\uxtheme.dll

dbghelp: loaded successfully - version: 4.0.5 - missing functions: none
symbol engine: initialized successfully - sym options: 0x614 - pdb path: .;C:\Program Files\Java\jdk-15.0.1\bin;C:\Windows\SYSTEM32;C:\Windows\WinSxS\amd64_microsoft.windows.common-controls_6595b64144ccf1df_6.0.18362.1198_none_9e820b57e45ad92f;C:\Program Files\Java\jdk-15.0.1\bin\server;C:\Users\Abdulla\.gradle\native\f6784746aeab05261644944871eae4fe03e0ef1612fff0a4a95f87b438bc6780\windows-amd64

VM Arguments:
jvm_args: --add-opens=java.base/java.util=ALL-UNNAMED --add-opens=java.base/java.lang=ALL-UNNAMED --add-opens=java.base/java.lang.invoke=ALL-UNNAMED --add-opens=java.prefs/java.util.prefs=ALL-UNNAMED -Xmx1536m -Dfile.encoding=windows-1256 -Duser.country=US -Duser.language=en -Duser.variant 
java_command: org.gradle.launcher.daemon.bootstrap.GradleDaemon 6.5
java_class_path (initial): C:\Users\Abdulla\.gradle\wrapper\dists\gradle-6.5-all\2oz4ud9k3tuxjg84bbf55q0tn\gradle-6.5\lib\gradle-launcher-6.5.jar
Launcher Type: SUN_STANDARD

[Global flags]
     intx CICompilerCount                          = 2                                         {product} {ergonomic}
     uint ConcGCThreads                            = 1                                         {product} {ergonomic}
     uint G1ConcRefinementThreads                  = 2                                         {product} {ergonomic}
   size_t G1HeapRegionSize                         = 1048576                                   {product} {ergonomic}
    uintx GCDrainStackTargetSize                   = 64                                        {product} {ergonomic}
   size_t InitialHeapSize                          = 121634816                                 {product} {ergonomic}
   size_t MarkStackSize                            = 4194304                                   {product} {ergonomic}
   size_t MaxHeapSize                              = 1610612736                                {product} {command line}
   size_t MaxNewSize                               = 965738496                                 {product} {ergonomic}
   size_t MinHeapDeltaBytes                        = 1048576                                   {product} {ergonomic}
   size_t MinHeapSize                              = 8388608                                   {product} {ergonomic}
    uintx NonNMethodCodeHeapSize                   = 5826188                                {pd product} {ergonomic}
    uintx NonProfiledCodeHeapSize                  = 122916026                              {pd product} {ergonomic}
    uintx ProfiledCodeHeapSize                     = 122916026                              {pd product} {ergonomic}
    uintx ReservedCodeCacheSize                    = 251658240                              {pd product} {ergonomic}
     bool SegmentedCodeCache                       = true                                      {product} {ergonomic}
   size_t SoftMaxHeapSize                          = 1610612736                             {manageable} {ergonomic}
     bool UseCompressedClassPointers               = true                                 {lp64_product} {ergonomic}
     bool UseCompressedOops                        = true                                 {lp64_product} {ergonomic}
     bool UseG1GC                                  = true                                      {product} {ergonomic}
     bool UseLargePagesIndividualAllocation        = false                                  {pd product} {ergonomic}

Logging:
Log output configuration:
 #0: stdout all=warning uptime,level,tags
 #1: stderr all=off uptime,level,tags

Environment Variables:
JAVA_HOME=C:\Program Files\Java\jdk-15.0.1
PATH=C:\Program Files\Common Files\Oracle\Java\javapath;C:\Windows\system32;C:\Windows;C:\Windows\System32\Wbem;C:\Windows\System32\WindowsPowerShell\v1.0\;C:\Windows\System32\OpenSSH\;C:\Program Files (x86)\Microsoft SQL Server\120\DTS\Binn\;C:\Program Files (x86)\Microsoft SQL Server\Client SDK\ODBC\110\Tools\Binn\;C:\Program Files (x86)\Microsoft SQL Server\120\Tools\Binn\;C:\Program Files (x86)\Microsoft SQL Server\120\Tools\Binn\ManagementStudio\;C:\program Files\java\jdk-15.0.1\bin;C:\Users\Abdulla\AppData\Local\Microsoft\WindowsApps;
USERNAME=Abdulla
OS=Windows_NT
PROCESSOR_IDENTIFIER=AMD64 Family 21 Model 16 Stepping 1, AuthenticAMD



---------------  S Y S T E M  ---------------

OS:
 Windows 10 , 64 bit Build 18362 (10.0.18362.1110)
OS uptime: 2 days 5:11 hours

CPU: total 2 (initial active 2) (2 cores per cpu, 1 threads per core) family 21 model 16 stepping 1 microcode 0x0, cmov, cx8, fxsr, mmx, sse, sse2, sse3, ssse3, sse4.1, sse4.2, popcnt, vzeroupper, avx, aes, clmul, 3dnowpref, lzcnt, sse4a, tsc, tscinvbit, tscinv, bmi1, fma, clflush

Memory: 4k page, system-wide physical 7369M (422M free)
TotalPageFile size 7369M (AvailPageFile size 0M)
current process WorkingSet (physical memory assigned to process): 830M, peak: 918M
current process commit charge ("private bytes"): 943M, peak: 1022M

vm_info: Java HotSpot(TM) 64-Bit Server VM (15.0.1+9-18) for windows-amd64 JRE (15.0.1+9-18), built on Sep 15 2020 14:43:54 by "mach5one" with unknown MS VC++:1925

END.
