#
# There is insufficient memory for the Java Runtime Environment to continue.
# Native memory allocation (malloc) failed to allocate 1874416 bytes for Chunk::new
# Possible reasons:
#   The system is out of physical RAM or swap space
#   The process is running with CompressedOops enabled, and the Java Heap may be blocking the growth of the native heap
# Possible solutions:
#   Reduce memory load on the system
#   Increase physical memory or swap space
#   Check if swap backing store is full
#   Decrease Java heap size (-Xmx/-Xms)
#   Decrease number of Java threads
#   Decrease Java thread stack sizes (-Xss)
#   Set larger code cache with -XX:ReservedCodeCacheSize=
#   JVM is running with Unscaled Compressed Oops mode in which the Java heap is
#     placed in the first 4GB address space. The Java Heap base address is the
#     maximum limit for the native heap growth. Please use -XX:HeapBaseMinAddress
#     to set the Java Heap base and to place the Java Heap above 4GB virtual address.
# This output file may be truncated or incomplete.
#
#  Out of Memory Error (./open/src/hotspot/share/memory/arena.cpp:195), pid=6812, tid=5164
#
# JRE version: Java(TM) SE Runtime Environment (15.0.1+9) (build 15.0.1+9-18)
# Java VM: Java HotSpot(TM) 64-Bit Server VM (15.0.1+9-18, mixed mode, sharing, tiered, compressed oops, g1 gc, windows-amd64)
# No core dump will be written. Minidumps are not enabled by default on client versions of Windows
#

---------------  S U M M A R Y ------------

Command Line: --add-opens=java.base/java.util=ALL-UNNAMED --add-opens=java.base/java.lang=ALL-UNNAMED --add-opens=java.base/java.lang.invoke=ALL-UNNAMED --add-opens=java.prefs/java.util.prefs=ALL-UNNAMED -Xmx1536m -Dfile.encoding=windows-1256 -Duser.country=US -Duser.language=en -Duser.variant org.gradle.launcher.daemon.bootstrap.GradleDaemon 6.5

Host: AMD A4-4300M APU with Radeon(tm) HD Graphics   , 2 cores, 7G,  Windows 10 , 64 bit Build 18362 (10.0.18362.1350)
Time: Sat May  1 02:36:50 2021 Egypt Standard Time elapsed time: 305.936157 seconds (0d 0h 5m 5s)

---------------  T H R E A D  ---------------

Current thread (0x00000238db5b3b20):  JavaThread "C2 CompilerThread0" daemon [_thread_in_native, id=5164, stack(0x00000038c5b00000,0x00000038c5c00000)]


Current CompileTask:
C2: 305943 22058       4       com.android.tools.r8.dex.r::a (561 bytes)

Stack: [0x00000038c5b00000,0x00000038c5c00000]
Native frames: (J=compiled Java code, j=interpreted, Vv=VM code, C=native code)
V  [jvm.dll+0x62ae9a]
V  [jvm.dll+0x781389]
V  [jvm.dll+0x782ae3]
V  [jvm.dll+0x783143]
V  [jvm.dll+0x216265]
V  [jvm.dll+0x97efa]
V  [jvm.dll+0x985dc]
V  [jvm.dll+0x32e4c8]
V  [jvm.dll+0x2f78aa]
V  [jvm.dll+0x2f6c6a]
V  [jvm.dll+0x1ea645]
V  [jvm.dll+0x1e98ae]
V  [jvm.dll+0x1784c7]
V  [jvm.dll+0x1f9165]
V  [jvm.dll+0x1f720c]
V  [jvm.dll+0x74485d]
V  [jvm.dll+0x73d65a]
V  [jvm.dll+0x629c56]
C  [ucrtbase.dll+0x210b2]
C  [KERNEL32.DLL+0x17c24]
C  [ntdll.dll+0x6d721]


---------------  P R O C E S S  ---------------

Threads class SMR info:
_java_thread_list=0x00000238e0723740, length=40, elements={
0x00000238be9e1de0, 0x00000238beaae940, 0x00000238db5924c0, 0x00000238db5aeb90,
0x00000238db5b2470, 0x00000238db5b2e30, 0x00000238db5b3b20, 0x00000238db5b8530,
0x00000238db6246b0, 0x00000238dbfecba0, 0x00000238dc00be00, 0x00000238dd581010,
0x00000238dd68b360, 0x00000238dca39a40, 0x00000238dce86920, 0x00000238dd7dd7e0,
0x00000238dd845680, 0x00000238dd890cf0, 0x00000238dc0e98a0, 0x00000238dca534c0,
0x00000238dca54800, 0x00000238dca54cd0, 0x00000238dca53990, 0x00000238deb330f0,
0x00000238deb34dd0, 0x00000238deb2f730, 0x00000238deb352a0, 0x00000238deb32750,
0x00000238deb32c20, 0x00000238deb36110, 0x00000238deb30f40, 0x00000238e0093810,
0x00000238e0091660, 0x00000238e00941b0, 0x00000238dca55670, 0x00000238e2177890,
0x00000238e2176080, 0x00000238e2179570, 0x00000238e2174870, 0x00000238e2176550
}

Java Threads: ( => current thread )
  0x00000238be9e1de0 JavaThread "main" [_thread_blocked, id=10076, stack(0x00000038c4f00000,0x00000038c5000000)]
  0x00000238beaae940 JavaThread "Reference Handler" daemon [_thread_blocked, id=6804, stack(0x00000038c5600000,0x00000038c5700000)]
  0x00000238db5924c0 JavaThread "Finalizer" daemon [_thread_blocked, id=8152, stack(0x00000038c5700000,0x00000038c5800000)]
  0x00000238db5aeb90 JavaThread "Signal Dispatcher" daemon [_thread_blocked, id=6024, stack(0x00000038c5800000,0x00000038c5900000)]
  0x00000238db5b2470 JavaThread "Attach Listener" daemon [_thread_blocked, id=10444, stack(0x00000038c5900000,0x00000038c5a00000)]
  0x00000238db5b2e30 JavaThread "Service Thread" daemon [_thread_blocked, id=1768, stack(0x00000038c5a00000,0x00000038c5b00000)]
=>0x00000238db5b3b20 JavaThread "C2 CompilerThread0" daemon [_thread_in_native, id=5164, stack(0x00000038c5b00000,0x00000038c5c00000)]
  0x00000238db5b8530 JavaThread "C1 CompilerThread0" daemon [_thread_blocked, id=6940, stack(0x00000038c5c00000,0x00000038c5d00000)]
  0x00000238db6246b0 JavaThread "Sweeper thread" daemon [_thread_blocked, id=8216, stack(0x00000038c5d00000,0x00000038c5e00000)]
  0x00000238dbfecba0 JavaThread "Common-Cleaner" daemon [_thread_blocked, id=8336, stack(0x00000038c5e00000,0x00000038c5f00000)]
  0x00000238dc00be00 JavaThread "Notification Thread" daemon [_thread_blocked, id=7580, stack(0x00000038c5f00000,0x00000038c6000000)]
  0x00000238dd581010 JavaThread "Daemon health stats" [_thread_blocked, id=7108, stack(0x00000038c6200000,0x00000038c6300000)]
  0x00000238dd68b360 JavaThread "Incoming local TCP Connector on port 57386" [_thread_in_native, id=10372, stack(0x00000038c6500000,0x00000038c6600000)]
  0x00000238dca39a40 JavaThread "Daemon" [_thread_blocked, id=3020, stack(0x00000038c6600000,0x00000038c6700000)]
  0x00000238dce86920 JavaThread "Daemon periodic checks" [_thread_blocked, id=8908, stack(0x00000038c6700000,0x00000038c6800000)]
  0x00000238dd7dd7e0 JavaThread "Handler for socket connection from /127.0.0.1:57386 to /127.0.0.1:57387" [_thread_in_native, id=11012, stack(0x00000038c6800000,0x00000038c6900000)]
  0x00000238dd845680 JavaThread "Cancel handler" [_thread_blocked, id=7712, stack(0x00000038c6900000,0x00000038c6a00000)]
  0x00000238dd890cf0 JavaThread "Daemon worker" [_thread_blocked, id=10936, stack(0x00000038c6a00000,0x00000038c6b00000)]
  0x00000238dc0e98a0 JavaThread "Asynchronous log dispatcher for DefaultDaemonConnection: socket connection from /127.0.0.1:57386 to /127.0.0.1:57387" [_thread_blocked, id=3572, stack(0x00000038c6b00000,0x00000038c6c00000)]
  0x00000238dca534c0 JavaThread "Thread-8" [_thread_blocked, id=10584, stack(0x00000038c6d00000,0x00000038c6e00000)]
  0x00000238dca54800 JavaThread "Cache worker for journal cache (C:\Users\Abdulla\.gradle\caches\journal-1)" [_thread_blocked, id=9084, stack(0x00000038c6e00000,0x00000038c6f00000)]
  0x00000238dca54cd0 JavaThread "File lock request listener" [_thread_in_native, id=9516, stack(0x00000038c6f00000,0x00000038c7000000)]
  0x00000238dca53990 JavaThread "Cache worker for file hash cache (C:\Users\Abdulla\.gradle\caches\6.5\fileHashes)" [_thread_blocked, id=10020, stack(0x00000038c7000000,0x00000038c7100000)]
  0x00000238deb330f0 JavaThread "Cache worker for file hash cache (E:\Android\android course\AlFurkan\.gradle\6.5\fileHashes)" [_thread_blocked, id=3680, stack(0x00000038c7100000,0x00000038c7200000)]
  0x00000238deb34dd0 JavaThread "Cache worker for checksums cache (E:\Android\android course\AlFurkan\.gradle\checksums)" [_thread_blocked, id=7496, stack(0x00000038c7200000,0x00000038c7300000)]
  0x00000238deb2f730 JavaThread "Cache worker for cache directory md-supplier (C:\Users\Abdulla\.gradle\caches\6.5\md-supplier)" [_thread_blocked, id=9544, stack(0x00000038c7300000,0x00000038c7400000)]
  0x00000238deb352a0 JavaThread "Cache worker for cache directory md-rule (C:\Users\Abdulla\.gradle\caches\6.5\md-rule)" [_thread_blocked, id=612, stack(0x00000038c7400000,0x00000038c7500000)]
  0x00000238deb32750 JavaThread "Cache worker for execution history cache (C:\Users\Abdulla\.gradle\caches\6.5\executionHistory)" [_thread_blocked, id=4596, stack(0x00000038c7500000,0x00000038c7600000)]
  0x00000238deb32c20 JavaThread "Cache worker for file content cache (C:\Users\Abdulla\.gradle\caches\6.5\fileContent)" [_thread_blocked, id=7508, stack(0x00000038c7700000,0x00000038c7800000)]
  0x00000238deb36110 JavaThread "Build operations" [_thread_blocked, id=7960, stack(0x00000038c7900000,0x00000038c7a00000)]
  0x00000238deb30f40 JavaThread "Build operations Thread 2" [_thread_blocked, id=6920, stack(0x00000038c7a00000,0x00000038c7b00000)]
  0x00000238e0093810 JavaThread "Cache worker for Build Output Cleanup Cache (E:\Android\android course\AlFurkan\.gradle\buildOutputCleanup)" [_thread_blocked, id=7428, stack(0x00000038cd800000,0x00000038cd900000)]
  0x00000238e0091660 JavaThread "Memory manager" [_thread_blocked, id=3800, stack(0x00000038cd900000,0x00000038cda00000)]
  0x00000238e00941b0 JavaThread "Cache worker for file content cache (E:\Android\android course\AlFurkan\.gradle\6.5\fileContent)" [_thread_blocked, id=3960, stack(0x00000038cda00000,0x00000038cdb00000)]
  0x00000238dca55670 JavaThread "Execution worker for ':'" [_thread_blocked, id=3844, stack(0x00000038cdb00000,0x00000038cdc00000)]
  0x00000238e2177890 JavaThread "Cache worker for execution history cache (E:\Android\android course\AlFurkan\.gradle\6.5\executionHistory)" [_thread_blocked, id=9436, stack(0x00000038cdc00000,0x00000038cdd00000)]
  0x00000238e2176080 JavaThread "WorkerExecutor Queue" [_thread_blocked, id=8096, stack(0x00000038cdd00000,0x00000038cde00000)]
  0x00000238e2179570 JavaThread "WorkerExecutor Queue Thread 2" [_thread_blocked, id=8100, stack(0x00000038cde00000,0x00000038cdf00000)]
  0x00000238e2174870 JavaThread "Cache worker for Java compile cache (C:\Users\Abdulla\.gradle\caches\6.5\javaCompile)" [_thread_blocked, id=1216, stack(0x00000038c4d00000,0x00000038c4e00000)]
  0x00000238e2176550 JavaThread "Cache worker for Java compile cache (E:\Android\android course\AlFurkan\.gradle\6.5\javaCompile)" [_thread_blocked, id=8076, stack(0x00000038c4e00000,0x00000038c4f00000)]

Other Threads:
  0x00000238beaaae60 VMThread "VM Thread" [stack: 0x00000038c5500000,0x00000038c5600000] [id=10348]
  0x00000238dc0117c0 WatcherThread [stack: 0x00000038c6000000,0x00000038c6100000] [id=1680]
  0x00000238bea185f0 GCTaskThread "GC Thread#0" [stack: 0x00000038c5000000,0x00000038c5100000] [id=2572]
  0x00000238dc113900 GCTaskThread "GC Thread#1" [stack: 0x00000038c6100000,0x00000038c6200000] [id=10812]
  0x00000238bea257d0 ConcurrentGCThread "G1 Main Marker" [stack: 0x00000038c5100000,0x00000038c5200000] [id=8208]
  0x00000238bea26350 ConcurrentGCThread "G1 Conc#0" [stack: 0x00000038c5200000,0x00000038c5300000] [id=5924]
  0x00000238bea83fd0 ConcurrentGCThread "G1 Refine#0" [stack: 0x00000038c5300000,0x00000038c5400000] [id=10796]
  0x00000238dff8a3c0 ConcurrentGCThread "G1 Refine#1" [stack: 0x00000038c7800000,0x00000038c7900000] [id=7776]
  0x00000238bea85af0 ConcurrentGCThread "G1 Young RemSet Sampling" [stack: 0x00000038c5400000,0x00000038c5500000] [id=1388]

Threads with active compile tasks:
C2 CompilerThread0   306349 22058       4       com.android.tools.r8.dex.r::a (561 bytes)

VM state: at safepoint (normal execution)

VM Mutex/Monitor currently owned by a thread:  ([mutex/lock_event])
[0x00000238be9de190] Threads_lock - owner thread: 0x00000238beaaae60
[0x00000238be9dd0b0] Heap_lock - owner thread: 0x00000238deb36110

Heap address: 0x00000000a0000000, size: 1536 MB, Compressed Oops mode: 32-bit
CDS archive(s) mapped at: [0x0000000800000000-0x0000000800b50000-0x0000000800b50000), size 11862016, SharedBaseAddress: 0x0000000800000000, ArchiveRelocationMode: 0.
Compressed class space mapped at: 0x0000000800b50000-0x0000000840b50000, size: 1073741824
Narrow klass base: 0x0000000800000000, Narrow klass shift: 3, Narrow klass range: 0x100000000

GC Precious Log:
 CPUs: 2 total, 2 available
 Memory: 7369M
 Large Page Support: Disabled
 NUMA Support: Disabled
 Compressed Oops: Enabled (32-bit)
 Heap Region Size: 1M
 Heap Min Capacity: 8M
 Heap Initial Capacity: 116M
 Heap Max Capacity: 1536M
 Pre-touch: Disabled
 Parallel Workers: 2
 Concurrent Workers: 1
 Concurrent Refinement Workers: 2
 Periodic GC: Disabled

Heap:
 garbage-first heap   total 405504K, used 262219K [0x00000000a0000000, 0x0000000100000000)
  region size 1024K, 5 young (5120K), 5 survivors (5120K)
 Metaspace       used 103682K, capacity 104963K, committed 105216K, reserved 1140736K
  class space    used 12852K, capacity 13259K, committed 13312K, reserved 1048576K

Heap Regions: E=young(eden), S=young(survivor), O=old, HS=humongous(starts), HC=humongous(continues), CS=collection set, F=free, OA=open archive, CA=closed archive, TAMS=top-at-mark-start (previous, next)
|   0|0x00000000a0000000, 0x00000000a0100000, 0x00000000a0100000|100%| O|  |TAMS 0x00000000a0100000, 0x00000000a0000000| Untracked 
|   1|0x00000000a0100000, 0x00000000a0200000, 0x00000000a0200000|100%| O|  |TAMS 0x00000000a0200000, 0x00000000a0100000| Untracked 
|   2|0x00000000a0200000, 0x00000000a0300000, 0x00000000a0300000|100%| O|  |TAMS 0x00000000a0300000, 0x00000000a0200000| Untracked 
|   3|0x00000000a0300000, 0x00000000a0400000, 0x00000000a0400000|100%| O|  |TAMS 0x00000000a0400000, 0x00000000a0300000| Untracked 
|   4|0x00000000a0400000, 0x00000000a0500000, 0x00000000a0500000|100%|HS|  |TAMS 0x00000000a0500000, 0x00000000a0400000| Complete 
|   5|0x00000000a0500000, 0x00000000a0600000, 0x00000000a0600000|100%|HC|  |TAMS 0x00000000a0600000, 0x00000000a0500000| Complete 
|   6|0x00000000a0600000, 0x00000000a0700000, 0x00000000a0700000|100%|HC|  |TAMS 0x00000000a0700000, 0x00000000a0600000| Complete 
|   7|0x00000000a0700000, 0x00000000a0800000, 0x00000000a0800000|100%| O|  |TAMS 0x00000000a0800000, 0x00000000a0700000| Untracked 
|   8|0x00000000a0800000, 0x00000000a0900000, 0x00000000a0900000|100%| O|  |TAMS 0x00000000a0900000, 0x00000000a0800000| Untracked 
|   9|0x00000000a0900000, 0x00000000a0a00000, 0x00000000a0a00000|100%| O|  |TAMS 0x00000000a0a00000, 0x00000000a0900000| Untracked 
|  10|0x00000000a0a00000, 0x00000000a0b00000, 0x00000000a0b00000|100%| O|  |TAMS 0x00000000a0b00000, 0x00000000a0a00000| Untracked 
|  11|0x00000000a0b00000, 0x00000000a0c00000, 0x00000000a0c00000|100%| O|  |TAMS 0x00000000a0c00000, 0x00000000a0b00000| Untracked 
|  12|0x00000000a0c00000, 0x00000000a0d00000, 0x00000000a0d00000|100%| O|  |TAMS 0x00000000a0c00000, 0x00000000a0c00000| Untracked 
|  13|0x00000000a0d00000, 0x00000000a0e00000, 0x00000000a0e00000|100%| O|  |TAMS 0x00000000a0e00000, 0x00000000a0d00000| Untracked 
|  14|0x00000000a0e00000, 0x00000000a0f00000, 0x00000000a0f00000|100%| O|  |TAMS 0x00000000a0f00000, 0x00000000a0e00000| Untracked 
|  15|0x00000000a0f00000, 0x00000000a1000000, 0x00000000a1000000|100%| O|  |TAMS 0x00000000a1000000, 0x00000000a0f00000| Untracked 
|  16|0x00000000a1000000, 0x00000000a1100000, 0x00000000a1100000|100%| O|  |TAMS 0x00000000a1000000, 0x00000000a1000000| Untracked 
|  17|0x00000000a1100000, 0x00000000a1200000, 0x00000000a1200000|100%| O|  |TAMS 0x00000000a1200000, 0x00000000a1100000| Untracked 
|  18|0x00000000a1200000, 0x00000000a1300000, 0x00000000a1300000|100%| O|  |TAMS 0x00000000a1300000, 0x00000000a1200000| Untracked 
|  19|0x00000000a1300000, 0x00000000a1400000, 0x00000000a1400000|100%| O|  |TAMS 0x00000000a1400000, 0x00000000a1300000| Untracked 
|  20|0x00000000a1400000, 0x00000000a1500000, 0x00000000a1500000|100%| O|  |TAMS 0x00000000a1500000, 0x00000000a1400000| Untracked 
|  21|0x00000000a1500000, 0x00000000a1600000, 0x00000000a1600000|100%|HS|  |TAMS 0x00000000a1600000, 0x00000000a1500000| Complete 
|  22|0x00000000a1600000, 0x00000000a1700000, 0x00000000a1700000|100%|HS|  |TAMS 0x00000000a1700000, 0x00000000a1600000| Complete 
|  23|0x00000000a1700000, 0x00000000a1800000, 0x00000000a1800000|100%|HC|  |TAMS 0x00000000a1800000, 0x00000000a1700000| Complete 
|  24|0x00000000a1800000, 0x00000000a1900000, 0x00000000a1900000|100%| O|  |TAMS 0x00000000a1900000, 0x00000000a1800000| Untracked 
|  25|0x00000000a1900000, 0x00000000a1a00000, 0x00000000a1a00000|100%| O|  |TAMS 0x00000000a1a00000, 0x00000000a1900000| Untracked 
|  26|0x00000000a1a00000, 0x00000000a1b00000, 0x00000000a1b00000|100%| O|  |TAMS 0x00000000a1b00000, 0x00000000a1a00000| Untracked 
|  27|0x00000000a1b00000, 0x00000000a1c00000, 0x00000000a1c00000|100%| O|  |TAMS 0x00000000a1c00000, 0x00000000a1b00000| Untracked 
|  28|0x00000000a1c00000, 0x00000000a1d00000, 0x00000000a1d00000|100%| O|  |TAMS 0x00000000a1d00000, 0x00000000a1c00000| Untracked 
|  29|0x00000000a1d00000, 0x00000000a1e00000, 0x00000000a1e00000|100%| O|  |TAMS 0x00000000a1e00000, 0x00000000a1d00000| Untracked 
|  30|0x00000000a1e00000, 0x00000000a1f00000, 0x00000000a1f00000|100%| O|  |TAMS 0x00000000a1f00000, 0x00000000a1e00000| Untracked 
|  31|0x00000000a1f00000, 0x00000000a2000000, 0x00000000a2000000|100%| O|  |TAMS 0x00000000a2000000, 0x00000000a1f00000| Untracked 
|  32|0x00000000a2000000, 0x00000000a2100000, 0x00000000a2100000|100%| O|  |TAMS 0x00000000a2100000, 0x00000000a2000000| Untracked 
|  33|0x00000000a2100000, 0x00000000a2200000, 0x00000000a2200000|100%| O|  |TAMS 0x00000000a2200000, 0x00000000a2100000| Untracked 
|  34|0x00000000a2200000, 0x00000000a2300000, 0x00000000a2300000|100%| O|  |TAMS 0x00000000a2300000, 0x00000000a2200000| Untracked 
|  35|0x00000000a2300000, 0x00000000a2400000, 0x00000000a2400000|100%| O|  |TAMS 0x00000000a2400000, 0x00000000a2300000| Untracked 
|  36|0x00000000a2400000, 0x00000000a2500000, 0x00000000a2500000|100%| O|  |TAMS 0x00000000a2500000, 0x00000000a2400000| Untracked 
|  37|0x00000000a2500000, 0x00000000a2600000, 0x00000000a2600000|100%| O|  |TAMS 0x00000000a2600000, 0x00000000a2500000| Untracked 
|  38|0x00000000a2600000, 0x00000000a2700000, 0x00000000a2700000|100%| O|  |TAMS 0x00000000a2700000, 0x00000000a2600000| Untracked 
|  39|0x00000000a2700000, 0x00000000a2800000, 0x00000000a2800000|100%| O|  |TAMS 0x00000000a2800000, 0x00000000a2700000| Untracked 
|  40|0x00000000a2800000, 0x00000000a2900000, 0x00000000a2900000|100%| O|  |TAMS 0x00000000a2900000, 0x00000000a2800000| Untracked 
|  41|0x00000000a2900000, 0x00000000a2a00000, 0x00000000a2a00000|100%| O|  |TAMS 0x00000000a2a00000, 0x00000000a2900000| Untracked 
|  42|0x00000000a2a00000, 0x00000000a2b00000, 0x00000000a2b00000|100%| O|  |TAMS 0x00000000a2b00000, 0x00000000a2a00000| Untracked 
|  43|0x00000000a2b00000, 0x00000000a2c00000, 0x00000000a2c00000|100%| O|  |TAMS 0x00000000a2c00000, 0x00000000a2b00000| Untracked 
|  44|0x00000000a2c00000, 0x00000000a2d00000, 0x00000000a2d00000|100%| O|  |TAMS 0x00000000a2d00000, 0x00000000a2c00000| Untracked 
|  45|0x00000000a2d00000, 0x00000000a2e00000, 0x00000000a2e00000|100%| O|  |TAMS 0x00000000a2e00000, 0x00000000a2d00000| Untracked 
|  46|0x00000000a2e00000, 0x00000000a2f00000, 0x00000000a2f00000|100%| O|  |TAMS 0x00000000a2f00000, 0x00000000a2e00000| Untracked 
|  47|0x00000000a2f00000, 0x00000000a3000000, 0x00000000a3000000|100%| O|  |TAMS 0x00000000a3000000, 0x00000000a2f00000| Untracked 
|  48|0x00000000a3000000, 0x00000000a3100000, 0x00000000a3100000|100%| O|  |TAMS 0x00000000a3100000, 0x00000000a3000000| Untracked 
|  49|0x00000000a3100000, 0x00000000a3200000, 0x00000000a3200000|100%| O|  |TAMS 0x00000000a3200000, 0x00000000a3100000| Untracked 
|  50|0x00000000a3200000, 0x00000000a3300000, 0x00000000a3300000|100%| O|  |TAMS 0x00000000a3300000, 0x00000000a3200000| Untracked 
|  51|0x00000000a3300000, 0x00000000a3400000, 0x00000000a3400000|100%| O|  |TAMS 0x00000000a3400000, 0x00000000a3300000| Untracked 
|  52|0x00000000a3400000, 0x00000000a3500000, 0x00000000a3500000|100%| O|  |TAMS 0x00000000a3500000, 0x00000000a3400000| Untracked 
|  53|0x00000000a3500000, 0x00000000a3600000, 0x00000000a3600000|100%| O|  |TAMS 0x00000000a3600000, 0x00000000a3500000| Untracked 
|  54|0x00000000a3600000, 0x00000000a3700000, 0x00000000a3700000|100%| O|  |TAMS 0x00000000a3700000, 0x00000000a3600000| Untracked 
|  55|0x00000000a3700000, 0x00000000a3800000, 0x00000000a3800000|100%| O|  |TAMS 0x00000000a3800000, 0x00000000a3700000| Untracked 
|  56|0x00000000a3800000, 0x00000000a3900000, 0x00000000a3900000|100%| O|  |TAMS 0x00000000a3900000, 0x00000000a3800000| Untracked 
|  57|0x00000000a3900000, 0x00000000a3a00000, 0x00000000a3a00000|100%| O|  |TAMS 0x00000000a3a00000, 0x00000000a3900000| Untracked 
|  58|0x00000000a3a00000, 0x00000000a3b00000, 0x00000000a3b00000|100%| O|  |TAMS 0x00000000a3b00000, 0x00000000a3a00000| Untracked 
|  59|0x00000000a3b00000, 0x00000000a3c00000, 0x00000000a3c00000|100%| O|  |TAMS 0x00000000a3c00000, 0x00000000a3b00000| Untracked 
|  60|0x00000000a3c00000, 0x00000000a3d00000, 0x00000000a3d00000|100%| O|  |TAMS 0x00000000a3d00000, 0x00000000a3c00000| Untracked 
|  61|0x00000000a3d00000, 0x00000000a3e00000, 0x00000000a3e00000|100%| O|  |TAMS 0x00000000a3e00000, 0x00000000a3d00000| Untracked 
|  62|0x00000000a3e00000, 0x00000000a3f00000, 0x00000000a3f00000|100%| O|  |TAMS 0x00000000a3f00000, 0x00000000a3e00000| Untracked 
|  63|0x00000000a3f00000, 0x00000000a4000000, 0x00000000a4000000|100%| O|  |TAMS 0x00000000a3f00000, 0x00000000a3f00000| Untracked 
|  64|0x00000000a4000000, 0x00000000a4100000, 0x00000000a4100000|100%| O|  |TAMS 0x00000000a4100000, 0x00000000a4000000| Untracked 
|  65|0x00000000a4100000, 0x00000000a4200000, 0x00000000a4200000|100%| O|  |TAMS 0x00000000a4100000, 0x00000000a4100000| Untracked 
|  66|0x00000000a4200000, 0x00000000a4300000, 0x00000000a4300000|100%| O|  |TAMS 0x00000000a4300000, 0x00000000a4200000| Untracked 
|  67|0x00000000a4300000, 0x00000000a4400000, 0x00000000a4400000|100%| O|  |TAMS 0x00000000a4400000, 0x00000000a4300000| Untracked 
|  68|0x00000000a4400000, 0x00000000a4500000, 0x00000000a4500000|100%| O|  |TAMS 0x00000000a4500000, 0x00000000a4400000| Untracked 
|  69|0x00000000a4500000, 0x00000000a4600000, 0x00000000a4600000|100%| O|  |TAMS 0x00000000a4600000, 0x00000000a4500000| Untracked 
|  70|0x00000000a4600000, 0x00000000a4700000, 0x00000000a4700000|100%| O|  |TAMS 0x00000000a4700000, 0x00000000a4600000| Untracked 
|  71|0x00000000a4700000, 0x00000000a4800000, 0x00000000a4800000|100%| O|  |TAMS 0x00000000a4800000, 0x00000000a4700000| Untracked 
|  72|0x00000000a4800000, 0x00000000a4900000, 0x00000000a4900000|100%| O|  |TAMS 0x00000000a4900000, 0x00000000a4800000| Untracked 
|  73|0x00000000a4900000, 0x00000000a4a00000, 0x00000000a4a00000|100%| O|  |TAMS 0x00000000a4a00000, 0x00000000a4900000| Untracked 
|  74|0x00000000a4a00000, 0x00000000a4b00000, 0x00000000a4b00000|100%| O|  |TAMS 0x00000000a4b00000, 0x00000000a4a00000| Untracked 
|  75|0x00000000a4b00000, 0x00000000a4c00000, 0x00000000a4c00000|100%| O|  |TAMS 0x00000000a4c00000, 0x00000000a4b00000| Untracked 
|  76|0x00000000a4c00000, 0x00000000a4d00000, 0x00000000a4d00000|100%| O|  |TAMS 0x00000000a4d00000, 0x00000000a4c00000| Untracked 
|  77|0x00000000a4d00000, 0x00000000a4e00000, 0x00000000a4e00000|100%| O|  |TAMS 0x00000000a4e00000, 0x00000000a4d00000| Untracked 
|  78|0x00000000a4e00000, 0x00000000a4f00000, 0x00000000a4f00000|100%| O|  |TAMS 0x00000000a4f00000, 0x00000000a4e00000| Untracked 
|  79|0x00000000a4f00000, 0x00000000a5000000, 0x00000000a5000000|100%| O|  |TAMS 0x00000000a5000000, 0x00000000a4f00000| Untracked 
|  80|0x00000000a5000000, 0x00000000a5100000, 0x00000000a5100000|100%| O|  |TAMS 0x00000000a5100000, 0x00000000a5000000| Untracked 
|  81|0x00000000a5100000, 0x00000000a5200000, 0x00000000a5200000|100%| O|  |TAMS 0x00000000a5100000, 0x00000000a5100000| Untracked 
|  82|0x00000000a5200000, 0x00000000a5300000, 0x00000000a5300000|100%| O|  |TAMS 0x00000000a5300000, 0x00000000a5200000| Untracked 
|  83|0x00000000a5300000, 0x00000000a5400000, 0x00000000a5400000|100%| O|  |TAMS 0x00000000a5400000, 0x00000000a5300000| Untracked 
|  84|0x00000000a5400000, 0x00000000a5500000, 0x00000000a5500000|100%| O|  |TAMS 0x00000000a5400000, 0x00000000a5400000| Untracked 
|  85|0x00000000a5500000, 0x00000000a5600000, 0x00000000a5600000|100%| O|  |TAMS 0x00000000a5500000, 0x00000000a5500000| Untracked 
|  86|0x00000000a5600000, 0x00000000a5700000, 0x00000000a5700000|100%| O|  |TAMS 0x00000000a5700000, 0x00000000a5600000| Untracked 
|  87|0x00000000a5700000, 0x00000000a5800000, 0x00000000a5800000|100%| O|  |TAMS 0x00000000a5700000, 0x00000000a5700000| Untracked 
|  88|0x00000000a5800000, 0x00000000a5900000, 0x00000000a5900000|100%| O|  |TAMS 0x00000000a5800000, 0x00000000a5800000| Untracked 
|  89|0x00000000a5900000, 0x00000000a5a00000, 0x00000000a5a00000|100%| O|  |TAMS 0x00000000a5900000, 0x00000000a5900000| Untracked 
|  90|0x00000000a5a00000, 0x00000000a5b00000, 0x00000000a5b00000|100%| O|  |TAMS 0x00000000a5b00000, 0x00000000a5a00000| Untracked 
|  91|0x00000000a5b00000, 0x00000000a5c00000, 0x00000000a5c00000|100%| O|  |TAMS 0x00000000a5c00000, 0x00000000a5b00000| Untracked 
|  92|0x00000000a5c00000, 0x00000000a5d00000, 0x00000000a5d00000|100%| O|  |TAMS 0x00000000a5d00000, 0x00000000a5c00000| Untracked 
|  93|0x00000000a5d00000, 0x00000000a5e00000, 0x00000000a5e00000|100%| O|  |TAMS 0x00000000a5e00000, 0x00000000a5d00000| Untracked 
|  94|0x00000000a5e00000, 0x00000000a5f00000, 0x00000000a5f00000|100%| O|  |TAMS 0x00000000a5e00000, 0x00000000a5e00000| Untracked 
|  95|0x00000000a5f00000, 0x00000000a6000000, 0x00000000a6000000|100%| O|  |TAMS 0x00000000a6000000, 0x00000000a5f00000| Untracked 
|  96|0x00000000a6000000, 0x00000000a6100000, 0x00000000a6100000|100%| O|  |TAMS 0x00000000a6100000, 0x00000000a6000000| Untracked 
|  97|0x00000000a6100000, 0x00000000a6200000, 0x00000000a6200000|100%| O|  |TAMS 0x00000000a6100000, 0x00000000a6100000| Untracked 
|  98|0x00000000a6200000, 0x00000000a6300000, 0x00000000a6300000|100%| O|  |TAMS 0x00000000a6200000, 0x00000000a6200000| Untracked 
|  99|0x00000000a6300000, 0x00000000a6400000, 0x00000000a6400000|100%| O|  |TAMS 0x00000000a6400000, 0x00000000a6300000| Untracked 
| 100|0x00000000a6400000, 0x00000000a6500000, 0x00000000a6500000|100%| O|  |TAMS 0x00000000a6500000, 0x00000000a6400000| Untracked 
| 101|0x00000000a6500000, 0x00000000a6600000, 0x00000000a6600000|100%| O|  |TAMS 0x00000000a6600000, 0x00000000a6500000| Untracked 
| 102|0x00000000a6600000, 0x00000000a6700000, 0x00000000a6700000|100%| O|  |TAMS 0x00000000a6600000, 0x00000000a6600000| Untracked 
| 103|0x00000000a6700000, 0x00000000a6800000, 0x00000000a6800000|100%| O|  |TAMS 0x00000000a6700000, 0x00000000a6700000| Untracked 
| 104|0x00000000a6800000, 0x00000000a6900000, 0x00000000a6900000|100%| O|  |TAMS 0x00000000a6800000, 0x00000000a6800000| Untracked 
| 105|0x00000000a6900000, 0x00000000a6a00000, 0x00000000a6a00000|100%| O|  |TAMS 0x00000000a6a00000, 0x00000000a6900000| Untracked 
| 106|0x00000000a6a00000, 0x00000000a6b00000, 0x00000000a6b00000|100%| O|  |TAMS 0x00000000a6b00000, 0x00000000a6a00000| Untracked 
| 107|0x00000000a6b00000, 0x00000000a6c00000, 0x00000000a6c00000|100%| O|  |TAMS 0x00000000a6b00000, 0x00000000a6b00000| Untracked 
| 108|0x00000000a6c00000, 0x00000000a6d00000, 0x00000000a6d00000|100%| O|  |TAMS 0x00000000a6c00000, 0x00000000a6c00000| Untracked 
| 109|0x00000000a6d00000, 0x00000000a6e00000, 0x00000000a6e00000|100%| O|  |TAMS 0x00000000a6e00000, 0x00000000a6d00000| Untracked 
| 110|0x00000000a6e00000, 0x00000000a6f00000, 0x00000000a6f00000|100%| O|  |TAMS 0x00000000a6f00000, 0x00000000a6e00000| Untracked 
| 111|0x00000000a6f00000, 0x00000000a7000000, 0x00000000a7000000|100%| O|  |TAMS 0x00000000a6f00000, 0x00000000a6f00000| Untracked 
| 112|0x00000000a7000000, 0x00000000a7100000, 0x00000000a7100000|100%| O|  |TAMS 0x00000000a7100000, 0x00000000a7000000| Untracked 
| 113|0x00000000a7100000, 0x00000000a7200000, 0x00000000a7200000|100%| O|  |TAMS 0x00000000a7200000, 0x00000000a7100000| Untracked 
| 114|0x00000000a7200000, 0x00000000a7300000, 0x00000000a7300000|100%| O|  |TAMS 0x00000000a7300000, 0x00000000a7200000| Untracked 
| 115|0x00000000a7300000, 0x00000000a7400000, 0x00000000a7400000|100%| O|  |TAMS 0x00000000a7400000, 0x00000000a7300000| Untracked 
| 116|0x00000000a7400000, 0x00000000a7500000, 0x00000000a7500000|100%| O|  |TAMS 0x00000000a7400000, 0x00000000a7400000| Untracked 
| 117|0x00000000a7500000, 0x00000000a7600000, 0x00000000a7600000|100%| O|  |TAMS 0x00000000a7600000, 0x00000000a7500000| Untracked 
| 118|0x00000000a7600000, 0x00000000a7700000, 0x00000000a7700000|100%| O|  |TAMS 0x00000000a7600000, 0x00000000a7600000| Untracked 
| 119|0x00000000a7700000, 0x00000000a7800000, 0x00000000a7800000|100%| O|  |TAMS 0x00000000a7800000, 0x00000000a7700000| Untracked 
| 120|0x00000000a7800000, 0x00000000a7900000, 0x00000000a7900000|100%| O|  |TAMS 0x00000000a7876a00, 0x00000000a7800000| Untracked 
| 121|0x00000000a7900000, 0x00000000a7a00000, 0x00000000a7a00000|100%| O|  |TAMS 0x00000000a7a00000, 0x00000000a7900000| Untracked 
| 122|0x00000000a7a00000, 0x00000000a7b00000, 0x00000000a7b00000|100%| O|  |TAMS 0x00000000a7b00000, 0x00000000a7a00000| Untracked 
| 123|0x00000000a7b00000, 0x00000000a7c00000, 0x00000000a7c00000|100%| O|  |TAMS 0x00000000a7b00000, 0x00000000a7b00000| Untracked 
| 124|0x00000000a7c00000, 0x00000000a7d00000, 0x00000000a7d00000|100%| O|  |TAMS 0x00000000a7c00000, 0x00000000a7c00000| Untracked 
| 125|0x00000000a7d00000, 0x00000000a7e00000, 0x00000000a7e00000|100%| O|  |TAMS 0x00000000a7d00000, 0x00000000a7d00000| Untracked 
| 126|0x00000000a7e00000, 0x00000000a7f00000, 0x00000000a7f00000|100%| O|  |TAMS 0x00000000a7e00000, 0x00000000a7e00000| Untracked 
| 127|0x00000000a7f00000, 0x00000000a8000000, 0x00000000a8000000|100%| O|  |TAMS 0x00000000a7f00000, 0x00000000a7f00000| Untracked 
| 128|0x00000000a8000000, 0x00000000a8100000, 0x00000000a8100000|100%| O|  |TAMS 0x00000000a8000000, 0x00000000a8000000| Untracked 
| 129|0x00000000a8100000, 0x00000000a8200000, 0x00000000a8200000|100%| O|  |TAMS 0x00000000a8100000, 0x00000000a8100000| Untracked 
| 130|0x00000000a8200000, 0x00000000a8300000, 0x00000000a8300000|100%| O|  |TAMS 0x00000000a8200000, 0x00000000a8200000| Untracked 
| 131|0x00000000a8300000, 0x00000000a8400000, 0x00000000a8400000|100%| O|  |TAMS 0x00000000a8300000, 0x00000000a8300000| Untracked 
| 132|0x00000000a8400000, 0x00000000a8500000, 0x00000000a8500000|100%| O|  |TAMS 0x00000000a8400000, 0x00000000a8400000| Untracked 
| 133|0x00000000a8500000, 0x00000000a8600000, 0x00000000a8600000|100%| O|  |TAMS 0x00000000a8500000, 0x00000000a8500000| Untracked 
| 134|0x00000000a8600000, 0x00000000a8700000, 0x00000000a8700000|100%| O|  |TAMS 0x00000000a8600000, 0x00000000a8600000| Untracked 
| 135|0x00000000a8700000, 0x00000000a8800000, 0x00000000a8800000|100%| O|  |TAMS 0x00000000a8700000, 0x00000000a8700000| Untracked 
| 136|0x00000000a8800000, 0x00000000a8900000, 0x00000000a8900000|100%| O|  |TAMS 0x00000000a8800000, 0x00000000a8800000| Untracked 
| 137|0x00000000a8900000, 0x00000000a8a00000, 0x00000000a8a00000|100%| O|  |TAMS 0x00000000a8900000, 0x00000000a8900000| Untracked 
| 138|0x00000000a8a00000, 0x00000000a8b00000, 0x00000000a8b00000|100%| O|  |TAMS 0x00000000a8a00000, 0x00000000a8a00000| Untracked 
| 139|0x00000000a8b00000, 0x00000000a8c00000, 0x00000000a8c00000|100%| O|  |TAMS 0x00000000a8b00000, 0x00000000a8b00000| Untracked 
| 140|0x00000000a8c00000, 0x00000000a8d00000, 0x00000000a8d00000|100%| O|  |TAMS 0x00000000a8c00000, 0x00000000a8c00000| Untracked 
| 141|0x00000000a8d00000, 0x00000000a8e00000, 0x00000000a8e00000|100%| O|  |TAMS 0x00000000a8d00000, 0x00000000a8d00000| Untracked 
| 142|0x00000000a8e00000, 0x00000000a8f00000, 0x00000000a8f00000|100%| O|  |TAMS 0x00000000a8e00000, 0x00000000a8e00000| Untracked 
| 143|0x00000000a8f00000, 0x00000000a9000000, 0x00000000a9000000|100%| O|  |TAMS 0x00000000a8f00000, 0x00000000a8f00000| Untracked 
| 144|0x00000000a9000000, 0x00000000a9100000, 0x00000000a9100000|100%| O|  |TAMS 0x00000000a9000000, 0x00000000a9000000| Untracked 
| 145|0x00000000a9100000, 0x00000000a9200000, 0x00000000a9200000|100%| O|  |TAMS 0x00000000a9100000, 0x00000000a9100000| Untracked 
| 146|0x00000000a9200000, 0x00000000a9300000, 0x00000000a9300000|100%| O|  |TAMS 0x00000000a9200000, 0x00000000a9200000| Untracked 
| 147|0x00000000a9300000, 0x00000000a9400000, 0x00000000a9400000|100%| O|  |TAMS 0x00000000a9300000, 0x00000000a9300000| Untracked 
| 148|0x00000000a9400000, 0x00000000a9500000, 0x00000000a9500000|100%| O|  |TAMS 0x00000000a9400000, 0x00000000a9400000| Untracked 
| 149|0x00000000a9500000, 0x00000000a9600000, 0x00000000a9600000|100%| O|  |TAMS 0x00000000a9500000, 0x00000000a9500000| Untracked 
| 150|0x00000000a9600000, 0x00000000a9700000, 0x00000000a9700000|100%| O|  |TAMS 0x00000000a9600000, 0x00000000a9600000| Untracked 
| 151|0x00000000a9700000, 0x00000000a9800000, 0x00000000a9800000|100%| O|  |TAMS 0x00000000a9700000, 0x00000000a9700000| Untracked 
| 152|0x00000000a9800000, 0x00000000a9900000, 0x00000000a9900000|100%| O|  |TAMS 0x00000000a9800000, 0x00000000a9800000| Untracked 
| 153|0x00000000a9900000, 0x00000000a9a00000, 0x00000000a9a00000|100%| O|  |TAMS 0x00000000a9900000, 0x00000000a9900000| Untracked 
| 154|0x00000000a9a00000, 0x00000000a9b00000, 0x00000000a9b00000|100%| O|  |TAMS 0x00000000a9a00000, 0x00000000a9a00000| Untracked 
| 155|0x00000000a9b00000, 0x00000000a9c00000, 0x00000000a9c00000|100%| O|  |TAMS 0x00000000a9b00000, 0x00000000a9b00000| Untracked 
| 156|0x00000000a9c00000, 0x00000000a9d00000, 0x00000000a9d00000|100%| O|  |TAMS 0x00000000a9c00000, 0x00000000a9c00000| Untracked 
| 157|0x00000000a9d00000, 0x00000000a9e00000, 0x00000000a9e00000|100%| O|  |TAMS 0x00000000a9d00000, 0x00000000a9d00000| Untracked 
| 158|0x00000000a9e00000, 0x00000000a9f00000, 0x00000000a9f00000|100%| O|  |TAMS 0x00000000a9e00000, 0x00000000a9e00000| Untracked 
| 159|0x00000000a9f00000, 0x00000000aa000000, 0x00000000aa000000|100%| O|  |TAMS 0x00000000a9f00000, 0x00000000a9f00000| Untracked 
| 160|0x00000000aa000000, 0x00000000aa100000, 0x00000000aa100000|100%| O|  |TAMS 0x00000000aa000000, 0x00000000aa000000| Untracked 
| 161|0x00000000aa100000, 0x00000000aa200000, 0x00000000aa200000|100%| O|  |TAMS 0x00000000aa100000, 0x00000000aa100000| Untracked 
| 162|0x00000000aa200000, 0x00000000aa300000, 0x00000000aa300000|100%| O|  |TAMS 0x00000000aa200000, 0x00000000aa200000| Untracked 
| 163|0x00000000aa300000, 0x00000000aa400000, 0x00000000aa400000|100%| O|  |TAMS 0x00000000aa300000, 0x00000000aa300000| Untracked 
| 164|0x00000000aa400000, 0x00000000aa500000, 0x00000000aa500000|100%| O|  |TAMS 0x00000000aa400000, 0x00000000aa400000| Untracked 
| 165|0x00000000aa500000, 0x00000000aa600000, 0x00000000aa600000|100%| O|  |TAMS 0x00000000aa500000, 0x00000000aa500000| Untracked 
| 166|0x00000000aa600000, 0x00000000aa700000, 0x00000000aa700000|100%| O|  |TAMS 0x00000000aa600000, 0x00000000aa600000| Untracked 
| 167|0x00000000aa700000, 0x00000000aa800000, 0x00000000aa800000|100%| O|  |TAMS 0x00000000aa700000, 0x00000000aa700000| Untracked 
| 168|0x00000000aa800000, 0x00000000aa900000, 0x00000000aa900000|100%| O|  |TAMS 0x00000000aa800000, 0x00000000aa800000| Untracked 
| 169|0x00000000aa900000, 0x00000000aaa00000, 0x00000000aaa00000|100%| O|  |TAMS 0x00000000aa900000, 0x00000000aa900000| Untracked 
| 170|0x00000000aaa00000, 0x00000000aab00000, 0x00000000aab00000|100%| O|  |TAMS 0x00000000aaa00000, 0x00000000aaa00000| Untracked 
| 171|0x00000000aab00000, 0x00000000aac00000, 0x00000000aac00000|100%| O|  |TAMS 0x00000000aab00000, 0x00000000aab00000| Untracked 
| 172|0x00000000aac00000, 0x00000000aad00000, 0x00000000aad00000|100%| O|  |TAMS 0x00000000aac00000, 0x00000000aac00000| Untracked 
| 173|0x00000000aad00000, 0x00000000aae00000, 0x00000000aae00000|100%| O|  |TAMS 0x00000000aad00000, 0x00000000aad00000| Untracked 
| 174|0x00000000aae00000, 0x00000000aaf00000, 0x00000000aaf00000|100%| O|  |TAMS 0x00000000aae00000, 0x00000000aae00000| Untracked 
| 175|0x00000000aaf00000, 0x00000000ab000000, 0x00000000ab000000|100%| O|  |TAMS 0x00000000aaf00000, 0x00000000aaf00000| Untracked 
| 176|0x00000000ab000000, 0x00000000ab100000, 0x00000000ab100000|100%| O|  |TAMS 0x00000000ab000000, 0x00000000ab000000| Untracked 
| 177|0x00000000ab100000, 0x00000000ab200000, 0x00000000ab200000|100%| O|  |TAMS 0x00000000ab100000, 0x00000000ab100000| Untracked 
| 178|0x00000000ab200000, 0x00000000ab300000, 0x00000000ab300000|100%| O|  |TAMS 0x00000000ab200000, 0x00000000ab200000| Untracked 
| 179|0x00000000ab300000, 0x00000000ab400000, 0x00000000ab400000|100%| O|  |TAMS 0x00000000ab300000, 0x00000000ab300000| Untracked 
| 180|0x00000000ab400000, 0x00000000ab500000, 0x00000000ab500000|100%| O|  |TAMS 0x00000000ab400000, 0x00000000ab400000| Untracked 
| 181|0x00000000ab500000, 0x00000000ab600000, 0x00000000ab600000|100%| O|  |TAMS 0x00000000ab500000, 0x00000000ab500000| Untracked 
| 182|0x00000000ab600000, 0x00000000ab700000, 0x00000000ab700000|100%| O|  |TAMS 0x00000000ab600000, 0x00000000ab600000| Untracked 
| 183|0x00000000ab700000, 0x00000000ab800000, 0x00000000ab800000|100%| O|  |TAMS 0x00000000ab700000, 0x00000000ab700000| Untracked 
| 184|0x00000000ab800000, 0x00000000ab900000, 0x00000000ab900000|100%| O|  |TAMS 0x00000000ab800000, 0x00000000ab800000| Untracked 
| 185|0x00000000ab900000, 0x00000000aba00000, 0x00000000aba00000|100%| O|  |TAMS 0x00000000ab900000, 0x00000000ab900000| Untracked 
| 186|0x00000000aba00000, 0x00000000abb00000, 0x00000000abb00000|100%| O|  |TAMS 0x00000000aba00000, 0x00000000aba00000| Untracked 
| 187|0x00000000abb00000, 0x00000000abc00000, 0x00000000abc00000|100%| O|  |TAMS 0x00000000abb00000, 0x00000000abb00000| Untracked 
| 188|0x00000000abc00000, 0x00000000abd00000, 0x00000000abd00000|100%| O|  |TAMS 0x00000000abc00000, 0x00000000abc00000| Untracked 
| 189|0x00000000abd00000, 0x00000000abe00000, 0x00000000abe00000|100%| O|  |TAMS 0x00000000abd00000, 0x00000000abd00000| Untracked 
| 190|0x00000000abe00000, 0x00000000abf00000, 0x00000000abf00000|100%| O|  |TAMS 0x00000000abe00000, 0x00000000abe00000| Untracked 
| 191|0x00000000abf00000, 0x00000000ac000000, 0x00000000ac000000|100%| O|  |TAMS 0x00000000abf00000, 0x00000000abf00000| Untracked 
| 192|0x00000000ac000000, 0x00000000ac100000, 0x00000000ac100000|100%| O|  |TAMS 0x00000000ac000000, 0x00000000ac000000| Untracked 
| 193|0x00000000ac100000, 0x00000000ac200000, 0x00000000ac200000|100%| O|  |TAMS 0x00000000ac100000, 0x00000000ac100000| Untracked 
| 194|0x00000000ac200000, 0x00000000ac300000, 0x00000000ac300000|100%| O|  |TAMS 0x00000000ac200000, 0x00000000ac200000| Untracked 
| 195|0x00000000ac300000, 0x00000000ac400000, 0x00000000ac400000|100%| O|  |TAMS 0x00000000ac300000, 0x00000000ac300000| Untracked 
| 196|0x00000000ac400000, 0x00000000ac500000, 0x00000000ac500000|100%| O|  |TAMS 0x00000000ac400000, 0x00000000ac400000| Untracked 
| 197|0x00000000ac500000, 0x00000000ac600000, 0x00000000ac600000|100%| O|  |TAMS 0x00000000ac500000, 0x00000000ac500000| Untracked 
| 198|0x00000000ac600000, 0x00000000ac700000, 0x00000000ac700000|100%| O|  |TAMS 0x00000000ac600000, 0x00000000ac600000| Untracked 
| 199|0x00000000ac700000, 0x00000000ac800000, 0x00000000ac800000|100%| O|  |TAMS 0x00000000ac700000, 0x00000000ac700000| Untracked 
| 200|0x00000000ac800000, 0x00000000ac900000, 0x00000000ac900000|100%| O|  |TAMS 0x00000000ac800000, 0x00000000ac800000| Untracked 
| 201|0x00000000ac900000, 0x00000000aca00000, 0x00000000aca00000|100%| O|  |TAMS 0x00000000ac900000, 0x00000000ac900000| Untracked 
| 202|0x00000000aca00000, 0x00000000acb00000, 0x00000000acb00000|100%| O|  |TAMS 0x00000000aca00000, 0x00000000aca00000| Untracked 
| 203|0x00000000acb00000, 0x00000000acc00000, 0x00000000acc00000|100%| O|  |TAMS 0x00000000acb00000, 0x00000000acb00000| Untracked 
| 204|0x00000000acc00000, 0x00000000acd00000, 0x00000000acd00000|100%| O|  |TAMS 0x00000000acc00000, 0x00000000acc00000| Untracked 
| 205|0x00000000acd00000, 0x00000000ace00000, 0x00000000ace00000|100%| O|  |TAMS 0x00000000acd00000, 0x00000000acd00000| Untracked 
| 206|0x00000000ace00000, 0x00000000acf00000, 0x00000000acf00000|100%| O|  |TAMS 0x00000000ace00000, 0x00000000ace00000| Untracked 
| 207|0x00000000acf00000, 0x00000000ad000000, 0x00000000ad000000|100%| O|  |TAMS 0x00000000acf00000, 0x00000000acf00000| Untracked 
| 208|0x00000000ad000000, 0x00000000ad100000, 0x00000000ad100000|100%| O|  |TAMS 0x00000000ad000000, 0x00000000ad000000| Untracked 
| 209|0x00000000ad100000, 0x00000000ad200000, 0x00000000ad200000|100%| O|  |TAMS 0x00000000ad100000, 0x00000000ad100000| Untracked 
| 210|0x00000000ad200000, 0x00000000ad300000, 0x00000000ad300000|100%| O|  |TAMS 0x00000000ad200000, 0x00000000ad200000| Untracked 
| 211|0x00000000ad300000, 0x00000000ad400000, 0x00000000ad400000|100%| O|  |TAMS 0x00000000ad300000, 0x00000000ad300000| Untracked 
| 212|0x00000000ad400000, 0x00000000ad500000, 0x00000000ad500000|100%| O|  |TAMS 0x00000000ad400000, 0x00000000ad400000| Untracked 
| 213|0x00000000ad500000, 0x00000000ad600000, 0x00000000ad600000|100%| O|  |TAMS 0x00000000ad500000, 0x00000000ad500000| Untracked 
| 214|0x00000000ad600000, 0x00000000ad700000, 0x00000000ad700000|100%| O|  |TAMS 0x00000000ad600000, 0x00000000ad600000| Untracked 
| 215|0x00000000ad700000, 0x00000000ad800000, 0x00000000ad800000|100%| O|  |TAMS 0x00000000ad700000, 0x00000000ad700000| Untracked 
| 216|0x00000000ad800000, 0x00000000ad900000, 0x00000000ad900000|100%| O|  |TAMS 0x00000000ad800000, 0x00000000ad800000| Untracked 
| 217|0x00000000ad900000, 0x00000000ada00000, 0x00000000ada00000|100%| O|  |TAMS 0x00000000ad900000, 0x00000000ad900000| Untracked 
| 218|0x00000000ada00000, 0x00000000adb00000, 0x00000000adb00000|100%| O|  |TAMS 0x00000000ada00000, 0x00000000ada00000| Untracked 
| 219|0x00000000adb00000, 0x00000000adc00000, 0x00000000adc00000|100%| O|  |TAMS 0x00000000adb00000, 0x00000000adb00000| Untracked 
| 220|0x00000000adc00000, 0x00000000add00000, 0x00000000add00000|100%| O|  |TAMS 0x00000000adc00000, 0x00000000adc00000| Untracked 
| 221|0x00000000add00000, 0x00000000ade00000, 0x00000000ade00000|100%| O|  |TAMS 0x00000000add00000, 0x00000000add00000| Untracked 
| 222|0x00000000ade00000, 0x00000000adf00000, 0x00000000adf00000|100%| O|  |TAMS 0x00000000ade00000, 0x00000000ade00000| Untracked 
| 223|0x00000000adf00000, 0x00000000ae000000, 0x00000000ae000000|100%| O|  |TAMS 0x00000000adf00000, 0x00000000adf00000| Untracked 
| 224|0x00000000ae000000, 0x00000000ae100000, 0x00000000ae100000|100%| O|  |TAMS 0x00000000ae000000, 0x00000000ae000000| Untracked 
| 225|0x00000000ae100000, 0x00000000ae200000, 0x00000000ae200000|100%| O|  |TAMS 0x00000000ae100000, 0x00000000ae100000| Untracked 
| 226|0x00000000ae200000, 0x00000000ae300000, 0x00000000ae300000|100%| O|  |TAMS 0x00000000ae200000, 0x00000000ae200000| Untracked 
| 227|0x00000000ae300000, 0x00000000ae400000, 0x00000000ae400000|100%| O|  |TAMS 0x00000000ae300000, 0x00000000ae300000| Untracked 
| 228|0x00000000ae400000, 0x00000000ae500000, 0x00000000ae500000|100%| O|  |TAMS 0x00000000ae400000, 0x00000000ae400000| Untracked 
| 229|0x00000000ae500000, 0x00000000ae600000, 0x00000000ae600000|100%| O|  |TAMS 0x00000000ae500000, 0x00000000ae500000| Untracked 
| 230|0x00000000ae600000, 0x00000000ae700000, 0x00000000ae700000|100%| O|  |TAMS 0x00000000ae600000, 0x00000000ae600000| Untracked 
| 231|0x00000000ae700000, 0x00000000ae800000, 0x00000000ae800000|100%| O|  |TAMS 0x00000000ae700000, 0x00000000ae700000| Untracked 
| 232|0x00000000ae800000, 0x00000000ae900000, 0x00000000ae900000|100%| O|  |TAMS 0x00000000ae800000, 0x00000000ae800000| Untracked 
| 233|0x00000000ae900000, 0x00000000aea00000, 0x00000000aea00000|100%| O|  |TAMS 0x00000000ae900000, 0x00000000ae900000| Untracked 
| 234|0x00000000aea00000, 0x00000000aeb00000, 0x00000000aeb00000|100%| O|  |TAMS 0x00000000aea00000, 0x00000000aea00000| Untracked 
| 235|0x00000000aeb00000, 0x00000000aec00000, 0x00000000aec00000|100%| O|  |TAMS 0x00000000aeb00000, 0x00000000aeb00000| Untracked 
| 236|0x00000000aec00000, 0x00000000aed00000, 0x00000000aed00000|100%| O|  |TAMS 0x00000000aec00000, 0x00000000aec00000| Untracked 
| 237|0x00000000aed00000, 0x00000000aee00000, 0x00000000aee00000|100%| O|  |TAMS 0x00000000aed00000, 0x00000000aed00000| Untracked 
| 238|0x00000000aee00000, 0x00000000aef00000, 0x00000000aef00000|100%| O|  |TAMS 0x00000000aee00000, 0x00000000aee00000| Untracked 
| 239|0x00000000aef00000, 0x00000000af000000, 0x00000000af000000|100%| O|  |TAMS 0x00000000aef00000, 0x00000000aef00000| Untracked 
| 240|0x00000000af000000, 0x00000000af100000, 0x00000000af100000|100%| O|  |TAMS 0x00000000af000000, 0x00000000af000000| Untracked 
| 241|0x00000000af100000, 0x00000000af200000, 0x00000000af200000|100%| O|  |TAMS 0x00000000af100000, 0x00000000af100000| Untracked 
| 242|0x00000000af200000, 0x00000000af300000, 0x00000000af300000|100%| O|  |TAMS 0x00000000af200000, 0x00000000af200000| Untracked 
| 243|0x00000000af300000, 0x00000000af400000, 0x00000000af400000|100%| O|  |TAMS 0x00000000af300000, 0x00000000af300000| Untracked 
| 244|0x00000000af400000, 0x00000000af500000, 0x00000000af500000|100%| O|  |TAMS 0x00000000af400000, 0x00000000af400000| Untracked 
| 245|0x00000000af500000, 0x00000000af600000, 0x00000000af600000|100%| O|  |TAMS 0x00000000af500000, 0x00000000af500000| Untracked 
| 246|0x00000000af600000, 0x00000000af700000, 0x00000000af700000|100%| O|  |TAMS 0x00000000af600000, 0x00000000af600000| Untracked 
| 247|0x00000000af700000, 0x00000000af800000, 0x00000000af800000|100%| O|  |TAMS 0x00000000af700000, 0x00000000af700000| Untracked 
| 248|0x00000000af800000, 0x00000000af900000, 0x00000000af900000|100%| O|  |TAMS 0x00000000af800000, 0x00000000af800000| Untracked 
| 249|0x00000000af900000, 0x00000000afa00000, 0x00000000afa00000|100%| O|  |TAMS 0x00000000af900000, 0x00000000af900000| Untracked 
| 250|0x00000000afa00000, 0x00000000afb00000, 0x00000000afb00000|100%| O|  |TAMS 0x00000000afa00000, 0x00000000afa00000| Untracked 
| 251|0x00000000afb00000, 0x00000000afb43000, 0x00000000afc00000| 26%| O|  |TAMS 0x00000000afb00000, 0x00000000afb00000| Untracked 
| 252|0x00000000afc00000, 0x00000000afc00000, 0x00000000afd00000|  0%| F|  |TAMS 0x00000000afc00000, 0x00000000afc00000| Untracked 
| 253|0x00000000afd00000, 0x00000000afd00000, 0x00000000afe00000|  0%| F|  |TAMS 0x00000000afd00000, 0x00000000afd00000| Untracked 
| 254|0x00000000afe00000, 0x00000000afe00000, 0x00000000aff00000|  0%| F|  |TAMS 0x00000000afe00000, 0x00000000afe00000| Untracked 
| 255|0x00000000aff00000, 0x00000000aff00000, 0x00000000b0000000|  0%| F|  |TAMS 0x00000000aff00000, 0x00000000aff00000| Untracked 
| 256|0x00000000b0000000, 0x00000000b0000000, 0x00000000b0100000|  0%| F|  |TAMS 0x00000000b0000000, 0x00000000b0000000| Untracked 
| 257|0x00000000b0100000, 0x00000000b0100000, 0x00000000b0200000|  0%| F|  |TAMS 0x00000000b0100000, 0x00000000b0100000| Untracked 
| 258|0x00000000b0200000, 0x00000000b0200000, 0x00000000b0300000|  0%| F|  |TAMS 0x00000000b0200000, 0x00000000b0200000| Untracked 
| 259|0x00000000b0300000, 0x00000000b0300000, 0x00000000b0400000|  0%| F|  |TAMS 0x00000000b0300000, 0x00000000b0300000| Untracked 
| 260|0x00000000b0400000, 0x00000000b0400000, 0x00000000b0500000|  0%| F|  |TAMS 0x00000000b0400000, 0x00000000b0400000| Untracked 
| 261|0x00000000b0500000, 0x00000000b0500000, 0x00000000b0600000|  0%| F|  |TAMS 0x00000000b0500000, 0x00000000b0500000| Untracked 
| 262|0x00000000b0600000, 0x00000000b0600000, 0x00000000b0700000|  0%| F|  |TAMS 0x00000000b0600000, 0x00000000b0600000| Untracked 
| 263|0x00000000b0700000, 0x00000000b0700000, 0x00000000b0800000|  0%| F|  |TAMS 0x00000000b0700000, 0x00000000b0700000| Untracked 
| 264|0x00000000b0800000, 0x00000000b0800000, 0x00000000b0900000|  0%| F|  |TAMS 0x00000000b0800000, 0x00000000b0800000| Untracked 
| 265|0x00000000b0900000, 0x00000000b0900000, 0x00000000b0a00000|  0%| F|  |TAMS 0x00000000b0900000, 0x00000000b0900000| Untracked 
| 266|0x00000000b0a00000, 0x00000000b0a00000, 0x00000000b0b00000|  0%| F|  |TAMS 0x00000000b0a00000, 0x00000000b0a00000| Untracked 
| 267|0x00000000b0b00000, 0x00000000b0b00000, 0x00000000b0c00000|  0%| F|  |TAMS 0x00000000b0b00000, 0x00000000b0b00000| Untracked 
| 268|0x00000000b0c00000, 0x00000000b0c00000, 0x00000000b0d00000|  0%| F|  |TAMS 0x00000000b0c00000, 0x00000000b0c00000| Untracked 
| 269|0x00000000b0d00000, 0x00000000b0d00000, 0x00000000b0e00000|  0%| F|  |TAMS 0x00000000b0d00000, 0x00000000b0d00000| Untracked 
| 270|0x00000000b0e00000, 0x00000000b0e00000, 0x00000000b0f00000|  0%| F|  |TAMS 0x00000000b0e00000, 0x00000000b0e00000| Untracked 
| 271|0x00000000b0f00000, 0x00000000b0f00000, 0x00000000b1000000|  0%| F|  |TAMS 0x00000000b0f00000, 0x00000000b0f00000| Untracked 
| 272|0x00000000b1000000, 0x00000000b1000000, 0x00000000b1100000|  0%| F|  |TAMS 0x00000000b1000000, 0x00000000b1000000| Untracked 
| 273|0x00000000b1100000, 0x00000000b1100000, 0x00000000b1200000|  0%| F|  |TAMS 0x00000000b1100000, 0x00000000b1100000| Untracked 
| 274|0x00000000b1200000, 0x00000000b1200000, 0x00000000b1300000|  0%| F|  |TAMS 0x00000000b1200000, 0x00000000b1200000| Untracked 
| 275|0x00000000b1300000, 0x00000000b1300000, 0x00000000b1400000|  0%| F|  |TAMS 0x00000000b1300000, 0x00000000b1300000| Untracked 
| 276|0x00000000b1400000, 0x00000000b1400000, 0x00000000b1500000|  0%| F|  |TAMS 0x00000000b1400000, 0x00000000b1400000| Untracked 
| 277|0x00000000b1500000, 0x00000000b1500000, 0x00000000b1600000|  0%| F|  |TAMS 0x00000000b1500000, 0x00000000b1500000| Untracked 
| 278|0x00000000b1600000, 0x00000000b1600000, 0x00000000b1700000|  0%| F|  |TAMS 0x00000000b1600000, 0x00000000b1600000| Untracked 
| 279|0x00000000b1700000, 0x00000000b1700000, 0x00000000b1800000|  0%| F|  |TAMS 0x00000000b1700000, 0x00000000b1700000| Untracked 
| 280|0x00000000b1800000, 0x00000000b1800000, 0x00000000b1900000|  0%| F|  |TAMS 0x00000000b1800000, 0x00000000b1800000| Untracked 
| 281|0x00000000b1900000, 0x00000000b1900000, 0x00000000b1a00000|  0%| F|  |TAMS 0x00000000b1900000, 0x00000000b1900000| Untracked 
| 282|0x00000000b1a00000, 0x00000000b1a00000, 0x00000000b1b00000|  0%| F|  |TAMS 0x00000000b1a00000, 0x00000000b1a00000| Untracked 
| 283|0x00000000b1b00000, 0x00000000b1b00000, 0x00000000b1c00000|  0%| F|  |TAMS 0x00000000b1b00000, 0x00000000b1b00000| Untracked 
| 284|0x00000000b1c00000, 0x00000000b1c00000, 0x00000000b1d00000|  0%| F|  |TAMS 0x00000000b1c00000, 0x00000000b1c00000| Untracked 
| 285|0x00000000b1d00000, 0x00000000b1d00000, 0x00000000b1e00000|  0%| F|  |TAMS 0x00000000b1d00000, 0x00000000b1d00000| Untracked 
| 286|0x00000000b1e00000, 0x00000000b1e00000, 0x00000000b1f00000|  0%| F|  |TAMS 0x00000000b1e00000, 0x00000000b1e00000| Untracked 
| 287|0x00000000b1f00000, 0x00000000b1f00000, 0x00000000b2000000|  0%| F|  |TAMS 0x00000000b1f00000, 0x00000000b1f00000| Untracked 
| 288|0x00000000b2000000, 0x00000000b2000000, 0x00000000b2100000|  0%| F|  |TAMS 0x00000000b2000000, 0x00000000b2000000| Untracked 
| 289|0x00000000b2100000, 0x00000000b2100000, 0x00000000b2200000|  0%| F|  |TAMS 0x00000000b2100000, 0x00000000b2100000| Untracked 
| 290|0x00000000b2200000, 0x00000000b2200000, 0x00000000b2300000|  0%| F|  |TAMS 0x00000000b2200000, 0x00000000b2200000| Untracked 
| 291|0x00000000b2300000, 0x00000000b23cfe90, 0x00000000b2400000| 81%| S|CS|TAMS 0x00000000b2300000, 0x00000000b2300000| Complete 
| 292|0x00000000b2400000, 0x00000000b2500000, 0x00000000b2500000|100%| S|CS|TAMS 0x00000000b2400000, 0x00000000b2400000| Complete 
| 293|0x00000000b2500000, 0x00000000b2600000, 0x00000000b2600000|100%| S|CS|TAMS 0x00000000b2500000, 0x00000000b2500000| Complete 
| 294|0x00000000b2600000, 0x00000000b2700000, 0x00000000b2700000|100%| S|CS|TAMS 0x00000000b2600000, 0x00000000b2600000| Complete 
| 295|0x00000000b2700000, 0x00000000b2800000, 0x00000000b2800000|100%| S|CS|TAMS 0x00000000b2700000, 0x00000000b2700000| Complete 
| 296|0x00000000b2800000, 0x00000000b2800000, 0x00000000b2900000|  0%| F|  |TAMS 0x00000000b2800000, 0x00000000b2800000| Untracked 
| 297|0x00000000b2900000, 0x00000000b2900000, 0x00000000b2a00000|  0%| F|  |TAMS 0x00000000b2900000, 0x00000000b2900000| Untracked 
| 298|0x00000000b2a00000, 0x00000000b2a00000, 0x00000000b2b00000|  0%| F|  |TAMS 0x00000000b2a00000, 0x00000000b2a00000| Untracked 
| 299|0x00000000b2b00000, 0x00000000b2b00000, 0x00000000b2c00000|  0%| F|  |TAMS 0x00000000b2b00000, 0x00000000b2b00000| Untracked 
| 300|0x00000000b2c00000, 0x00000000b2c00000, 0x00000000b2d00000|  0%| F|  |TAMS 0x00000000b2c00000, 0x00000000b2c00000| Untracked 
| 301|0x00000000b2d00000, 0x00000000b2d00000, 0x00000000b2e00000|  0%| F|  |TAMS 0x00000000b2d00000, 0x00000000b2d00000| Untracked 
| 302|0x00000000b2e00000, 0x00000000b2e00000, 0x00000000b2f00000|  0%| F|  |TAMS 0x00000000b2e00000, 0x00000000b2e00000| Untracked 
| 303|0x00000000b2f00000, 0x00000000b2f00000, 0x00000000b3000000|  0%| F|  |TAMS 0x00000000b2f00000, 0x00000000b2f00000| Untracked 
| 304|0x00000000b3000000, 0x00000000b3000000, 0x00000000b3100000|  0%| F|  |TAMS 0x00000000b3000000, 0x00000000b3000000| Untracked 
| 305|0x00000000b3100000, 0x00000000b3100000, 0x00000000b3200000|  0%| F|  |TAMS 0x00000000b3100000, 0x00000000b3100000| Untracked 
| 306|0x00000000b3200000, 0x00000000b3200000, 0x00000000b3300000|  0%| F|  |TAMS 0x00000000b3200000, 0x00000000b3200000| Untracked 
| 307|0x00000000b3300000, 0x00000000b3300000, 0x00000000b3400000|  0%| F|  |TAMS 0x00000000b3300000, 0x00000000b3300000| Untracked 
| 308|0x00000000b3400000, 0x00000000b3400000, 0x00000000b3500000|  0%| F|  |TAMS 0x00000000b3400000, 0x00000000b3400000| Untracked 
| 309|0x00000000b3500000, 0x00000000b3500000, 0x00000000b3600000|  0%| F|  |TAMS 0x00000000b3500000, 0x00000000b3500000| Untracked 
| 310|0x00000000b3600000, 0x00000000b3600000, 0x00000000b3700000|  0%| F|  |TAMS 0x00000000b3600000, 0x00000000b3600000| Untracked 
| 311|0x00000000b3700000, 0x00000000b3700000, 0x00000000b3800000|  0%| F|  |TAMS 0x00000000b3700000, 0x00000000b3700000| Untracked 
| 312|0x00000000b3800000, 0x00000000b3800000, 0x00000000b3900000|  0%| F|  |TAMS 0x00000000b3800000, 0x00000000b3800000| Untracked 
| 313|0x00000000b3900000, 0x00000000b3900000, 0x00000000b3a00000|  0%| F|  |TAMS 0x00000000b3900000, 0x00000000b3900000| Untracked 
| 314|0x00000000b3a00000, 0x00000000b3a00000, 0x00000000b3b00000|  0%| F|  |TAMS 0x00000000b3a00000, 0x00000000b3a00000| Untracked 
| 315|0x00000000b3b00000, 0x00000000b3b00000, 0x00000000b3c00000|  0%| F|  |TAMS 0x00000000b3b00000, 0x00000000b3b00000| Untracked 
| 316|0x00000000b3c00000, 0x00000000b3c00000, 0x00000000b3d00000|  0%| F|  |TAMS 0x00000000b3c00000, 0x00000000b3c00000| Untracked 
| 317|0x00000000b3d00000, 0x00000000b3d00000, 0x00000000b3e00000|  0%| F|  |TAMS 0x00000000b3d00000, 0x00000000b3d00000| Untracked 
| 318|0x00000000b3e00000, 0x00000000b3e00000, 0x00000000b3f00000|  0%| F|  |TAMS 0x00000000b3e00000, 0x00000000b3e00000| Untracked 
| 319|0x00000000b3f00000, 0x00000000b3f00000, 0x00000000b4000000|  0%| F|  |TAMS 0x00000000b3f00000, 0x00000000b3f00000| Untracked 
| 320|0x00000000b4000000, 0x00000000b4000000, 0x00000000b4100000|  0%| F|  |TAMS 0x00000000b4000000, 0x00000000b4000000| Untracked 
| 321|0x00000000b4100000, 0x00000000b4100000, 0x00000000b4200000|  0%| F|  |TAMS 0x00000000b4100000, 0x00000000b4100000| Untracked 
| 322|0x00000000b4200000, 0x00000000b4200000, 0x00000000b4300000|  0%| F|  |TAMS 0x00000000b4200000, 0x00000000b4200000| Untracked 
| 323|0x00000000b4300000, 0x00000000b4300000, 0x00000000b4400000|  0%| F|  |TAMS 0x00000000b4300000, 0x00000000b4300000| Untracked 
| 324|0x00000000b4400000, 0x00000000b4400000, 0x00000000b4500000|  0%| F|  |TAMS 0x00000000b4400000, 0x00000000b4400000| Untracked 
| 325|0x00000000b4500000, 0x00000000b4500000, 0x00000000b4600000|  0%| F|  |TAMS 0x00000000b4500000, 0x00000000b4500000| Untracked 
| 326|0x00000000b4600000, 0x00000000b4600000, 0x00000000b4700000|  0%| F|  |TAMS 0x00000000b4600000, 0x00000000b4600000| Untracked 
| 327|0x00000000b4700000, 0x00000000b4700000, 0x00000000b4800000|  0%| F|  |TAMS 0x00000000b4700000, 0x00000000b4700000| Untracked 
| 328|0x00000000b4800000, 0x00000000b4800000, 0x00000000b4900000|  0%| F|  |TAMS 0x00000000b4800000, 0x00000000b4800000| Untracked 
| 329|0x00000000b4900000, 0x00000000b4900000, 0x00000000b4a00000|  0%| F|  |TAMS 0x00000000b4900000, 0x00000000b4900000| Untracked 
| 330|0x00000000b4a00000, 0x00000000b4a00000, 0x00000000b4b00000|  0%| F|  |TAMS 0x00000000b4a00000, 0x00000000b4a00000| Untracked 
| 331|0x00000000b4b00000, 0x00000000b4b00000, 0x00000000b4c00000|  0%| F|  |TAMS 0x00000000b4b00000, 0x00000000b4b00000| Untracked 
| 332|0x00000000b4c00000, 0x00000000b4c00000, 0x00000000b4d00000|  0%| F|  |TAMS 0x00000000b4c00000, 0x00000000b4c00000| Untracked 
| 333|0x00000000b4d00000, 0x00000000b4d00000, 0x00000000b4e00000|  0%| F|  |TAMS 0x00000000b4d00000, 0x00000000b4d00000| Untracked 
| 334|0x00000000b4e00000, 0x00000000b4e00000, 0x00000000b4f00000|  0%| F|  |TAMS 0x00000000b4e00000, 0x00000000b4e00000| Untracked 
| 335|0x00000000b4f00000, 0x00000000b4f00000, 0x00000000b5000000|  0%| F|  |TAMS 0x00000000b4f00000, 0x00000000b4f00000| Untracked 
| 336|0x00000000b5000000, 0x00000000b5000000, 0x00000000b5100000|  0%| F|  |TAMS 0x00000000b5000000, 0x00000000b5000000| Untracked 
| 337|0x00000000b5100000, 0x00000000b5100000, 0x00000000b5200000|  0%| F|  |TAMS 0x00000000b5100000, 0x00000000b5100000| Untracked 
| 338|0x00000000b5200000, 0x00000000b5200000, 0x00000000b5300000|  0%| F|  |TAMS 0x00000000b5200000, 0x00000000b5200000| Untracked 
| 339|0x00000000b5300000, 0x00000000b5300000, 0x00000000b5400000|  0%| F|  |TAMS 0x00000000b5300000, 0x00000000b5300000| Untracked 
| 340|0x00000000b5400000, 0x00000000b5400000, 0x00000000b5500000|  0%| F|  |TAMS 0x00000000b5400000, 0x00000000b5400000| Untracked 
| 341|0x00000000b5500000, 0x00000000b5500000, 0x00000000b5600000|  0%| F|  |TAMS 0x00000000b5500000, 0x00000000b5500000| Untracked 
| 342|0x00000000b5600000, 0x00000000b5600000, 0x00000000b5700000|  0%| F|  |TAMS 0x00000000b5600000, 0x00000000b5600000| Untracked 
| 343|0x00000000b5700000, 0x00000000b5700000, 0x00000000b5800000|  0%| F|  |TAMS 0x00000000b5700000, 0x00000000b5700000| Untracked 
| 344|0x00000000b5800000, 0x00000000b5800000, 0x00000000b5900000|  0%| F|  |TAMS 0x00000000b5800000, 0x00000000b5800000| Untracked 
| 345|0x00000000b5900000, 0x00000000b5900000, 0x00000000b5a00000|  0%| F|  |TAMS 0x00000000b5900000, 0x00000000b5900000| Untracked 
| 346|0x00000000b5a00000, 0x00000000b5a00000, 0x00000000b5b00000|  0%| F|  |TAMS 0x00000000b5a00000, 0x00000000b5a00000| Untracked 
| 347|0x00000000b5b00000, 0x00000000b5b00000, 0x00000000b5c00000|  0%| F|  |TAMS 0x00000000b5b00000, 0x00000000b5b00000| Untracked 

Card table byte_map: [0x00000238d5c10000,0x00000238d5f10000] _byte_map_base: 0x00000238d5710000

Marking Bits (Prev, Next): (CMBitMap*) 0x00000238bea18db0, (CMBitMap*) 0x00000238bea18d70
 Prev Bits: [0x00000238d7a10000, 0x00000238d9210000)
 Next Bits: [0x00000238d6210000, 0x00000238d7a10000)

Polling page: 0x00000238be1b0000

Metaspace:

Usage:
  Non-class:     89.55 MB capacity,    88.70 MB (>99%) used,   732.95 KB ( <1%) free+waste,   140.63 KB ( <1%) overhead. 
      Class:     12.95 MB capacity,    12.55 MB ( 97%) used,   353.87 KB (  3%) free+waste,    53.00 KB ( <1%) overhead. 
       Both:    102.50 MB capacity,   101.25 MB ( 99%) used,     1.06 MB (  1%) free+waste,   193.63 KB ( <1%) overhead. 

Virtual space:
  Non-class space:       90.00 MB reserved,      89.75 MB (>99%) committed 
      Class space:        1.00 GB reserved,      13.00 MB (  1%) committed 
             Both:        1.09 GB reserved,     102.75 MB (  9%) committed 

Chunk freelists:
   Non-Class:  8.00 KB
       Class:  21.00 KB
        Both:  29.00 KB

MaxMetaspaceSize: 17179869184.00 GB
CompressedClassSpaceSize: 1.00 GB

CodeHeap 'non-profiled nmethods': size=120064Kb used=15370Kb max_used=15370Kb free=104693Kb
 bounds [0x00000238ce6d0000, 0x00000238cf5e0000, 0x00000238d5c10000]
CodeHeap 'profiled nmethods': size=120000Kb used=31301Kb max_used=35130Kb free=88698Kb
 bounds [0x00000238c71a0000, 0x00000238c93f0000, 0x00000238ce6d0000]
CodeHeap 'non-nmethods': size=5696Kb used=2434Kb max_used=2504Kb free=3261Kb
 bounds [0x00000238c6c10000, 0x00000238c6e90000, 0x00000238c71a0000]
 total_blobs=17433 nmethods=16498 adapters=845
 compilation: enabled
              stopped_count=0, restarted_count=0
 full_count=0

Compilation events (20 events):
Event: 305.545 Thread 0x00000238db5b3b20 nmethod 22054 0x00000238cf5d2090 code [0x00000238cf5d2200, 0x00000238cf5d2258]
Event: 305.546 Thread 0x00000238db5b8530 22055       3       com.android.tools.r8.graph.f0$$Lambda$1248/0x0000000801806168::accept (12 bytes)
Event: 305.546 Thread 0x00000238db5b8530 nmethod 22055 0x00000238c901ac10 code [0x00000238c901adc0, 0x00000238c901b148]
Event: 305.552 Thread 0x00000238db5b8530 22056       3       com.android.tools.r8.dex.r$$Lambda$1275/0x0000000801812968::accept (20 bytes)
Event: 305.553 Thread 0x00000238db5b8530 nmethod 22056 0x00000238c9045290 code [0x00000238c9045440, 0x00000238c9045688]
Event: 305.554 Thread 0x00000238db5b8530 22057       3       com.android.tools.r8.code.a3::a (10 bytes)
Event: 305.555 Thread 0x00000238db5b8530 nmethod 22057 0x00000238c90def90 code [0x00000238c90df140, 0x00000238c90df468]
Event: 305.555 Thread 0x00000238db5b3b20 22058       4       com.android.tools.r8.dex.r::a (561 bytes)
Event: 305.558 Thread 0x00000238db5b8530 22060       3       com.android.tools.r8.graph.V0::F (38 bytes)
Event: 305.559 Thread 0x00000238db5b8530 nmethod 22060 0x00000238c88e7510 code [0x00000238c88e7700, 0x00000238c88e7f18]
Event: 305.562 Thread 0x00000238db5b8530 22061       2       java.security.MessageDigest$Delegate$CloneableDelegate::<init> (8 bytes)
Event: 305.562 Thread 0x00000238db5b8530 nmethod 22061 0x00000238c90e1e10 code [0x00000238c90e1fa0, 0x00000238c90e21b8]
Event: 305.770 Thread 0x00000238db5b8530 22062       3       com.android.tools.r8.z.a.a.B::c (16 bytes)
Event: 305.770 Thread 0x00000238db5b8530 nmethod 22062 0x00000238c9149910 code [0x00000238c9149aa0, 0x00000238c9149bd8]
Event: 305.810 Thread 0x00000238db5b8530 22063       3       java.util.concurrent.ScheduledThreadPoolExecutor$ScheduledFutureTask::setNextRunTime (38 bytes)
Event: 305.810 Thread 0x00000238db5b8530 nmethod 22063 0x00000238c911e490 code [0x00000238c911e640, 0x00000238c911e848]
Event: 305.811 Thread 0x00000238db5b8530 22064       3       java.util.concurrent.ScheduledThreadPoolExecutor::reExecutePeriodic (49 bytes)
Event: 305.812 Thread 0x00000238db5b8530 nmethod 22064 0x00000238c7579b10 code [0x00000238c7579d20, 0x00000238c757a388]
Event: 305.868 Thread 0x00000238db5b8530 22065       3       com.android.tools.r8.ir.conversion.N::a (63 bytes)
Event: 305.869 Thread 0x00000238db5b8530 nmethod 22065 0x00000238c8eff190 code [0x00000238c8eff3c0, 0x00000238c8effbc8]

GC Heap History (20 events):
Event: 301.262 GC heap before
{Heap before GC invocations=193 (full 0):
 garbage-first heap   total 305152K, used 272139K [0x00000000a0000000, 0x0000000100000000)
  region size 1024K, 16 young (16384K), 1 survivors (1024K)
 Metaspace       used 103673K, capacity 104963K, committed 105216K, reserved 1140736K
  class space    used 12852K, capacity 13259K, committed 13312K, reserved 1048576K
}
Event: 301.282 GC heap after
{Heap after GC invocations=194 (full 0):
 garbage-first heap   total 305152K, used 257057K [0x00000000a0000000, 0x0000000100000000)
  region size 1024K, 2 young (2048K), 2 survivors (2048K)
 Metaspace       used 103673K, capacity 104963K, committed 105216K, reserved 1140736K
  class space    used 12852K, capacity 13259K, committed 13312K, reserved 1048576K
}
Event: 301.537 GC heap before
{Heap before GC invocations=194 (full 0):
 garbage-first heap   total 305152K, used 271393K [0x00000000a0000000, 0x0000000100000000)
  region size 1024K, 16 young (16384K), 2 survivors (2048K)
 Metaspace       used 103673K, capacity 104963K, committed 105216K, reserved 1140736K
  class space    used 12852K, capacity 13259K, committed 13312K, reserved 1048576K
}
Event: 301.545 GC heap after
{Heap after GC invocations=195 (full 0):
 garbage-first heap   total 305152K, used 257279K [0x00000000a0000000, 0x0000000100000000)
  region size 1024K, 2 young (2048K), 2 survivors (2048K)
 Metaspace       used 103673K, capacity 104963K, committed 105216K, reserved 1140736K
  class space    used 12852K, capacity 13259K, committed 13312K, reserved 1048576K
}
Event: 301.804 GC heap before
{Heap before GC invocations=195 (full 0):
 garbage-first heap   total 305152K, used 270591K [0x00000000a0000000, 0x0000000100000000)
  region size 1024K, 15 young (15360K), 2 survivors (2048K)
 Metaspace       used 103673K, capacity 104963K, committed 105216K, reserved 1140736K
  class space    used 12852K, capacity 13259K, committed 13312K, reserved 1048576K
}
Event: 301.811 GC heap after
{Heap after GC invocations=196 (full 0):
 garbage-first heap   total 305152K, used 257403K [0x00000000a0000000, 0x0000000100000000)
  region size 1024K, 2 young (2048K), 2 survivors (2048K)
 Metaspace       used 103673K, capacity 104963K, committed 105216K, reserved 1140736K
  class space    used 12852K, capacity 13259K, committed 13312K, reserved 1048576K
}
Event: 302.004 GC heap before
{Heap before GC invocations=196 (full 0):
 garbage-first heap   total 305152K, used 270715K [0x00000000a0000000, 0x0000000100000000)
  region size 1024K, 15 young (15360K), 2 survivors (2048K)
 Metaspace       used 103673K, capacity 104963K, committed 105216K, reserved 1140736K
  class space    used 12852K, capacity 13259K, committed 13312K, reserved 1048576K
}
Event: 302.012 GC heap after
{Heap after GC invocations=197 (full 0):
 garbage-first heap   total 305152K, used 257738K [0x00000000a0000000, 0x0000000100000000)
  region size 1024K, 2 young (2048K), 2 survivors (2048K)
 Metaspace       used 103673K, capacity 104963K, committed 105216K, reserved 1140736K
  class space    used 12852K, capacity 13259K, committed 13312K, reserved 1048576K
}
Event: 302.220 GC heap before
{Heap before GC invocations=197 (full 0):
 garbage-first heap   total 305152K, used 271050K [0x00000000a0000000, 0x0000000100000000)
  region size 1024K, 15 young (15360K), 2 survivors (2048K)
 Metaspace       used 103675K, capacity 104963K, committed 105216K, reserved 1140736K
  class space    used 12852K, capacity 13259K, committed 13312K, reserved 1048576K
}
Event: 302.231 GC heap after
{Heap after GC invocations=198 (full 0):
 garbage-first heap   total 356352K, used 257937K [0x00000000a0000000, 0x0000000100000000)
  region size 1024K, 2 young (2048K), 2 survivors (2048K)
 Metaspace       used 103675K, capacity 104963K, committed 105216K, reserved 1140736K
  class space    used 12852K, capacity 13259K, committed 13312K, reserved 1048576K
}
Event: 303.009 GC heap before
{Heap before GC invocations=198 (full 0):
 garbage-first heap   total 356352K, used 316305K [0x00000000a0000000, 0x0000000100000000)
  region size 1024K, 59 young (60416K), 2 survivors (2048K)
 Metaspace       used 103675K, capacity 104963K, committed 105216K, reserved 1140736K
  class space    used 12852K, capacity 13259K, committed 13312K, reserved 1048576K
}
Event: 303.017 GC heap after
{Heap after GC invocations=199 (full 0):
 garbage-first heap   total 356352K, used 258450K [0x00000000a0000000, 0x0000000100000000)
  region size 1024K, 2 young (2048K), 2 survivors (2048K)
 Metaspace       used 103675K, capacity 104963K, committed 105216K, reserved 1140736K
  class space    used 12852K, capacity 13259K, committed 13312K, reserved 1048576K
}
Event: 303.700 GC heap before
{Heap before GC invocations=199 (full 0):
 garbage-first heap   total 356352K, used 316818K [0x00000000a0000000, 0x0000000100000000)
  region size 1024K, 59 young (60416K), 2 survivors (2048K)
 Metaspace       used 103675K, capacity 104963K, committed 105216K, reserved 1140736K
  class space    used 12852K, capacity 13259K, committed 13312K, reserved 1048576K
}
Event: 303.712 GC heap after
{Heap after GC invocations=200 (full 0):
 garbage-first heap   total 356352K, used 258740K [0x00000000a0000000, 0x0000000100000000)
  region size 1024K, 2 young (2048K), 2 survivors (2048K)
 Metaspace       used 103675K, capacity 104963K, committed 105216K, reserved 1140736K
  class space    used 12852K, capacity 13259K, committed 13312K, reserved 1048576K
}
Event: 304.616 GC heap before
{Heap before GC invocations=200 (full 0):
 garbage-first heap   total 356352K, used 317108K [0x00000000a0000000, 0x0000000100000000)
  region size 1024K, 59 young (60416K), 2 survivors (2048K)
 Metaspace       used 103675K, capacity 104963K, committed 105216K, reserved 1140736K
  class space    used 12852K, capacity 13259K, committed 13312K, reserved 1048576K
}
Event: 304.632 GC heap after
{Heap after GC invocations=201 (full 0):
 garbage-first heap   total 356352K, used 260180K [0x00000000a0000000, 0x0000000100000000)
  region size 1024K, 4 young (4096K), 4 survivors (4096K)
 Metaspace       used 103675K, capacity 104963K, committed 105216K, reserved 1140736K
  class space    used 12852K, capacity 13259K, committed 13312K, reserved 1048576K
}
Event: 305.198 GC heap before
{Heap before GC invocations=201 (full 0):
 garbage-first heap   total 356352K, used 315476K [0x00000000a0000000, 0x0000000100000000)
  region size 1024K, 58 young (59392K), 4 survivors (4096K)
 Metaspace       used 103677K, capacity 104963K, committed 105216K, reserved 1140736K
  class space    used 12852K, capacity 13259K, committed 13312K, reserved 1048576K
}
Event: 305.216 GC heap after
{Heap after GC invocations=202 (full 0):
 garbage-first heap   total 356352K, used 260788K [0x00000000a0000000, 0x0000000100000000)
  region size 1024K, 4 young (4096K), 4 survivors (4096K)
 Metaspace       used 103677K, capacity 104963K, committed 105216K, reserved 1140736K
  class space    used 12852K, capacity 13259K, committed 13312K, reserved 1048576K
}
Event: 305.748 GC heap before
{Heap before GC invocations=202 (full 0):
 garbage-first heap   total 356352K, used 316084K [0x00000000a0000000, 0x0000000100000000)
  region size 1024K, 58 young (59392K), 4 survivors (4096K)
 Metaspace       used 103680K, capacity 104963K, committed 105216K, reserved 1140736K
  class space    used 12852K, capacity 13259K, committed 13312K, reserved 1048576K
}
Event: 305.767 GC heap after
{Heap after GC invocations=203 (full 0):
 garbage-first heap   total 356352K, used 261812K [0x00000000a0000000, 0x0000000100000000)
  region size 1024K, 5 young (5120K), 5 survivors (5120K)
 Metaspace       used 103680K, capacity 104963K, committed 105216K, reserved 1140736K
  class space    used 12852K, capacity 13259K, committed 13312K, reserved 1048576K
}

Deoptimization events (20 events):
Event: 305.283 Thread 0x00000238deb30f40 DEOPT PACKING pc=0x00000238cf574460 sp=0x00000038c7afa7c0
Event: 305.283 Thread 0x00000238deb30f40 DEOPT UNPACKING pc=0x00000238c6c5e12f sp=0x00000038c7afa778 mode 2
Event: 305.462 Thread 0x00000238deb36110 DEOPT PACKING pc=0x00000238c8e62ef3 sp=0x00000038c79fa850
Event: 305.462 Thread 0x00000238deb36110 DEOPT UNPACKING pc=0x00000238c6c5df3f sp=0x00000038c79f9cf8 mode 0
Event: 305.513 Thread 0x00000238deb30f40 DEOPT PACKING pc=0x00000238c8ea4b7b sp=0x00000038c7afb510
Event: 305.513 Thread 0x00000238deb30f40 DEOPT UNPACKING pc=0x00000238c6c5df3f sp=0x00000038c7afaa20 mode 0
Event: 305.551 Thread 0x00000238deb30f40 Uncommon trap: trap_request=0xffffffd6 fr.pc=0x00000238ce9c6d9c relative=0x000000000000169c
Event: 305.551 Thread 0x00000238deb30f40 Uncommon trap: reason=array_check action=maybe_recompile pc=0x00000238ce9c6d9c method=java.util.TimSort.mergeLo(IIII)V @ 81 c2
Event: 305.551 Thread 0x00000238deb30f40 DEOPT PACKING pc=0x00000238ce9c6d9c sp=0x00000038c7afada0
Event: 305.551 Thread 0x00000238deb30f40 DEOPT UNPACKING pc=0x00000238c6c5e12f sp=0x00000038c7afad70 mode 2
Event: 305.551 Thread 0x00000238deb30f40 Uncommon trap: trap_request=0xffffffd6 fr.pc=0x00000238cf4e0e30 relative=0x0000000000001690
Event: 305.551 Thread 0x00000238deb30f40 Uncommon trap: reason=array_check action=maybe_recompile pc=0x00000238cf4e0e30 method=java.util.TimSort.mergeHi(IIII)V @ 250 c2
Event: 305.551 Thread 0x00000238deb30f40 DEOPT PACKING pc=0x00000238cf4e0e30 sp=0x00000038c7afad90
Event: 305.551 Thread 0x00000238deb30f40 DEOPT UNPACKING pc=0x00000238c6c5e12f sp=0x00000038c7afad68 mode 2
Event: 305.551 Thread 0x00000238deb30f40 Uncommon trap: trap_request=0xffffffd6 fr.pc=0x00000238cf4e0e30 relative=0x0000000000001690
Event: 305.551 Thread 0x00000238deb30f40 Uncommon trap: reason=array_check action=maybe_recompile pc=0x00000238cf4e0e30 method=java.util.TimSort.mergeHi(IIII)V @ 250 c2
Event: 305.551 Thread 0x00000238deb30f40 DEOPT PACKING pc=0x00000238cf4e0e30 sp=0x00000038c7afad90
Event: 305.551 Thread 0x00000238deb30f40 DEOPT UNPACKING pc=0x00000238c6c5e12f sp=0x00000038c7afad68 mode 2
Event: 305.558 Thread 0x00000238deb30f40 DEOPT PACKING pc=0x00000238c8d304f7 sp=0x00000038c7afae30
Event: 305.558 Thread 0x00000238deb30f40 DEOPT UNPACKING pc=0x00000238c6c5df3f sp=0x00000038c7afa3a0 mode 0

Classes unloaded (0 events):
No events

Classes redefined (0 events):
No events

Internal exceptions (20 events):
Event: 282.283 Thread 0x00000238deb30f40 Exception <a 'sun/nio/fs/WindowsException'{0x00000000b2674550}> (0x00000000b2674550) 
thrown [./open/src/hotspot/share/prims/jni.cpp, line 578]
Event: 285.218 Thread 0x00000238deb30f40 Exception <a 'sun/nio/fs/WindowsException'{0x00000000b25072e8}> (0x00000000b25072e8) 
thrown [./open/src/hotspot/share/prims/jni.cpp, line 578]
Event: 285.469 Thread 0x00000238deb30f40 Exception <a 'sun/nio/fs/WindowsException'{0x00000000b1becea0}> (0x00000000b1becea0) 
thrown [./open/src/hotspot/share/prims/jni.cpp, line 578]
Event: 288.531 Thread 0x00000238deb30f40 Exception <a 'sun/nio/fs/WindowsException'{0x00000000b132f658}> (0x00000000b132f658) 
thrown [./open/src/hotspot/share/prims/jni.cpp, line 578]
Event: 288.836 Thread 0x00000238deb30f40 Exception <a 'sun/nio/fs/WindowsException'{0x00000000b1ff36a0}> (0x00000000b1ff36a0) 
thrown [./open/src/hotspot/share/prims/jni.cpp, line 578]
Event: 291.095 Thread 0x00000238deb30f40 Exception <a 'sun/nio/fs/WindowsException'{0x00000000b214f0f8}> (0x00000000b214f0f8) 
thrown [./open/src/hotspot/share/prims/jni.cpp, line 578]
Event: 292.697 Thread 0x00000238deb30f40 Exception <a 'sun/nio/fs/WindowsException'{0x00000000b23dcce8}> (0x00000000b23dcce8) 
thrown [./open/src/hotspot/share/prims/jni.cpp, line 578]
Event: 293.882 Thread 0x00000238deb30f40 Exception <a 'sun/nio/fs/WindowsException'{0x00000000b2388430}> (0x00000000b2388430) 
thrown [./open/src/hotspot/share/prims/jni.cpp, line 578]
Event: 295.033 Thread 0x00000238deb30f40 Exception <a 'sun/nio/fs/WindowsException'{0x00000000b23d04e8}> (0x00000000b23d04e8) 
thrown [./open/src/hotspot/share/prims/jni.cpp, line 578]
Event: 296.043 Thread 0x00000238deb30f40 Exception <a 'sun/nio/fs/WindowsException'{0x00000000b242e3f8}> (0x00000000b242e3f8) 
thrown [./open/src/hotspot/share/prims/jni.cpp, line 578]
Event: 296.740 Thread 0x00000238deb30f40 Exception <a 'sun/nio/fs/WindowsException'{0x00000000b1c96738}> (0x00000000b1c96738) 
thrown [./open/src/hotspot/share/prims/jni.cpp, line 578]
Event: 297.494 Thread 0x00000238deb30f40 Exception <a 'sun/nio/fs/WindowsException'{0x00000000b1d13b80}> (0x00000000b1d13b80) 
thrown [./open/src/hotspot/share/prims/jni.cpp, line 578]
Event: 298.802 Thread 0x00000238deb30f40 Exception <a 'sun/nio/fs/WindowsException'{0x00000000b1b22628}> (0x00000000b1b22628) 
thrown [./open/src/hotspot/share/prims/jni.cpp, line 578]
Event: 299.430 Thread 0x00000238deb30f40 Exception <a 'sun/nio/fs/WindowsException'{0x00000000b272ed00}> (0x00000000b272ed00) 
thrown [./open/src/hotspot/share/prims/jni.cpp, line 578]
Event: 303.469 Thread 0x00000238deb30f40 Exception <a 'sun/nio/fs/WindowsException'{0x00000000b34a9690}> (0x00000000b34a9690) 
thrown [./open/src/hotspot/share/prims/jni.cpp, line 578]
Event: 304.171 Thread 0x00000238deb30f40 Exception <a 'sun/nio/fs/WindowsException'{0x00000000b4225398}> (0x00000000b4225398) 
thrown [./open/src/hotspot/share/prims/jni.cpp, line 578]
Event: 304.801 Thread 0x00000238deb30f40 Implicit null exception at 0x00000238cf5c2e60 to 0x00000238cf5c3b50
Event: 304.876 Thread 0x00000238deb30f40 Exception <a 'sun/nio/fs/WindowsException'{0x00000000b42829b0}> (0x00000000b42829b0) 
thrown [./open/src/hotspot/share/prims/jni.cpp, line 578]
Event: 305.161 Thread 0x00000238deb30f40 Exception <a 'sun/nio/fs/WindowsException'{0x00000000b34f1650}> (0x00000000b34f1650) 
thrown [./open/src/hotspot/share/prims/jni.cpp, line 578]
Event: 305.563 Thread 0x00000238deb30f40 Exception <a 'sun/nio/fs/WindowsException'{0x00000000b2b9ffd0}> (0x00000000b2b9ffd0) 
thrown [./open/src/hotspot/share/prims/jni.cpp, line 578]

Events (20 events):
Event: 302.012 Executing VM operation: G1CollectForAllocation done
Event: 302.024 Executing VM operation: HandshakeAllThreads
Event: 302.024 Executing VM operation: HandshakeAllThreads done
Event: 302.029 Thread 0x00000238db6246b0 flushing nmethod 0x00000238cec14a90
Event: 302.069 Thread 0x00000238db6246b0 flushing nmethod 0x00000238c930e810
Event: 302.069 Thread 0x00000238db6246b0 flushing nmethod 0x00000238c938fb10
Event: 302.164 Executing VM operation: G1CollectForAllocation
Event: 302.235 Executing VM operation: G1CollectForAllocation done
Event: 303.008 Executing VM operation: G1CollectForAllocation
Event: 303.021 Executing VM operation: G1CollectForAllocation done
Event: 303.700 Executing VM operation: G1CollectForAllocation
Event: 303.712 Executing VM operation: G1CollectForAllocation done
Event: 304.615 Executing VM operation: G1CollectForAllocation
Event: 304.633 Executing VM operation: G1CollectForAllocation done
Event: 305.198 Executing VM operation: G1CollectForAllocation
Event: 305.216 Executing VM operation: G1CollectForAllocation done
Event: 305.748 Executing VM operation: G1CollectForAllocation
Event: 305.767 Executing VM operation: G1CollectForAllocation done
Event: 305.768 Executing VM operation: HandshakeAllThreads
Event: 305.768 Executing VM operation: HandshakeAllThreads done


Dynamic libraries:
0x00007ff7beb40000 - 0x00007ff7beb4f000 	C:\Program Files\Java\jdk-15.0.1\bin\java.exe
0x00007fff236c0000 - 0x00007fff238b0000 	C:\Windows\SYSTEM32\ntdll.dll
0x00007fff22c90000 - 0x00007fff22d42000 	C:\Windows\System32\KERNEL32.DLL
0x00007fff20630000 - 0x00007fff208d5000 	C:\Windows\System32\KERNELBASE.dll
0x00007fff20b00000 - 0x00007fff20bfa000 	C:\Windows\System32\ucrtbase.dll
0x00007fff0b6d0000 - 0x00007fff0b6e9000 	C:\Program Files\Java\jdk-15.0.1\bin\VCRUNTIME140.dll
0x00007fff099d0000 - 0x00007fff099e8000 	C:\Program Files\Java\jdk-15.0.1\bin\jli.dll
0x00007fff22b40000 - 0x00007fff22be3000 	C:\Windows\System32\ADVAPI32.dll
0x00007fff218b0000 - 0x00007fff2194e000 	C:\Windows\System32\msvcrt.dll
0x00007fff22bf0000 - 0x00007fff22c87000 	C:\Windows\System32\sechost.dll
0x00007fff23370000 - 0x00007fff2348f000 	C:\Windows\System32\RPCRT4.dll
0x00007fff23490000 - 0x00007fff23624000 	C:\Windows\System32\USER32.dll
0x00007fff20c00000 - 0x00007fff20c21000 	C:\Windows\System32\win32u.dll
0x00007fff23650000 - 0x00007fff23676000 	C:\Windows\System32\GDI32.dll
0x00007fff20e50000 - 0x00007fff20fe8000 	C:\Windows\System32\gdi32full.dll
0x00007fff20c50000 - 0x00007fff20cee000 	C:\Windows\System32\msvcp_win.dll
0x00007fff12980000 - 0x00007fff12c04000 	C:\Windows\WinSxS\amd64_microsoft.windows.common-controls_6595b64144ccf1df_6.0.18362.1440_none_9e7dbfb9e45e8e67\COMCTL32.dll
0x00007fff21950000 - 0x00007fff21c86000 	C:\Windows\System32\combase.dll
0x00007fff20a40000 - 0x00007fff20ac1000 	C:\Windows\System32\bcryptPrimitives.dll
0x00007fff1a970000 - 0x00007fff1a97a000 	C:\Windows\SYSTEM32\VERSION.dll
0x00007fff22500000 - 0x00007fff2252e000 	C:\Windows\System32\IMM32.DLL
0x00007fff130e0000 - 0x00007fff130ec000 	C:\Program Files\Java\jdk-15.0.1\bin\vcruntime140_1.dll
0x00007ffefa0f0000 - 0x00007ffefa181000 	C:\Program Files\Java\jdk-15.0.1\bin\msvcp140.dll
0x00007ffef89a0000 - 0x00007ffef94fe000 	C:\Program Files\Java\jdk-15.0.1\bin\server\jvm.dll
0x00007fff22b30000 - 0x00007fff22b38000 	C:\Windows\System32\PSAPI.DLL
0x00007fff1b720000 - 0x00007fff1b729000 	C:\Windows\SYSTEM32\WSOCK32.dll
0x00007fff22980000 - 0x00007fff229ef000 	C:\Windows\System32\WS2_32.dll
0x00007fff1e590000 - 0x00007fff1e5b4000 	C:\Windows\SYSTEM32\WINMM.dll
0x00007fff1e560000 - 0x00007fff1e58d000 	C:\Windows\SYSTEM32\WINMMBASE.dll
0x00007fff20cf0000 - 0x00007fff20d3a000 	C:\Windows\System32\cfgmgr32.dll
0x00007fff205a0000 - 0x00007fff205b1000 	C:\Windows\System32\kernel.appcore.dll
0x00007fff12970000 - 0x00007fff1297a000 	C:\Program Files\Java\jdk-15.0.1\bin\jimage.dll
0x00007fff10bf0000 - 0x00007fff10de4000 	C:\Windows\SYSTEM32\DBGHELP.DLL
0x00007fff10ec0000 - 0x00007fff10eea000 	C:\Windows\SYSTEM32\dbgcore.DLL
0x00007fff03de0000 - 0x00007fff03e05000 	C:\Program Files\Java\jdk-15.0.1\bin\java.dll
0x00007fff21e10000 - 0x00007fff224f8000 	C:\Windows\System32\SHELL32.dll
0x00007fff22a80000 - 0x00007fff22b27000 	C:\Windows\System32\shcore.dll
0x00007fff20ff0000 - 0x00007fff2176b000 	C:\Windows\System32\windows.storage.dll
0x00007fff20580000 - 0x00007fff2059e000 	C:\Windows\System32\profapi.dll
0x00007fff205c0000 - 0x00007fff2060a000 	C:\Windows\System32\powrprof.dll
0x00007fff20570000 - 0x00007fff20580000 	C:\Windows\System32\UMPDC.dll
0x00007fff21da0000 - 0x00007fff21df2000 	C:\Windows\System32\shlwapi.dll
0x00007fff20c30000 - 0x00007fff20c47000 	C:\Windows\System32\cryptsp.dll
0x00007fff067f0000 - 0x00007fff06809000 	C:\Program Files\Java\jdk-15.0.1\bin\net.dll
0x00007fff18f10000 - 0x00007fff1900a000 	C:\Windows\SYSTEM32\WINHTTP.dll
0x00007fff1fdb0000 - 0x00007fff1fe17000 	C:\Windows\system32\mswsock.dll
0x00007fff04bf0000 - 0x00007fff04c02000 	C:\Program Files\Java\jdk-15.0.1\bin\nio.dll
0x00007fff03c50000 - 0x00007fff03c68000 	C:\Program Files\Java\jdk-15.0.1\bin\zip.dll
0x00007fff10360000 - 0x00007fff10370000 	C:\Program Files\Java\jdk-15.0.1\bin\verify.dll
0x00007ffeeba30000 - 0x00007ffeeba57000 	C:\Users\Abdulla\.gradle\native\f6784746aeab05261644944871eae4fe03e0ef1612fff0a4a95f87b438bc6780\windows-amd64\native-platform.dll
0x00007fff0cc60000 - 0x00007fff0cc69000 	C:\Program Files\Java\jdk-15.0.1\bin\management.dll
0x00007fff0c3f0000 - 0x00007fff0c3fb000 	C:\Program Files\Java\jdk-15.0.1\bin\management_ext.dll
0x00007fff1f930000 - 0x00007fff1f963000 	C:\Windows\system32\rsaenh.dll
0x00007fff20ad0000 - 0x00007fff20af6000 	C:\Windows\System32\bcrypt.dll
0x00007fff20490000 - 0x00007fff204b5000 	C:\Windows\SYSTEM32\USERENV.dll
0x00007fff1ff80000 - 0x00007fff1ff8c000 	C:\Windows\SYSTEM32\CRYPTBASE.dll
0x00007fff1fac0000 - 0x00007fff1fafa000 	C:\Windows\SYSTEM32\IPHLPAPI.DLL
0x00007fff229f0000 - 0x00007fff229f8000 	C:\Windows\System32\NSI.dll
0x00007fff185c0000 - 0x00007fff185d6000 	C:\Windows\SYSTEM32\dhcpcsvc6.DLL
0x00007fff194b0000 - 0x00007fff194cc000 	C:\Windows\SYSTEM32\dhcpcsvc.DLL
0x00007fff1fb00000 - 0x00007fff1fbcb000 	C:\Windows\SYSTEM32\DNSAPI.dll
0x00007fff19620000 - 0x00007fff1962b000 	C:\Windows\SYSTEM32\WINNSI.DLL
0x0000000066e00000 - 0x0000000066f03000 	C:\Users\Abdulla\AppData\Local\Temp\sqlite-3.25.2-049387e9-cd06-4c54-a93c-02fea23bf19a-sqlitejdbc.dll

dbghelp: loaded successfully - version: 4.0.5 - missing functions: none
symbol engine: initialized successfully - sym options: 0x614 - pdb path: .;C:\Program Files\Java\jdk-15.0.1\bin;C:\Windows\SYSTEM32;C:\Windows\WinSxS\amd64_microsoft.windows.common-controls_6595b64144ccf1df_6.0.18362.1440_none_9e7dbfb9e45e8e67;C:\Program Files\Java\jdk-15.0.1\bin\server;C:\Users\Abdulla\.gradle\native\f6784746aeab05261644944871eae4fe03e0ef1612fff0a4a95f87b438bc6780\windows-amd64;C:\Users\Abdulla\AppData\Local\Temp

VM Arguments:
jvm_args: --add-opens=java.base/java.util=ALL-UNNAMED --add-opens=java.base/java.lang=ALL-UNNAMED --add-opens=java.base/java.lang.invoke=ALL-UNNAMED --add-opens=java.prefs/java.util.prefs=ALL-UNNAMED -Xmx1536m -Dfile.encoding=windows-1256 -Duser.country=US -Duser.language=en -Duser.variant 
java_command: org.gradle.launcher.daemon.bootstrap.GradleDaemon 6.5
java_class_path (initial): C:\Users\Abdulla\.gradle\wrapper\dists\gradle-6.5-all\2oz4ud9k3tuxjg84bbf55q0tn\gradle-6.5\lib\gradle-launcher-6.5.jar
Launcher Type: SUN_STANDARD

[Global flags]
     intx CICompilerCount                          = 2                                         {product} {ergonomic}
     uint ConcGCThreads                            = 1                                         {product} {ergonomic}
     uint G1ConcRefinementThreads                  = 2                                         {product} {ergonomic}
   size_t G1HeapRegionSize                         = 1048576                                   {product} {ergonomic}
    uintx GCDrainStackTargetSize                   = 64                                        {product} {ergonomic}
   size_t InitialHeapSize                          = 121634816                                 {product} {ergonomic}
   size_t MarkStackSize                            = 4194304                                   {product} {ergonomic}
   size_t MaxHeapSize                              = 1610612736                                {product} {command line}
   size_t MaxNewSize                               = 965738496                                 {product} {ergonomic}
   size_t MinHeapDeltaBytes                        = 1048576                                   {product} {ergonomic}
   size_t MinHeapSize                              = 8388608                                   {product} {ergonomic}
    uintx NonNMethodCodeHeapSize                   = 5826188                                {pd product} {ergonomic}
    uintx NonProfiledCodeHeapSize                  = 122916026                              {pd product} {ergonomic}
    uintx ProfiledCodeHeapSize                     = 122916026                              {pd product} {ergonomic}
    uintx ReservedCodeCacheSize                    = 251658240                              {pd product} {ergonomic}
     bool SegmentedCodeCache                       = true                                      {product} {ergonomic}
   size_t SoftMaxHeapSize                          = 1610612736                             {manageable} {ergonomic}
     bool UseCompressedClassPointers               = true                                 {lp64_product} {ergonomic}
     bool UseCompressedOops                        = true                                 {lp64_product} {ergonomic}
     bool UseG1GC                                  = true                                      {product} {ergonomic}
     bool UseLargePagesIndividualAllocation        = false                                  {pd product} {ergonomic}

Logging:
Log output configuration:
 #0: stdout all=warning uptime,level,tags
 #1: stderr all=off uptime,level,tags

Environment Variables:
JAVA_HOME=C:\Program Files\Java\jdk-15.0.1
PATH=C:\Program Files\Common Files\Oracle\Java\javapath;C:\Windows\system32;C:\Windows;C:\Windows\System32\Wbem;C:\Windows\System32\WindowsPowerShell\v1.0\;C:\Windows\System32\OpenSSH\;C:\Program Files (x86)\Microsoft SQL Server\120\DTS\Binn\;C:\Program Files (x86)\Microsoft SQL Server\Client SDK\ODBC\110\Tools\Binn\;C:\Program Files (x86)\Microsoft SQL Server\120\Tools\Binn\;C:\Program Files (x86)\Microsoft SQL Server\120\Tools\Binn\ManagementStudio\;C:\program Files\java\jdk-15.0.1\bin;C:\Users\Abdulla\AppData\Local\Microsoft\WindowsApps;;C:\Users\Abdulla\AppData\Local\Programs\Microsoft VS Code\bin
USERNAME=Abdulla
OS=Windows_NT
PROCESSOR_IDENTIFIER=AMD64 Family 21 Model 16 Stepping 1, AuthenticAMD



---------------  S Y S T E M  ---------------

OS:
 Windows 10 , 64 bit Build 18362 (10.0.18362.1350)
OS uptime: 5 days 4:41 hours

CPU: total 2 (initial active 2) (2 cores per cpu, 1 threads per core) family 21 model 16 stepping 1 microcode 0x0, cmov, cx8, fxsr, mmx, sse, sse2, sse3, ssse3, sse4.1, sse4.2, popcnt, vzeroupper, avx, aes, clmul, 3dnowpref, lzcnt, sse4a, tsc, tscinvbit, tscinv, bmi1, fma, clflush

Memory: 4k page, system-wide physical 7369M (268M free)
TotalPageFile size 7369M (AvailPageFile size 2M)
current process WorkingSet (physical memory assigned to process): 508M, peak: 671M
current process commit charge ("private bytes"): 732M, peak: 780M

vm_info: Java HotSpot(TM) 64-Bit Server VM (15.0.1+9-18) for windows-amd64 JRE (15.0.1+9-18), built on Sep 15 2020 14:43:54 by "mach5one" with unknown MS VC++:1925

END.
